
===========================================================================
report_checks -unconstrained
===========================================================================
======================= Fastest Corner ===================================

Startpoint: mcand[0] (input port clocked by clk)
Endpoint: _891_ (rising edge-triggered flip-flop clocked by clk)
Path Group: clk
Path Type: max
Corner: Fastest

Fanout     Cap    Slew   Delay    Time   Description
-----------------------------------------------------------------------------
                  0.15    0.00    0.00   clock clk (rise edge)
                          0.00    0.00   clock network delay (ideal)
                          4.00    4.00 ^ input external delay
                  0.02    0.01    4.01 ^ mcand[0] (in)
     1    0.00                           mcand[0] (net)
                  0.02    0.00    4.01 ^ input1/A (sky130_fd_sc_hd__buf_1)
                  0.17    0.15    4.16 ^ input1/X (sky130_fd_sc_hd__buf_1)
     2    0.02                           net1 (net)
                  0.17    0.00    4.16 ^ _450_/B (sky130_fd_sc_hd__nand2_1)
                  0.08    0.09    4.25 v _450_/Y (sky130_fd_sc_hd__nand2_1)
     4    0.01                           _091_ (net)
                  0.08    0.00    4.25 v _472_/A1 (sky130_fd_sc_hd__o21ai_1)
                  0.15    0.17    4.41 ^ _472_/Y (sky130_fd_sc_hd__o21ai_1)
     3    0.01                           _111_ (net)
                  0.15    0.00    4.41 ^ _492_/A1 (sky130_fd_sc_hd__a311o_2)
                  0.07    0.16    4.57 ^ _492_/X (sky130_fd_sc_hd__a311o_2)
     4    0.02                           _129_ (net)
                  0.07    0.00    4.57 ^ _527_/A1 (sky130_fd_sc_hd__a21oi_2)
                  0.06    0.07    4.64 v _527_/Y (sky130_fd_sc_hd__a21oi_2)
     4    0.02                           _160_ (net)
                  0.06    0.00    4.64 v _609_/A1 (sky130_fd_sc_hd__o31a_1)
                  0.07    0.24    4.88 v _609_/X (sky130_fd_sc_hd__o31a_1)
     3    0.01                           _234_ (net)
                  0.07    0.00    4.88 v _651_/A1 (sky130_fd_sc_hd__o31a_1)
                  0.07    0.25    5.12 v _651_/X (sky130_fd_sc_hd__o31a_1)
     3    0.02                           _272_ (net)
                  0.07    0.00    5.12 v _687_/A1 (sky130_fd_sc_hd__o21ai_2)
                  0.14    0.16    5.29 ^ _687_/Y (sky130_fd_sc_hd__o21ai_2)
     3    0.01                           _304_ (net)
                  0.14    0.00    5.29 ^ _725_/A1 (sky130_fd_sc_hd__a21oi_1)
                  0.07    0.08    5.37 v _725_/Y (sky130_fd_sc_hd__a21oi_1)
     3    0.01                           _338_ (net)
                  0.07    0.00    5.37 v _746_/A1 (sky130_fd_sc_hd__o31a_1)
                  0.05    0.22    5.60 v _746_/X (sky130_fd_sc_hd__o31a_1)
     2    0.01                           _357_ (net)
                  0.05    0.00    5.60 v _747_/B (sky130_fd_sc_hd__xor2_1)
                  0.03    0.09    5.69 v _747_/X (sky130_fd_sc_hd__xor2_1)
     1    0.00                           _358_ (net)
                  0.03    0.00    5.69 v _748_/A1 (sky130_fd_sc_hd__mux2_1)
                  0.05    0.17    5.86 v _748_/X (sky130_fd_sc_hd__mux2_1)
     1    0.01                           _359_ (net)
                  0.05    0.00    5.86 v _749_/A1 (sky130_fd_sc_hd__mux2_1)
                  0.04    0.15    6.01 v _749_/X (sky130_fd_sc_hd__mux2_1)
     1    0.00                           _360_ (net)
                  0.04    0.00    6.01 v _750_/B (sky130_fd_sc_hd__and2_1)
                  0.03    0.10    6.11 v _750_/X (sky130_fd_sc_hd__and2_1)
     1    0.00                           _361_ (net)
                  0.03    0.00    6.11 v _751_/A (sky130_fd_sc_hd__clkbuf_1)
                  0.02    0.05    6.17 v _751_/X (sky130_fd_sc_hd__clkbuf_1)
     1    0.00                           _032_ (net)
                  0.02    0.00    6.17 v _891_/D (sky130_fd_sc_hd__dfxtp_1)
                                  6.17   data arrival time

                  0.15   20.00   20.00   clock clk (rise edge)
                          0.00   20.00   clock network delay (ideal)
                         -0.25   19.75   clock uncertainty
                          0.00   19.75   clock reconvergence pessimism
                                 19.75 ^ _891_/CLK (sky130_fd_sc_hd__dfxtp_1)
                         -0.05   19.70   library setup time
                                 19.70   data required time
-----------------------------------------------------------------------------
                                 19.70   data required time
                                 -6.17   data arrival time
-----------------------------------------------------------------------------
                                 13.53   slack (MET)



======================= Slowest Corner ===================================

Startpoint: mcand[9] (input port clocked by clk)
Endpoint: _891_ (rising edge-triggered flip-flop clocked by clk)
Path Group: clk
Path Type: max
Corner: Slowest

Fanout     Cap    Slew   Delay    Time   Description
-----------------------------------------------------------------------------
                  0.15    0.00    0.00   clock clk (rise edge)
                          0.00    0.00   clock network delay (ideal)
                          4.00    4.00 v input external delay
                  0.02    0.01    4.01 v mcand[9] (in)
     1    0.00                           mcand[9] (net)
                  0.02    0.00    4.01 v input32/A (sky130_fd_sc_hd__dlymetal6s2s_1)
                  0.22    0.41    4.42 v input32/X (sky130_fd_sc_hd__dlymetal6s2s_1)
     3    0.02                           net32 (net)
                  0.22    0.00    4.43 v _537_/B (sky130_fd_sc_hd__nand2_1)
                  0.16    0.24    4.67 ^ _537_/Y (sky130_fd_sc_hd__nand2_1)
     3    0.01                           _169_ (net)
                  0.16    0.00    4.67 ^ _539_/A (sky130_fd_sc_hd__nand2_1)
                  0.15    0.20    4.87 v _539_/Y (sky130_fd_sc_hd__nand2_1)
     3    0.01                           _171_ (net)
                  0.15    0.00    4.87 v _567_/B (sky130_fd_sc_hd__or4_1)
                  0.22    1.32    6.19 v _567_/X (sky130_fd_sc_hd__or4_1)
     2    0.01                           _196_ (net)
                  0.22    0.00    6.19 v _609_/A2 (sky130_fd_sc_hd__o31a_1)
                  0.18    0.73    6.91 v _609_/X (sky130_fd_sc_hd__o31a_1)
     3    0.01                           _234_ (net)
                  0.18    0.00    6.91 v _651_/A1 (sky130_fd_sc_hd__o31a_1)
                  0.19    0.75    7.67 v _651_/X (sky130_fd_sc_hd__o31a_1)
     3    0.02                           _272_ (net)
                  0.19    0.00    7.67 v _687_/A1 (sky130_fd_sc_hd__o21ai_2)
                  0.32    0.42    8.09 ^ _687_/Y (sky130_fd_sc_hd__o21ai_2)
     3    0.01                           _304_ (net)
                  0.32    0.00    8.09 ^ _725_/A1 (sky130_fd_sc_hd__a21oi_1)
                  0.22    0.33    8.42 v _725_/Y (sky130_fd_sc_hd__a21oi_1)
     3    0.01                           _338_ (net)
                  0.22    0.00    8.42 v _746_/A1 (sky130_fd_sc_hd__o31a_1)
                  0.13    0.70    9.12 v _746_/X (sky130_fd_sc_hd__o31a_1)
     2    0.01                           _357_ (net)
                  0.13    0.00    9.12 v _747_/B (sky130_fd_sc_hd__xor2_1)
                  0.09    0.29    9.42 v _747_/X (sky130_fd_sc_hd__xor2_1)
     1    0.00                           _358_ (net)
                  0.09    0.00    9.42 v _748_/A1 (sky130_fd_sc_hd__mux2_1)
                  0.14    0.73   10.15 v _748_/X (sky130_fd_sc_hd__mux2_1)
     1    0.01                           _359_ (net)
                  0.14    0.00   10.15 v _749_/A1 (sky130_fd_sc_hd__mux2_1)
                  0.11    0.70   10.84 v _749_/X (sky130_fd_sc_hd__mux2_1)
     1    0.00                           _360_ (net)
                  0.11    0.00   10.84 v _750_/B (sky130_fd_sc_hd__and2_1)
                  0.07    0.35   11.19 v _750_/X (sky130_fd_sc_hd__and2_1)
     1    0.00                           _361_ (net)
                  0.07    0.00   11.19 v _751_/A (sky130_fd_sc_hd__clkbuf_1)
                  0.04    0.16   11.35 v _751_/X (sky130_fd_sc_hd__clkbuf_1)
     1    0.00                           _032_ (net)
                  0.04    0.00   11.35 v _891_/D (sky130_fd_sc_hd__dfxtp_1)
                                 11.35   data arrival time

                  0.15   20.00   20.00   clock clk (rise edge)
                          0.00   20.00   clock network delay (ideal)
                         -0.25   19.75   clock uncertainty
                          0.00   19.75   clock reconvergence pessimism
                                 19.75 ^ _891_/CLK (sky130_fd_sc_hd__dfxtp_1)
                         -0.24   19.51   library setup time
                                 19.51   data required time
-----------------------------------------------------------------------------
                                 19.51   data required time
                                -11.35   data arrival time
-----------------------------------------------------------------------------
                                  8.17   slack (MET)



======================= Typical Corner ===================================

Startpoint: mcand[9] (input port clocked by clk)
Endpoint: _891_ (rising edge-triggered flip-flop clocked by clk)
Path Group: clk
Path Type: max
Corner: Typical

Fanout     Cap    Slew   Delay    Time   Description
-----------------------------------------------------------------------------
                  0.15    0.00    0.00   clock clk (rise edge)
                          0.00    0.00   clock network delay (ideal)
                          4.00    4.00 ^ input external delay
                  0.02    0.01    4.01 ^ mcand[9] (in)
     1    0.00                           mcand[9] (net)
                  0.02    0.00    4.01 ^ input32/A (sky130_fd_sc_hd__dlymetal6s2s_1)
                  0.24    0.23    4.24 ^ input32/X (sky130_fd_sc_hd__dlymetal6s2s_1)
     3    0.02                           net32 (net)
                  0.24    0.00    4.24 ^ _538_/B (sky130_fd_sc_hd__or2_1)
                  0.04    0.14    4.39 ^ _538_/X (sky130_fd_sc_hd__or2_1)
     1    0.00                           _170_ (net)
                  0.04    0.00    4.39 ^ _539_/B (sky130_fd_sc_hd__nand2_1)
                  0.07    0.08    4.46 v _539_/Y (sky130_fd_sc_hd__nand2_1)
     3    0.01                           _171_ (net)
                  0.07    0.00    4.46 v _567_/B (sky130_fd_sc_hd__or4_1)
                  0.10    0.56    5.02 v _567_/X (sky130_fd_sc_hd__or4_1)
     2    0.01                           _196_ (net)
                  0.10    0.00    5.02 v _609_/A2 (sky130_fd_sc_hd__o31a_1)
                  0.10    0.37    5.39 v _609_/X (sky130_fd_sc_hd__o31a_1)
     3    0.01                           _234_ (net)
                  0.10    0.00    5.39 v _651_/A1 (sky130_fd_sc_hd__o31a_1)
                  0.10    0.39    5.78 v _651_/X (sky130_fd_sc_hd__o31a_1)
     3    0.02                           _272_ (net)
                  0.10    0.00    5.78 v _687_/A1 (sky130_fd_sc_hd__o21ai_2)
                  0.20    0.24    6.02 ^ _687_/Y (sky130_fd_sc_hd__o21ai_2)
     3    0.01                           _304_ (net)
                  0.20    0.00    6.02 ^ _725_/A1 (sky130_fd_sc_hd__a21oi_1)
                  0.11    0.15    6.17 v _725_/Y (sky130_fd_sc_hd__a21oi_1)
     3    0.01                           _338_ (net)
                  0.11    0.00    6.17 v _746_/A1 (sky130_fd_sc_hd__o31a_1)
                  0.07    0.36    6.53 v _746_/X (sky130_fd_sc_hd__o31a_1)
     2    0.01                           _357_ (net)
                  0.07    0.00    6.53 v _747_/B (sky130_fd_sc_hd__xor2_1)
                  0.05    0.15    6.68 v _747_/X (sky130_fd_sc_hd__xor2_1)
     1    0.00                           _358_ (net)
                  0.05    0.00    6.68 v _748_/A1 (sky130_fd_sc_hd__mux2_1)
                  0.07    0.32    7.00 v _748_/X (sky130_fd_sc_hd__mux2_1)
     1    0.01                           _359_ (net)
                  0.07    0.00    7.00 v _749_/A1 (sky130_fd_sc_hd__mux2_1)
                  0.05    0.30    7.30 v _749_/X (sky130_fd_sc_hd__mux2_1)
     1    0.00                           _360_ (net)
                  0.05    0.00    7.30 v _750_/B (sky130_fd_sc_hd__and2_1)
                  0.03    0.16    7.46 v _750_/X (sky130_fd_sc_hd__and2_1)
     1    0.00                           _361_ (net)
                  0.03    0.00    7.46 v _751_/A (sky130_fd_sc_hd__clkbuf_1)
                  0.02    0.08    7.54 v _751_/X (sky130_fd_sc_hd__clkbuf_1)
     1    0.00                           _032_ (net)
                  0.02    0.00    7.54 v _891_/D (sky130_fd_sc_hd__dfxtp_1)
                                  7.54   data arrival time

                  0.15   20.00   20.00   clock clk (rise edge)
                          0.00   20.00   clock network delay (ideal)
                         -0.25   19.75   clock uncertainty
                          0.00   19.75   clock reconvergence pessimism
                                 19.75 ^ _891_/CLK (sky130_fd_sc_hd__dfxtp_1)
                         -0.08   19.67   library setup time
                                 19.67   data required time
-----------------------------------------------------------------------------
                                 19.67   data required time
                                 -7.54   data arrival time
-----------------------------------------------------------------------------
                                 12.13   slack (MET)




===========================================================================
report_checks --slack_max -0.01
============================================================================
======================= Fastest Corner ===================================

No paths found.

======================= Slowest Corner ===================================

No paths found.

======================= Typical Corner ===================================

No paths found.


===========================================================================
 report_check_types -max_slew -max_cap -max_fanout -violators
============================================================================
======================= Fastest Corner ===================================


max slew violations count Fastest: 0
max fanout violations count Fastest: 0
max cap violations count Fastest: 0
======================= Slowest Corner ===================================


max slew violations count Slowest: 0
max fanout violations count Slowest: 0
max cap violations count Slowest: 0
======================= Typical Corner ===================================


max slew violations count Typical: 0
max fanout violations count Typical: 0
max cap violations count Typical: 0

===========================================================================
report_parasitic_annotation -report_unannotated
============================================================================
Found 0 unannotated drivers.
Found 0 partially unannotated drivers.

===========================================================================
max slew violation count 0
max fanout violation count 0
max cap violation count 0
============================================================================

===========================================================================
check_setup -verbose -unconstrained_endpoints -multiple_clock -no_clock -no_input_delay -loops -generated_clocks
===========================================================================
