
===========================================================================
 report_power
============================================================================
======================= Fastest Corner ===================================

Group                  Internal  Switching    Leakage      Total
                          Power      Power      Power      Power (Watts)
----------------------------------------------------------------
Sequential             2.70e-04   1.35e-04   1.10e-09   4.05e-04  23.8%
Combinational          6.14e-04   6.82e-04   6.34e-09   1.30e-03  76.2%
Macro                  0.00e+00   0.00e+00   0.00e+00   0.00e+00   0.0%
Pad                    0.00e+00   0.00e+00   0.00e+00   0.00e+00   0.0%
----------------------------------------------------------------
Total                  8.84e-04   8.16e-04   7.44e-09   1.70e-03 100.0%
                          52.0%      48.0%       0.0%

======================= Slowest Corner ===================================

Group                  Internal  Switching    Leakage      Total
                          Power      Power      Power      Power (Watts)
----------------------------------------------------------------
Sequential             1.85e-04   8.90e-05   1.08e-06   2.75e-04  23.2%
Combinational          4.57e-04   4.50e-04   2.87e-06   9.10e-04  76.8%
Macro                  0.00e+00   0.00e+00   0.00e+00   0.00e+00   0.0%
Pad                    0.00e+00   0.00e+00   0.00e+00   0.00e+00   0.0%
----------------------------------------------------------------
Total                  6.42e-04   5.39e-04   3.95e-06   1.18e-03 100.0%
                          54.2%      45.5%       0.3%

======================= Typical Corner ===================================

Group                  Internal  Switching    Leakage      Total
                          Power      Power      Power      Power (Watts)
----------------------------------------------------------------
Sequential             2.34e-04   1.13e-04   6.16e-10   3.47e-04  23.5%
Combinational          5.57e-04   5.75e-04   3.11e-09   1.13e-03  76.5%
Macro                  0.00e+00   0.00e+00   0.00e+00   0.00e+00   0.0%
Pad                    0.00e+00   0.00e+00   0.00e+00   0.00e+00   0.0%
----------------------------------------------------------------
Total                  7.91e-04   6.89e-04   3.73e-09   1.48e-03 100.0%
                          53.5%      46.5%       0.0%

