Instance name, X location, Y location, Voltage
FILLER_0_59_303, 148.81, 171.36, 1.7999
_2051_, 148.81, 144.16, 1.79997
_2053_, 148.81, 144.16, 1.79997
_2055_, 148.81, 138.72, 1.79989
_2056_, 148.81, 138.72, 1.79989
FILLER_0_47_308, 148.81, 138.72, 1.79989
FILLER_0_48_309, 148.81, 138.72, 1.79989
_1971_, 148.81, 133.28, 1.79996
_1975_, 148.81, 133.28, 1.79996
_1994_, 148.81, 133.28, 1.79996
_1970_, 148.81, 127.84, 1.79993
_1973_, 148.81, 127.84, 1.79993
_1974_, 148.81, 127.84, 1.79993
FILLER_0_44_309, 148.81, 127.84, 1.79993
_1913_, 148.81, 122.4, 1.79997
_1914_, 148.81, 122.4, 1.79997
_1915_, 148.81, 122.4, 1.79997
FILLER_0_41_313, 148.81, 122.4, 1.79997
FILLER_0_42_309, 148.81, 122.4, 1.79997
_1897_, 148.81, 116.96, 1.79995
_1898_, 148.81, 116.96, 1.79995
_1899_, 148.81, 116.96, 1.79995
FILLER_0_39_311, 148.81, 116.96, 1.79995
_1862_, 148.81, 111.52, 1.79999
_1864_, 148.81, 111.52, 1.79999
_1896_, 148.81, 111.52, 1.79999
FILLER_0_37_318, 148.81, 111.52, 1.79999
FILLER_0_38_315, 148.81, 111.52, 1.79999
_1791_, 148.81, 106.08, 1.79999
_1821_, 148.81, 106.08, 1.79999
_1845_, 148.81, 106.08, 1.79999
_1863_, 148.81, 106.08, 1.79999
_1894_, 148.81, 106.08, 1.79999
FILLER_0_35_314, 148.81, 106.08, 1.79999
FILLER_0_36_309, 148.81, 106.08, 1.79999
_1823_, 148.81, 100.64, 1.79999
_1824_, 148.81, 100.64, 1.79999
_1803_, 148.81, 95.2, 1.79999
_1804_, 148.81, 95.2, 1.79999
FILLER_0_31_310, 148.81, 95.2, 1.79999
_1748_, 148.81, 89.76, 1.79998
_1822_, 148.81, 89.76, 1.79998
FILLER_0_29_313, 148.81, 89.76, 1.79998
_1751_, 148.81, 84.32, 1.79996
_1752_, 148.81, 84.32, 1.79996
_1753_, 148.81, 78.88, 1.79998
_1754_, 148.81, 78.88, 1.79998
_1795_, 148.81, 78.88, 1.79998
FILLER_0_25_301, 148.81, 78.88, 1.79998
FILLER_0_25_309, 148.81, 78.88, 1.79998
FILLER_0_26_309, 148.81, 78.88, 1.79998
_1711_, 148.81, 73.44, 1.79997
_1714_, 148.81, 73.44, 1.79997
_1683_, 148.81, 68, 1.79997
_1755_, 148.81, 68, 1.79997
_1756_, 148.81, 68, 1.79997
_1715_, 148.81, 62.56, 1.79997
_1757_, 148.81, 62.56, 1.79997
_1776_, 148.81, 62.56, 1.79997
FILLER_0_19_313, 148.81, 62.56, 1.79997
FILLER_0_20_313, 148.81, 62.56, 1.79997
_1650_, 148.81, 57.12, 1.79996
_1700_, 148.81, 57.12, 1.79996
_1760_, 148.81, 57.12, 1.79996
_1835_, 148.81, 57.12, 1.79996
FILLER_0_17_312, 148.81, 57.12, 1.79996
FILLER_0_18_309, 148.81, 57.12, 1.79996
_1689_, 148.81, 51.68, 1.7999
_1692_, 148.81, 51.68, 1.7999
_1759_, 148.81, 51.68, 1.7999
_1761_, 148.81, 51.68, 1.7999
_1764_, 148.81, 51.68, 1.7999
FILLER_0_15_304, 148.81, 51.68, 1.7999
FILLER_0_15_313, 148.81, 51.68, 1.7999
FILLER_0_16_304, 148.81, 51.68, 1.7999
_1693_, 148.81, 46.24, 1.79996
_1699_, 148.81, 46.24, 1.79996
FILLER_0_13_305, 148.81, 46.24, 1.79996
_1765_, 148.81, 40.8, 1.7999
_1766_, 148.81, 40.8, 1.7999
FILLER_0_11_303, 148.81, 40.8, 1.7999
FILLER_0_11_311, 148.81, 40.8, 1.7999
FILLER_0_12_304, 148.81, 40.8, 1.7999
_1768_, 148.81, 35.36, 1.79997
_1772_, 148.81, 35.36, 1.79997
FILLER_0_9_317, 148.81, 35.36, 1.79997
_1632_, 148.81, 24.48, 1.79996
_1635_, 148.81, 24.48, 1.79996
_1637_, 148.81, 24.48, 1.79996
_1570_, 148.81, 19.04, 1.79994
_1571_, 148.81, 19.04, 1.79994
_2334_, 107.87, 171.36, 1.79992
input29, 107.87, 171.36, 1.79992
FILLER_0_59_218, 107.87, 171.36, 1.79992
_2272_, 107.87, 165.92, 1.7999
_2399_, 107.87, 165.92, 1.7999
_2402_, 107.87, 165.92, 1.7999
FILLER_0_57_220, 107.87, 165.92, 1.7999
_2336_, 107.87, 160.48, 1.79992
_1997_, 107.87, 155.04, 1.79996
_1998_, 107.87, 155.04, 1.79996
_2066_, 107.87, 155.04, 1.79996
FILLER_0_51_225, 107.87, 149.6, 1.79997
_2008_, 107.87, 144.16, 1.79997
_2009_, 107.87, 144.16, 1.79997
_2010_, 107.87, 144.16, 1.79997
FILLER_0_49_225, 107.87, 144.16, 1.79997
_2084_, 107.87, 138.72, 1.79996
FILLER_0_47_221, 107.87, 138.72, 1.79996
_1921_, 107.87, 133.28, 1.79998
_1922_, 107.87, 133.28, 1.79998
_1923_, 107.87, 133.28, 1.79998
_1989_, 107.87, 133.28, 1.79998
FILLER_0_46_217, 107.87, 133.28, 1.79998
_2002_, 107.87, 127.84, 1.79998
_2003_, 107.87, 127.84, 1.79998
FILLER_0_43_218, 107.87, 127.84, 1.79998
_1926_, 107.87, 122.4, 1.79998
FILLER_0_41_225, 107.87, 122.4, 1.79998
FILLER_0_42_218, 107.87, 122.4, 1.79998
_1785_, 107.87, 116.96, 1.79998
_1957_, 107.87, 116.96, 1.79998
_1958_, 107.87, 116.96, 1.79998
FILLER_0_39_215, 107.87, 116.96, 1.79998
FILLER_0_39_225, 107.87, 116.96, 1.79998
_1882_, 107.87, 111.52, 1.79999
_1953_, 107.87, 111.52, 1.79999
FILLER_0_37_219, 107.87, 111.52, 1.79999
FILLER_0_37_225, 107.87, 111.52, 1.79999
_1879_, 107.87, 106.08, 1.79999
_1945_, 107.87, 106.08, 1.79999
_2017_, 107.87, 106.08, 1.79999
FILLER_0_35_228, 107.87, 106.08, 1.79999
FILLER_0_36_229, 107.87, 106.08, 1.79999
_1868_, 107.87, 100.64, 1.79999
FILLER_0_34_221, 107.87, 100.64, 1.79999
_1870_, 107.87, 95.2, 1.79999
FILLER_0_31_215, 107.87, 95.2, 1.79999
_1869_, 107.87, 89.76, 1.79999
_1940_, 107.87, 89.76, 1.79999
_1941_, 107.87, 89.76, 1.79999
FILLER_0_30_222, 107.87, 89.76, 1.79999
_1665_, 107.87, 84.32, 1.79998
_1668_, 107.87, 84.32, 1.79998
_1722_, 107.87, 84.32, 1.79998
clone1, 107.87, 84.32, 1.79998
FILLER_0_27_216, 107.87, 84.32, 1.79998
FILLER_0_28_225, 107.87, 84.32, 1.79998
_1717_, 107.87, 78.88, 1.79998
_1728_, 107.87, 78.88, 1.79998
_1654_, 107.87, 73.44, 1.79998
_1655_, 107.87, 73.44, 1.79998
_1656_, 107.87, 73.44, 1.79998
FILLER_0_23_221, 107.87, 73.44, 1.79998
_1459_, 107.87, 68, 1.79998
_1514_, 107.87, 68, 1.79998
_1515_, 107.87, 68, 1.79998
FILLER_0_21_213, 107.87, 68, 1.79998
FILLER_0_21_221, 107.87, 68, 1.79998
_1589_, 107.87, 62.56, 1.79998
_1590_, 107.87, 62.56, 1.79998
_1652_, 107.87, 62.56, 1.79998
FILLER_0_19_220, 107.87, 62.56, 1.79998
FILLER_0_19_232, 107.87, 62.56, 1.79998
_1376_, 107.87, 57.12, 1.79998
_1591_, 107.87, 57.12, 1.79998
FILLER_0_18_222, 107.87, 57.12, 1.79998
_1531_, 107.87, 51.68, 1.79997
FILLER_0_15_220, 107.87, 51.68, 1.79997
FILLER_0_15_225, 107.87, 51.68, 1.79997
_1507_, 107.87, 46.24, 1.79998
_1508_, 107.87, 46.24, 1.79998
_1530_, 107.87, 46.24, 1.79998
_1375_, 107.87, 40.8, 1.79997
_1504_, 107.87, 40.8, 1.79997
_1543_, 107.87, 40.8, 1.79997
_1547_, 107.87, 40.8, 1.79997
FILLER_0_11_225, 107.87, 40.8, 1.79997
_1439_, 107.87, 35.36, 1.79998
_1470_, 107.87, 35.36, 1.79998
_1544_, 107.87, 35.36, 1.79998
FILLER_0_9_219, 107.87, 35.36, 1.79998
FILLER_0_7_217, 107.87, 29.92, 1.79998
FILLER_0_5_213, 107.87, 24.48, 1.79998
FILLER_0_5_221, 107.87, 24.48, 1.79998
_1488_, 107.87, 19.04, 1.79996
_1489_, 107.87, 19.04, 1.79996
FILLER_0_1_217, 107.87, 13.6, 1.79997
FILLER_0_2_225, 107.87, 13.6, 1.79997
_2330_, 66.93, 171.36, 1.79992
_2259_, 66.93, 165.92, 1.79992
FILLER_0_58_136, 66.93, 165.92, 1.79992
_2209_, 66.93, 160.48, 1.79995
_2210_, 66.93, 160.48, 1.79995
_2275_, 66.93, 160.48, 1.79995
FILLER_0_55_120, 66.93, 160.48, 1.79995
_2206_, 66.93, 155.04, 1.79997
FILLER_0_53_138, 66.93, 155.04, 1.79997
_2148_, 66.93, 149.6, 1.79996
_2205_, 66.93, 149.6, 1.79996
FILLER_0_52_134, 66.93, 149.6, 1.79996
_2156_, 66.93, 144.16, 1.79998
FILLER_0_49_137, 66.93, 144.16, 1.79998
_1849_, 66.93, 138.72, 1.79996
_2155_, 66.93, 138.72, 1.79996
FILLER_0_47_138, 66.93, 138.72, 1.79996
FILLER_0_48_137, 66.93, 138.72, 1.79996
_2152_, 66.93, 133.28, 1.79998
_2223_, 66.93, 133.28, 1.79998
_2149_, 66.93, 127.84, 1.79999
_1643_, 66.93, 122.4, 1.79998
_2220_, 66.93, 122.4, 1.79998
_2221_, 66.93, 122.4, 1.79998
FILLER_0_41_139, 66.93, 122.4, 1.79998
_2219_, 66.93, 116.96, 1.79999
_2290_, 66.93, 116.96, 1.79999
FILLER_0_40_137, 66.93, 116.96, 1.79999
FILLER_0_37_139, 66.93, 111.52, 1.79999
FILLER_0_38_141, 66.93, 111.52, 1.79999
_2178_, 66.93, 106.08, 1.79998
_2249_, 66.93, 106.08, 1.79998
FILLER_0_35_139, 66.93, 106.08, 1.79998
_1740_, 66.93, 100.64, 1.79999
_2174_, 66.93, 100.64, 1.79999
_2232_, 66.93, 100.64, 1.79999
_2238_, 66.93, 100.64, 1.79999
_2167_, 66.93, 95.2, 1.79999
_2169_, 66.93, 95.2, 1.79999
FILLER_0_32_135, 66.93, 95.2, 1.79999
FILLER_0_32_141, 66.93, 95.2, 1.79999
_2165_, 66.93, 89.76, 1.79998
_2166_, 66.93, 89.76, 1.79998
_2235_, 66.93, 89.76, 1.79998
FILLER_0_29_134, 66.93, 89.76, 1.79998
FILLER_0_30_130, 66.93, 89.76, 1.79998
_2309_, 66.93, 84.32, 1.79999
_2310_, 66.93, 84.32, 1.79999
FILLER_0_27_137, 66.93, 84.32, 1.79999
FILLER_0_28_135, 66.93, 84.32, 1.79999
_2247_, 66.93, 78.88, 1.79999
_2308_, 66.93, 78.88, 1.79999
FILLER_0_25_135, 66.93, 78.88, 1.79999
_1719_, 66.93, 73.44, 1.79999
_2245_, 66.93, 73.44, 1.79999
_2302_, 66.93, 73.44, 1.79999
FILLER_0_23_137, 66.93, 73.44, 1.79999
FILLER_0_24_135, 66.93, 73.44, 1.79999
_2303_, 66.93, 68, 1.79998
_2569_, 66.93, 68, 1.79998
_2570_, 66.93, 68, 1.79998
FILLER_0_21_132, 66.93, 68, 1.79998
FILLER_0_22_141, 66.93, 68, 1.79998
_2417_, 66.93, 62.56, 1.79999
_2571_, 66.93, 62.56, 1.79999
_2613_, 66.93, 62.56, 1.79999
FILLER_0_19_145, 66.93, 62.56, 1.79999
FILLER_0_20_141, 66.93, 62.56, 1.79999
_2572_, 66.93, 57.12, 1.79998
FILLER_0_15_137, 66.93, 51.68, 1.79998
_2689_, 66.93, 46.24, 1.79999
FILLER_0_14_137, 66.93, 46.24, 1.79999
_2690_, 66.93, 40.8, 1.79998
_2712_, 66.93, 40.8, 1.79998
_2713_, 66.93, 40.8, 1.79998
FILLER_0_12_135, 66.93, 40.8, 1.79998
_2715_, 66.93, 35.36, 1.79998
_2741_, 66.93, 35.36, 1.79998
FILLER_0_9_126, 66.93, 35.36, 1.79998
_2711_, 66.93, 29.92, 1.79999
_2716_, 66.93, 29.92, 1.79999
_2717_, 66.93, 29.92, 1.79999
FILLER_0_7_142, 66.93, 29.92, 1.79999
_2718_, 66.93, 24.48, 1.79998
_2740_, 66.93, 24.48, 1.79998
_2742_, 66.93, 24.48, 1.79998
FILLER_0_6_129, 66.93, 24.48, 1.79998
FILLER_0_4_131, 66.93, 19.04, 1.79997
FILLER_0_0_135, 66.93, 13.6, 1.79994
FILLER_0_2_133, 66.93, 13.6, 1.79994
FILLER_0_59_49, 25.99, 171.36, 1.79996
_2064_, 25.99, 155.04, 1.79997
_2461_, 25.99, 155.04, 1.79997
FILLER_0_53_39, 25.99, 155.04, 1.79997
_2460_, 25.99, 149.6, 1.79993
_2463_, 25.99, 149.6, 1.79993
_2464_, 25.99, 149.6, 1.79993
_2601_, 25.99, 149.6, 1.79993
_2604_, 25.99, 149.6, 1.79993
FILLER_0_51_33, 25.99, 149.6, 1.79993
FILLER_0_52_45, 25.99, 149.6, 1.79993
_2516_, 25.99, 144.16, 1.79994
_2517_, 25.99, 144.16, 1.79994
_2605_, 25.99, 144.16, 1.79994
FILLER_0_49_46, 25.99, 144.16, 1.79994
_2456_, 25.99, 138.72, 1.79991
_2514_, 25.99, 138.72, 1.79991
_2518_, 25.99, 138.72, 1.79991
FILLER_0_47_48, 25.99, 138.72, 1.79991
FILLER_0_48_43, 25.99, 138.72, 1.79991
_2454_, 25.99, 133.28, 1.79998
_2411_, 25.99, 127.84, 1.79998
_2412_, 25.99, 127.84, 1.79998
_2413_, 25.99, 127.84, 1.79998
FILLER_0_44_41, 25.99, 127.84, 1.79998
_2453_, 25.99, 122.4, 1.79994
FILLER_0_42_49, 25.99, 122.4, 1.79994
_2450_, 25.99, 116.96, 1.79997
_2448_, 25.99, 111.52, 1.79998
_2451_, 25.99, 111.52, 1.79998
FILLER_0_37_46, 25.99, 111.52, 1.79998
FILLER_0_38_51, 25.99, 111.52, 1.79998
_2446_, 25.99, 106.08, 1.79997
_2447_, 25.99, 106.08, 1.79997
FILLER_0_35_47, 25.99, 106.08, 1.79997
_2498_, 25.99, 100.64, 1.79998
FILLER_0_33_48, 25.99, 100.64, 1.79998
FILLER_0_34_49, 25.99, 100.64, 1.79998
_2495_, 25.99, 95.2, 1.79999
FILLER_0_31_34, 25.99, 95.2, 1.79999
FILLER_0_32_41, 25.99, 95.2, 1.79999
_2494_, 25.99, 89.76, 1.79996
_2497_, 25.99, 89.76, 1.79996
_2493_, 25.99, 84.32, 1.79998
_2542_, 25.99, 84.32, 1.79998
FILLER_0_27_48, 25.99, 84.32, 1.79998
_2426_, 25.99, 78.88, 1.79998
_2536_, 25.99, 73.44, 1.79999
_2537_, 25.99, 73.44, 1.79999
_2538_, 25.99, 73.44, 1.79999
FILLER_0_23_45, 25.99, 73.44, 1.79999
FILLER_0_23_53, 25.99, 73.44, 1.79999
_2532_, 25.99, 68, 1.79998
_2533_, 25.99, 68, 1.79998
_2579_, 25.99, 68, 1.79998
_2584_, 25.99, 68, 1.79998
FILLER_0_22_46, 25.99, 68, 1.79998
FILLER_0_20_43, 25.99, 62.56, 1.79998
_2568_, 25.99, 57.12, 1.79996
FILLER_0_17_53, 25.99, 57.12, 1.79996
FILLER_0_17_57, 25.99, 57.12, 1.79996
_2576_, 25.99, 51.68, 1.79998
_2621_, 25.99, 51.68, 1.79998
_2625_, 25.99, 51.68, 1.79998
_2666_, 25.99, 51.68, 1.79998
_2626_, 25.99, 46.24, 1.79998
FILLER_0_13_49, 25.99, 46.24, 1.79998
FILLER_0_14_44, 25.99, 46.24, 1.79998
_2677_, 25.99, 40.8, 1.79998
FILLER_0_11_41, 25.99, 40.8, 1.79998
_2704_, 25.99, 29.92, 1.79998
_2706_, 25.99, 24.48, 1.79995
FILLER_0_0_47, 25.99, 13.6, 1.79991
FILLER_0_1_45, 25.99, 13.6, 1.79991
FILLER_0_1_53, 25.99, 13.6, 1.79991
PHY_EDGE_ROW_58_Left_118, 5.52, 171.36, 1.79995
PHY_EDGE_ROW_59_Left_119, 5.52, 171.36, 1.79995
input7, 5.52, 171.36, 1.79995
FILLER_0_59_7, 5.52, 171.36, 1.79995
PHY_EDGE_ROW_58_Right_58, 169.28, 171.36, 1.79984
PHY_EDGE_ROW_59_Right_59, 169.28, 171.36, 1.79984
input27, 12.42, 171.36, 1.79995
input6, 30.82, 171.36, 1.79994
input5, 79.12, 171.36, 1.79988
FILLER_0_59_161, 79.12, 171.36, 1.79988
output39, 134.78, 171.36, 1.79984
FILLER_0_59_277, 134.78, 171.36, 1.79984
output34, 140.3, 171.36, 1.79986
FILLER_0_59_321, 150.42, 171.36, 1.79989
output58, 155.94, 171.36, 1.79986
FILLER_0_59_331, 155.94, 171.36, 1.79986
input23, 161.46, 171.36, 1.79984
output40, 161.46, 171.36, 1.79984
FILLER_0_59_337, 161.46, 171.36, 1.79984
output59, 15.64, 171.36, 1.79995
FILLER_0_59_75, 37.26, 171.36, 1.79992
output41, 50.14, 171.36, 1.79988
output60, 50.14, 171.36, 1.79988
ANTENNA_3, 50.14, 171.36, 1.79988
FILLER_0_59_153, 73.14, 171.36, 1.7999
_2264_, 92.92, 171.36, 1.79987
_2271_, 114.54, 171.36, 1.79989
input13, 114.54, 171.36, 1.79989
FILLER_0_58_235, 114.54, 171.36, 1.79989
FILLER_0_59_243, 114.54, 171.36, 1.79989
_2203_, 130.18, 171.36, 1.79985
_2329_, 58.535, 171.36, 1.79989
_2332_, 58.535, 171.36, 1.79989
input12, 58.535, 171.36, 1.79989
FILLER_0_59_113, 58.535, 171.36, 1.79989
_2273_, 86.02, 171.36, 1.79986
output42, 86.02, 171.36, 1.79986
_2267_, 100.395, 171.36, 1.79989
input18, 100.395, 171.36, 1.79989
FILLER_0_59_209, 100.395, 171.36, 1.79989
PHY_EDGE_ROW_56_Left_116, 5.52, 165.92, 1.79986
PHY_EDGE_ROW_57_Left_117, 5.52, 165.92, 1.79986
output37, 5.52, 165.92, 1.79986
PHY_EDGE_ROW_56_Right_56, 169.28, 165.92, 1.79987
PHY_EDGE_ROW_57_Right_57, 169.28, 165.92, 1.79987
_1432_, 21.62, 165.92, 1.79992
FILLER_0_57_51, 27.14, 165.92, 1.79993
FILLER_0_58_73, 38.18, 165.92, 1.7999
_2195_, 88.78, 165.92, 1.79986
_2262_, 88.78, 165.92, 1.79986
FILLER_0_58_182, 88.78, 165.92, 1.79986
_2199_, 124.66, 165.92, 1.79987
_2200_, 124.66, 165.92, 1.79987
_2268_, 124.66, 165.92, 1.79987
_2270_, 124.66, 165.92, 1.79987
FILLER_0_57_257, 124.66, 165.92, 1.79987
FILLER_0_57_317, 150.42, 165.92, 1.79992
_2132_, 155.94, 165.92, 1.7999
FILLER_0_57_325, 155.94, 165.92, 1.7999
FILLER_0_58_21, 15.18, 165.92, 1.7999
ANTENNA_2, 20.7, 165.92, 1.79992
FILLER_0_58_29, 20.7, 165.92, 1.79992
FILLER_0_58_81, 40.02, 165.92, 1.79989
_2327_, 45.54, 165.92, 1.79988
_2331_, 45.54, 165.92, 1.79988
FILLER_0_56_85, 45.54, 165.92, 1.79988
FILLER_0_58_85, 45.54, 165.92, 1.79988
_2328_, 51.06, 165.92, 1.79988
_2394_, 51.06, 165.92, 1.79988
_2258_, 72.22, 165.92, 1.79989
_2260_, 72.22, 165.92, 1.79989
FILLER_0_58_299, 143.06, 165.92, 1.79991
output46, 163.3, 165.92, 1.79987
FILLER_0_57_349, 163.3, 165.92, 1.79987
_2395_, 58.995, 165.92, 1.7999
FILLER_0_56_117, 58.995, 165.92, 1.7999
FILLER_0_57_119, 58.995, 165.92, 1.7999
_2191_, 80.5, 165.92, 1.79986
_2194_, 80.5, 165.92, 1.79986
_2261_, 80.5, 165.92, 1.79986
_2263_, 80.5, 165.92, 1.79986
FILLER_0_56_164, 80.5, 165.92, 1.79986
FILLER_0_58_166, 80.5, 165.92, 1.79986
_2274_, 98.325, 165.92, 1.79986
_2333_, 98.325, 165.92, 1.79986
_2401_, 98.325, 165.92, 1.79986
_2198_, 116.265, 165.92, 1.79987
_2265_, 116.265, 165.92, 1.79987
_2266_, 116.265, 165.92, 1.79987
_2335_, 116.265, 165.92, 1.79987
FILLER_0_56_245, 116.265, 165.92, 1.79987
FILLER_0_57_239, 116.265, 165.92, 1.79987
FILLER_0_57_249, 116.265, 165.92, 1.79987
PHY_EDGE_ROW_54_Left_114, 5.52, 160.48, 1.7999
PHY_EDGE_ROW_55_Left_115, 5.52, 160.48, 1.7999
output63, 5.52, 160.48, 1.7999
PHY_EDGE_ROW_54_Right_54, 169.28, 160.48, 1.79996
PHY_EDGE_ROW_55_Right_55, 169.28, 160.48, 1.79996
ANTENNA_4, 9.66, 160.48, 1.79991
FILLER_0_56_25, 15.18, 160.48, 1.79992
_2255_, 53.36, 160.48, 1.79993
_2326_, 53.36, 160.48, 1.79993
_2257_, 78.2, 160.48, 1.79992
FILLER_0_54_164, 78.2, 160.48, 1.79992
FILLER_0_55_163, 78.2, 160.48, 1.79992
_2337_, 98.9, 160.48, 1.79988
FILLER_0_55_217, 104.42, 160.48, 1.79991
_2403_, 111.32, 160.48, 1.79992
_2202_, 130.18, 160.48, 1.79991
_2269_, 130.18, 160.48, 1.79991
FILLER_0_55_275, 130.18, 160.48, 1.79991
FILLER_0_56_275, 130.18, 160.48, 1.79991
FILLER_0_57_272, 130.18, 160.48, 1.79991
_2128_, 135.7, 160.48, 1.79992
_2201_, 135.7, 160.48, 1.79992
_2462_, 26.22, 160.48, 1.79994
FILLER_0_55_51, 26.22, 160.48, 1.79994
FILLER_0_54_62, 34.5, 160.48, 1.79992
_2390_, 40.02, 160.48, 1.79992
_2398_, 40.02, 160.48, 1.79992
FILLER_0_55_81, 40.02, 160.48, 1.79992
FILLER_0_56_77, 40.02, 160.48, 1.79992
_2190_, 72.22, 160.48, 1.79994
_2207_, 72.22, 160.48, 1.79994
FILLER_0_56_141, 72.22, 160.48, 1.79994
_2140_, 86.02, 160.48, 1.79991
_2204_, 91.54, 160.48, 1.79989
FILLER_0_56_187, 91.54, 160.48, 1.79989
_2400_, 97.06, 160.48, 1.79988
FILLER_0_56_197, 97.06, 160.48, 1.79988
_2070_, 114.08, 160.48, 1.79991
_2071_, 114.08, 160.48, 1.79991
_2135_, 114.08, 160.48, 1.79991
_2069_, 123.28, 160.48, 1.79991
FILLER_0_54_256, 123.28, 160.48, 1.79991
FILLER_0_55_262, 123.28, 160.48, 1.79991
FILLER_0_56_304, 145.82, 160.48, 1.79995
input19, 163.3, 160.48, 1.79996
FILLER_0_55_349, 163.3, 160.48, 1.79996
FILLER_0_56_345, 163.3, 160.48, 1.79996
PHY_EDGE_ROW_52_Left_112, 5.52, 155.04, 1.79997
PHY_EDGE_ROW_53_Left_113, 5.52, 155.04, 1.79997
PHY_EDGE_ROW_52_Right_52, 169.28, 155.04, 1.79997
PHY_EDGE_ROW_53_Right_53, 169.28, 155.04, 1.79997
_2256_, 59.8, 155.04, 1.79996
_2325_, 59.8, 155.04, 1.79996
_2076_, 73.14, 155.04, 1.79996
_2136_, 73.14, 155.04, 1.79996
_2160_, 73.14, 155.04, 1.79996
_2161_, 73.14, 155.04, 1.79996
_2162_, 73.14, 155.04, 1.79996
_2078_, 85.56, 155.04, 1.79995
_2137_, 85.56, 155.04, 1.79995
_2141_, 85.56, 155.04, 1.79995
FILLER_0_53_176, 85.56, 155.04, 1.79995
_2067_, 113.62, 155.04, 1.79995
FILLER_0_53_233, 113.62, 155.04, 1.79995
FILLER_0_54_301, 143.98, 155.04, 1.79995
FILLER_0_53_330, 155.94, 155.04, 1.79997
FILLER_0_52_29, 20.7, 155.04, 1.79997
FILLER_0_52_37, 20.7, 155.04, 1.79997
_2147_, 66.24, 155.04, 1.79997
_2208_, 66.24, 155.04, 1.79997
FILLER_0_53_349, 163.3, 155.04, 1.79997
FILLER_0_54_345, 163.3, 155.04, 1.79997
_2392_, 37.26, 155.04, 1.79995
_2393_, 37.26, 155.04, 1.79995
_2397_, 37.26, 155.04, 1.79995
FILLER_0_53_57, 37.26, 155.04, 1.79995
FILLER_0_53_77, 37.26, 155.04, 1.79995
_2277_, 48.53, 155.04, 1.79994
_2280_, 48.53, 155.04, 1.79994
_2281_, 48.53, 155.04, 1.79994
_2391_, 48.53, 155.04, 1.79994
_2396_, 48.53, 155.04, 1.79994
FILLER_0_54_88, 48.53, 155.04, 1.79994
_2091_, 96.715, 155.04, 1.79995
_2092_, 96.715, 155.04, 1.79995
_2093_, 96.715, 155.04, 1.79995
_2120_, 96.715, 155.04, 1.79995
_2138_, 96.715, 155.04, 1.79995
_2139_, 96.715, 155.04, 1.79995
_2068_, 123.586, 155.04, 1.79993
_2122_, 123.586, 155.04, 1.79993
_2197_, 123.586, 155.04, 1.79993
FILLER_0_52_253, 123.586, 155.04, 1.79993
FILLER_0_53_254, 123.586, 155.04, 1.79993
_2125_, 133.553, 155.04, 1.79992
_2126_, 133.553, 155.04, 1.79992
_2134_, 133.553, 155.04, 1.79992
FILLER_0_52_278, 133.553, 155.04, 1.79992
FILLER_0_53_271, 133.553, 155.04, 1.79992
PHY_EDGE_ROW_50_Left_110, 5.52, 149.6, 1.79992
PHY_EDGE_ROW_51_Left_111, 5.52, 149.6, 1.79992
input22, 5.52, 149.6, 1.79992
PHY_EDGE_ROW_50_Right_50, 169.28, 149.6, 1.79991
PHY_EDGE_ROW_51_Right_51, 169.28, 149.6, 1.79991
_2458_, 29.44, 149.6, 1.79992
_2459_, 29.44, 149.6, 1.79992
_2405_, 34.96, 149.6, 1.79991
_2278_, 47.38, 149.6, 1.79992
_2338_, 47.38, 149.6, 1.79992
FILLER_0_51_88, 47.38, 149.6, 1.79992
FILLER_0_52_85, 47.38, 149.6, 1.79992
_2228_, 52.9, 149.6, 1.79993
_2230_, 52.9, 149.6, 1.79993
_2279_, 52.9, 149.6, 1.79993
FILLER_0_51_105, 52.9, 149.6, 1.79993
_2074_, 80.5, 149.6, 1.79996
_2077_, 80.5, 149.6, 1.79996
_2087_, 80.5, 149.6, 1.79996
_2088_, 80.5, 149.6, 1.79996
FILLER_0_52_160, 80.5, 149.6, 1.79996
_2089_, 88.78, 149.6, 1.79996
_2090_, 88.78, 149.6, 1.79996
_2142_, 88.78, 149.6, 1.79996
FILLER_0_51_181, 88.78, 149.6, 1.79996
FILLER_0_52_180, 88.78, 149.6, 1.79996
FILLER_0_52_188, 88.78, 149.6, 1.79996
_1996_, 107.64, 149.6, 1.79997
_1999_, 107.64, 149.6, 1.79997
_2000_, 107.64, 149.6, 1.79997
ANTENNA_1, 107.64, 149.6, 1.79997
FILLER_0_51_221, 107.64, 149.6, 1.79997
_2063_, 12.42, 149.6, 1.79992
FILLER_0_51_21, 12.42, 149.6, 1.79992
_1781_, 37.26, 149.6, 1.79991
_2404_, 37.26, 149.6, 1.79991
_2406_, 37.26, 149.6, 1.79991
FILLER_0_50_70, 37.26, 149.6, 1.79991
FILLER_0_52_67, 37.26, 149.6, 1.79991
FILLER_0_52_76, 37.26, 149.6, 1.79991
_2075_, 73.14, 149.6, 1.79996
_2157_, 73.14, 149.6, 1.79996
_2158_, 73.14, 149.6, 1.79996
_2211_, 73.14, 149.6, 1.79996
FILLER_0_51_153, 73.14, 149.6, 1.79996
_2119_, 97.52, 149.6, 1.79996
_2193_, 97.52, 149.6, 1.79996
FILLER_0_50_197, 97.52, 149.6, 1.79996
FILLER_0_51_206, 97.52, 149.6, 1.79996
FILLER_0_52_206, 97.52, 149.6, 1.79996
_2012_, 118.68, 149.6, 1.79995
_2072_, 118.68, 149.6, 1.79995
FILLER_0_52_241, 118.68, 149.6, 1.79995
FILLER_0_52_249, 118.68, 149.6, 1.79995
_2196_, 124.2, 149.6, 1.79994
_2050_, 129.72, 149.6, 1.79994
_2123_, 129.72, 149.6, 1.79994
_2133_, 129.72, 149.6, 1.79994
FILLER_0_51_276, 129.72, 149.6, 1.79994
_2124_, 140.3, 149.6, 1.79994
wire1, 145.82, 149.6, 1.79995
FILLER_0_50_305, 145.82, 149.6, 1.79995
output45, 163.3, 149.6, 1.79991
FILLER_0_52_345, 163.3, 149.6, 1.79991
_2145_, 59.915, 149.6, 1.79995
_2146_, 59.915, 149.6, 1.79995
_2229_, 59.915, 149.6, 1.79995
FILLER_0_51_119, 59.915, 149.6, 1.79995
FILLER_0_52_124, 59.915, 149.6, 1.79995
PHY_EDGE_ROW_48_Left_108, 5.52, 144.16, 1.79993
PHY_EDGE_ROW_49_Left_109, 5.52, 144.16, 1.79993
FILLER_0_50_3, 5.52, 144.16, 1.79993
PHY_EDGE_ROW_48_Right_48, 169.28, 144.16, 1.79997
PHY_EDGE_ROW_49_Right_49, 169.28, 144.16, 1.79997
FILLER_0_50_11, 9.66, 144.16, 1.79993
_2215_, 56.58, 144.16, 1.79996
_2216_, 56.58, 144.16, 1.79996
FILLER_0_49_109, 56.58, 144.16, 1.79996
FILLER_0_50_109, 56.58, 144.16, 1.79996
_2144_, 62.1, 144.16, 1.79997
_2086_, 77.74, 144.16, 1.79997
_2159_, 77.74, 144.16, 1.79997
FILLER_0_49_163, 77.74, 144.16, 1.79997
_2007_, 118.22, 144.16, 1.79996
_2011_, 118.22, 144.16, 1.79996
FILLER_0_50_239, 118.22, 144.16, 1.79996
_2014_, 124.66, 144.16, 1.79996
_2015_, 124.66, 144.16, 1.79996
_1988_, 136.16, 144.16, 1.79996
_1993_, 136.16, 144.16, 1.79996
_2049_, 136.16, 144.16, 1.79996
_2052_, 136.16, 144.16, 1.79996
_2065_, 136.16, 144.16, 1.79996
FILLER_0_48_290, 136.16, 144.16, 1.79996
_2515_, 15.18, 144.16, 1.79993
_2600_, 15.18, 144.16, 1.79993
_2603_, 15.18, 144.16, 1.79993
FILLER_0_49_27, 15.18, 144.16, 1.79993
FILLER_0_50_20, 15.18, 144.16, 1.79993
_2214_, 45.08, 144.16, 1.79995
_2276_, 45.08, 144.16, 1.79995
_2344_, 45.08, 144.16, 1.79995
FILLER_0_49_92, 45.08, 144.16, 1.79995
FILLER_0_50_80, 45.08, 144.16, 1.79995
FILLER_0_48_129, 65.78, 144.16, 1.79997
FILLER_0_50_132, 65.78, 144.16, 1.79997
_2118_, 100.28, 144.16, 1.79997
_2046_, 105.8, 144.16, 1.79997
_2192_, 105.8, 144.16, 1.79997
_2013_, 119.6, 144.16, 1.79996
_2048_, 128.8, 144.16, 1.79995
_2121_, 128.8, 144.16, 1.79995
FILLER_0_48_265, 128.8, 144.16, 1.79995
FILLER_0_49_274, 128.8, 144.16, 1.79995
FILLER_0_49_325, 152.26, 144.16, 1.79997
FILLER_0_48_346, 163.3, 144.16, 1.79997
FILLER_0_49_333, 163.3, 144.16, 1.79997
FILLER_0_49_349, 163.3, 144.16, 1.79997
FILLER_0_50_345, 163.3, 144.16, 1.79997
_2345_, 35.535, 144.16, 1.79994
_2457_, 35.535, 144.16, 1.79994
FILLER_0_48_62, 35.535, 144.16, 1.79994
_2085_, 89.01, 144.16, 1.79997
_2117_, 89.01, 144.16, 1.79997
_2189_, 89.01, 144.16, 1.79997
FILLER_0_48_188, 89.01, 144.16, 1.79997
FILLER_0_49_179, 89.01, 144.16, 1.79997
FILLER_0_50_187, 89.01, 144.16, 1.79997
PHY_EDGE_ROW_46_Left_106, 5.52, 138.72, 1.79987
PHY_EDGE_ROW_47_Left_107, 5.52, 138.72, 1.79987
input20, 5.52, 138.72, 1.79987
PHY_EDGE_ROW_46_Right_46, 169.28, 138.72, 1.79977
PHY_EDGE_ROW_47_Right_47, 169.28, 138.72, 1.79977
output48, 169.28, 138.72, 1.79977
FILLER_0_47_13, 9.66, 138.72, 1.79987
FILLER_0_48_15, 9.66, 138.72, 1.79987
_2343_, 37.72, 138.72, 1.79991
_2387_, 37.72, 138.72, 1.79991
_2388_, 37.72, 138.72, 1.79991
_2389_, 37.72, 138.72, 1.79991
_2408_, 37.72, 138.72, 1.79991
_1653_, 52.44, 138.72, 1.79993
_2217_, 52.44, 138.72, 1.79993
_2227_, 52.44, 138.72, 1.79993
_2082_, 81.88, 138.72, 1.79996
_2083_, 81.88, 138.72, 1.79996
_2153_, 81.88, 138.72, 1.79996
FILLER_0_47_169, 81.88, 138.72, 1.79996
_2116_, 87.4, 138.72, 1.79995
FILLER_0_48_174, 87.4, 138.72, 1.79995
_2043_, 102.58, 138.72, 1.79996
_2044_, 102.58, 138.72, 1.79996
_2045_, 102.58, 138.72, 1.79996
FILLER_0_47_213, 102.58, 138.72, 1.79996
_2057_, 152.72, 138.72, 1.79986
_2058_, 152.72, 138.72, 1.79986
_2127_, 152.72, 138.72, 1.79986
FILLER_0_46_326, 152.72, 138.72, 1.79986
FILLER_0_47_318, 152.72, 138.72, 1.79986
FILLER_0_48_329, 152.72, 138.72, 1.79986
_2213_, 44.16, 138.72, 1.79991
_2324_, 44.16, 138.72, 1.79991
_2339_, 44.16, 138.72, 1.79991
_2407_, 44.16, 138.72, 1.79991
FILLER_0_48_81, 44.16, 138.72, 1.79991
FILLER_0_48_85, 44.16, 138.72, 1.79991
_2004_, 111.78, 138.72, 1.79995
_2005_, 111.78, 138.72, 1.79995
FILLER_0_46_227, 111.78, 138.72, 1.79995
FILLER_0_46_235, 111.78, 138.72, 1.79995
_1928_, 117.3, 138.72, 1.79994
_1933_, 117.3, 138.72, 1.79994
FILLER_0_47_249, 117.3, 138.72, 1.79994
_2054_, 144.44, 138.72, 1.7999
FILLER_0_48_298, 144.44, 138.72, 1.7999
FILLER_0_48_305, 144.44, 138.72, 1.7999
_2513_, 17.825, 138.72, 1.79987
_2560_, 17.825, 138.72, 1.79987
_2561_, 17.825, 138.72, 1.79987
_2562_, 17.825, 138.72, 1.79987
_2602_, 17.825, 138.72, 1.79987
FILLER_0_48_34, 17.825, 138.72, 1.79987
_2222_, 59.685, 138.72, 1.79994
_2224_, 59.685, 138.72, 1.79994
_2225_, 59.685, 138.72, 1.79994
_2226_, 59.685, 138.72, 1.79994
_2282_, 59.685, 138.72, 1.79994
FILLER_0_46_121, 59.685, 138.72, 1.79994
FILLER_0_47_125, 59.685, 138.72, 1.79994
_2154_, 74.405, 138.72, 1.79996
_2187_, 74.405, 138.72, 1.79996
_2254_, 74.405, 138.72, 1.79996
FILLER_0_47_146, 74.405, 138.72, 1.79996
FILLER_0_47_155, 74.405, 138.72, 1.79996
_2041_, 94.99, 138.72, 1.79996
_2115_, 94.99, 138.72, 1.79996
_2188_, 94.99, 138.72, 1.79996
FILLER_0_47_198, 94.99, 138.72, 1.79996
FILLER_0_48_197, 94.99, 138.72, 1.79996
_1932_, 130.87, 138.72, 1.79992
_1934_, 130.87, 138.72, 1.79992
_1991_, 130.87, 138.72, 1.79992
_2047_, 130.87, 138.72, 1.79992
FILLER_0_47_275, 130.87, 138.72, 1.79992
_2059_, 161, 138.72, 1.79979
_2061_, 161, 138.72, 1.79979
_2062_, 161, 138.72, 1.79979
_2131_, 161, 138.72, 1.79979
FILLER_0_47_343, 161, 138.72, 1.79979
PHY_EDGE_ROW_44_Left_104, 5.52, 133.28, 1.79998
PHY_EDGE_ROW_45_Left_105, 5.52, 133.28, 1.79998
_1986_, 169.28, 133.28, 1.79994
PHY_EDGE_ROW_44_Right_44, 169.28, 133.28, 1.79994
PHY_EDGE_ROW_45_Right_45, 169.28, 133.28, 1.79994
FILLER_0_45_346, 169.28, 133.28, 1.79994
FILLER_0_46_15, 9.66, 133.28, 1.79998
FILLER_0_46_39, 21.62, 133.28, 1.79998
_2186_, 73.14, 133.28, 1.79998
FILLER_0_45_142, 73.14, 133.28, 1.79998
_2252_, 78.66, 133.28, 1.79998
_2253_, 78.66, 133.28, 1.79998
FILLER_0_45_162, 78.66, 133.28, 1.79998
FILLER_0_45_169, 78.66, 133.28, 1.79998
_1927_, 124.66, 133.28, 1.79997
_1931_, 124.66, 133.28, 1.79997
FILLER_0_46_259, 124.66, 133.28, 1.79997
_1936_, 133.4, 133.28, 1.79996
_1990_, 133.4, 133.28, 1.79996
FILLER_0_46_279, 133.4, 133.28, 1.79996
_1972_, 138.92, 133.28, 1.79996
_1992_, 138.92, 133.28, 1.79996
FILLER_0_45_289, 138.92, 133.28, 1.79996
_1937_, 144.44, 133.28, 1.79996
_2455_, 26.22, 133.28, 1.79998
_2467_, 26.22, 133.28, 1.79998
FILLER_0_44_51, 26.22, 133.28, 1.79998
FILLER_0_45_51, 26.22, 133.28, 1.79998
FILLER_0_45_57, 26.22, 133.28, 1.79998
_2151_, 68.08, 133.28, 1.79998
FILLER_0_44_137, 68.08, 133.28, 1.79998
_2040_, 99.82, 133.28, 1.79998
FILLER_0_44_207, 99.82, 133.28, 1.79998
FILLER_0_45_211, 99.82, 133.28, 1.79998
_1935_, 126.04, 133.28, 1.79996
FILLER_0_44_265, 126.04, 133.28, 1.79996
_2322_, 39.79, 133.28, 1.79997
_2385_, 39.79, 133.28, 1.79997
_2386_, 39.79, 133.28, 1.79997
FILLER_0_46_76, 39.79, 133.28, 1.79997
_2288_, 53.36, 133.28, 1.79997
_2323_, 53.36, 133.28, 1.79997
_2342_, 53.36, 133.28, 1.79997
FILLER_0_45_101, 53.36, 133.28, 1.79997
FILLER_0_45_109, 53.36, 133.28, 1.79997
FILLER_0_45_113, 53.36, 133.28, 1.79997
FILLER_0_46_108, 53.36, 133.28, 1.79997
_2114_, 89.24, 133.28, 1.79998
FILLER_0_45_185, 89.24, 133.28, 1.79998
FILLER_0_46_184, 89.24, 133.28, 1.79998
_1924_, 116.265, 133.28, 1.79997
_1930_, 116.265, 133.28, 1.79997
_2006_, 116.265, 133.28, 1.79997
FILLER_0_44_232, 116.265, 133.28, 1.79997
FILLER_0_45_233, 116.265, 133.28, 1.79997
FILLER_0_45_241, 116.265, 133.28, 1.79997
_2060_, 159.045, 133.28, 1.79994
_2129_, 159.045, 133.28, 1.79994
_2130_, 159.045, 133.28, 1.79994
PHY_EDGE_ROW_42_Left_102, 5.52, 127.84, 1.79997
PHY_EDGE_ROW_43_Left_103, 5.52, 127.84, 1.79997
_1985_, 169.28, 127.84, 1.79988
PHY_EDGE_ROW_42_Right_42, 169.28, 127.84, 1.79988
PHY_EDGE_ROW_43_Right_43, 169.28, 127.84, 1.79988
_2301_, 41.4, 127.84, 1.79998
_2285_, 66.7, 127.84, 1.79999
_2079_, 83.72, 127.84, 1.79998
_2081_, 83.72, 127.84, 1.79998
_2113_, 83.72, 127.84, 1.79998
FILLER_0_43_161, 83.72, 127.84, 1.79998
_2112_, 89.24, 127.84, 1.79998
_2184_, 89.24, 127.84, 1.79998
_2185_, 89.24, 127.84, 1.79998
FILLER_0_44_190, 89.24, 127.84, 1.79998
_2035_, 98.9, 127.84, 1.79998
_2036_, 98.9, 127.84, 1.79998
_2038_, 98.9, 127.84, 1.79998
_2039_, 98.9, 127.84, 1.79998
_1858_, 130.64, 127.84, 1.79994
_1967_, 130.64, 127.84, 1.79994
_1968_, 130.64, 127.84, 1.79994
_2016_, 130.64, 127.84, 1.79994
_1860_, 136.16, 127.84, 1.79994
_1916_, 136.16, 127.84, 1.79994
_1917_, 136.16, 127.84, 1.79994
_1969_, 136.16, 127.84, 1.79994
FILLER_0_42_9, 9.66, 127.84, 1.79997
FILLER_0_43_15, 9.66, 127.84, 1.79997
_2340_, 37.72, 127.84, 1.79998
_2465_, 37.72, 127.84, 1.79998
FILLER_0_41_69, 37.72, 127.84, 1.79998
FILLER_0_44_59, 37.72, 127.84, 1.79998
FILLER_0_44_68, 37.72, 127.84, 1.79998
_2300_, 43.24, 127.84, 1.79998
_2365_, 43.24, 127.84, 1.79998
FILLER_0_44_81, 43.24, 127.84, 1.79998
FILLER_0_44_85, 43.24, 127.84, 1.79998
_2287_, 48.76, 127.84, 1.79998
_2299_, 48.76, 127.84, 1.79998
FILLER_0_42_92, 48.76, 127.84, 1.79998
FILLER_0_43_100, 48.76, 127.84, 1.79998
FILLER_0_44_93, 48.76, 127.84, 1.79998
_1662_, 103.04, 127.84, 1.79998
_1919_, 103.04, 127.84, 1.79998
_1920_, 103.04, 127.84, 1.79998
_2511_, 17.825, 127.84, 1.79997
_2512_, 17.825, 127.84, 1.79997
_2559_, 17.825, 127.84, 1.79997
_2150_, 57.73, 127.84, 1.79998
_2284_, 57.73, 127.84, 1.79998
_2286_, 57.73, 127.84, 1.79998
FILLER_0_43_106, 57.73, 127.84, 1.79998
FILLER_0_43_113, 57.73, 127.84, 1.79998
_1581_, 75.325, 127.84, 1.79998
_2080_, 75.325, 127.84, 1.79998
_2173_, 75.325, 127.84, 1.79998
_1857_, 119.255, 127.84, 1.79996
_1929_, 119.255, 127.84, 1.79996
_2001_, 119.255, 127.84, 1.79996
FILLER_0_42_253, 119.255, 127.84, 1.79996
FILLER_0_43_240, 119.255, 127.84, 1.79996
FILLER_0_44_245, 119.255, 127.84, 1.79996
_1976_, 159.045, 127.84, 1.79988
_1977_, 159.045, 127.84, 1.79988
_1983_, 159.045, 127.84, 1.79988
_1984_, 159.045, 127.84, 1.79988
_1987_, 159.045, 127.84, 1.79988
FILLER_0_43_332, 159.045, 127.84, 1.79988
FILLER_0_43_337, 159.045, 127.84, 1.79988
PHY_EDGE_ROW_40_Left_100, 5.52, 122.4, 1.79985
PHY_EDGE_ROW_41_Left_101, 5.52, 122.4, 1.79985
output38, 5.52, 122.4, 1.79985
PHY_EDGE_ROW_40_Right_40, 169.28, 122.4, 1.79995
PHY_EDGE_ROW_41_Right_41, 169.28, 122.4, 1.79995
input9, 169.28, 122.4, 1.79995
_2509_, 15.18, 122.4, 1.79989
_2558_, 15.18, 122.4, 1.79989
FILLER_0_41_27, 15.18, 122.4, 1.79989
FILLER_0_42_17, 15.18, 122.4, 1.79989
_2452_, 25.76, 122.4, 1.79994
_2381_, 31.28, 122.4, 1.79994
_2409_, 31.28, 122.4, 1.79994
_2466_, 31.28, 122.4, 1.79994
wire66, 31.28, 122.4, 1.79994
FILLER_0_41_57, 31.28, 122.4, 1.79994
_1805_, 77.74, 122.4, 1.79998
_2108_, 77.74, 122.4, 1.79998
_2172_, 77.74, 122.4, 1.79998
_2212_, 77.74, 122.4, 1.79998
FILLER_0_41_161, 77.74, 122.4, 1.79998
_2033_, 92.46, 122.4, 1.79998
_2034_, 92.46, 122.4, 1.79998
FILLER_0_42_188, 92.46, 122.4, 1.79998
_1642_, 113.16, 122.4, 1.79998
_1925_, 113.16, 122.4, 1.79998
_1855_, 118.68, 122.4, 1.79998
_1856_, 118.68, 122.4, 1.79998
_2042_, 118.68, 122.4, 1.79998
FILLER_0_41_248, 118.68, 122.4, 1.79998
_2037_, 101.66, 122.4, 1.79998
FILLER_0_41_215, 101.66, 122.4, 1.79998
FILLER_0_42_209, 101.66, 122.4, 1.79998
_1861_, 137.54, 122.4, 1.79997
_1892_, 137.54, 122.4, 1.79997
_1938_, 143.06, 122.4, 1.79997
FILLER_0_41_305, 143.06, 122.4, 1.79997
FILLER_0_42_299, 143.06, 122.4, 1.79997
_2366_, 43.163, 122.4, 1.79995
_2368_, 43.163, 122.4, 1.79995
_2410_, 43.163, 122.4, 1.79995
_2295_, 55.046, 122.4, 1.79996
_2297_, 55.046, 122.4, 1.79996
_2298_, 55.046, 122.4, 1.79996
_2362_, 55.046, 122.4, 1.79996
_2364_, 55.046, 122.4, 1.79996
FILLER_0_40_107, 55.046, 122.4, 1.79996
FILLER_0_42_105, 55.046, 122.4, 1.79996
_1851_, 85.1, 122.4, 1.79998
_1853_, 85.1, 122.4, 1.79998
_2032_, 85.1, 122.4, 1.79998
_1854_, 127.19, 122.4, 1.79997
_1962_, 127.19, 122.4, 1.79997
_1963_, 127.19, 122.4, 1.79997
_1965_, 127.19, 122.4, 1.79997
_1966_, 127.19, 122.4, 1.79997
FILLER_0_40_267, 127.19, 122.4, 1.79997
FILLER_0_41_269, 127.19, 122.4, 1.79997
_1901_, 159.045, 122.4, 1.79995
_1978_, 159.045, 122.4, 1.79995
FILLER_0_41_333, 159.045, 122.4, 1.79995
FILLER_0_41_337, 159.045, 122.4, 1.79995
FILLER_0_42_324, 159.045, 122.4, 1.79995
PHY_EDGE_ROW_38_Left_98, 5.52, 116.96, 1.79995
PHY_EDGE_ROW_39_Left_99, 5.52, 116.96, 1.79995
input8, 5.52, 116.96, 1.79995
PHY_EDGE_ROW_38_Right_38, 169.28, 116.96, 1.79993
PHY_EDGE_ROW_39_Right_39, 169.28, 116.96, 1.79993
_2506_, 9.66, 116.96, 1.79995
FILLER_0_39_9, 9.66, 116.96, 1.79995
_2292_, 60.72, 116.96, 1.79998
_2294_, 60.72, 116.96, 1.79998
FILLER_0_39_113, 60.72, 116.96, 1.79998
_1852_, 85.1, 116.96, 1.79998
_2107_, 85.1, 116.96, 1.79998
_2218_, 85.1, 116.96, 1.79998
FILLER_0_39_169, 85.1, 116.96, 1.79998
FILLER_0_39_177, 85.1, 116.96, 1.79998
_1787_, 111.32, 116.96, 1.79998
_1788_, 111.32, 116.96, 1.79998
FILLER_0_38_236, 111.32, 116.96, 1.79998
_1893_, 143.06, 116.96, 1.79996
_1895_, 143.06, 116.96, 1.79996
input21, 165.14, 116.96, 1.79993
_2367_, 46.92, 116.96, 1.79997
_2375_, 46.92, 116.96, 1.79997
FILLER_0_39_96, 46.92, 116.96, 1.79997
FILLER_0_40_93, 46.92, 116.96, 1.79997
_2289_, 65.32, 116.96, 1.79998
_2291_, 65.32, 116.96, 1.79998
FILLER_0_38_126, 65.32, 116.96, 1.79998
FILLER_0_40_129, 65.32, 116.96, 1.79998
_1959_, 126.96, 116.96, 1.79997
_1960_, 126.96, 116.96, 1.79997
_1961_, 126.96, 116.96, 1.79997
FILLER_0_39_270, 126.96, 116.96, 1.79997
_2507_, 17.825, 116.96, 1.79996
_2508_, 17.825, 116.96, 1.79996
_2510_, 17.825, 116.96, 1.79996
FILLER_0_38_29, 17.825, 116.96, 1.79996
_2380_, 36.455, 116.96, 1.79997
_2382_, 36.455, 116.96, 1.79997
_2384_, 36.455, 116.96, 1.79997
_2415_, 36.455, 116.96, 1.79997
FILLER_0_39_73, 36.455, 116.96, 1.79997
FILLER_0_40_67, 36.455, 116.96, 1.79997
_2296_, 53.82, 116.96, 1.79998
_2369_, 53.82, 116.96, 1.79998
_2370_, 53.82, 116.96, 1.79998
FILLER_0_39_108, 53.82, 116.96, 1.79998
_2164_, 76.015, 116.96, 1.79998
_2171_, 76.015, 116.96, 1.79998
FILLER_0_39_144, 76.015, 116.96, 1.79998
FILLER_0_39_153, 76.015, 116.96, 1.79998
_1954_, 96.485, 116.96, 1.79998
_1956_, 96.485, 116.96, 1.79998
_2024_, 96.485, 116.96, 1.79998
_2025_, 96.485, 116.96, 1.79998
_2073_, 96.485, 116.96, 1.79998
FILLER_0_40_197, 96.485, 116.96, 1.79998
_1786_, 119.14, 116.96, 1.79997
_1789_, 119.14, 116.96, 1.79997
_1859_, 119.14, 116.96, 1.79997
FILLER_0_40_253, 119.14, 116.96, 1.79997
_1964_, 135.01, 116.96, 1.79996
FILLER_0_38_280, 135.01, 116.96, 1.79996
_1900_, 156.975, 116.96, 1.79993
_1979_, 156.975, 116.96, 1.79993
max_cap67, 156.975, 116.96, 1.79993
max_cap2, 156.975, 116.96, 1.79993
FILLER_0_38_323, 156.975, 116.96, 1.79993
FILLER_0_39_332, 156.975, 116.96, 1.79993
PHY_EDGE_ROW_36_Left_96, 5.52, 111.52, 1.79998
PHY_EDGE_ROW_37_Left_97, 5.52, 111.52, 1.79998
PHY_EDGE_ROW_36_Right_36, 169.28, 111.52, 1.79998
PHY_EDGE_ROW_37_Right_37, 169.28, 111.52, 1.79998
FILLER_0_36_350, 169.28, 111.52, 1.79998
_2360_, 35.42, 111.52, 1.79998
_2361_, 35.42, 111.52, 1.79998
_2379_, 35.42, 111.52, 1.79998
_2383_, 35.42, 111.52, 1.79998
_2414_, 35.42, 111.52, 1.79998
FILLER_0_37_74, 35.42, 111.52, 1.79998
_1884_, 85.1, 111.52, 1.79998
_2109_, 85.1, 111.52, 1.79998
_2111_, 85.1, 111.52, 1.79998
FILLER_0_37_164, 85.1, 111.52, 1.79998
FILLER_0_37_169, 85.1, 111.52, 1.79998
_1814_, 130.64, 111.52, 1.79998
_1883_, 130.64, 111.52, 1.79998
_1887_, 130.64, 111.52, 1.79998
_1888_, 130.64, 111.52, 1.79998
_1891_, 136.16, 111.52, 1.79998
FILLER_0_37_305, 144.44, 111.52, 1.79998
FILLER_0_38_305, 144.44, 111.52, 1.79998
_1902_, 160.08, 111.52, 1.79998
FILLER_0_37_331, 160.08, 111.52, 1.79998
FILLER_0_38_15, 9.66, 111.52, 1.79998
_2505_, 15.18, 111.52, 1.79998
_2449_, 20.7, 111.52, 1.79998
_2502_, 20.7, 111.52, 1.79998
_2320_, 45.54, 111.52, 1.79997
_2376_, 45.54, 111.52, 1.79997
_2377_, 45.54, 111.52, 1.79997
_2378_, 45.54, 111.52, 1.79997
_2428_, 45.54, 111.52, 1.79997
_2251_, 54.28, 111.52, 1.79998
_2293_, 54.28, 111.52, 1.79998
FILLER_0_38_106, 54.28, 111.52, 1.79998
_2248_, 66.7, 111.52, 1.79999
_2022_, 92.46, 111.52, 1.79998
_2023_, 92.46, 111.52, 1.79998
FILLER_0_38_185, 92.46, 111.52, 1.79998
FILLER_0_38_193, 92.46, 111.52, 1.79998
_1671_, 103.5, 111.52, 1.79998
_1739_, 103.5, 111.52, 1.79998
_1881_, 103.5, 111.52, 1.79998
_1952_, 103.5, 111.52, 1.79998
_1580_, 117.3, 111.52, 1.79998
_1995_, 117.3, 111.52, 1.79998
FILLER_0_36_248, 117.3, 111.52, 1.79998
_1885_, 122.82, 111.52, 1.79998
_1886_, 122.82, 111.52, 1.79998
_1947_, 122.82, 111.52, 1.79998
FILLER_0_38_253, 122.82, 111.52, 1.79998
_1818_, 137.54, 111.52, 1.79998
_1890_, 137.54, 111.52, 1.79998
FILLER_0_37_349, 163.3, 111.52, 1.79998
_2103_, 76.015, 111.52, 1.79998
_2170_, 76.015, 111.52, 1.79998
_2179_, 76.015, 111.52, 1.79998
_2180_, 76.015, 111.52, 1.79998
_2181_, 76.015, 111.52, 1.79998
_2182_, 76.015, 111.52, 1.79998
_2183_, 76.015, 111.52, 1.79998
FILLER_0_36_151, 76.015, 111.52, 1.79998
FILLER_0_37_153, 76.015, 111.52, 1.79998
FILLER_0_38_154, 76.015, 111.52, 1.79998
PHY_EDGE_ROW_34_Left_94, 5.52, 106.08, 1.79994
PHY_EDGE_ROW_35_Left_95, 5.52, 106.08, 1.79994
FILLER_0_36_3, 5.52, 106.08, 1.79994
PHY_EDGE_ROW_34_Right_34, 169.28, 106.08, 1.79998
PHY_EDGE_ROW_35_Right_35, 169.28, 106.08, 1.79998
_2499_, 25.3, 106.08, 1.79997
_2553_, 25.3, 106.08, 1.79997
_2241_, 63.02, 106.08, 1.79998
_2250_, 63.02, 106.08, 1.79998
FILLER_0_36_126, 63.02, 106.08, 1.79998
_2094_, 89.7, 106.08, 1.79998
_2102_, 89.7, 106.08, 1.79998
FILLER_0_35_190, 89.7, 106.08, 1.79998
FILLER_0_36_179, 89.7, 106.08, 1.79998
_1948_, 98.9, 106.08, 1.79998
_1950_, 98.9, 106.08, 1.79998
_1951_, 98.9, 106.08, 1.79998
_1877_, 104.42, 106.08, 1.79999
FILLER_0_35_211, 104.42, 106.08, 1.79999
_1944_, 116.38, 106.08, 1.79999
_1946_, 116.38, 106.08, 1.79999
FILLER_0_34_247, 116.38, 106.08, 1.79999
FILLER_0_35_238, 116.38, 106.08, 1.79999
_1784_, 124.66, 106.08, 1.79999
_1810_, 124.66, 106.08, 1.79999
_1813_, 124.66, 106.08, 1.79999
_1846_, 157.32, 106.08, 1.79998
_1865_, 157.32, 106.08, 1.79998
_1792_, 162.84, 106.08, 1.79998
FILLER_0_35_344, 162.84, 106.08, 1.79998
FILLER_0_36_342, 162.84, 106.08, 1.79998
_2552_, 9.66, 106.08, 1.79994
_2556_, 9.66, 106.08, 1.79994
_2557_, 9.66, 106.08, 1.79994
FILLER_0_36_11, 9.66, 106.08, 1.79994
_2240_, 54.28, 106.08, 1.79997
_2242_, 54.28, 106.08, 1.79997
_2283_, 54.28, 106.08, 1.79997
_2319_, 54.28, 106.08, 1.79997
_2321_, 54.28, 106.08, 1.79997
FILLER_0_34_109, 54.28, 106.08, 1.79997
_1806_, 78.66, 106.08, 1.79998
_2101_, 78.66, 106.08, 1.79998
_2104_, 78.66, 106.08, 1.79998
_2175_, 78.66, 106.08, 1.79998
_2177_, 78.66, 106.08, 1.79998
_2500_, 17.48, 106.08, 1.79995
_2501_, 17.48, 106.08, 1.79995
_2504_, 17.48, 106.08, 1.79995
_2555_, 17.48, 106.08, 1.79995
FILLER_0_35_24, 17.48, 106.08, 1.79995
_2431_, 35.42, 106.08, 1.79997
_2432_, 35.42, 106.08, 1.79997
_2433_, 35.42, 106.08, 1.79997
_2503_, 35.42, 106.08, 1.79997
FILLER_0_35_60, 35.42, 106.08, 1.79997
_1850_, 44.85, 106.08, 1.79997
_2374_, 44.85, 106.08, 1.79997
FILLER_0_36_78, 44.85, 106.08, 1.79997
FILLER_0_36_85, 44.85, 106.08, 1.79997
_1811_, 136.735, 106.08, 1.79999
_1815_, 136.735, 106.08, 1.79999
_1816_, 136.735, 106.08, 1.79999
_1889_, 136.735, 106.08, 1.79999
FILLER_0_35_277, 136.735, 106.08, 1.79999
FILLER_0_35_281, 136.735, 106.08, 1.79999
_2548_, 5.52, 100.64, 1.79995
PHY_EDGE_ROW_32_Left_92, 5.52, 100.64, 1.79995
PHY_EDGE_ROW_33_Left_93, 5.52, 100.64, 1.79995
output54, 5.52, 100.64, 1.79995
FILLER_0_33_3, 5.52, 100.64, 1.79995
PHY_EDGE_ROW_32_Right_32, 169.28, 100.64, 1.79999
PHY_EDGE_ROW_33_Right_33, 169.28, 100.64, 1.79999
_2549_, 13.34, 100.64, 1.79996
_2551_, 13.34, 100.64, 1.79996
_2427_, 21.62, 100.64, 1.79997
_2550_, 21.62, 100.64, 1.79997
_2234_, 64.86, 100.64, 1.79999
_2239_, 64.86, 100.64, 1.79999
FILLER_0_34_131, 64.86, 100.64, 1.79999
_2028_, 77.74, 100.64, 1.79999
_2176_, 77.74, 100.64, 1.79999
_2231_, 77.74, 100.64, 1.79999
FILLER_0_32_163, 77.74, 100.64, 1.79999
FILLER_0_33_150, 77.74, 100.64, 1.79999
FILLER_0_34_149, 77.74, 100.64, 1.79999
_1808_, 106.26, 100.64, 1.79999
_1872_, 111.78, 100.64, 1.79999
_1942_, 111.78, 100.64, 1.79999
_1943_, 111.78, 100.64, 1.79999
FILLER_0_33_243, 111.78, 100.64, 1.79999
_1866_, 150.42, 100.64, 1.79999
FILLER_0_33_314, 150.42, 100.64, 1.79999
FILLER_0_33_329, 161, 100.64, 1.79999
_2434_, 34.5, 100.64, 1.79998
_2443_, 34.5, 100.64, 1.79998
FILLER_0_34_61, 34.5, 100.64, 1.79998
_2430_, 40.02, 100.64, 1.79998
_2440_, 40.02, 100.64, 1.79998
FILLER_0_32_71, 40.02, 100.64, 1.79998
FILLER_0_32_81, 40.02, 100.64, 1.79998
FILLER_0_33_81, 40.02, 100.64, 1.79998
_2363_, 52.9, 100.64, 1.79998
_2371_, 52.9, 100.64, 1.79998
_2373_, 52.9, 100.64, 1.79998
FILLER_0_33_109, 52.9, 100.64, 1.79998
FILLER_0_33_113, 52.9, 100.64, 1.79998
_1817_, 137.54, 100.64, 1.79999
_1819_, 137.54, 100.64, 1.79999
FILLER_0_32_280, 137.54, 100.64, 1.79999
FILLER_0_33_275, 137.54, 100.64, 1.79999
_1743_, 143.06, 100.64, 1.79999
_1820_, 143.06, 100.64, 1.79999
FILLER_0_32_299, 143.06, 100.64, 1.79999
FILLER_0_33_305, 143.06, 100.64, 1.79999
FILLER_0_34_296, 143.06, 100.64, 1.79999
input16, 163.3, 100.64, 1.79999
FILLER_0_33_349, 163.3, 100.64, 1.79999
_2020_, 87.246, 100.64, 1.79998
_2029_, 87.246, 100.64, 1.79998
_2031_, 87.246, 100.64, 1.79998
_2099_, 87.246, 100.64, 1.79998
_2100_, 87.246, 100.64, 1.79998
_2143_, 87.246, 100.64, 1.79998
FILLER_0_33_176, 87.246, 100.64, 1.79998
_1949_, 96.753, 100.64, 1.79999
_2021_, 96.753, 100.64, 1.79999
FILLER_0_32_197, 96.753, 100.64, 1.79999
FILLER_0_33_208, 96.753, 100.64, 1.79999
FILLER_0_34_192, 96.753, 100.64, 1.79999
_1809_, 124.66, 100.64, 1.79998
_1873_, 124.66, 100.64, 1.79998
_1875_, 124.66, 100.64, 1.79998
_1876_, 124.66, 100.64, 1.79998
_1918_, 124.66, 100.64, 1.79998
FILLER_0_34_265, 124.66, 100.64, 1.79998
PHY_EDGE_ROW_30_Left_90, 5.52, 95.2, 1.79998
PHY_EDGE_ROW_31_Left_91, 5.52, 95.2, 1.79998
PHY_EDGE_ROW_30_Right_30, 169.28, 95.2, 1.79998
PHY_EDGE_ROW_31_Right_31, 169.28, 95.2, 1.79998
_2540_, 14.26, 95.2, 1.79998
_2541_, 14.26, 95.2, 1.79998
FILLER_0_30_25, 14.26, 95.2, 1.79998
FILLER_0_31_26, 14.26, 95.2, 1.79998
FILLER_0_32_23, 14.26, 95.2, 1.79998
_2475_, 34.96, 95.2, 1.79999
_2315_, 57.04, 95.2, 1.79999
_2316_, 57.04, 95.2, 1.79999
_2317_, 57.04, 95.2, 1.79999
FILLER_0_31_113, 57.04, 95.2, 1.79999
_2236_, 62.56, 95.2, 1.79999
_2237_, 62.56, 95.2, 1.79999
_2307_, 62.56, 95.2, 1.79999
output55, 163.3, 95.2, 1.79998
FILLER_0_31_349, 163.3, 95.2, 1.79998
FILLER_0_32_344, 163.3, 95.2, 1.79998
_2592_, 9.66, 95.2, 1.79998
_2444_, 27.14, 95.2, 1.79999
_2445_, 27.14, 95.2, 1.79999
FILLER_0_30_47, 27.14, 95.2, 1.79999
FILLER_0_31_53, 27.14, 95.2, 1.79999
_2441_, 35.88, 95.2, 1.79998
_2442_, 35.88, 95.2, 1.79998
FILLER_0_30_70, 35.88, 95.2, 1.79998
FILLER_0_31_72, 35.88, 95.2, 1.79998
_2026_, 45.54, 95.2, 1.79998
_2372_, 45.54, 95.2, 1.79998
_2435_, 45.54, 95.2, 1.79998
FILLER_0_30_85, 45.54, 95.2, 1.79998
FILLER_0_30_95, 45.54, 95.2, 1.79998
FILLER_0_32_85, 45.54, 95.2, 1.79998
_1812_, 77.165, 95.2, 1.79999
_2163_, 77.165, 95.2, 1.79999
_2233_, 77.165, 95.2, 1.79999
FILLER_0_30_155, 77.165, 95.2, 1.79999
FILLER_0_31_146, 77.165, 95.2, 1.79999
FILLER_0_31_164, 77.165, 95.2, 1.79999
_2019_, 87.4, 95.2, 1.79999
_2030_, 87.4, 95.2, 1.79999
FILLER_0_31_169, 87.4, 95.2, 1.79999
FILLER_0_31_183, 87.4, 95.2, 1.79999
FILLER_0_32_186, 87.4, 95.2, 1.79999
_1807_, 97.635, 95.2, 1.79999
_1878_, 97.635, 95.2, 1.79999
_2018_, 97.635, 95.2, 1.79999
FILLER_0_31_198, 97.635, 95.2, 1.79999
_1734_, 118.105, 95.2, 1.79999
_1871_, 118.105, 95.2, 1.79999
_1874_, 118.105, 95.2, 1.79999
_1939_, 118.105, 95.2, 1.79999
FILLER_0_31_249, 118.105, 95.2, 1.79999
_1374_, 128.34, 95.2, 1.79999
_1736_, 128.34, 95.2, 1.79999
_1737_, 128.34, 95.2, 1.79999
_1741_, 128.34, 95.2, 1.79999
FILLER_0_31_260, 128.34, 95.2, 1.79999
FILLER_0_32_267, 128.34, 95.2, 1.79999
_1742_, 138.575, 95.2, 1.79999
_1744_, 138.575, 95.2, 1.79999
_1747_, 138.575, 95.2, 1.79999
_1847_, 138.575, 95.2, 1.79999
FILLER_0_31_294, 138.575, 95.2, 1.79999
_1825_, 156.055, 95.2, 1.79999
_1826_, 156.055, 95.2, 1.79999
_1848_, 156.055, 95.2, 1.79999
FILLER_0_30_326, 156.055, 95.2, 1.79999
FILLER_0_31_327, 156.055, 95.2, 1.79999
_2547_, 5.52, 89.76, 1.7999
PHY_EDGE_ROW_28_Left_88, 5.52, 89.76, 1.7999
PHY_EDGE_ROW_29_Left_89, 5.52, 89.76, 1.7999
output35, 5.52, 89.76, 1.7999
_1393_, 169.28, 89.76, 1.79996
PHY_EDGE_ROW_28_Right_28, 169.28, 89.76, 1.79996
PHY_EDGE_ROW_29_Right_29, 169.28, 89.76, 1.79996
FILLER_0_29_350, 169.28, 89.76, 1.79996
_2545_, 9.66, 89.76, 1.79991
_2546_, 9.66, 89.76, 1.79991
_2595_, 9.66, 89.76, 1.79991
FILLER_0_29_9, 9.66, 89.76, 1.79991
FILLER_0_29_22, 9.66, 89.76, 1.79991
_2496_, 21.62, 89.76, 1.79995
_2543_, 21.62, 89.76, 1.79995
_2594_, 21.62, 89.76, 1.79995
FILLER_0_30_29, 21.62, 89.76, 1.79995
_2478_, 27.14, 89.76, 1.79996
_2479_, 27.14, 89.76, 1.79996
_2480_, 27.14, 89.76, 1.79996
_2544_, 27.14, 89.76, 1.79996
_2027_, 78.66, 89.76, 1.79998
_2096_, 78.66, 89.76, 1.79998
FILLER_0_29_147, 78.66, 89.76, 1.79998
FILLER_0_29_155, 78.66, 89.76, 1.79998
_2095_, 84.18, 89.76, 1.79998
_2097_, 84.18, 89.76, 1.79998
_2098_, 84.18, 89.76, 1.79998
FILLER_0_29_176, 84.18, 89.76, 1.79998
_1608_, 98.9, 89.76, 1.79998
_1735_, 98.9, 89.76, 1.79998
_1798_, 98.9, 89.76, 1.79998
FILLER_0_29_199, 98.9, 89.76, 1.79998
_1731_, 104.42, 89.76, 1.79998
_1733_, 104.42, 89.76, 1.79998
FILLER_0_29_214, 104.42, 89.76, 1.79998
_1746_, 143.98, 89.76, 1.79998
_1749_, 143.98, 89.76, 1.79998
FILLER_0_30_300, 143.98, 89.76, 1.79998
_1844_, 150.42, 89.76, 1.79997
_1904_, 150.42, 89.76, 1.79997
_1607_, 128.8, 89.76, 1.79998
_1672_, 128.8, 89.76, 1.79998
_1673_, 128.8, 89.76, 1.79998
_1790_, 128.8, 89.76, 1.79998
FILLER_0_29_274, 128.8, 89.76, 1.79998
FILLER_0_30_270, 128.8, 89.76, 1.79998
_1738_, 137.54, 89.76, 1.79998
_1745_, 137.54, 89.76, 1.79998
FILLER_0_28_283, 137.54, 89.76, 1.79998
FILLER_0_29_293, 137.54, 89.76, 1.79998
FILLER_0_30_286, 137.54, 89.76, 1.79998
_2356_, 40.403, 89.76, 1.79996
_2357_, 40.403, 89.76, 1.79996
_2358_, 40.403, 89.76, 1.79996
_2359_, 40.403, 89.76, 1.79996
_2304_, 53.666, 89.76, 1.79997
_2305_, 53.666, 89.76, 1.79997
_2306_, 53.666, 89.76, 1.79997
_2314_, 53.666, 89.76, 1.79997
_2318_, 53.666, 89.76, 1.79997
_2354_, 53.666, 89.76, 1.79997
FILLER_0_28_104, 53.666, 89.76, 1.79997
FILLER_0_29_91, 53.666, 89.76, 1.79997
FILLER_0_29_109, 53.666, 89.76, 1.79997
_1664_, 91.54, 89.76, 1.79998
_1732_, 91.54, 89.76, 1.79998
_1802_, 91.54, 89.76, 1.79998
_1880_, 91.54, 89.76, 1.79998
FILLER_0_30_183, 91.54, 89.76, 1.79998
FILLER_0_30_193, 91.54, 89.76, 1.79998
_1703_, 118.335, 89.76, 1.79998
_1705_, 118.335, 89.76, 1.79998
_1797_, 118.335, 89.76, 1.79998
FILLER_0_28_247, 118.335, 89.76, 1.79998
FILLER_0_29_235, 118.335, 89.76, 1.79998
FILLER_0_29_247, 118.335, 89.76, 1.79998
FILLER_0_30_246, 118.335, 89.76, 1.79998
_1905_, 159.85, 89.76, 1.79996
_1912_, 159.85, 89.76, 1.79996
FILLER_0_28_333, 159.85, 89.76, 1.79996
FILLER_0_29_337, 159.85, 89.76, 1.79996
PHY_EDGE_ROW_26_Left_86, 5.52, 84.32, 1.79997
PHY_EDGE_ROW_27_Left_87, 5.52, 84.32, 1.79997
output57, 5.52, 84.32, 1.79997
FILLER_0_27_9, 5.52, 84.32, 1.79997
PHY_EDGE_ROW_26_Right_26, 169.28, 84.32, 1.79992
PHY_EDGE_ROW_27_Right_27, 169.28, 84.32, 1.79992
output64, 169.28, 84.32, 1.79992
FILLER_0_27_350, 169.28, 84.32, 1.79992
_2312_, 62.1, 84.32, 1.79999
_1610_, 127.88, 84.32, 1.79997
_1708_, 127.88, 84.32, 1.79997
_1710_, 127.88, 84.32, 1.79997
FILLER_0_27_260, 127.88, 84.32, 1.79997
FILLER_0_27_277, 127.88, 84.32, 1.79997
FILLER_0_28_261, 127.88, 84.32, 1.79997
_1611_, 139.84, 84.32, 1.79997
_1674_, 139.84, 84.32, 1.79997
_1675_, 139.84, 84.32, 1.79997
FILLER_0_26_298, 139.84, 84.32, 1.79997
FILLER_0_27_298, 139.84, 84.32, 1.79997
_1827_, 154.1, 84.32, 1.79995
_1828_, 154.1, 84.32, 1.79995
_1903_, 154.1, 84.32, 1.79995
FILLER_0_28_321, 154.1, 84.32, 1.79995
_2492_, 17.94, 84.32, 1.79998
_2597_, 17.94, 84.32, 1.79998
_2598_, 17.94, 84.32, 1.79998
FILLER_0_28_24, 17.94, 84.32, 1.79998
_2476_, 34.5, 84.32, 1.79998
_2477_, 34.5, 84.32, 1.79998
FILLER_0_26_58, 34.5, 84.32, 1.79998
_2346_, 40.02, 84.32, 1.79998
_2439_, 40.02, 84.32, 1.79998
FILLER_0_28_73, 40.02, 84.32, 1.79998
_2355_, 48.76, 84.32, 1.79998
_2429_, 48.76, 84.32, 1.79998
FILLER_0_26_95, 48.76, 84.32, 1.79998
_2351_, 54.28, 84.32, 1.79998
FILLER_0_28_112, 54.28, 84.32, 1.79998
_2311_, 60.26, 84.32, 1.79998
_2313_, 60.26, 84.32, 1.79998
_2347_, 60.26, 84.32, 1.79998
_1704_, 116.38, 84.32, 1.79998
_1709_, 116.38, 84.32, 1.79998
FILLER_0_28_234, 116.38, 84.32, 1.79998
_1782_, 77.165, 84.32, 1.79998
_2105_, 77.165, 84.32, 1.79998
_2106_, 77.165, 84.32, 1.79998
_2168_, 77.165, 84.32, 1.79998
FILLER_0_26_154, 77.165, 84.32, 1.79998
FILLER_0_27_154, 77.165, 84.32, 1.79998
FILLER_0_27_163, 77.165, 84.32, 1.79998
_1609_, 87.4, 84.32, 1.79998
_1799_, 87.4, 84.32, 1.79998
_1800_, 87.4, 84.32, 1.79998
_2110_, 87.4, 84.32, 1.79998
FILLER_0_27_169, 87.4, 84.32, 1.79998
FILLER_0_27_179, 87.4, 84.32, 1.79998
FILLER_0_27_189, 87.4, 84.32, 1.79998
FILLER_0_28_177, 87.4, 84.32, 1.79998
_1721_, 97.635, 84.32, 1.79998
_1724_, 97.635, 84.32, 1.79998
_1725_, 97.635, 84.32, 1.79998
_1796_, 97.635, 84.32, 1.79998
FILLER_0_27_201, 97.635, 84.32, 1.79998
_1842_, 161.69, 84.32, 1.79993
_1843_, 161.69, 84.32, 1.79993
_1906_, 161.69, 84.32, 1.79993
_2593_, 5.52, 78.88, 1.79996
PHY_EDGE_ROW_24_Left_84, 5.52, 78.88, 1.79996
PHY_EDGE_ROW_25_Left_85, 5.52, 78.88, 1.79996
FILLER_0_25_3, 5.52, 78.88, 1.79996
PHY_EDGE_ROW_24_Right_24, 169.28, 78.88, 1.79997
PHY_EDGE_ROW_25_Right_25, 169.28, 78.88, 1.79997
_2596_, 9.66, 78.88, 1.79996
_2607_, 9.66, 78.88, 1.79996
_2609_, 9.66, 78.88, 1.79996
_2608_, 15.18, 78.88, 1.79997
FILLER_0_26_24, 15.18, 78.88, 1.79997
_2436_, 47.38, 78.88, 1.79998
_2438_, 47.38, 78.88, 1.79998
FILLER_0_25_84, 47.38, 78.88, 1.79998
FILLER_0_25_97, 47.38, 78.88, 1.79998
_2352_, 64.86, 78.88, 1.79999
_2424_, 64.86, 78.88, 1.79999
FILLER_0_26_129, 64.86, 78.88, 1.79999
_1718_, 75.44, 78.88, 1.79998
_2243_, 75.44, 78.88, 1.79998
_2244_, 75.44, 78.88, 1.79998
_2246_, 75.44, 78.88, 1.79998
FILLER_0_25_155, 75.44, 78.88, 1.79998
_1663_, 88.78, 78.88, 1.79998
_1801_, 88.78, 78.88, 1.79998
_1867_, 88.78, 78.88, 1.79998
_1955_, 88.78, 78.88, 1.79998
FILLER_0_25_179, 88.78, 78.88, 1.79998
_1666_, 104.42, 78.88, 1.79998
_1726_, 104.42, 78.88, 1.79998
FILLER_0_25_212, 104.42, 78.88, 1.79998
FILLER_0_26_217, 104.42, 78.88, 1.79998
_1667_, 109.94, 78.88, 1.79998
_1727_, 109.94, 78.88, 1.79998
FILLER_0_26_231, 109.94, 78.88, 1.79998
_1669_, 115.46, 78.88, 1.79998
_1730_, 124.66, 78.88, 1.79998
_1780_, 124.66, 78.88, 1.79998
_1830_, 155.02, 78.88, 1.79997
FILLER_0_25_321, 155.02, 78.88, 1.79997
FILLER_0_25_329, 155.02, 78.88, 1.79997
FILLER_0_26_329, 155.02, 78.88, 1.79997
_1793_, 160.54, 78.88, 1.79997
_1794_, 160.54, 78.88, 1.79997
_1829_, 160.54, 78.88, 1.79997
FILLER_0_24_343, 160.54, 78.88, 1.79997
FILLER_0_26_34, 20.7, 78.88, 1.79998
_2490_, 26.22, 78.88, 1.79998
_2491_, 26.22, 78.88, 1.79998
_2520_, 26.22, 78.88, 1.79998
_2524_, 26.22, 78.88, 1.79998
_2585_, 26.22, 78.88, 1.79998
FILLER_0_25_51, 26.22, 78.88, 1.79998
_1729_, 117.3, 78.88, 1.79998
FILLER_0_25_249, 117.3, 78.88, 1.79998
FILLER_0_25_273, 128.34, 78.88, 1.79998
FILLER_0_26_272, 128.34, 78.88, 1.79998
_2488_, 36.8, 78.88, 1.79998
_2489_, 36.8, 78.88, 1.79998
_2521_, 36.8, 78.88, 1.79998
_2522_, 36.8, 78.88, 1.79998
_2523_, 36.8, 78.88, 1.79998
FILLER_0_24_67, 36.8, 78.88, 1.79998
_2348_, 56.12, 78.88, 1.79998
_2349_, 56.12, 78.88, 1.79998
_2350_, 56.12, 78.88, 1.79998
_2353_, 56.12, 78.88, 1.79998
_2416_, 56.12, 78.88, 1.79998
FILLER_0_24_112, 56.12, 78.88, 1.79998
_1600_, 96.6, 78.88, 1.79998
_1601_, 96.6, 78.88, 1.79998
_1602_, 96.6, 78.88, 1.79998
_1606_, 96.6, 78.88, 1.79998
FILLER_0_24_193, 96.6, 78.88, 1.79998
FILLER_0_25_191, 96.6, 78.88, 1.79998
FILLER_0_26_192, 96.6, 78.88, 1.79998
_1670_, 138.575, 78.88, 1.79998
_1677_, 138.575, 78.88, 1.79998
_1678_, 138.575, 78.88, 1.79998
_1750_, 138.575, 78.88, 1.79998
FILLER_0_25_281, 138.575, 78.88, 1.79998
PHY_EDGE_ROW_22_Left_82, 5.52, 73.44, 1.79998
PHY_EDGE_ROW_23_Left_83, 5.52, 73.44, 1.79998
PHY_EDGE_ROW_22_Right_22, 169.28, 73.44, 1.79994
PHY_EDGE_ROW_23_Right_23, 169.28, 73.44, 1.79994
FILLER_0_23_349, 169.28, 73.44, 1.79994
_1390_, 90.16, 73.44, 1.79998
_1391_, 90.16, 73.44, 1.79998
_1392_, 90.16, 73.44, 1.79998
_1595_, 90.16, 73.44, 1.79998
_1598_, 90.16, 73.44, 1.79998
FILLER_0_23_187, 90.16, 73.44, 1.79998
_1605_, 127.88, 73.44, 1.79997
_1702_, 127.88, 73.44, 1.79997
_1680_, 138.92, 73.44, 1.79997
_1712_, 144.44, 73.44, 1.79997
FILLER_0_23_305, 144.44, 73.44, 1.79997
_1713_, 150.42, 73.44, 1.79996
_1777_, 150.42, 73.44, 1.79996
_1779_, 150.42, 73.44, 1.79996
FILLER_0_23_325, 150.42, 73.44, 1.79996
_2634_, 9.66, 73.44, 1.79998
FILLER_0_23_15, 9.66, 73.44, 1.79998
_2481_, 34.5, 73.44, 1.79998
_2525_, 34.5, 73.44, 1.79998
_2578_, 34.5, 73.44, 1.79998
FILLER_0_22_63, 34.5, 73.44, 1.79998
_2437_, 43.7, 73.44, 1.79998
_2519_, 43.7, 73.44, 1.79998
_2484_, 51.98, 73.44, 1.79998
_2527_, 51.98, 73.44, 1.79998
FILLER_0_23_107, 51.98, 73.44, 1.79998
FILLER_0_24_97, 51.98, 73.44, 1.79998
_1612_, 128.34, 73.44, 1.79997
_1676_, 128.34, 73.44, 1.79997
FILLER_0_24_271, 128.34, 73.44, 1.79997
_1613_, 137.54, 73.44, 1.79997
_1615_, 137.54, 73.44, 1.79997
_1679_, 143.06, 73.44, 1.79997
_2539_, 17.825, 73.44, 1.79998
_2586_, 17.825, 73.44, 1.79998
_2587_, 17.825, 73.44, 1.79998
FILLER_0_22_23, 17.825, 73.44, 1.79998
_2418_, 58.88, 73.44, 1.79998
_2422_, 58.88, 73.44, 1.79998
_2423_, 58.88, 73.44, 1.79998
_2425_, 58.88, 73.44, 1.79998
_1378_, 78.545, 73.44, 1.79998
_1388_, 78.545, 73.44, 1.79998
_1389_, 78.545, 73.44, 1.79998
_2764_, 78.545, 73.44, 1.79998
FILLER_0_23_150, 78.545, 73.44, 1.79998
FILLER_0_23_164, 78.545, 73.44, 1.79998
FILLER_0_24_158, 78.545, 73.44, 1.79998
FILLER_0_24_166, 78.545, 73.44, 1.79998
_1460_, 99.015, 73.44, 1.79998
_1597_, 99.015, 73.44, 1.79998
_1603_, 99.015, 73.44, 1.79998
_1604_, 99.015, 73.44, 1.79998
FILLER_0_22_204, 99.015, 73.44, 1.79998
FILLER_0_23_202, 99.015, 73.44, 1.79998
_1657_, 117.875, 73.44, 1.79998
_1658_, 117.875, 73.44, 1.79998
_1659_, 117.875, 73.44, 1.79998
_1716_, 117.875, 73.44, 1.79998
_1907_, 159.85, 73.44, 1.79994
_1908_, 159.85, 73.44, 1.79994
_1909_, 159.85, 73.44, 1.79994
FILLER_0_23_333, 159.85, 73.44, 1.79994
_2590_, 5.52, 68, 1.79995
PHY_EDGE_ROW_20_Left_80, 5.52, 68, 1.79995
PHY_EDGE_ROW_21_Left_81, 5.52, 68, 1.79995
output62, 5.52, 68, 1.79995
PHY_EDGE_ROW_20_Right_20, 169.28, 68, 1.79995
PHY_EDGE_ROW_21_Right_21, 169.28, 68, 1.79995
input2, 169.28, 68, 1.79995
_2420_, 54.28, 68, 1.79998
_2471_, 54.28, 68, 1.79998
FILLER_0_21_104, 54.28, 68, 1.79998
FILLER_0_22_110, 54.28, 68, 1.79998
_2419_, 62.56, 68, 1.79998
_2421_, 62.56, 68, 1.79998
FILLER_0_21_124, 62.56, 68, 1.79998
_1381_, 81.42, 68, 1.79997
_1384_, 81.42, 68, 1.79997
_1385_, 81.42, 68, 1.79997
_1386_, 81.42, 68, 1.79997
_1387_, 81.42, 68, 1.79997
_2765_, 81.42, 68, 1.79997
FILLER_0_20_171, 81.42, 68, 1.79997
FILLER_0_22_169, 81.42, 68, 1.79997
_1616_, 129.72, 68, 1.79997
_1618_, 129.72, 68, 1.79997
_1701_, 129.72, 68, 1.79997
_1681_, 138, 68, 1.79997
_1682_, 138, 68, 1.79997
FILLER_0_21_289, 138, 68, 1.79997
_1778_, 158.24, 68, 1.79995
_1831_, 158.24, 68, 1.79995
_1832_, 158.24, 68, 1.79995
_1833_, 158.24, 68, 1.79995
_1834_, 158.24, 68, 1.79995
max_cap65, 158.24, 68, 1.79995
_2582_, 14.26, 68, 1.79996
_2588_, 14.26, 68, 1.79996
_2589_, 14.26, 68, 1.79996
_2473_, 19.78, 68, 1.79997
_2474_, 19.78, 68, 1.79997
_2534_, 19.78, 68, 1.79997
_2535_, 19.78, 68, 1.79997
FILLER_0_21_37, 19.78, 68, 1.79997
_1588_, 115.92, 68, 1.79998
_1646_, 115.92, 68, 1.79998
FILLER_0_20_239, 115.92, 68, 1.79998
FILLER_0_22_238, 115.92, 68, 1.79998
_2487_, 35.42, 68, 1.79997
_2530_, 35.42, 68, 1.79997
_2531_, 35.42, 68, 1.79997
_2580_, 35.42, 68, 1.79997
FILLER_0_20_65, 35.42, 68, 1.79997
_2482_, 44.85, 68, 1.79997
_2483_, 44.85, 68, 1.79997
_2485_, 44.85, 68, 1.79997
_2486_, 44.85, 68, 1.79997
_2529_, 44.85, 68, 1.79997
_2574_, 44.85, 68, 1.79997
_1582_, 74.175, 68, 1.79997
_1644_, 74.175, 68, 1.79997
_1706_, 74.175, 68, 1.79997
_1707_, 74.175, 68, 1.79997
_1783_, 74.175, 68, 1.79997
FILLER_0_21_145, 74.175, 68, 1.79997
_1380_, 94.645, 68, 1.79997
_1395_, 94.645, 68, 1.79997
_1411_, 94.645, 68, 1.79997
_1587_, 94.645, 68, 1.79997
_1596_, 94.645, 68, 1.79997
_1599_, 94.645, 68, 1.79997
_1651_, 94.645, 68, 1.79997
_1723_, 94.645, 68, 1.79997
FILLER_0_20_191, 94.645, 68, 1.79997
FILLER_0_21_182, 94.645, 68, 1.79997
FILLER_0_21_198, 94.645, 68, 1.79997
_1647_, 122.82, 68, 1.79997
_1660_, 122.82, 68, 1.79997
_1661_, 122.82, 68, 1.79997
FILLER_0_20_253, 122.82, 68, 1.79997
FILLER_0_21_254, 122.82, 68, 1.79997
PHY_EDGE_ROW_18_Left_78, 5.52, 62.56, 1.79997
PHY_EDGE_ROW_19_Left_79, 5.52, 62.56, 1.79997
FILLER_0_19_3, 5.52, 62.56, 1.79997
PHY_EDGE_ROW_18_Right_18, 169.28, 62.56, 1.79994
PHY_EDGE_ROW_19_Right_19, 169.28, 62.56, 1.79994
_2583_, 9.66, 62.56, 1.79997
_2591_, 9.66, 62.56, 1.79997
_2632_, 9.66, 62.56, 1.79997
FILLER_0_20_12, 9.66, 62.56, 1.79997
_2472_, 21.62, 62.56, 1.79998
_2567_, 27.14, 62.56, 1.79998
_2577_, 27.14, 62.56, 1.79998
_2623_, 27.14, 62.56, 1.79998
FILLER_0_18_53, 27.14, 62.56, 1.79998
FILLER_0_19_53, 27.14, 62.56, 1.79998
FILLER_0_20_73, 37.72, 62.56, 1.79998
_2581_, 16.1, 62.56, 1.79997
_2599_, 16.1, 62.56, 1.79997
_2470_, 35.88, 62.56, 1.79998
_2528_, 41.4, 62.56, 1.79998
FILLER_0_18_76, 41.4, 62.56, 1.79998
FILLER_0_18_85, 41.4, 62.56, 1.79998
FILLER_0_19_84, 41.4, 62.56, 1.79998
_2469_, 53.36, 62.56, 1.79999
_2526_, 53.36, 62.56, 1.79999
_2651_, 53.36, 62.56, 1.79999
_2652_, 53.36, 62.56, 1.79999
_2611_, 63.48, 62.56, 1.79999
_1382_, 103.96, 62.56, 1.79998
_1413_, 103.96, 62.56, 1.79998
_1541_, 103.96, 62.56, 1.79998
_1586_, 103.96, 62.56, 1.79998
_1720_, 103.96, 62.56, 1.79998
_1592_, 120.06, 62.56, 1.79998
_1640_, 120.06, 62.56, 1.79998
_1645_, 120.06, 62.56, 1.79998
FILLER_0_18_249, 120.06, 62.56, 1.79998
FILLER_0_19_255, 120.06, 62.56, 1.79998
_1617_, 130.64, 62.56, 1.79997
FILLER_0_18_270, 130.64, 62.56, 1.79997
_1621_, 137.54, 62.56, 1.79997
_1684_, 143.06, 62.56, 1.79996
_1685_, 143.06, 62.56, 1.79996
_1687_, 143.06, 62.56, 1.79996
FILLER_0_18_304, 143.06, 62.56, 1.79996
FILLER_0_19_305, 143.06, 62.56, 1.79996
FILLER_0_20_294, 143.06, 62.56, 1.79996
_1758_, 156.86, 62.56, 1.79995
_1910_, 156.86, 62.56, 1.79995
_1982_, 163.3, 62.56, 1.79994
FILLER_0_19_349, 163.3, 62.56, 1.79994
FILLER_0_20_338, 163.3, 62.56, 1.79994
FILLER_0_20_345, 163.3, 62.56, 1.79994
_1400_, 79.273, 62.56, 1.79998
_1401_, 79.273, 62.56, 1.79998
_1402_, 79.273, 62.56, 1.79998
_1404_, 79.273, 62.56, 1.79998
FILLER_0_19_173, 79.273, 62.56, 1.79998
_1396_, 91.616, 62.56, 1.79998
_1397_, 91.616, 62.56, 1.79998
_1398_, 91.616, 62.56, 1.79998
_1399_, 91.616, 62.56, 1.79998
_1409_, 91.616, 62.56, 1.79998
_1410_, 91.616, 62.56, 1.79998
_1457_, 91.616, 62.56, 1.79998
FILLER_0_18_189, 91.616, 62.56, 1.79998
FILLER_0_19_181, 91.616, 62.56, 1.79998
PHY_EDGE_ROW_16_Left_76, 5.52, 57.12, 1.79989
PHY_EDGE_ROW_17_Left_77, 5.52, 57.12, 1.79989
output50, 5.52, 57.12, 1.79989
PHY_EDGE_ROW_16_Right_16, 169.28, 57.12, 1.79995
PHY_EDGE_ROW_17_Right_17, 169.28, 57.12, 1.79995
input17, 169.28, 57.12, 1.79995
FILLER_0_17_347, 169.28, 57.12, 1.79995
_2575_, 21.62, 57.12, 1.79994
FILLER_0_17_32, 21.62, 57.12, 1.79994
_1538_, 105.34, 57.12, 1.79998
_1542_, 105.34, 57.12, 1.79998
_1620_, 136.16, 57.12, 1.79995
_1622_, 136.16, 57.12, 1.79995
_1686_, 136.16, 57.12, 1.79995
_2468_, 63.02, 57.12, 1.79998
_2563_, 63.02, 57.12, 1.79998
_2610_, 63.02, 57.12, 1.79998
_2614_, 63.02, 57.12, 1.79998
FILLER_0_16_116, 63.02, 57.12, 1.79998
_2573_, 68.54, 57.12, 1.79998
FILLER_0_16_137, 68.54, 57.12, 1.79998
FILLER_0_16_141, 68.54, 57.12, 1.79998
_1403_, 74.06, 57.12, 1.79998
_1415_, 74.06, 57.12, 1.79998
FILLER_0_17_155, 74.06, 57.12, 1.79998
_1408_, 94.3, 57.12, 1.79998
_1462_, 94.3, 57.12, 1.79998
_1539_, 94.3, 57.12, 1.79998
_1540_, 94.3, 57.12, 1.79998
FILLER_0_17_199, 94.3, 57.12, 1.79998
_1371_, 115.46, 57.12, 1.79997
_1533_, 115.46, 57.12, 1.79997
FILLER_0_16_231, 115.46, 57.12, 1.79997
FILLER_0_18_241, 115.46, 57.12, 1.79997
_1369_, 120.98, 57.12, 1.79996
_1593_, 120.98, 57.12, 1.79996
FILLER_0_17_257, 120.98, 57.12, 1.79996
_2639_, 13.57, 57.12, 1.79991
_2640_, 13.57, 57.12, 1.79991
_2641_, 13.57, 57.12, 1.79991
_2674_, 13.57, 57.12, 1.79991
_2763_, 13.57, 57.12, 1.79991
FILLER_0_18_15, 13.57, 57.12, 1.79991
_2565_, 38.333, 57.12, 1.79996
_2566_, 38.333, 57.12, 1.79996
_2616_, 38.333, 57.12, 1.79996
FILLER_0_16_64, 38.333, 57.12, 1.79996
_2341_, 50.676, 57.12, 1.79997
_2646_, 50.676, 57.12, 1.79997
_2647_, 50.676, 57.12, 1.79997
_2649_, 50.676, 57.12, 1.79997
_2691_, 50.676, 57.12, 1.79997
FILLER_0_17_94, 50.676, 57.12, 1.79997
FILLER_0_17_104, 50.676, 57.12, 1.79997
FILLER_0_18_99, 50.676, 57.12, 1.79997
_1405_, 84.18, 57.12, 1.79998
_1406_, 84.18, 57.12, 1.79998
_1407_, 84.18, 57.12, 1.79998
_1426_, 84.18, 57.12, 1.79998
FILLER_0_17_162, 84.18, 57.12, 1.79998
FILLER_0_17_169, 84.18, 57.12, 1.79998
FILLER_0_18_178, 84.18, 57.12, 1.79998
_1594_, 128.57, 57.12, 1.79996
_1623_, 128.57, 57.12, 1.79996
_1641_, 128.57, 57.12, 1.79996
_1648_, 128.57, 57.12, 1.79996
_1649_, 128.57, 57.12, 1.79996
FILLER_0_18_260, 128.57, 57.12, 1.79996
_1762_, 159.045, 57.12, 1.79995
_1836_, 159.045, 57.12, 1.79995
FILLER_0_17_330, 159.045, 57.12, 1.79995
PHY_EDGE_ROW_14_Left_74, 5.52, 51.68, 1.79996
PHY_EDGE_ROW_15_Left_75, 5.52, 51.68, 1.79996
FILLER_0_15_3, 5.52, 51.68, 1.79996
FILLER_0_16_3, 5.52, 51.68, 1.79996
_1373_, 169.28, 51.68, 1.79982
PHY_EDGE_ROW_14_Right_14, 169.28, 51.68, 1.79982
PHY_EDGE_ROW_15_Right_15, 169.28, 51.68, 1.79982
_2636_, 9.66, 51.68, 1.79996
_2637_, 9.66, 51.68, 1.79996
_2638_, 9.66, 51.68, 1.79996
_2673_, 15.18, 51.68, 1.79997
_1414_, 73.14, 51.68, 1.79998
_1437_, 73.14, 51.68, 1.79998
_1416_, 78.66, 51.68, 1.79998
_1436_, 78.66, 51.68, 1.79998
FILLER_0_15_160, 78.66, 51.68, 1.79998
FILLER_0_16_160, 78.66, 51.68, 1.79998
_1368_, 84.18, 51.68, 1.79997
_1370_, 84.18, 51.68, 1.79997
FILLER_0_16_175, 84.18, 51.68, 1.79997
_2667_, 22.08, 51.68, 1.79998
_2612_, 65.78, 51.68, 1.79998
_2644_, 65.78, 51.68, 1.79998
_2688_, 65.78, 51.68, 1.79998
_1458_, 88.78, 51.68, 1.79997
FILLER_0_15_187, 88.78, 51.68, 1.79997
_1506_, 103.96, 51.68, 1.79997
_1537_, 126.96, 51.68, 1.79993
FILLER_0_15_270, 126.96, 51.68, 1.79993
FILLER_0_16_259, 126.96, 51.68, 1.79993
_1583_, 138.92, 51.68, 1.79991
_1688_, 138.92, 51.68, 1.79991
_1690_, 138.92, 51.68, 1.79991
FILLER_0_14_288, 138.92, 51.68, 1.79991
FILLER_0_15_296, 138.92, 51.68, 1.79991
FILLER_0_16_290, 138.92, 51.68, 1.79991
_2564_, 39.253, 51.68, 1.79998
_2615_, 39.253, 51.68, 1.79998
_2618_, 39.253, 51.68, 1.79998
_2619_, 39.253, 51.68, 1.79998
FILLER_0_14_80, 39.253, 51.68, 1.79998
FILLER_0_16_79, 39.253, 51.68, 1.79998
FILLER_0_16_85, 39.253, 51.68, 1.79998
_2648_, 52.516, 51.68, 1.79998
_2650_, 52.516, 51.68, 1.79998
_2653_, 52.516, 51.68, 1.79998
_2654_, 52.516, 51.68, 1.79998
_2655_, 52.516, 51.68, 1.79998
_2682_, 52.516, 51.68, 1.79998
FILLER_0_15_91, 52.516, 51.68, 1.79998
FILLER_0_15_102, 52.516, 51.68, 1.79998
FILLER_0_16_108, 52.516, 51.68, 1.79998
_1394_, 96.37, 51.68, 1.79997
_1412_, 96.37, 51.68, 1.79997
_1433_, 96.37, 51.68, 1.79997
_1435_, 96.37, 51.68, 1.79997
_1461_, 96.37, 51.68, 1.79997
_1465_, 96.37, 51.68, 1.79997
FILLER_0_15_199, 96.37, 51.68, 1.79997
FILLER_0_16_197, 96.37, 51.68, 1.79997
_1516_, 117.415, 51.68, 1.79995
_1532_, 117.415, 51.68, 1.79995
_1534_, 117.415, 51.68, 1.79995
_1585_, 117.415, 51.68, 1.79995
FILLER_0_15_233, 117.415, 51.68, 1.79995
_1837_, 159.045, 51.68, 1.79982
_1838_, 159.045, 51.68, 1.79982
_1841_, 159.045, 51.68, 1.79982
_1911_, 159.045, 51.68, 1.79982
_1981_, 159.045, 51.68, 1.79982
FILLER_0_15_326, 159.045, 51.68, 1.79982
_2633_, 5.52, 46.24, 1.79997
_2635_, 5.52, 46.24, 1.79997
PHY_EDGE_ROW_12_Left_72, 5.52, 46.24, 1.79997
PHY_EDGE_ROW_13_Left_73, 5.52, 46.24, 1.79997
FILLER_0_13_3, 5.52, 46.24, 1.79997
PHY_EDGE_ROW_12_Right_12, 169.28, 46.24, 1.79995
PHY_EDGE_ROW_13_Right_13, 169.28, 46.24, 1.79995
FILLER_0_14_54, 32.66, 46.24, 1.79998
FILLER_0_15_60, 32.66, 46.24, 1.79998
_2617_, 38.18, 46.24, 1.79998
_2620_, 38.18, 46.24, 1.79998
_2658_, 38.18, 46.24, 1.79998
FILLER_0_12_77, 38.18, 46.24, 1.79998
FILLER_0_13_73, 38.18, 46.24, 1.79998
_1429_, 88.78, 46.24, 1.79997
_1430_, 88.78, 46.24, 1.79997
_1431_, 88.78, 46.24, 1.79997
_1454_, 88.78, 46.24, 1.79997
FILLER_0_12_187, 88.78, 46.24, 1.79997
FILLER_0_13_185, 88.78, 46.24, 1.79997
FILLER_0_14_187, 88.78, 46.24, 1.79997
_1434_, 103.04, 46.24, 1.79998
_1505_, 103.04, 46.24, 1.79998
_1379_, 110.86, 46.24, 1.79998
_1535_, 116.38, 46.24, 1.79997
_1517_, 124.66, 46.24, 1.79997
_1536_, 124.66, 46.24, 1.79997
_1578_, 124.66, 46.24, 1.79997
FILLER_0_13_255, 124.66, 46.24, 1.79997
FILLER_0_13_261, 124.66, 46.24, 1.79997
_1372_, 132.02, 46.24, 1.79996
_1579_, 132.02, 46.24, 1.79996
_1584_, 132.02, 46.24, 1.79996
FILLER_0_12_281, 132.02, 46.24, 1.79996
FILLER_0_13_275, 132.02, 46.24, 1.79996
_1763_, 150.42, 46.24, 1.79996
FILLER_0_14_316, 150.42, 46.24, 1.79996
_1775_, 155.94, 46.24, 1.79995
_1980_, 155.94, 46.24, 1.79995
FILLER_0_13_333, 155.94, 46.24, 1.79995
_2627_, 17.48, 46.24, 1.79997
_2628_, 17.48, 46.24, 1.79997
_2629_, 17.48, 46.24, 1.79997
_2630_, 17.48, 46.24, 1.79997
_2631_, 17.48, 46.24, 1.79997
_2622_, 25.3, 46.24, 1.79998
FILLER_0_12_37, 25.3, 46.24, 1.79998
_2624_, 34.5, 46.24, 1.79998
_2645_, 47.84, 46.24, 1.79998
FILLER_0_12_85, 47.84, 46.24, 1.79998
FILLER_0_12_93, 47.84, 46.24, 1.79998
FILLER_0_14_85, 47.84, 46.24, 1.79998
FILLER_0_14_92, 47.84, 46.24, 1.79998
_2683_, 53.36, 46.24, 1.79998
_2684_, 53.36, 46.24, 1.79998
FILLER_0_14_107, 53.36, 46.24, 1.79998
_2686_, 60.26, 46.24, 1.79998
_2687_, 60.26, 46.24, 1.79998
FILLER_0_13_125, 60.26, 46.24, 1.79998
FILLER_0_14_115, 60.26, 46.24, 1.79998
FILLER_0_15_119, 60.26, 46.24, 1.79998
_1425_, 70.38, 46.24, 1.79998
FILLER_0_12_141, 70.38, 46.24, 1.79998
FILLER_0_13_147, 70.38, 46.24, 1.79998
_1518_, 117.76, 46.24, 1.79997
_1423_, 79.58, 46.24, 1.79998
_1428_, 79.58, 46.24, 1.79998
FILLER_0_12_168, 79.58, 46.24, 1.79998
FILLER_0_13_157, 79.58, 46.24, 1.79998
FILLER_0_13_165, 79.58, 46.24, 1.79998
_1383_, 95.91, 46.24, 1.79997
_1466_, 95.91, 46.24, 1.79997
_1467_, 95.91, 46.24, 1.79997
_1513_, 95.91, 46.24, 1.79997
FILLER_0_12_193, 95.91, 46.24, 1.79997
FILLER_0_13_193, 95.91, 46.24, 1.79997
_1626_, 140.415, 46.24, 1.79996
_1639_, 140.415, 46.24, 1.79996
_1691_, 140.415, 46.24, 1.79996
FILLER_0_13_297, 140.415, 46.24, 1.79996
PHY_EDGE_ROW_10_Left_70, 5.52, 40.8, 1.79997
PHY_EDGE_ROW_11_Left_71, 5.52, 40.8, 1.79997
input4, 5.52, 40.8, 1.79997
_1839_, 169.28, 40.8, 1.79981
PHY_EDGE_ROW_10_Right_10, 169.28, 40.8, 1.79981
PHY_EDGE_ROW_11_Right_11, 169.28, 40.8, 1.79981
_2643_, 9.66, 40.8, 1.79997
FILLER_0_11_15, 9.66, 40.8, 1.79997
FILLER_0_12_9, 9.66, 40.8, 1.79997
_2642_, 15.18, 40.8, 1.79997
_2665_, 15.18, 40.8, 1.79997
FILLER_0_11_32, 15.18, 40.8, 1.79997
_2554_, 26.22, 40.8, 1.79998
_2657_, 26.22, 40.8, 1.79998
_2659_, 26.22, 40.8, 1.79998
_2714_, 62.1, 40.8, 1.79998
FILLER_0_12_125, 62.1, 40.8, 1.79998
_1422_, 73.14, 40.8, 1.79998
_1424_, 73.14, 40.8, 1.79998
_1449_, 73.14, 40.8, 1.79998
FILLER_0_11_144, 73.14, 40.8, 1.79998
FILLER_0_11_155, 73.14, 40.8, 1.79998
_1464_, 98.9, 40.8, 1.79997
_1545_, 98.9, 40.8, 1.79997
FILLER_0_11_194, 98.9, 40.8, 1.79997
_1627_, 140.3, 40.8, 1.7999
_1628_, 140.3, 40.8, 1.7999
_1696_, 140.3, 40.8, 1.7999
_2685_, 60.26, 40.8, 1.79998
_2661_, 37.566, 40.8, 1.79998
_2662_, 37.566, 40.8, 1.79998
_2663_, 37.566, 40.8, 1.79998
_2664_, 37.566, 40.8, 1.79998
FILLER_0_10_69, 37.566, 40.8, 1.79998
_2656_, 48.913, 40.8, 1.79998
_2692_, 48.913, 40.8, 1.79998
_2722_, 48.913, 40.8, 1.79998
_2723_, 48.913, 40.8, 1.79998
FILLER_0_11_82, 48.913, 40.8, 1.79998
FILLER_0_11_103, 48.913, 40.8, 1.79998
_1377_, 86.02, 40.8, 1.79997
_1417_, 86.02, 40.8, 1.79997
_1427_, 86.02, 40.8, 1.79997
_1468_, 86.02, 40.8, 1.79997
FILLER_0_11_164, 86.02, 40.8, 1.79997
FILLER_0_11_169, 86.02, 40.8, 1.79997
_1548_, 118.68, 40.8, 1.79994
_1614_, 118.68, 40.8, 1.79994
_1619_, 118.68, 40.8, 1.79994
FILLER_0_10_247, 118.68, 40.8, 1.79994
FILLER_0_11_251, 118.68, 40.8, 1.79994
FILLER_0_12_247, 118.68, 40.8, 1.79994
_1555_, 129.49, 40.8, 1.79992
_1556_, 129.49, 40.8, 1.79992
_1557_, 129.49, 40.8, 1.79992
_1624_, 129.49, 40.8, 1.79992
FILLER_0_11_275, 129.49, 40.8, 1.79992
_1767_, 159.045, 40.8, 1.79982
_1771_, 159.045, 40.8, 1.79982
_1773_, 159.045, 40.8, 1.79982
_1774_, 159.045, 40.8, 1.79982
_1840_, 159.045, 40.8, 1.79982
FILLER_0_11_340, 159.045, 40.8, 1.79982
PHY_EDGE_ROW_8_Left_68, 5.52, 35.36, 1.79989
PHY_EDGE_ROW_9_Left_69, 5.52, 35.36, 1.79989
output36, 5.52, 35.36, 1.79989
PHY_EDGE_ROW_8_Right_8, 169.28, 35.36, 1.79996
PHY_EDGE_ROW_9_Right_9, 169.28, 35.36, 1.79996
_2669_, 9.66, 35.36, 1.7999
FILLER_0_9_9, 9.66, 35.36, 1.7999
_2670_, 15.18, 35.36, 1.79992
_2729_, 15.18, 35.36, 1.79992
FILLER_0_10_137, 67.16, 35.36, 1.79998
FILLER_0_9_151, 73.14, 35.36, 1.79998
_1418_, 78.66, 35.36, 1.79998
_1419_, 78.66, 35.36, 1.79998
_1420_, 78.66, 35.36, 1.79998
_1421_, 78.66, 35.36, 1.79998
_1444_, 78.66, 35.36, 1.79998
_1440_, 84.18, 35.36, 1.79998
_1441_, 84.18, 35.36, 1.79998
FILLER_0_9_169, 84.18, 35.36, 1.79998
FILLER_0_10_172, 84.18, 35.36, 1.79998
_1551_, 117.76, 35.36, 1.79997
_1770_, 160.54, 35.36, 1.79996
FILLER_0_9_326, 160.54, 35.36, 1.79996
_2668_, 20.7, 35.36, 1.79994
_2678_, 20.7, 35.36, 1.79994
_2730_, 20.7, 35.36, 1.79994
_2679_, 26.22, 35.36, 1.79996
FILLER_0_9_51, 26.22, 35.36, 1.79996
_2660_, 35.88, 35.36, 1.79996
_2680_, 35.88, 35.36, 1.79996
_2681_, 35.88, 35.36, 1.79996
_2696_, 35.88, 35.36, 1.79996
_2699_, 35.88, 35.36, 1.79996
FILLER_0_8_65, 35.88, 35.36, 1.79996
FILLER_0_10_63, 35.88, 35.36, 1.79996
_2693_, 41.4, 35.36, 1.79996
FILLER_0_10_75, 41.4, 35.36, 1.79996
_2694_, 46.92, 35.36, 1.79997
_2707_, 46.92, 35.36, 1.79997
_2736_, 52.44, 35.36, 1.79997
_2751_, 52.44, 35.36, 1.79997
FILLER_0_9_108, 52.44, 35.36, 1.79997
FILLER_0_10_99, 52.44, 35.36, 1.79997
_1472_, 103.5, 35.36, 1.79998
_1546_, 103.5, 35.36, 1.79998
FILLER_0_10_209, 103.5, 35.36, 1.79998
FILLER_0_10_238, 114.54, 35.36, 1.79998
_1520_, 120.06, 35.36, 1.79997
_1550_, 120.06, 35.36, 1.79997
_1625_, 137.54, 35.36, 1.79996
_1694_, 137.54, 35.36, 1.79996
FILLER_0_8_291, 137.54, 35.36, 1.79996
_1695_, 148.58, 35.36, 1.79996
_1697_, 148.58, 35.36, 1.79996
_1769_, 148.58, 35.36, 1.79996
FILLER_0_8_309, 148.58, 35.36, 1.79996
input10, 163.3, 35.36, 1.79996
output33, 163.3, 35.36, 1.79996
FILLER_0_8_343, 163.3, 35.36, 1.79996
FILLER_0_10_344, 163.3, 35.36, 1.79996
_2708_, 59.685, 35.36, 1.79998
_2709_, 59.685, 35.36, 1.79998
_2735_, 59.685, 35.36, 1.79998
_1367_, 93.84, 35.36, 1.79998
_1469_, 93.84, 35.36, 1.79998
_1471_, 93.84, 35.36, 1.79998
_1473_, 93.84, 35.36, 1.79998
_1500_, 93.84, 35.36, 1.79998
FILLER_0_9_182, 93.84, 35.36, 1.79998
FILLER_0_10_191, 93.84, 35.36, 1.79998
_1519_, 128.8, 35.36, 1.79997
_1552_, 128.8, 35.36, 1.79997
_1553_, 128.8, 35.36, 1.79997
_1558_, 128.8, 35.36, 1.79997
FILLER_0_8_266, 128.8, 35.36, 1.79997
FILLER_0_9_265, 128.8, 35.36, 1.79997
PHY_EDGE_ROW_6_Left_66, 5.52, 29.92, 1.79997
PHY_EDGE_ROW_7_Left_67, 5.52, 29.92, 1.79997
PHY_EDGE_ROW_6_Right_6, 169.28, 29.92, 1.79997
PHY_EDGE_ROW_7_Right_7, 169.28, 29.92, 1.79997
FILLER_0_6_350, 169.28, 29.92, 1.79997
_2702_, 24.38, 29.92, 1.79998
_2703_, 24.38, 29.92, 1.79998
_2700_, 29.9, 29.92, 1.79998
_2701_, 29.9, 29.92, 1.79998
_2726_, 29.9, 29.92, 1.79998
FILLER_0_7_49, 29.9, 29.92, 1.79998
FILLER_0_7_57, 29.9, 29.92, 1.79998
_2697_, 40.94, 29.92, 1.79998
_2698_, 40.94, 29.92, 1.79998
_2725_, 40.94, 29.92, 1.79998
FILLER_0_8_77, 40.94, 29.92, 1.79998
_2737_, 54.74, 29.92, 1.79998
_2752_, 54.74, 29.92, 1.79998
FILLER_0_7_109, 54.74, 29.92, 1.79998
_1438_, 89.7, 29.92, 1.79998
_1475_, 89.7, 29.92, 1.79998
_1476_, 89.7, 29.92, 1.79998
_1477_, 89.7, 29.92, 1.79998
FILLER_0_6_189, 89.7, 29.92, 1.79998
FILLER_0_8_187, 89.7, 29.92, 1.79998
_1474_, 102.58, 29.92, 1.79998
_1496_, 102.58, 29.92, 1.79998
_1497_, 108.1, 29.92, 1.79998
_1498_, 108.1, 29.92, 1.79998
_1501_, 108.1, 29.92, 1.79998
_1549_, 108.1, 29.92, 1.79998
_1502_, 115.92, 29.92, 1.79997
_1503_, 115.92, 29.92, 1.79997
_1511_, 115.92, 29.92, 1.79997
_1523_, 131.1, 29.92, 1.79996
_1560_, 131.1, 29.92, 1.79996
_1562_, 131.1, 29.92, 1.79996
_1559_, 136.62, 29.92, 1.79996
_1561_, 136.62, 29.92, 1.79996
_1629_, 136.62, 29.92, 1.79996
_1630_, 142.14, 29.92, 1.79996
FILLER_0_7_349, 163.76, 29.92, 1.79997
FILLER_0_7_15, 9.66, 29.92, 1.79997
_2695_, 43.7, 29.92, 1.79998
_2721_, 43.7, 29.92, 1.79998
_2724_, 43.7, 29.92, 1.79998
FILLER_0_8_99, 51.06, 29.92, 1.79998
_2710_, 60.26, 29.92, 1.79999
_2738_, 60.26, 29.92, 1.79999
_2739_, 60.26, 29.92, 1.79999
FILLER_0_7_125, 60.26, 29.92, 1.79999
FILLER_0_6_303, 144.9, 29.92, 1.79997
_1638_, 150.42, 29.92, 1.79997
_1698_, 150.42, 29.92, 1.79997
_1633_, 157.32, 29.92, 1.79997
_2672_, 17.02, 29.92, 1.79997
_2675_, 17.02, 29.92, 1.79997
_2728_, 17.02, 29.92, 1.79997
_2731_, 17.02, 29.92, 1.79997
FILLER_0_7_31, 17.02, 29.92, 1.79997
FILLER_0_8_29, 17.02, 29.92, 1.79997
_1442_, 78.315, 29.92, 1.79998
_1445_, 78.315, 29.92, 1.79998
_1446_, 78.315, 29.92, 1.79998
_1447_, 78.315, 29.92, 1.79998
_1448_, 78.315, 29.92, 1.79998
_1480_, 78.315, 29.92, 1.79998
_1509_, 123.51, 29.92, 1.79997
_1521_, 123.51, 29.92, 1.79997
_1522_, 123.51, 29.92, 1.79997
_1524_, 123.51, 29.92, 1.79997
_1554_, 123.51, 29.92, 1.79997
FILLER_0_7_256, 123.51, 29.92, 1.79997
PHY_EDGE_ROW_4_Left_64, 5.52, 24.48, 1.79992
PHY_EDGE_ROW_5_Left_65, 5.52, 24.48, 1.79992
FILLER_0_5_3, 5.52, 24.48, 1.79992
FILLER_0_6_3, 5.52, 24.48, 1.79992
PHY_EDGE_ROW_4_Right_4, 169.28, 24.48, 1.79996
PHY_EDGE_ROW_5_Right_5, 169.28, 24.48, 1.79996
_2671_, 11.5, 24.48, 1.79992
_2676_, 11.5, 24.48, 1.79992
_2705_, 11.5, 24.48, 1.79992
_2732_, 11.5, 24.48, 1.79992
FILLER_0_5_18, 11.5, 24.48, 1.79992
_2606_, 21.62, 24.48, 1.79994
FILLER_0_5_50, 27.14, 24.48, 1.79995
_1512_, 124.66, 24.48, 1.79996
_1525_, 124.66, 24.48, 1.79996
_1526_, 124.66, 24.48, 1.79996
_1636_, 158.7, 24.48, 1.79996
FILLER_0_5_343, 158.7, 24.48, 1.79996
_2734_, 41.86, 24.48, 1.79996
_2757_, 41.86, 24.48, 1.79996
_2719_, 51.06, 24.48, 1.79996
_2720_, 51.06, 24.48, 1.79996
FILLER_0_4_99, 51.06, 24.48, 1.79996
FILLER_0_5_105, 51.06, 24.48, 1.79996
_1450_, 71.3, 24.48, 1.79998
_1451_, 71.3, 24.48, 1.79998
_1485_, 71.3, 24.48, 1.79998
FILLER_0_4_141, 71.3, 24.48, 1.79998
_1443_, 86.02, 24.48, 1.79997
_1478_, 86.02, 24.48, 1.79997
FILLER_0_5_181, 86.02, 24.48, 1.79997
_1499_, 111.78, 24.48, 1.79997
_2762_, 117.3, 24.48, 1.79996
rebuffer1, 117.3, 24.48, 1.79996
FILLER_0_4_244, 117.3, 24.48, 1.79996
FILLER_0_5_249, 117.3, 24.48, 1.79996
FILLER_0_6_246, 117.3, 24.48, 1.79996
_1529_, 131.56, 24.48, 1.79996
_1565_, 131.56, 24.48, 1.79996
FILLER_0_5_281, 131.56, 24.48, 1.79996
_2727_, 34.5, 24.48, 1.79995
_2748_, 34.5, 24.48, 1.79995
_2750_, 34.5, 24.48, 1.79995
FILLER_0_6_59, 34.5, 24.48, 1.79995
_2743_, 58.995, 24.48, 1.79997
_2753_, 58.995, 24.48, 1.79997
_2754_, 58.995, 24.48, 1.79997
FILLER_0_4_121, 58.995, 24.48, 1.79997
FILLER_0_5_113, 58.995, 24.48, 1.79997
FILLER_0_5_121, 58.995, 24.48, 1.79997
FILLER_0_6_113, 58.995, 24.48, 1.79997
FILLER_0_5_157, 78.66, 24.48, 1.79997
FILLER_0_5_165, 78.66, 24.48, 1.79997
FILLER_0_6_161, 78.66, 24.48, 1.79997
_1479_, 96.945, 24.48, 1.79997
_1481_, 96.945, 24.48, 1.79997
_1482_, 96.945, 24.48, 1.79997
_1484_, 96.945, 24.48, 1.79997
_1510_, 96.945, 24.48, 1.79997
FILLER_0_4_193, 96.945, 24.48, 1.79997
FILLER_0_4_197, 96.945, 24.48, 1.79997
_1563_, 140.185, 24.48, 1.79996
_1566_, 140.185, 24.48, 1.79996
_1569_, 140.185, 24.48, 1.79996
FILLER_0_5_299, 140.185, 24.48, 1.79996
PHY_EDGE_ROW_2_Left_62, 5.52, 19.04, 1.79998
PHY_EDGE_ROW_3_Left_63, 5.52, 19.04, 1.79998
input1, 5.52, 19.04, 1.79998
PHY_EDGE_ROW_2_Right_2, 169.28, 19.04, 1.79993
PHY_EDGE_ROW_3_Right_3, 169.28, 19.04, 1.79993
FILLER_0_4_19, 15.18, 19.04, 1.79998
FILLER_0_3_51, 27.14, 19.04, 1.79998
FILLER_0_4_53, 27.14, 19.04, 1.79998
_2733_, 32.66, 19.04, 1.79997
_2749_, 32.66, 19.04, 1.79997
_2747_, 38.18, 19.04, 1.79997
FILLER_0_3_69, 38.18, 19.04, 1.79997
_2745_, 47.38, 19.04, 1.79997
_2746_, 47.38, 19.04, 1.79997
FILLER_0_3_83, 47.38, 19.04, 1.79997
_2756_, 52.9, 19.04, 1.79997
_2760_, 52.9, 19.04, 1.79997
FILLER_0_3_104, 52.9, 19.04, 1.79997
_2755_, 58.42, 19.04, 1.79997
_2759_, 58.42, 19.04, 1.79997
_1453_, 78.66, 19.04, 1.79996
_1486_, 106.26, 19.04, 1.79996
_1495_, 106.26, 19.04, 1.79996
FILLER_0_3_220, 106.26, 19.04, 1.79996
FILLER_0_4_220, 106.26, 19.04, 1.79996
_1576_, 124.66, 19.04, 1.79994
_1567_, 139.38, 19.04, 1.79993
_1568_, 139.38, 19.04, 1.79993
_1572_, 139.38, 19.04, 1.79993
_1631_, 139.38, 19.04, 1.79993
FILLER_0_3_287, 139.38, 19.04, 1.79993
_1573_, 150.42, 19.04, 1.79993
_1577_, 150.42, 19.04, 1.79993
_1634_, 150.42, 19.04, 1.79993
FILLER_0_4_339, 161.46, 19.04, 1.79993
_2758_, 34.5, 19.04, 1.79997
_2744_, 63.48, 19.04, 1.79997
_1452_, 74.52, 19.04, 1.79997
_1456_, 86.02, 19.04, 1.79996
_1455_, 91.54, 19.04, 1.79996
_1463_, 97.06, 19.04, 1.79996
_1487_, 97.06, 19.04, 1.79996
FILLER_0_4_208, 97.06, 19.04, 1.79996
_1527_, 127.42, 19.04, 1.79993
_1528_, 127.42, 19.04, 1.79993
FILLER_0_3_271, 127.42, 19.04, 1.79993
input31, 163.3, 19.04, 1.79993
FILLER_0_2_345, 163.3, 19.04, 1.79993
FILLER_0_3_349, 163.3, 19.04, 1.79993
_1491_, 116.265, 19.04, 1.79995
_1492_, 116.265, 19.04, 1.79995
_1574_, 116.265, 19.04, 1.79995
_1575_, 116.265, 19.04, 1.79995
FILLER_0_2_241, 116.265, 19.04, 1.79995
FILLER_0_4_236, 116.265, 19.04, 1.79995
PHY_EDGE_ROW_0_Left_60, 5.52, 13.6, 1.79983
PHY_EDGE_ROW_1_Left_61, 5.52, 13.6, 1.79983
output44, 5.52, 13.6, 1.79983
output51, 5.52, 13.6, 1.79983
PHY_EDGE_ROW_0_Right_0, 169.28, 13.6, 1.79991
PHY_EDGE_ROW_1_Right_1, 169.28, 13.6, 1.79991
FILLER_0_0_109, 52.9, 13.6, 1.79992
FILLER_0_1_105, 52.9, 13.6, 1.79992
FILLER_0_2_189, 92.92, 13.6, 1.79995
_1483_, 101.2, 13.6, 1.79996
FILLER_0_2_205, 101.2, 13.6, 1.79996
_1493_, 114.54, 13.6, 1.79996
_1494_, 114.54, 13.6, 1.79996
FILLER_0_0_243, 114.54, 13.6, 1.79996
FILLER_0_1_237, 114.54, 13.6, 1.79996
input28, 127.42, 13.6, 1.79995
FILLER_0_0_271, 127.42, 13.6, 1.79995
FILLER_0_1_269, 127.42, 13.6, 1.79995
_1564_, 137.54, 13.6, 1.79995
FILLER_0_0_293, 137.54, 13.6, 1.79995
FILLER_0_1_277, 137.54, 13.6, 1.79995
input15, 12.42, 13.6, 1.79984
output43, 17.94, 13.6, 1.79986
output52, 34.5, 13.6, 1.7999
input11, 40.02, 13.6, 1.79991
FILLER_0_0_77, 40.02, 13.6, 1.79991
FILLER_0_2_77, 40.02, 13.6, 1.79991
output53, 60.26, 13.6, 1.79992
FILLER_0_0_119, 60.26, 13.6, 1.79992
output47, 65.78, 13.6, 1.79993
input26, 76.82, 13.6, 1.79994
FILLER_0_0_153, 76.82, 13.6, 1.79994
FILLER_0_0_163, 76.82, 13.6, 1.79994
FILLER_0_1_161, 76.82, 13.6, 1.79994
output56, 86.02, 13.6, 1.79995
FILLER_0_0_169, 86.02, 13.6, 1.79995
input32, 97.06, 13.6, 1.79996
FILLER_0_2_197, 97.06, 13.6, 1.79996
FILLER_0_0_214, 102.58, 13.6, 1.79996
_1490_, 111.78, 13.6, 1.79996
input14, 111.78, 13.6, 1.79996
FILLER_0_2_232, 111.78, 13.6, 1.79996
_2761_, 120.98, 13.6, 1.79995
output61, 120.98, 13.6, 1.79995
input25, 143.06, 13.6, 1.79995
FILLER_0_0_300, 143.06, 13.6, 1.79995
FILLER_0_2_297, 143.06, 13.6, 1.79995
FILLER_0_2_305, 143.06, 13.6, 1.79995
input24, 154.1, 13.6, 1.79993
FILLER_0_0_321, 154.1, 13.6, 1.79993
FILLER_0_0_328, 154.1, 13.6, 1.79993
FILLER_0_1_329, 154.1, 13.6, 1.79993
input3, 161.69, 13.6, 1.79991
input30, 161.69, 13.6, 1.79991
output49, 161.69, 13.6, 1.79991
FILLER_0_0_347, 161.69, 13.6, 1.79991
FILLER_0_1_337, 161.69, 13.6, 1.79991

