Instance name, X location, Y location, Voltage
FILLER_0_59_321, 152.11, 168.64, 0.00013815
_2056_, 152.11, 141.44, 7.96856e-05
_2127_, 152.11, 141.44, 7.96856e-05
FILLER_0_47_318, 152.11, 141.44, 7.96856e-05
_1994_, 152.11, 136, 5.33244e-05
_2055_, 152.11, 136, 5.33244e-05
_1971_, 152.11, 130.56, 3.74487e-05
_1973_, 152.11, 130.56, 3.74487e-05
_1975_, 152.11, 130.56, 3.74487e-05
_1915_, 152.11, 125.12, 6.61356e-05
_1970_, 152.11, 125.12, 6.61356e-05
_1974_, 152.11, 125.12, 6.61356e-05
_1977_, 152.11, 125.12, 6.61356e-05
_1978_, 152.11, 125.12, 6.61356e-05
FILLER_0_42_309, 152.11, 125.12, 6.61356e-05
FILLER_0_42_324, 152.11, 125.12, 6.61356e-05
_1897_, 152.11, 119.68, 4.17423e-05
_1901_, 152.11, 119.68, 4.17423e-05
_1913_, 152.11, 119.68, 4.17423e-05
_1914_, 152.11, 119.68, 4.17423e-05
max_cap2, 152.11, 119.68, 4.17423e-05
FILLER_0_41_313, 152.11, 119.68, 4.17423e-05
_1896_, 152.11, 114.24, 2.15332e-05
_1899_, 152.11, 114.24, 2.15332e-05
_1900_, 152.11, 114.24, 2.15332e-05
FILLER_0_37_318, 152.11, 114.24, 2.15332e-05
FILLER_0_38_315, 152.11, 114.24, 2.15332e-05
FILLER_0_38_323, 152.11, 114.24, 2.15332e-05
FILLER_0_39_311, 152.11, 114.24, 2.15332e-05
_1845_, 152.11, 108.8, 1.18349e-05
_1862_, 152.11, 108.8, 1.18349e-05
_1863_, 152.11, 108.8, 1.18349e-05
_1864_, 152.11, 108.8, 1.18349e-05
_1865_, 152.11, 108.8, 1.18349e-05
_1791_, 152.11, 103.36, 9.34805e-06
_1823_, 152.11, 103.36, 9.34805e-06
FILLER_0_35_314, 152.11, 103.36, 9.34805e-06
_1825_, 152.11, 97.92, 9.35044e-06
_1826_, 152.11, 97.92, 9.35044e-06
_1866_, 152.11, 97.92, 9.35044e-06
_1844_, 152.11, 92.48, 1.9671e-05
_1848_, 152.11, 92.48, 1.9671e-05
FILLER_0_30_326, 152.11, 92.48, 1.9671e-05
FILLER_0_31_327, 152.11, 92.48, 1.9671e-05
_1903_, 152.11, 87.04, 2.93677e-05
_1904_, 152.11, 87.04, 2.93677e-05
FILLER_0_28_321, 152.11, 87.04, 2.93677e-05
_1795_, 152.11, 81.6, 2.68932e-05
FILLER_0_26_309, 152.11, 81.6, 2.68932e-05
_1711_, 152.11, 76.16, 2.12259e-05
_1713_, 152.11, 76.16, 2.12259e-05
_1753_, 152.11, 76.16, 2.12259e-05
_1754_, 152.11, 76.16, 2.12259e-05
FILLER_0_25_309, 152.11, 76.16, 2.12259e-05
_1777_, 152.11, 70.72, 3.88059e-05
_1778_, 152.11, 70.72, 3.88059e-05
_1779_, 152.11, 70.72, 3.88059e-05
_1833_, 152.11, 70.72, 3.88059e-05
_1715_, 152.11, 65.28, 2.53782e-05
_1757_, 152.11, 65.28, 2.53782e-05
_1758_, 152.11, 65.28, 2.53782e-05
_1832_, 152.11, 65.28, 2.53782e-05
FILLER_0_20_313, 152.11, 65.28, 2.53782e-05
_1776_, 152.11, 59.84, 3.66351e-05
_1835_, 152.11, 59.84, 3.66351e-05
FILLER_0_18_309, 152.11, 59.84, 3.66351e-05
FILLER_0_19_313, 152.11, 59.84, 3.66351e-05
_1689_, 152.11, 54.4, 8.1459e-05
_1700_, 152.11, 54.4, 8.1459e-05
_1759_, 152.11, 54.4, 8.1459e-05
_1760_, 152.11, 54.4, 8.1459e-05
_1761_, 152.11, 54.4, 8.1459e-05
_1762_, 152.11, 54.4, 8.1459e-05
FILLER_0_17_312, 152.11, 54.4, 8.1459e-05
_1692_, 152.11, 48.96, 4.83665e-05
_1699_, 152.11, 48.96, 4.83665e-05
_1763_, 152.11, 48.96, 4.83665e-05
_1764_, 152.11, 48.96, 4.83665e-05
FILLER_0_14_316, 152.11, 48.96, 4.83665e-05
FILLER_0_15_313, 152.11, 48.96, 4.83665e-05
_1766_, 152.11, 38.08, 7.02832e-05
_1772_, 152.11, 38.08, 7.02832e-05
_1698_, 152.11, 32.64, 3.00982e-05
_1768_, 152.11, 32.64, 3.00982e-05
FILLER_0_9_317, 152.11, 32.64, 3.00982e-05
_1632_, 152.11, 27.2, 1.87889e-05
_1633_, 152.11, 27.2, 1.87889e-05
_1638_, 152.11, 27.2, 1.87889e-05
_1571_, 152.11, 21.76, 3.88328e-05
_1573_, 152.11, 21.76, 3.88328e-05
_1634_, 152.11, 21.76, 3.88328e-05
_1635_, 152.11, 21.76, 3.88328e-05
input24, 152.11, 10.88, 4.36635e-05
FILLER_0_0_321, 152.11, 10.88, 4.36635e-05
FILLER_0_0_328, 152.11, 10.88, 4.36635e-05
_2198_, 111.17, 168.64, 0.000136416
_2271_, 111.17, 168.64, 0.000136416
_2272_, 111.17, 168.64, 0.000136416
input29, 111.17, 168.64, 0.000136416
FILLER_0_58_235, 111.17, 168.64, 0.000136416
_2402_, 111.17, 163.2, 0.000106082
_2403_, 111.17, 163.2, 0.000106082
_2336_, 111.17, 157.76, 3.78946e-05
_2066_, 111.17, 152.32, 2.95947e-05
_2009_, 111.17, 146.88, 3.08144e-05
_2010_, 111.17, 146.88, 3.08144e-05
_2005_, 111.17, 141.44, 3.35036e-05
_2084_, 111.17, 141.44, 3.35036e-05
FILLER_0_46_227, 111.17, 136, 2.36304e-05
FILLER_0_46_235, 111.17, 136, 2.36304e-05
FILLER_0_47_221, 111.17, 136, 2.36304e-05
_1921_, 111.17, 130.56, 1.25037e-05
_1924_, 111.17, 130.56, 1.25037e-05
_1989_, 111.17, 130.56, 1.25037e-05
_2002_, 111.17, 130.56, 1.25037e-05
FILLER_0_44_232, 111.17, 130.56, 1.25037e-05
FILLER_0_45_233, 111.17, 130.56, 1.25037e-05
_1925_, 111.17, 125.12, 2.39746e-05
_1926_, 111.17, 125.12, 2.39746e-05
_2001_, 111.17, 125.12, 2.39746e-05
_2003_, 111.17, 125.12, 2.39746e-05
FILLER_0_43_240, 111.17, 125.12, 2.39746e-05
_1957_, 111.17, 119.68, 1.75564e-05
FILLER_0_41_225, 111.17, 119.68, 1.75564e-05
_1788_, 111.17, 114.24, 1.57998e-05
FILLER_0_39_225, 111.17, 114.24, 1.57998e-05
_1879_, 111.17, 108.8, 1.12631e-05
_1944_, 111.17, 108.8, 1.12631e-05
FILLER_0_36_229, 111.17, 108.8, 1.12631e-05
FILLER_0_37_225, 111.17, 108.8, 1.12631e-05
_1943_, 111.17, 103.36, 8.76697e-06
_1945_, 111.17, 103.36, 8.76697e-06
_2017_, 111.17, 103.36, 8.76697e-06
FILLER_0_35_228, 111.17, 103.36, 8.76697e-06
_1868_, 111.17, 97.92, 8.15306e-06
_1869_, 111.17, 92.48, 1.27453e-05
_1870_, 111.17, 92.48, 1.27453e-05
_1940_, 111.17, 92.48, 1.27453e-05
FILLER_0_30_222, 111.17, 92.48, 1.27453e-05
_1722_, 111.17, 87.04, 1.51341e-05
_1941_, 111.17, 87.04, 1.51341e-05
FILLER_0_28_225, 111.17, 87.04, 1.51341e-05
FILLER_0_28_234, 111.17, 87.04, 1.51341e-05
FILLER_0_29_235, 111.17, 87.04, 1.51341e-05
_1665_, 111.17, 81.6, 1.62279e-05
_1668_, 111.17, 81.6, 1.62279e-05
_1669_, 111.17, 81.6, 1.62279e-05
_1717_, 111.17, 81.6, 1.62279e-05
_1728_, 111.17, 81.6, 1.62279e-05
FILLER_0_26_231, 111.17, 81.6, 1.62279e-05
_1727_, 111.17, 76.16, 1.44814e-05
_1459_, 111.17, 70.72, 1.99124e-05
_1515_, 111.17, 70.72, 1.99124e-05
_1656_, 111.17, 70.72, 1.99124e-05
_1514_, 111.17, 65.28, 1.60071e-05
_1588_, 111.17, 65.28, 1.60071e-05
_1590_, 111.17, 65.28, 1.60071e-05
_1652_, 111.17, 65.28, 1.60071e-05
FILLER_0_20_239, 111.17, 65.28, 1.60071e-05
_1589_, 111.17, 59.84, 1.66004e-05
_1591_, 111.17, 59.84, 1.66004e-05
FILLER_0_18_222, 111.17, 59.84, 1.66004e-05
FILLER_0_19_232, 111.17, 59.84, 1.66004e-05
_1376_, 111.17, 54.4, 2.40716e-05
_1531_, 111.17, 54.4, 2.40716e-05
_1533_, 111.17, 54.4, 2.40716e-05
FILLER_0_16_231, 111.17, 54.4, 2.40716e-05
_1379_, 111.17, 48.96, 2.40777e-05
_1530_, 111.17, 48.96, 2.40777e-05
_1534_, 111.17, 48.96, 2.40777e-05
FILLER_0_15_225, 111.17, 48.96, 2.40777e-05
FILLER_0_15_233, 111.17, 48.96, 2.40777e-05
_1470_, 111.17, 38.08, 2.58491e-05
_1547_, 111.17, 38.08, 2.58491e-05
_1439_, 111.17, 32.64, 1.73299e-05
_1498_, 111.17, 32.64, 1.73299e-05
_1549_, 111.17, 32.64, 1.73299e-05
_1499_, 111.17, 27.2, 1.40297e-05
_1501_, 111.17, 27.2, 1.40297e-05
_1488_, 111.17, 21.76, 2.84261e-05
FILLER_0_4_236, 111.17, 21.76, 2.84261e-05
_1489_, 111.17, 16.32, 2.65026e-05
_1490_, 111.17, 16.32, 2.65026e-05
FILLER_0_2_225, 111.17, 16.32, 2.65026e-05
input14, 111.17, 10.88, 2.64891e-05
_2260_, 70.23, 168.64, 0.000124511
FILLER_0_58_136, 70.23, 168.64, 0.000124511
FILLER_0_56_141, 70.23, 163.2, 6.67278e-05
_2162_, 70.23, 157.76, 3.4258e-05
_2207_, 70.23, 157.76, 3.4258e-05
_2147_, 70.23, 152.32, 3.35533e-05
FILLER_0_52_134, 70.23, 152.32, 3.35533e-05
FILLER_0_53_138, 70.23, 152.32, 3.35533e-05
_2157_, 70.23, 146.88, 2.83746e-05
_2158_, 70.23, 146.88, 2.83746e-05
_2154_, 70.23, 141.44, 3.09177e-05
_2155_, 70.23, 141.44, 3.09177e-05
_2156_, 70.23, 141.44, 3.09177e-05
_2159_, 70.23, 141.44, 3.09177e-05
FILLER_0_48_137, 70.23, 141.44, 3.09177e-05
FILLER_0_49_137, 70.23, 141.44, 3.09177e-05
_2151_, 70.23, 136, 2.25327e-05
_2187_, 70.23, 136, 2.25327e-05
FILLER_0_47_146, 70.23, 136, 2.25327e-05
_2285_, 70.23, 130.56, 1.32056e-05
FILLER_0_44_137, 70.23, 130.56, 1.32056e-05
FILLER_0_45_142, 70.23, 130.56, 1.32056e-05
_1643_, 70.23, 125.12, 2.31472e-05
_2149_, 70.23, 125.12, 2.31472e-05
_2173_, 70.23, 125.12, 2.31472e-05
FILLER_0_41_139, 70.23, 125.12, 2.31472e-05
_2219_, 70.23, 119.68, 1.41862e-05
FILLER_0_40_137, 70.23, 119.68, 1.41862e-05
_2171_, 70.23, 114.24, 1.6756e-05
_2290_, 70.23, 114.24, 1.6756e-05
FILLER_0_37_139, 70.23, 114.24, 1.6756e-05
FILLER_0_38_141, 70.23, 114.24, 1.6756e-05
FILLER_0_39_144, 70.23, 114.24, 1.6756e-05
_2181_, 70.23, 108.8, 1.37664e-05
_2182_, 70.23, 108.8, 1.37664e-05
_2183_, 70.23, 108.8, 1.37664e-05
_2249_, 70.23, 108.8, 1.37664e-05
FILLER_0_35_139, 70.23, 108.8, 1.37664e-05
_2174_, 70.23, 103.36, 1.21096e-05
_2177_, 70.23, 103.36, 1.21096e-05
_2178_, 70.23, 103.36, 1.21096e-05
_2232_, 70.23, 103.36, 1.21096e-05
FILLER_0_34_149, 70.23, 103.36, 1.21096e-05
_1740_, 70.23, 97.92, 1.02899e-05
_2167_, 70.23, 97.92, 1.02899e-05
_2231_, 70.23, 97.92, 1.02899e-05
_2238_, 70.23, 97.92, 1.02899e-05
FILLER_0_32_135, 70.23, 97.92, 1.02899e-05
FILLER_0_32_141, 70.23, 97.92, 1.02899e-05
_2165_, 70.23, 92.48, 1.14134e-05
_2169_, 70.23, 92.48, 1.14134e-05
_2233_, 70.23, 92.48, 1.14134e-05
FILLER_0_31_146, 70.23, 92.48, 1.14134e-05
_2166_, 70.23, 87.04, 1.55746e-05
_2310_, 70.23, 87.04, 1.55746e-05
FILLER_0_29_147, 70.23, 87.04, 1.55746e-05
_2168_, 70.23, 81.6, 1.62218e-05
_2243_, 70.23, 81.6, 1.62218e-05
_2247_, 70.23, 81.6, 1.62218e-05
_2308_, 70.23, 81.6, 1.62218e-05
_2309_, 70.23, 81.6, 1.62218e-05
FILLER_0_27_137, 70.23, 81.6, 1.62218e-05
_1719_, 70.23, 76.16, 1.31361e-05
_2245_, 70.23, 76.16, 1.31361e-05
_2246_, 70.23, 76.16, 1.31361e-05
_1582_, 70.23, 70.72, 1.70338e-05
_1644_, 70.23, 70.72, 1.70338e-05
_2302_, 70.23, 70.72, 1.70338e-05
_2570_, 70.23, 70.72, 1.70338e-05
FILLER_0_22_141, 70.23, 70.72, 1.70338e-05
FILLER_0_23_137, 70.23, 70.72, 1.70338e-05
_1706_, 70.23, 65.28, 1.81599e-05
_1783_, 70.23, 65.28, 1.81599e-05
_2303_, 70.23, 65.28, 1.81599e-05
_2569_, 70.23, 65.28, 1.81599e-05
_2571_, 70.23, 65.28, 1.81599e-05
FILLER_0_20_141, 70.23, 65.28, 1.81599e-05
FILLER_0_21_145, 70.23, 65.28, 1.81599e-05
_2573_, 70.23, 59.84, 1.21449e-05
_1414_, 70.23, 54.4, 1.55074e-05
FILLER_0_16_137, 70.23, 54.4, 1.55074e-05
FILLER_0_16_141, 70.23, 54.4, 1.55074e-05
FILLER_0_14_137, 70.23, 48.96, 1.76358e-05
FILLER_0_15_137, 70.23, 48.96, 1.76358e-05
_1424_, 70.23, 43.52, 1.40696e-05
_2712_, 70.23, 43.52, 1.40696e-05
FILLER_0_12_135, 70.23, 43.52, 1.40696e-05
FILLER_0_12_141, 70.23, 43.52, 1.40696e-05
_2713_, 70.23, 38.08, 1.24892e-05
FILLER_0_10_137, 70.23, 38.08, 1.24892e-05
_2716_, 70.23, 32.64, 1.7289e-05
_2718_, 70.23, 27.2, 1.18471e-05
FILLER_0_4_141, 70.23, 21.76, 2.70537e-05
FILLER_0_0_135, 70.23, 10.88, 5.22086e-05
FILLER_0_59_49, 29.29, 174.08, 7.66888e-06
FILLER_0_57_51, 29.29, 168.64, 0.000105769
FILLER_0_55_51, 29.29, 163.2, 3.87498e-05
_2462_, 29.29, 157.76, 5.43341e-05
FILLER_0_54_62, 29.29, 157.76, 5.43341e-05
_2459_, 29.29, 152.32, 6.19144e-05
_2461_, 29.29, 152.32, 6.19144e-05
_2463_, 29.29, 152.32, 6.19144e-05
FILLER_0_52_45, 29.29, 152.32, 6.19144e-05
FILLER_0_53_57, 29.29, 152.32, 6.19144e-05
_2460_, 29.29, 146.88, 8.19252e-05
_2456_, 29.29, 141.44, 7.84307e-05
FILLER_0_48_43, 29.29, 141.44, 7.84307e-05
FILLER_0_49_46, 29.29, 141.44, 7.84307e-05
_2387_, 29.29, 136, 3.89037e-05
_2388_, 29.29, 136, 3.89037e-05
_2455_, 29.29, 136, 3.89037e-05
FILLER_0_45_51, 29.29, 136, 3.89037e-05
_2467_, 29.29, 130.56, 1.37792e-05
FILLER_0_44_51, 29.29, 130.56, 1.37792e-05
FILLER_0_44_59, 29.29, 130.56, 1.37792e-05
FILLER_0_45_57, 29.29, 130.56, 1.37792e-05
_2409_, 29.29, 125.12, 7.18063e-05
_2411_, 29.29, 125.12, 7.18063e-05
_2412_, 29.29, 125.12, 7.18063e-05
_2413_, 29.29, 125.12, 7.18063e-05
_2453_, 29.29, 125.12, 7.18063e-05
_2466_, 29.29, 125.12, 7.18063e-05
FILLER_0_42_49, 29.29, 125.12, 7.18063e-05
_2383_, 29.29, 114.24, 2.93339e-05
_2451_, 29.29, 114.24, 2.93339e-05
FILLER_0_38_51, 29.29, 114.24, 2.93339e-05
_2414_, 29.29, 108.8, 1.89145e-05
_2446_, 29.29, 108.8, 1.89145e-05
_2447_, 29.29, 108.8, 1.89145e-05
FILLER_0_37_46, 29.29, 108.8, 1.89145e-05
_2433_, 29.29, 103.36, 3.13878e-05
_2434_, 29.29, 103.36, 3.13878e-05
FILLER_0_34_49, 29.29, 103.36, 3.13878e-05
_2444_, 29.29, 97.92, 1.57823e-05
_2475_, 29.29, 92.48, 1.59044e-05
_2478_, 29.29, 92.48, 1.59044e-05
FILLER_0_30_47, 29.29, 92.48, 1.59044e-05
FILLER_0_31_53, 29.29, 92.48, 1.59044e-05
_2477_, 29.29, 87.04, 3.5459e-05
_2479_, 29.29, 87.04, 3.5459e-05
_2544_, 29.29, 87.04, 3.5459e-05
_2490_, 29.29, 81.6, 2.45911e-05
FILLER_0_25_51, 29.29, 81.6, 2.45911e-05
FILLER_0_26_58, 29.29, 81.6, 2.45911e-05
_2523_, 29.29, 76.16, 1.59916e-05
_2524_, 29.29, 76.16, 1.59916e-05
_2585_, 29.29, 76.16, 1.59916e-05
_2533_, 29.29, 70.72, 1.39671e-05
_2578_, 29.29, 70.72, 1.39671e-05
FILLER_0_22_46, 29.29, 70.72, 1.39671e-05
FILLER_0_23_45, 29.29, 70.72, 1.39671e-05
FILLER_0_23_53, 29.29, 70.72, 1.39671e-05
_2623_, 29.29, 65.28, 3.2046e-05
_2470_, 29.29, 59.84, 1.35762e-05
_2567_, 29.29, 59.84, 1.35762e-05
_2568_, 29.29, 59.84, 1.35762e-05
FILLER_0_18_53, 29.29, 59.84, 1.35762e-05
FILLER_0_19_53, 29.29, 59.84, 1.35762e-05
_2666_, 29.29, 54.4, 3.94491e-05
FILLER_0_16_64, 29.29, 54.4, 3.94491e-05
FILLER_0_17_53, 29.29, 54.4, 3.94491e-05
FILLER_0_17_57, 29.29, 54.4, 3.94491e-05
_2625_, 29.29, 48.96, 1.92548e-05
FILLER_0_13_49, 29.29, 48.96, 1.92548e-05
FILLER_0_14_54, 29.29, 48.96, 1.92548e-05
_2554_, 29.29, 43.52, 2.06315e-05
_2657_, 29.29, 43.52, 2.06315e-05
_2679_, 29.29, 38.08, 1.43095e-05
FILLER_0_9_51, 29.29, 38.08, 1.43095e-05
_2680_, 29.29, 32.64, 4.9223e-05
_2700_, 29.29, 32.64, 4.9223e-05
_2701_, 29.29, 32.64, 4.9223e-05
FILLER_0_7_49, 29.29, 32.64, 4.9223e-05
FILLER_0_5_50, 29.29, 27.2, 2.41704e-05
_2749_, 29.29, 21.76, 4.18367e-05
FILLER_0_3_51, 29.29, 21.76, 4.18367e-05
FILLER_0_4_53, 29.29, 21.76, 4.18367e-05
output52, 29.29, 10.88, 9.78446e-05
FILLER_0_0_47, 29.29, 10.88, 9.78446e-05
FILLER_0_1_53, 29.29, 10.88, 9.78446e-05
PHY_EDGE_ROW_59_Left_119, 5.52, 174.08, 7.6689e-06
PHY_EDGE_ROW_59_Right_59, 169.28, 174.08, 8.79583e-06
FILLER_0_59_153, 73.14, 174.08, 1.31308e-05
FILLER_0_59_243, 114.54, 174.08, 1.15174e-05
input12, 60.185, 174.08, 1.1962e-05
FILLER_0_59_113, 60.185, 174.08, 1.1962e-05
_2273_, 83.03, 174.08, 1.72564e-05
_2334_, 102.045, 174.08, 1.55827e-05
FILLER_0_59_209, 102.045, 174.08, 1.55827e-05
FILLER_0_59_218, 102.045, 174.08, 1.55827e-05
FILLER_0_59_337, 160.695, 174.08, 8.79582e-06
PHY_EDGE_ROW_57_Left_117, 5.52, 168.64, 0.000200273
PHY_EDGE_ROW_58_Left_118, 5.52, 168.64, 0.000200273
input7, 5.52, 168.64, 0.000200273
output37, 5.52, 168.64, 0.000200273
PHY_EDGE_ROW_57_Right_57, 169.28, 168.64, 0.000229394
PHY_EDGE_ROW_58_Right_58, 169.28, 168.64, 0.000229394
input27, 9.66, 168.64, 0.000185232
FILLER_0_59_7, 9.66, 168.64, 0.000185232
FILLER_0_58_21, 15.18, 168.64, 0.00016418
_1432_, 20.7, 168.64, 0.000143127
output59, 20.7, 168.64, 0.000143127
ANTENNA_2, 20.7, 168.64, 0.000143127
FILLER_0_58_29, 20.7, 168.64, 0.000143127
FILLER_0_58_73, 40.02, 168.64, 0.000164943
FILLER_0_58_81, 40.02, 168.64, 0.000164943
FILLER_0_59_75, 40.02, 168.64, 0.000164943
_2331_, 45.54, 168.64, 0.000195302
output41, 45.54, 168.64, 0.000195302
FILLER_0_58_85, 45.54, 168.64, 0.000195302
_2394_, 51.06, 168.64, 0.000190766
output60, 51.06, 168.64, 0.000190766
ANTENNA_3, 51.06, 168.64, 0.000190766
output34, 143.06, 168.64, 0.000179874
FILLER_0_58_299, 143.06, 168.64, 0.000179874
FILLER_0_59_303, 143.06, 168.64, 0.000179874
output40, 163.3, 168.64, 0.000229394
output46, 163.3, 168.64, 0.000229394
input6, 30.82, 168.64, 0.000114345
_2191_, 79.12, 168.64, 0.000174179
_2263_, 79.12, 168.64, 0.000174179
input5, 79.12, 168.64, 0.000174179
FILLER_0_58_166, 79.12, 168.64, 0.000174179
FILLER_0_59_161, 79.12, 168.64, 0.000174179
output39, 134.78, 168.64, 0.000207049
FILLER_0_59_277, 134.78, 168.64, 0.000207049
output58, 155.94, 168.64, 0.000170314
FILLER_0_59_331, 155.94, 168.64, 0.000170314
input23, 161.46, 168.64, 0.000214843
_2259_, 60.645, 168.64, 0.000175025
_2329_, 60.645, 168.64, 0.000175025
_2330_, 60.645, 168.64, 0.000175025
_2332_, 60.645, 168.64, 0.000175025
_2195_, 89.803, 168.64, 0.000214368
_2264_, 89.803, 168.64, 0.000214368
output42, 89.803, 168.64, 0.000214368
FILLER_0_58_182, 89.803, 168.64, 0.000214368
_2267_, 100.486, 168.64, 0.000192241
_2274_, 100.486, 168.64, 0.000192241
_2399_, 100.486, 168.64, 0.000192241
input18, 100.486, 168.64, 0.000192241
_2199_, 122.975, 168.64, 0.000195945
_2200_, 122.975, 168.64, 0.000195945
_2203_, 122.975, 168.64, 0.000195945
_2266_, 122.975, 168.64, 0.000195945
input13, 122.975, 168.64, 0.000195945
FILLER_0_57_249, 122.975, 168.64, 0.000195945
PHY_EDGE_ROW_55_Left_115, 5.52, 163.2, 7.56992e-05
PHY_EDGE_ROW_56_Left_116, 5.52, 163.2, 7.56992e-05
output63, 5.52, 163.2, 7.56992e-05
PHY_EDGE_ROW_55_Right_55, 169.28, 163.2, 5.05101e-05
PHY_EDGE_ROW_56_Right_56, 169.28, 163.2, 5.05101e-05
ANTENNA_4, 9.66, 163.2, 6.92636e-05
FILLER_0_56_25, 15.18, 163.2, 6.0683e-05
FILLER_0_56_77, 40.02, 163.2, 6.3636e-05
FILLER_0_56_85, 40.02, 163.2, 6.3636e-05
_2190_, 72.22, 163.2, 7.68561e-05
_2257_, 77.74, 163.2, 0.000103209
_2258_, 77.74, 163.2, 0.000103209
FILLER_0_56_164, 77.74, 163.2, 0.000103209
_2194_, 86.02, 163.2, 0.000138192
_2261_, 86.02, 163.2, 0.000138192
_2262_, 86.02, 163.2, 0.000138192
_2401_, 91.54, 163.2, 0.000153795
FILLER_0_56_187, 91.54, 163.2, 0.000153795
_2333_, 97.06, 163.2, 0.000167995
_2400_, 97.06, 163.2, 0.000167995
FILLER_0_56_197, 97.06, 163.2, 0.000167995
_2337_, 102.58, 163.2, 0.000163418
FILLER_0_57_220, 102.58, 163.2, 0.000163418
_2135_, 114.08, 163.2, 0.000111256
_2265_, 114.08, 163.2, 0.000111256
_2335_, 114.08, 163.2, 0.000111256
FILLER_0_56_245, 114.08, 163.2, 0.000111256
FILLER_0_57_239, 114.08, 163.2, 0.000111256
FILLER_0_57_257, 123.28, 163.2, 0.000120156
FILLER_0_56_304, 145.82, 163.2, 6.51765e-05
FILLER_0_57_317, 151.34, 163.2, 4.69803e-05
_2132_, 156.86, 163.2, 4.98875e-05
input19, 163.3, 163.2, 5.05101e-05
FILLER_0_56_345, 163.3, 163.2, 5.05101e-05
FILLER_0_57_349, 163.3, 163.2, 5.05101e-05
_2268_, 124.66, 163.2, 0.000121491
_2269_, 124.66, 163.2, 0.000121491
_2270_, 124.66, 163.2, 0.000121491
FILLER_0_55_262, 124.66, 163.2, 0.000121491
FILLER_0_57_325, 155.94, 163.2, 4.88328e-05
_2327_, 50.09, 163.2, 8.69913e-05
_2328_, 50.09, 163.2, 8.69913e-05
_2210_, 60.16, 163.2, 8.26487e-05
_2326_, 60.16, 163.2, 8.26487e-05
_2395_, 60.16, 163.2, 8.26487e-05
FILLER_0_55_120, 60.16, 163.2, 8.26487e-05
FILLER_0_56_117, 60.16, 163.2, 8.26487e-05
FILLER_0_57_119, 60.16, 163.2, 8.26487e-05
_2128_, 132.48, 163.2, 0.00010915
FILLER_0_55_275, 132.48, 163.2, 0.00010915
FILLER_0_56_275, 132.48, 163.2, 0.00010915
FILLER_0_57_272, 132.48, 163.2, 0.00010915
PHY_EDGE_ROW_53_Left_113, 5.52, 157.76, 5.57005e-05
PHY_EDGE_ROW_54_Left_114, 5.52, 157.76, 5.57005e-05
PHY_EDGE_ROW_53_Right_53, 169.28, 157.76, 2.41333e-05
PHY_EDGE_ROW_54_Right_54, 169.28, 157.76, 2.41333e-05
_2206_, 66.24, 157.76, 4.32347e-05
_2208_, 66.24, 157.76, 4.32347e-05
_2209_, 66.24, 157.76, 4.32347e-05
_2275_, 66.24, 157.76, 4.32347e-05
_2325_, 66.24, 157.76, 4.32347e-05
FILLER_0_54_301, 143.52, 157.76, 4.17526e-05
FILLER_0_54_345, 163.3, 157.76, 2.41333e-05
FILLER_0_55_349, 163.3, 157.76, 2.41333e-05
_2064_, 21.62, 157.76, 5.57005e-05
_2255_, 53.36, 157.76, 6.6164e-05
_2391_, 53.36, 157.76, 6.6164e-05
_2076_, 78.2, 157.76, 3.95864e-05
_2136_, 78.2, 157.76, 3.95864e-05
_2160_, 78.2, 157.76, 3.95864e-05
FILLER_0_54_164, 78.2, 157.76, 3.95864e-05
FILLER_0_55_163, 78.2, 157.76, 3.95864e-05
_2120_, 98.9, 157.76, 4.63552e-05
_2139_, 98.9, 157.76, 4.63552e-05
_1997_, 104.42, 157.76, 4.26868e-05
_1998_, 104.42, 157.76, 4.26868e-05
FILLER_0_55_217, 104.42, 157.76, 4.26868e-05
_2070_, 111.32, 157.76, 3.81615e-05
_2071_, 111.32, 157.76, 3.81615e-05
_2134_, 130.18, 157.76, 5.97185e-05
_2202_, 130.18, 157.76, 5.97185e-05
FILLER_0_53_271, 130.18, 157.76, 5.97185e-05
_2125_, 135.7, 157.76, 5.77926e-05
_2201_, 135.7, 157.76, 5.77926e-05
_2280_, 41.325, 157.76, 7.81426e-05
_2390_, 41.325, 157.76, 7.81426e-05
_2396_, 41.325, 157.76, 7.81426e-05
_2397_, 41.325, 157.76, 7.81426e-05
_2398_, 41.325, 157.76, 7.81426e-05
FILLER_0_53_77, 41.325, 157.76, 7.81426e-05
FILLER_0_54_88, 41.325, 157.76, 7.81426e-05
FILLER_0_55_81, 41.325, 157.76, 7.81426e-05
_2137_, 88.55, 157.76, 4.49505e-05
_2138_, 88.55, 157.76, 4.49505e-05
_2140_, 88.55, 157.76, 4.49505e-05
_2141_, 88.55, 157.76, 4.49505e-05
_2204_, 88.55, 157.76, 4.49505e-05
_2069_, 120.75, 157.76, 5.21896e-05
_2197_, 120.75, 157.76, 5.21896e-05
FILLER_0_53_254, 120.75, 157.76, 5.21896e-05
FILLER_0_54_256, 120.75, 157.76, 5.21896e-05
PHY_EDGE_ROW_51_Left_111, 5.52, 152.32, 6.44307e-05
PHY_EDGE_ROW_52_Left_112, 5.52, 152.32, 6.44307e-05
PHY_EDGE_ROW_51_Right_51, 169.28, 152.32, 2.5459e-05
PHY_EDGE_ROW_52_Right_52, 169.28, 152.32, 2.5459e-05
_2392_, 37.26, 152.32, 8.5021e-05
_2393_, 37.26, 152.32, 8.5021e-05
_2404_, 37.26, 152.32, 8.5021e-05
_2405_, 37.26, 152.32, 8.5021e-05
_2406_, 37.26, 152.32, 8.5021e-05
FILLER_0_52_67, 37.26, 152.32, 8.5021e-05
FILLER_0_52_76, 37.26, 152.32, 8.5021e-05
_2075_, 73.14, 152.32, 3.47644e-05
_2161_, 73.14, 152.32, 3.47644e-05
FILLER_0_52_160, 73.14, 152.32, 3.47644e-05
_2091_, 97.52, 152.32, 3.90124e-05
_2092_, 97.52, 152.32, 3.90124e-05
_2093_, 97.52, 152.32, 3.90124e-05
_2193_, 97.52, 152.32, 3.90124e-05
FILLER_0_52_188, 97.52, 152.32, 3.90124e-05
FILLER_0_52_206, 97.52, 152.32, 3.90124e-05
_2068_, 118.68, 152.32, 4.10995e-05
FILLER_0_52_241, 118.68, 152.32, 4.10995e-05
FILLER_0_52_249, 118.68, 152.32, 4.10995e-05
_2122_, 124.2, 152.32, 4.90948e-05
_2196_, 124.2, 152.32, 4.90948e-05
FILLER_0_52_253, 124.2, 152.32, 4.90948e-05
_2123_, 129.72, 152.32, 5.06593e-05
FILLER_0_51_276, 129.72, 152.32, 5.06593e-05
FILLER_0_52_278, 129.72, 152.32, 5.06593e-05
_2126_, 140.3, 152.32, 4.67848e-05
FILLER_0_53_330, 156.86, 152.32, 2.54589e-05
FILLER_0_52_345, 163.3, 152.32, 2.54589e-05
FILLER_0_53_349, 163.3, 152.32, 2.54589e-05
FILLER_0_51_21, 15.18, 152.32, 6.44307e-05
_2229_, 59.8, 152.32, 5.83846e-05
_2230_, 59.8, 152.32, 5.83846e-05
_2256_, 59.8, 152.32, 5.83846e-05
FILLER_0_52_124, 59.8, 152.32, 5.83846e-05
_2077_, 85.56, 152.32, 3.84522e-05
_2078_, 85.56, 152.32, 3.84522e-05
_2088_, 85.56, 152.32, 3.84522e-05
_2142_, 85.56, 152.32, 3.84522e-05
FILLER_0_52_180, 85.56, 152.32, 3.84522e-05
FILLER_0_53_176, 85.56, 152.32, 3.84522e-05
_2067_, 113.62, 152.32, 3.36165e-05
_2072_, 113.62, 152.32, 3.36165e-05
FILLER_0_53_233, 113.62, 152.32, 3.36165e-05
_2601_, 22.235, 152.32, 6.44307e-05
FILLER_0_52_29, 22.235, 152.32, 6.44307e-05
FILLER_0_52_37, 22.235, 152.32, 6.44307e-05
FILLER_0_53_39, 22.235, 152.32, 6.44307e-05
_2277_, 48.53, 152.32, 7.63757e-05
_2278_, 48.53, 152.32, 7.63757e-05
_2279_, 48.53, 152.32, 7.63757e-05
_2281_, 48.53, 152.32, 7.63757e-05
_2338_, 48.53, 152.32, 7.63757e-05
FILLER_0_52_85, 48.53, 152.32, 7.63757e-05
_1996_, 104.345, 152.32, 3.46932e-05
_2000_, 104.345, 152.32, 3.46932e-05
ANTENNA_1, 104.345, 152.32, 3.46932e-05
PHY_EDGE_ROW_49_Left_109, 5.52, 146.88, 0.000123465
PHY_EDGE_ROW_50_Left_110, 5.52, 146.88, 0.000123465
input22, 5.52, 146.88, 0.000123465
FILLER_0_50_3, 5.52, 146.88, 0.000123465
PHY_EDGE_ROW_49_Right_49, 169.28, 146.88, 8.46689e-05
PHY_EDGE_ROW_50_Right_50, 169.28, 146.88, 8.46689e-05
_2063_, 9.66, 146.88, 0.000122857
FILLER_0_50_11, 9.66, 146.88, 0.000122857
_2600_, 15.18, 146.88, 0.000121063
FILLER_0_50_20, 15.18, 146.88, 0.000121063
FILLER_0_50_80, 45.08, 146.88, 6.37146e-05
FILLER_0_51_88, 45.08, 146.88, 6.37146e-05
_2144_, 60.26, 146.88, 4.37058e-05
_2145_, 60.26, 146.88, 4.37058e-05
_2146_, 60.26, 146.88, 4.37058e-05
FILLER_0_51_119, 60.26, 146.88, 4.37058e-05
_2148_, 65.78, 146.88, 3.5458e-05
_2205_, 65.78, 146.88, 3.5458e-05
FILLER_0_50_132, 65.78, 146.88, 3.5458e-05
_2074_, 77.74, 146.88, 3.2051e-05
_2211_, 77.74, 146.88, 3.2051e-05
FILLER_0_51_153, 77.74, 146.88, 3.2051e-05
_2119_, 100.28, 146.88, 3.5139e-05
FILLER_0_50_197, 100.28, 146.88, 3.5139e-05
FILLER_0_51_206, 100.28, 146.88, 3.5139e-05
_1999_, 105.8, 146.88, 3.32314e-05
_2192_, 105.8, 146.88, 3.32314e-05
_2011_, 119.6, 146.88, 4.65635e-05
_2012_, 119.6, 146.88, 4.65635e-05
_2013_, 119.6, 146.88, 4.65635e-05
FILLER_0_50_239, 119.6, 146.88, 4.65635e-05
_2014_, 128.8, 146.88, 6.14974e-05
_2049_, 128.8, 146.88, 6.14974e-05
_2050_, 128.8, 146.88, 6.14974e-05
_2121_, 128.8, 146.88, 6.14974e-05
FILLER_0_49_274, 128.8, 146.88, 6.14974e-05
output45, 163.3, 146.88, 8.46689e-05
FILLER_0_49_349, 163.3, 146.88, 8.46689e-05
FILLER_0_50_345, 163.3, 146.88, 8.46689e-05
_2457_, 29.44, 146.88, 8.19456e-05
_2458_, 29.44, 146.88, 8.19456e-05
_1781_, 34.96, 146.88, 7.61375e-05
FILLER_0_50_70, 34.96, 146.88, 7.61375e-05
_2276_, 47.38, 146.88, 6.08912e-05
FILLER_0_49_92, 47.38, 146.88, 6.08912e-05
_2215_, 52.9, 146.88, 5.39406e-05
_2216_, 52.9, 146.88, 5.39406e-05
_2228_, 52.9, 146.88, 5.39406e-05
FILLER_0_50_109, 52.9, 146.88, 5.39406e-05
FILLER_0_51_105, 52.9, 146.88, 5.39406e-05
_2086_, 80.5, 146.88, 3.29781e-05
_2087_, 80.5, 146.88, 3.29781e-05
FILLER_0_49_163, 80.5, 146.88, 3.29781e-05
_2085_, 88.78, 146.88, 3.47351e-05
_2089_, 88.78, 146.88, 3.47351e-05
_2090_, 88.78, 146.88, 3.47351e-05
FILLER_0_49_179, 88.78, 146.88, 3.47351e-05
FILLER_0_50_187, 88.78, 146.88, 3.47351e-05
FILLER_0_51_181, 88.78, 146.88, 3.47351e-05
FILLER_0_49_225, 107.64, 146.88, 3.24032e-05
FILLER_0_51_221, 107.64, 146.88, 3.24032e-05
FILLER_0_51_225, 107.64, 146.88, 3.24032e-05
FILLER_0_50_305, 150.42, 146.88, 5.43857e-05
FILLER_0_49_325, 155.94, 146.88, 6.33189e-05
_2464_, 22.235, 146.88, 0.000116069
_2516_, 22.235, 146.88, 0.000116069
_2517_, 22.235, 146.88, 0.000116069
_2603_, 22.235, 146.88, 0.000116069
_2604_, 22.235, 146.88, 0.000116069
_2605_, 22.235, 146.88, 0.000116069
FILLER_0_51_33, 22.235, 146.88, 0.000116069
_1988_, 139.61, 146.88, 6.831e-05
_1993_, 139.61, 146.88, 6.831e-05
_2052_, 139.61, 146.88, 6.831e-05
_2124_, 139.61, 146.88, 6.831e-05
_2133_, 139.61, 146.88, 6.831e-05
wire1, 139.61, 146.88, 6.831e-05
PHY_EDGE_ROW_47_Left_107, 5.52, 141.44, 0.000138031
PHY_EDGE_ROW_48_Left_108, 5.52, 141.44, 0.000138031
PHY_EDGE_ROW_47_Right_47, 169.28, 141.44, 0.00014796
PHY_EDGE_ROW_48_Right_48, 169.28, 141.44, 0.00014796
output48, 169.28, 141.44, 0.00014796
_2214_, 44.16, 141.44, 6.5818e-05
_2344_, 44.16, 141.44, 6.5818e-05
_2407_, 44.16, 141.44, 6.5818e-05
FILLER_0_48_81, 44.16, 141.44, 6.5818e-05
FILLER_0_48_85, 44.16, 141.44, 6.5818e-05
_2004_, 111.78, 141.44, 3.46951e-05
_2008_, 111.78, 141.44, 3.46951e-05
_2007_, 117.3, 141.44, 4.50184e-05
_2051_, 144.44, 141.44, 7.98551e-05
_2053_, 144.44, 141.44, 7.98551e-05
_2054_, 144.44, 141.44, 7.98551e-05
FILLER_0_47_308, 144.44, 141.44, 7.98551e-05
FILLER_0_48_298, 144.44, 141.44, 7.98551e-05
FILLER_0_48_305, 144.44, 141.44, 7.98551e-05
FILLER_0_48_309, 144.44, 141.44, 7.98551e-05
FILLER_0_48_15, 9.66, 141.44, 0.000138031
_2217_, 56.58, 141.44, 5.08447e-05
_2225_, 56.58, 141.44, 5.08447e-05
_2227_, 56.58, 141.44, 5.08447e-05
FILLER_0_49_109, 56.58, 141.44, 5.08447e-05
FILLER_0_47_125, 62.1, 141.44, 4.27863e-05
FILLER_0_48_129, 62.1, 141.44, 4.27863e-05
_2083_, 77.74, 141.44, 3.72006e-05
_2153_, 77.74, 141.44, 3.72006e-05
_2254_, 77.74, 141.44, 3.72006e-05
FILLER_0_47_155, 77.74, 141.44, 3.72006e-05
_1932_, 124.66, 141.44, 5.85912e-05
_1933_, 124.66, 141.44, 5.85912e-05
_2015_, 124.66, 141.44, 5.85912e-05
_2048_, 124.66, 141.44, 5.85912e-05
FILLER_0_48_265, 124.66, 141.44, 5.85912e-05
_1991_, 136.16, 141.44, 7.23256e-05
_1992_, 136.16, 141.44, 7.23256e-05
_2065_, 136.16, 141.44, 7.23256e-05
FILLER_0_48_290, 136.16, 141.44, 7.23256e-05
_2515_, 19.475, 141.44, 0.000138031
_2518_, 19.475, 141.44, 0.000138031
_2560_, 19.475, 141.44, 0.000138031
_2562_, 19.475, 141.44, 0.000138031
FILLER_0_48_34, 19.475, 141.44, 0.000138031
FILLER_0_49_27, 19.475, 141.44, 0.000138031
_2343_, 36.725, 141.44, 7.45336e-05
_2345_, 36.725, 141.44, 7.45336e-05
_2389_, 36.725, 141.44, 7.45336e-05
FILLER_0_48_62, 36.725, 141.44, 7.45336e-05
_2082_, 88.883, 141.44, 4.31168e-05
_2117_, 88.883, 141.44, 4.31168e-05
_2188_, 88.883, 141.44, 4.31168e-05
_2189_, 88.883, 141.44, 4.31168e-05
FILLER_0_48_174, 88.883, 141.44, 4.31168e-05
FILLER_0_48_188, 88.883, 141.44, 4.31168e-05
_2045_, 100.026, 141.44, 4.151e-05
_2046_, 100.026, 141.44, 4.151e-05
_2118_, 100.026, 141.44, 4.151e-05
FILLER_0_48_197, 100.026, 141.44, 4.151e-05
_2059_, 160.695, 141.44, 0.000125625
_2061_, 160.695, 141.44, 0.000125625
_2062_, 160.695, 141.44, 0.000125625
FILLER_0_48_329, 160.695, 141.44, 0.000125625
FILLER_0_48_346, 160.695, 141.44, 0.000125625
FILLER_0_49_333, 160.695, 141.44, 0.000125625
PHY_EDGE_ROW_45_Left_105, 5.52, 136, 5.72505e-05
PHY_EDGE_ROW_46_Left_106, 5.52, 136, 5.72505e-05
input20, 5.52, 136, 5.72505e-05
PHY_EDGE_ROW_45_Right_45, 169.28, 136, 7.98573e-05
PHY_EDGE_ROW_46_Right_46, 169.28, 136, 7.98573e-05
FILLER_0_46_15, 9.66, 136, 5.68587e-05
FILLER_0_47_13, 9.66, 136, 5.68587e-05
_2513_, 15.18, 136, 5.63364e-05
_2602_, 15.18, 136, 5.63364e-05
_2561_, 20.7, 136, 5.26172e-05
FILLER_0_46_39, 20.7, 136, 5.26172e-05
_2454_, 26.22, 136, 4.54516e-05
_2514_, 26.22, 136, 4.54516e-05
FILLER_0_47_48, 26.22, 136, 4.54516e-05
_1849_, 68.08, 136, 2.5118e-05
_2152_, 68.08, 136, 2.5118e-05
FILLER_0_47_138, 68.08, 136, 2.5118e-05
_2044_, 99.82, 136, 2.86543e-05
_2115_, 99.82, 136, 2.86543e-05
FILLER_0_47_198, 99.82, 136, 2.86543e-05
_1935_, 126.04, 136, 4.45233e-05
_2047_, 126.04, 136, 4.45233e-05
FILLER_0_46_259, 126.04, 136, 4.45233e-05
_1934_, 131.56, 136, 4.93359e-05
_1936_, 131.56, 136, 4.93359e-05
FILLER_0_46_279, 131.56, 136, 4.93359e-05
FILLER_0_47_275, 131.56, 136, 4.93359e-05
_2408_, 37.72, 136, 4.10218e-05
FILLER_0_46_76, 37.72, 136, 4.10218e-05
_1653_, 52.44, 136, 3.84706e-05
FILLER_0_45_101, 52.44, 136, 3.84706e-05
FILLER_0_45_109, 52.44, 136, 3.84706e-05
FILLER_0_46_108, 52.44, 136, 3.84706e-05
_2114_, 81.88, 136, 2.78937e-05
FILLER_0_45_169, 81.88, 136, 2.78937e-05
FILLER_0_47_169, 81.88, 136, 2.78937e-05
_2041_, 87.4, 136, 2.9268e-05
_2116_, 87.4, 136, 2.9268e-05
FILLER_0_46_184, 87.4, 136, 2.9268e-05
_1923_, 102.58, 136, 2.77483e-05
_2043_, 102.58, 136, 2.77483e-05
FILLER_0_45_211, 102.58, 136, 2.77483e-05
FILLER_0_46_217, 102.58, 136, 2.77483e-05
FILLER_0_47_213, 102.58, 136, 2.77483e-05
_2057_, 152.72, 136, 5.57379e-05
_2058_, 152.72, 136, 5.57379e-05
_2129_, 152.72, 136, 5.57379e-05
FILLER_0_46_326, 152.72, 136, 5.57379e-05
_2213_, 45.08, 136, 4.2253e-05
_2324_, 45.08, 136, 4.2253e-05
_2339_, 45.08, 136, 4.2253e-05
_2222_, 60.26, 136, 3.30933e-05
_2223_, 60.26, 136, 3.30933e-05
_2224_, 60.26, 136, 3.30933e-05
_2226_, 60.26, 136, 3.30933e-05
_2282_, 60.26, 136, 3.30933e-05
FILLER_0_46_121, 60.26, 136, 3.30933e-05
_1927_, 118.605, 136, 3.50288e-05
_1928_, 118.605, 136, 3.50288e-05
_1930_, 118.605, 136, 3.50288e-05
_1931_, 118.605, 136, 3.50288e-05
_2006_, 118.605, 136, 3.50288e-05
FILLER_0_44_245, 118.605, 136, 3.50288e-05
FILLER_0_45_241, 118.605, 136, 3.50288e-05
FILLER_0_47_249, 118.605, 136, 3.50288e-05
_1937_, 141.835, 136, 5.52914e-05
_1972_, 141.835, 136, 5.52914e-05
_2130_, 161, 136, 7.98573e-05
_2131_, 161, 136, 7.98573e-05
FILLER_0_45_346, 161, 136, 7.98573e-05
FILLER_0_47_343, 161, 136, 7.98573e-05
PHY_EDGE_ROW_43_Left_103, 5.52, 130.56, 1.37793e-05
PHY_EDGE_ROW_44_Left_104, 5.52, 130.56, 1.37793e-05
_1986_, 169.28, 130.56, 6.44196e-05
PHY_EDGE_ROW_43_Right_43, 169.28, 130.56, 6.44196e-05
PHY_EDGE_ROW_44_Right_44, 169.28, 130.56, 6.44196e-05
_2340_, 37.72, 130.56, 2.49078e-05
_2385_, 37.72, 130.56, 2.49078e-05
_2386_, 37.72, 130.56, 2.49078e-05
FILLER_0_44_68, 37.72, 130.56, 2.49078e-05
_2300_, 43.24, 130.56, 2.68973e-05
_2301_, 43.24, 130.56, 2.68973e-05
_2322_, 43.24, 130.56, 2.68973e-05
FILLER_0_44_81, 43.24, 130.56, 2.68973e-05
FILLER_0_44_85, 43.24, 130.56, 2.68973e-05
_2288_, 48.76, 130.56, 2.52663e-05
_2323_, 48.76, 130.56, 2.52663e-05
FILLER_0_44_93, 48.76, 130.56, 2.52663e-05
_1919_, 103.04, 130.56, 1.49012e-05
_1920_, 103.04, 130.56, 1.49012e-05
_1922_, 103.04, 130.56, 1.49012e-05
_2038_, 103.04, 130.56, 1.49012e-05
FILLER_0_43_218, 103.04, 130.56, 1.49012e-05
FILLER_0_44_207, 103.04, 130.56, 1.49012e-05
FILLER_0_44_41, 21.62, 130.56, 1.37792e-05
_1581_, 73.14, 130.56, 1.50549e-05
_2186_, 73.14, 130.56, 1.50549e-05
_2079_, 78.66, 130.56, 1.69324e-05
_2080_, 78.66, 130.56, 1.69324e-05
_2113_, 78.66, 130.56, 1.69324e-05
_2252_, 78.66, 130.56, 1.69324e-05
_2253_, 78.66, 130.56, 1.69324e-05
FILLER_0_43_161, 78.66, 130.56, 1.69324e-05
FILLER_0_45_162, 78.66, 130.56, 1.69324e-05
_1858_, 124.66, 130.56, 2.31621e-05
_2016_, 124.66, 130.56, 2.31621e-05
FILLER_0_44_265, 124.66, 130.56, 2.31621e-05
_1860_, 133.4, 130.56, 2.85276e-05
_1990_, 133.4, 130.56, 2.85276e-05
_1917_, 138.92, 130.56, 3.13601e-05
FILLER_0_45_289, 138.92, 130.56, 3.13601e-05
FILLER_0_44_309, 144.44, 130.56, 3.39082e-05
_2150_, 59.495, 130.56, 1.97903e-05
_2342_, 59.495, 130.56, 1.97903e-05
FILLER_0_43_113, 59.495, 130.56, 1.97903e-05
FILLER_0_45_113, 59.495, 130.56, 1.97903e-05
_2039_, 90.85, 130.56, 1.72087e-05
_2040_, 90.85, 130.56, 1.72087e-05
_2112_, 90.85, 130.56, 1.72087e-05
_2184_, 90.85, 130.56, 1.72087e-05
FILLER_0_44_190, 90.85, 130.56, 1.72087e-05
FILLER_0_45_185, 90.85, 130.56, 1.72087e-05
_1976_, 160.695, 130.56, 6.02412e-05
_1983_, 160.695, 130.56, 6.02412e-05
_1987_, 160.695, 130.56, 6.02412e-05
_2060_, 160.695, 130.56, 6.02412e-05
PHY_EDGE_ROW_41_Left_101, 5.52, 125.12, 0.000192238
PHY_EDGE_ROW_42_Left_102, 5.52, 125.12, 0.000192238
output38, 5.52, 125.12, 0.000192238
_1985_, 169.28, 125.12, 9.36634e-05
PHY_EDGE_ROW_41_Right_41, 169.28, 125.12, 9.36634e-05
PHY_EDGE_ROW_42_Right_42, 169.28, 125.12, 9.36634e-05
FILLER_0_42_9, 9.66, 125.12, 0.000176519
FILLER_0_43_15, 9.66, 125.12, 0.000176519
_2511_, 15.18, 125.12, 0.00015556
_2558_, 15.18, 125.12, 0.00015556
_2559_, 15.18, 125.12, 0.00015556
FILLER_0_42_17, 15.18, 125.12, 0.00015556
_1662_, 101.66, 125.12, 2.66986e-05
FILLER_0_42_209, 101.66, 125.12, 2.66986e-05
FILLER_0_42_218, 101.66, 125.12, 2.66986e-05
_1861_, 137.54, 125.12, 6.15329e-05
_1916_, 137.54, 125.12, 6.15329e-05
_1969_, 143.06, 125.12, 6.53715e-05
FILLER_0_42_299, 143.06, 125.12, 6.53715e-05
_2365_, 41.4, 125.12, 6.01541e-05
_2465_, 41.4, 125.12, 6.01541e-05
_2284_, 66.7, 125.12, 2.83136e-05
_1805_, 83.72, 125.12, 2.73412e-05
_1851_, 83.72, 125.12, 2.73412e-05
_2081_, 83.72, 125.12, 2.73412e-05
_1853_, 89.24, 125.12, 2.79822e-05
_2032_, 89.24, 125.12, 2.79822e-05
_2185_, 89.24, 125.12, 2.79822e-05
FILLER_0_42_188, 89.24, 125.12, 2.79822e-05
_2035_, 98.9, 125.12, 2.71269e-05
_2036_, 98.9, 125.12, 2.71269e-05
_1962_, 130.64, 125.12, 5.56474e-05
_1965_, 130.64, 125.12, 5.56474e-05
_1967_, 130.64, 125.12, 5.56474e-05
_1968_, 130.64, 125.12, 5.56474e-05
FILLER_0_41_269, 130.64, 125.12, 5.56474e-05
_2452_, 22.235, 125.12, 0.000120458
_2509_, 22.235, 125.12, 0.000120458
_2512_, 22.235, 125.12, 0.000120458
_2286_, 54.05, 125.12, 4.64367e-05
_2287_, 54.05, 125.12, 4.64367e-05
_2297_, 54.05, 125.12, 4.64367e-05
_2298_, 54.05, 125.12, 4.64367e-05
_2299_, 54.05, 125.12, 4.64367e-05
FILLER_0_42_92, 54.05, 125.12, 4.64367e-05
FILLER_0_42_105, 54.05, 125.12, 4.64367e-05
FILLER_0_43_100, 54.05, 125.12, 4.64367e-05
FILLER_0_43_106, 54.05, 125.12, 4.64367e-05
_1854_, 120.905, 125.12, 4.12216e-05
_1856_, 120.905, 125.12, 4.12216e-05
_1857_, 120.905, 125.12, 4.12216e-05
_1929_, 120.905, 125.12, 4.12216e-05
_2042_, 120.905, 125.12, 4.12216e-05
FILLER_0_42_253, 120.905, 125.12, 4.12216e-05
_1984_, 160.695, 125.12, 9.18598e-05
FILLER_0_43_332, 160.695, 125.12, 9.18598e-05
FILLER_0_43_337, 160.695, 125.12, 9.18598e-05
PHY_EDGE_ROW_39_Left_99, 5.52, 119.68, 3.27411e-05
PHY_EDGE_ROW_40_Left_100, 5.52, 119.68, 3.27411e-05
PHY_EDGE_ROW_39_Right_39, 169.28, 119.68, 6.67807e-05
PHY_EDGE_ROW_40_Right_40, 169.28, 119.68, 6.67807e-05
input9, 169.28, 119.68, 6.67807e-05
_2364_, 46.92, 119.68, 2.40123e-05
_2366_, 46.92, 119.68, 2.40123e-05
FILLER_0_39_96, 46.92, 119.68, 2.40123e-05
FILLER_0_40_93, 46.92, 119.68, 2.40123e-05
_2220_, 65.32, 119.68, 1.73353e-05
_2221_, 65.32, 119.68, 1.73353e-05
_2289_, 65.32, 119.68, 1.73353e-05
FILLER_0_40_129, 65.32, 119.68, 1.73353e-05
_1960_, 126.96, 119.68, 3.33045e-05
_1961_, 126.96, 119.68, 3.33045e-05
_1963_, 126.96, 119.68, 3.33045e-05
_1966_, 126.96, 119.68, 3.33045e-05
FILLER_0_40_267, 126.96, 119.68, 3.33045e-05
FILLER_0_39_9, 9.66, 119.68, 3.27411e-05
_2510_, 15.18, 119.68, 3.27411e-05
FILLER_0_41_27, 15.18, 119.68, 3.27411e-05
_2450_, 25.76, 119.68, 2.776e-05
_2381_, 31.28, 119.68, 2.53474e-05
_2382_, 31.28, 119.68, 2.53474e-05
_2415_, 31.28, 119.68, 2.53474e-05
wire66, 31.28, 119.68, 2.53474e-05
FILLER_0_41_57, 31.28, 119.68, 2.53474e-05
_2107_, 77.74, 119.68, 1.80689e-05
_2108_, 77.74, 119.68, 1.80689e-05
_2164_, 77.74, 119.68, 1.80689e-05
_2172_, 77.74, 119.68, 1.80689e-05
_2212_, 77.74, 119.68, 1.80689e-05
FILLER_0_41_161, 77.74, 119.68, 1.80689e-05
_2033_, 92.46, 119.68, 2.01411e-05
_2034_, 92.46, 119.68, 2.01411e-05
FILLER_0_40_197, 92.46, 119.68, 2.01411e-05
_1642_, 113.16, 119.68, 1.98843e-05
_1787_, 113.16, 119.68, 1.98843e-05
_1786_, 118.68, 119.68, 2.53802e-05
_1855_, 118.68, 119.68, 2.53802e-05
FILLER_0_40_253, 118.68, 119.68, 2.53802e-05
FILLER_0_41_248, 118.68, 119.68, 2.53802e-05
_1892_, 135.7, 119.68, 3.84657e-05
_1964_, 135.7, 119.68, 3.84657e-05
_2368_, 39.1, 119.68, 2.513e-05
_2410_, 39.1, 119.68, 2.513e-05
FILLER_0_39_73, 39.1, 119.68, 2.513e-05
FILLER_0_40_67, 39.1, 119.68, 2.513e-05
FILLER_0_41_69, 39.1, 119.68, 2.513e-05
_2294_, 56.12, 119.68, 2.19031e-05
_2295_, 56.12, 119.68, 2.19031e-05
_2296_, 56.12, 119.68, 2.19031e-05
_2362_, 56.12, 119.68, 2.19031e-05
FILLER_0_39_113, 56.12, 119.68, 2.19031e-05
FILLER_0_40_107, 56.12, 119.68, 2.19031e-05
_1852_, 85.1, 119.68, 1.92181e-05
_1954_, 101.815, 119.68, 2.05524e-05
_1958_, 101.815, 119.68, 2.05524e-05
_2025_, 101.815, 119.68, 2.05524e-05
_2037_, 101.815, 119.68, 2.05524e-05
FILLER_0_41_215, 101.815, 119.68, 2.05524e-05
_1898_, 143.905, 119.68, 4.16665e-05
_1938_, 143.905, 119.68, 4.16665e-05
FILLER_0_41_305, 143.905, 119.68, 4.16665e-05
_1979_, 160.695, 119.68, 6.53867e-05
max_cap67, 160.695, 119.68, 6.53867e-05
FILLER_0_39_332, 160.695, 119.68, 6.53867e-05
FILLER_0_41_333, 160.695, 119.68, 6.53867e-05
FILLER_0_41_337, 160.695, 119.68, 6.53867e-05
PHY_EDGE_ROW_37_Left_97, 5.52, 114.24, 4.71912e-05
PHY_EDGE_ROW_38_Left_98, 5.52, 114.24, 4.71912e-05
input8, 5.52, 114.24, 4.71912e-05
PHY_EDGE_ROW_37_Right_37, 169.28, 114.24, 2.74247e-05
PHY_EDGE_ROW_38_Right_38, 169.28, 114.24, 2.74247e-05
FILLER_0_38_15, 9.66, 114.24, 4.66195e-05
_2505_, 15.18, 114.24, 4.58573e-05
_2506_, 15.18, 114.24, 4.58573e-05
_2507_, 15.18, 114.24, 4.58573e-05
_2448_, 20.7, 114.24, 4.26305e-05
_2449_, 20.7, 114.24, 4.26305e-05
_2508_, 20.7, 114.24, 4.26305e-05
FILLER_0_38_29, 20.7, 114.24, 4.26305e-05
_2367_, 45.54, 114.24, 3.18544e-05
_2375_, 45.54, 114.24, 3.18544e-05
_2376_, 45.54, 114.24, 3.18544e-05
_2377_, 45.54, 114.24, 3.18544e-05
_2378_, 45.54, 114.24, 3.18544e-05
_2293_, 54.28, 114.24, 2.83081e-05
_2369_, 54.28, 114.24, 2.83081e-05
_2370_, 54.28, 114.24, 2.83081e-05
FILLER_0_38_106, 54.28, 114.24, 2.83081e-05
FILLER_0_39_108, 54.28, 114.24, 2.83081e-05
_2291_, 66.7, 114.24, 1.99867e-05
_1956_, 92.46, 114.24, 2.22633e-05
_2023_, 92.46, 114.24, 2.22633e-05
_2024_, 92.46, 114.24, 2.22633e-05
_2073_, 92.46, 114.24, 2.22633e-05
FILLER_0_38_185, 92.46, 114.24, 2.22633e-05
FILLER_0_38_193, 92.46, 114.24, 2.22633e-05
_1671_, 103.5, 114.24, 2.01973e-05
_1739_, 103.5, 114.24, 2.01973e-05
_1785_, 103.5, 114.24, 2.01973e-05
_1953_, 103.5, 114.24, 2.01973e-05
FILLER_0_37_219, 103.5, 114.24, 2.01973e-05
FILLER_0_39_215, 103.5, 114.24, 2.01973e-05
_1580_, 117.3, 114.24, 1.9583e-05
_1789_, 117.3, 114.24, 1.9583e-05
_1859_, 122.82, 114.24, 2.17589e-05
_1885_, 122.82, 114.24, 2.17589e-05
_1886_, 122.82, 114.24, 2.17589e-05
FILLER_0_38_253, 122.82, 114.24, 2.17589e-05
_1890_, 137.54, 114.24, 2.49773e-05
_1891_, 137.54, 114.24, 2.49773e-05
_1893_, 137.54, 114.24, 2.49773e-05
FILLER_0_38_280, 137.54, 114.24, 2.49773e-05
_1895_, 143.06, 114.24, 2.44793e-05
FILLER_0_38_305, 143.06, 114.24, 2.44793e-05
_1902_, 163.3, 114.24, 2.72768e-05
_2250_, 60.72, 114.24, 2.53055e-05
_2251_, 60.72, 114.24, 2.53055e-05
_2292_, 60.72, 114.24, 2.53055e-05
FILLER_0_38_126, 60.72, 114.24, 2.53055e-05
_1884_, 85.1, 114.24, 2.17881e-05
_2109_, 85.1, 114.24, 2.17881e-05
_2218_, 85.1, 114.24, 2.17881e-05
FILLER_0_39_169, 85.1, 114.24, 2.17881e-05
FILLER_0_39_177, 85.1, 114.24, 2.17881e-05
_1882_, 111.32, 114.24, 1.59064e-05
FILLER_0_38_236, 111.32, 114.24, 1.59064e-05
input21, 165.14, 114.24, 2.74247e-05
FILLER_0_37_349, 165.14, 114.24, 2.74247e-05
_2360_, 37.415, 114.24, 3.27814e-05
_2379_, 37.415, 114.24, 3.27814e-05
_2380_, 37.415, 114.24, 3.27814e-05
_2384_, 37.415, 114.24, 3.27814e-05
FILLER_0_37_74, 37.415, 114.24, 3.27814e-05
_2103_, 77.665, 114.24, 1.96087e-05
_2170_, 77.665, 114.24, 1.96087e-05
_2180_, 77.665, 114.24, 1.96087e-05
FILLER_0_37_153, 77.665, 114.24, 1.96087e-05
FILLER_0_38_154, 77.665, 114.24, 1.96087e-05
FILLER_0_39_153, 77.665, 114.24, 1.96087e-05
_1883_, 130.18, 114.24, 2.3826e-05
_1888_, 130.18, 114.24, 2.3826e-05
_1959_, 130.18, 114.24, 2.3826e-05
FILLER_0_39_270, 130.18, 114.24, 2.3826e-05
PHY_EDGE_ROW_35_Left_95, 5.52, 108.8, 2.61751e-05
PHY_EDGE_ROW_36_Left_96, 5.52, 108.8, 2.61751e-05
FILLER_0_36_3, 5.52, 108.8, 2.61751e-05
PHY_EDGE_ROW_35_Right_35, 169.28, 108.8, 1.27875e-05
PHY_EDGE_ROW_36_Right_36, 169.28, 108.8, 1.27875e-05
FILLER_0_36_350, 169.28, 108.8, 1.27875e-05
_2557_, 9.66, 108.8, 2.61751e-05
FILLER_0_36_11, 9.66, 108.8, 2.61751e-05
_2242_, 54.28, 108.8, 2.29507e-05
_2283_, 54.28, 108.8, 2.29507e-05
_2319_, 54.28, 108.8, 2.29507e-05
_2321_, 54.28, 108.8, 2.29507e-05
_2248_, 66.7, 108.8, 1.58718e-05
FILLER_0_36_126, 66.7, 108.8, 1.58718e-05
_2104_, 78.66, 108.8, 1.64856e-05
_2179_, 78.66, 108.8, 1.64856e-05
FILLER_0_36_151, 78.66, 108.8, 1.64856e-05
FILLER_0_37_164, 78.66, 108.8, 1.64856e-05
_2361_, 35.42, 108.8, 2.17791e-05
_2431_, 35.42, 108.8, 2.17791e-05
_2503_, 35.42, 108.8, 2.17791e-05
_2101_, 85.1, 108.8, 1.81666e-05
_2102_, 85.1, 108.8, 1.81666e-05
_2111_, 85.1, 108.8, 1.81666e-05
FILLER_0_36_179, 85.1, 108.8, 1.81666e-05
FILLER_0_37_169, 85.1, 108.8, 1.81666e-05
_1813_, 130.64, 108.8, 1.57014e-05
_1814_, 130.64, 108.8, 1.57014e-05
_1887_, 130.64, 108.8, 1.57014e-05
FILLER_0_35_277, 130.64, 108.8, 1.57014e-05
_1818_, 136.16, 108.8, 1.52304e-05
_1889_, 136.16, 108.8, 1.52304e-05
FILLER_0_35_281, 136.16, 108.8, 1.52304e-05
_1821_, 144.44, 108.8, 1.39137e-05
FILLER_0_36_309, 144.44, 108.8, 1.39137e-05
FILLER_0_37_305, 144.44, 108.8, 1.39137e-05
_1792_, 160.08, 108.8, 1.27875e-05
FILLER_0_36_342, 160.08, 108.8, 1.27875e-05
FILLER_0_37_331, 160.08, 108.8, 1.27875e-05
_2501_, 19.475, 108.8, 2.49565e-05
_2502_, 19.475, 108.8, 2.49565e-05
_2504_, 19.475, 108.8, 2.49565e-05
_2555_, 19.475, 108.8, 2.49565e-05
_1850_, 44.85, 108.8, 2.43801e-05
_2320_, 44.85, 108.8, 2.43801e-05
_2428_, 44.85, 108.8, 2.43801e-05
FILLER_0_36_78, 44.85, 108.8, 2.43801e-05
FILLER_0_36_85, 44.85, 108.8, 2.43801e-05
_1881_, 98.135, 108.8, 1.64891e-05
_1950_, 98.135, 108.8, 1.64891e-05
_1951_, 98.135, 108.8, 1.64891e-05
_1952_, 98.135, 108.8, 1.64891e-05
_2022_, 98.135, 108.8, 1.64891e-05
_1784_, 120.905, 108.8, 1.55657e-05
_1810_, 120.905, 108.8, 1.55657e-05
_1947_, 120.905, 108.8, 1.55657e-05
_1995_, 120.905, 108.8, 1.55657e-05
FILLER_0_36_248, 120.905, 108.8, 1.55657e-05
_2552_, 5.52, 103.36, 8.56373e-05
PHY_EDGE_ROW_33_Left_93, 5.52, 103.36, 8.56373e-05
PHY_EDGE_ROW_34_Left_94, 5.52, 103.36, 8.56373e-05
output54, 5.52, 103.36, 8.56373e-05
PHY_EDGE_ROW_33_Right_33, 169.28, 103.36, 1.07195e-05
PHY_EDGE_ROW_34_Right_34, 169.28, 103.36, 1.07195e-05
_2432_, 34.5, 103.36, 2.9884e-05
FILLER_0_34_61, 34.5, 103.36, 2.9884e-05
FILLER_0_35_60, 34.5, 103.36, 2.9884e-05
_2374_, 40.02, 103.36, 2.79792e-05
_2430_, 40.02, 103.36, 2.79792e-05
FILLER_0_33_81, 40.02, 103.36, 2.79792e-05
_2373_, 52.9, 103.36, 2.23594e-05
FILLER_0_34_109, 52.9, 103.36, 2.23594e-05
_1811_, 137.54, 103.36, 1.26389e-05
_1815_, 137.54, 103.36, 1.26389e-05
_1816_, 137.54, 103.36, 1.26389e-05
_1819_, 137.54, 103.36, 1.26389e-05
_1820_, 143.06, 103.36, 1.21535e-05
_1894_, 143.06, 103.36, 1.21535e-05
FILLER_0_32_299, 143.06, 103.36, 1.21535e-05
FILLER_0_33_305, 143.06, 103.36, 1.21535e-05
FILLER_0_34_296, 143.06, 103.36, 1.21535e-05
input16, 163.3, 103.36, 1.07195e-05
FILLER_0_35_344, 163.3, 103.36, 1.07195e-05
_2498_, 25.3, 103.36, 4.35788e-05
_2499_, 25.3, 103.36, 4.35788e-05
_2553_, 25.3, 103.36, 4.35788e-05
FILLER_0_35_47, 25.3, 103.36, 4.35788e-05
_2239_, 63.02, 103.36, 1.71779e-05
_2240_, 63.02, 103.36, 1.71779e-05
_2241_, 63.02, 103.36, 1.71779e-05
FILLER_0_34_131, 63.02, 103.36, 1.71779e-05
_2020_, 89.7, 103.36, 1.34109e-05
_2094_, 89.7, 103.36, 1.34109e-05
FILLER_0_34_192, 89.7, 103.36, 1.34109e-05
FILLER_0_35_190, 89.7, 103.36, 1.34109e-05
_1948_, 98.9, 103.36, 1.19789e-05
_1949_, 98.9, 103.36, 1.19789e-05
FILLER_0_33_208, 98.9, 103.36, 1.19789e-05
_1808_, 104.42, 103.36, 1.07857e-05
_1877_, 104.42, 103.36, 1.07857e-05
FILLER_0_34_221, 104.42, 103.36, 1.07857e-05
FILLER_0_35_211, 104.42, 103.36, 1.07857e-05
_1809_, 116.38, 103.36, 1.01698e-05
_1946_, 116.38, 103.36, 1.01698e-05
FILLER_0_33_243, 116.38, 103.36, 1.01698e-05
FILLER_0_34_247, 116.38, 103.36, 1.01698e-05
FILLER_0_35_238, 116.38, 103.36, 1.01698e-05
FILLER_0_34_265, 124.66, 103.36, 1.1136e-05
_1846_, 157.32, 103.36, 1.01206e-05
FILLER_0_33_329, 157.32, 103.36, 1.01206e-05
_2500_, 15.41, 103.36, 7.16668e-05
_2550_, 15.41, 103.36, 7.16668e-05
_2551_, 15.41, 103.36, 7.16668e-05
_2556_, 15.41, 103.36, 7.16668e-05
FILLER_0_35_24, 15.41, 103.36, 7.16668e-05
_1806_, 79.965, 103.36, 1.42117e-05
_2028_, 79.965, 103.36, 1.42117e-05
_2100_, 79.965, 103.36, 1.42117e-05
_2143_, 79.965, 103.36, 1.42117e-05
_2175_, 79.965, 103.36, 1.42117e-05
_2176_, 79.965, 103.36, 1.42117e-05
PHY_EDGE_ROW_31_Left_91, 5.52, 97.92, 3.48408e-05
PHY_EDGE_ROW_32_Left_92, 5.52, 97.92, 3.48408e-05
FILLER_0_33_3, 5.52, 97.92, 3.48408e-05
PHY_EDGE_ROW_31_Right_31, 169.28, 97.92, 9.35049e-06
PHY_EDGE_ROW_32_Right_32, 169.28, 97.92, 9.35049e-06
_2548_, 9.66, 97.92, 3.48408e-05
_2549_, 9.66, 97.92, 3.48408e-05
_2592_, 9.66, 97.92, 3.48408e-05
_2445_, 27.14, 97.92, 1.84336e-05
FILLER_0_33_48, 27.14, 97.92, 1.84336e-05
_2440_, 35.88, 97.92, 1.77186e-05
_2441_, 35.88, 97.92, 1.77186e-05
_2442_, 35.88, 97.92, 1.77186e-05
_2443_, 35.88, 97.92, 1.77186e-05
FILLER_0_31_72, 35.88, 97.92, 1.77186e-05
FILLER_0_32_71, 35.88, 97.92, 1.77186e-05
_2371_, 45.54, 97.92, 1.79418e-05
_2372_, 45.54, 97.92, 1.79418e-05
FILLER_0_32_81, 45.54, 97.92, 1.79418e-05
FILLER_0_32_85, 45.54, 97.92, 1.79418e-05
FILLER_0_32_344, 163.3, 97.92, 9.35048e-06
FILLER_0_33_349, 163.3, 97.92, 9.35048e-06
_2540_, 13.34, 97.92, 3.21802e-05
FILLER_0_32_23, 13.34, 97.92, 3.21802e-05
_2427_, 21.62, 97.92, 2.42991e-05
FILLER_0_31_34, 21.62, 97.92, 2.42991e-05
FILLER_0_32_41, 21.62, 97.92, 2.42991e-05
_2234_, 64.86, 97.92, 1.3277e-05
_2307_, 64.86, 97.92, 1.3277e-05
_1812_, 77.74, 97.92, 1.18568e-05
FILLER_0_32_163, 77.74, 97.92, 1.18568e-05
FILLER_0_33_150, 77.74, 97.92, 1.18568e-05
FILLER_0_31_215, 106.26, 97.92, 9.23221e-06
_1871_, 111.78, 97.92, 8.49893e-06
_1872_, 111.78, 97.92, 8.49893e-06
_1874_, 111.78, 97.92, 8.49893e-06
_1942_, 111.78, 97.92, 8.49893e-06
_1804_, 150.42, 97.92, 1.01597e-05
_1824_, 150.42, 97.92, 1.01597e-05
FILLER_0_31_310, 150.42, 97.92, 1.01597e-05
FILLER_0_33_314, 150.42, 97.92, 1.01597e-05
_2315_, 55.2, 97.92, 1.70424e-05
_2316_, 55.2, 97.92, 1.70424e-05
_2317_, 55.2, 97.92, 1.70424e-05
_2363_, 55.2, 97.92, 1.70424e-05
FILLER_0_33_109, 55.2, 97.92, 1.70424e-05
FILLER_0_33_113, 55.2, 97.92, 1.70424e-05
_2029_, 87.246, 97.92, 1.25852e-05
_2030_, 87.246, 97.92, 1.25852e-05
_2031_, 87.246, 97.92, 1.25852e-05
_2099_, 87.246, 97.92, 1.25852e-05
FILLER_0_32_186, 87.246, 97.92, 1.25852e-05
FILLER_0_33_176, 87.246, 97.92, 1.25852e-05
_1878_, 96.753, 97.92, 1.13217e-05
_2021_, 96.753, 97.92, 1.13217e-05
FILLER_0_31_198, 96.753, 97.92, 1.13217e-05
FILLER_0_32_197, 96.753, 97.92, 1.13217e-05
_1736_, 124.66, 97.92, 1.32087e-05
_1873_, 124.66, 97.92, 1.32087e-05
_1875_, 124.66, 97.92, 1.32087e-05
_1876_, 124.66, 97.92, 1.32087e-05
_1918_, 124.66, 97.92, 1.32087e-05
FILLER_0_31_260, 124.66, 97.92, 1.32087e-05
FILLER_0_32_267, 124.66, 97.92, 1.32087e-05
_1374_, 137.54, 97.92, 1.27943e-05
_1743_, 137.54, 97.92, 1.27943e-05
_1817_, 137.54, 97.92, 1.27943e-05
FILLER_0_32_280, 137.54, 97.92, 1.27943e-05
FILLER_0_33_275, 137.54, 97.92, 1.27943e-05
_2547_, 5.52, 92.48, 2.62271e-05
PHY_EDGE_ROW_29_Left_89, 5.52, 92.48, 2.62271e-05
PHY_EDGE_ROW_30_Left_90, 5.52, 92.48, 2.62271e-05
PHY_EDGE_ROW_29_Right_29, 169.28, 92.48, 2.96242e-05
PHY_EDGE_ROW_30_Right_30, 169.28, 92.48, 2.96242e-05
FILLER_0_29_350, 169.28, 92.48, 2.96242e-05
_1607_, 128.8, 92.48, 2.20115e-05
_1737_, 128.8, 92.48, 2.20115e-05
_1741_, 128.8, 92.48, 2.20115e-05
FILLER_0_29_274, 128.8, 92.48, 2.20115e-05
FILLER_0_30_270, 128.8, 92.48, 2.20115e-05
_1738_, 137.54, 92.48, 2.34432e-05
_1742_, 137.54, 92.48, 2.34432e-05
_1744_, 137.54, 92.48, 2.34432e-05
_1747_, 137.54, 92.48, 2.34432e-05
FILLER_0_29_293, 137.54, 92.48, 2.34432e-05
FILLER_0_30_286, 137.54, 92.48, 2.34432e-05
FILLER_0_31_294, 137.54, 92.48, 2.34432e-05
_2541_, 14.26, 92.48, 2.48923e-05
_2546_, 14.26, 92.48, 2.48923e-05
FILLER_0_29_22, 14.26, 92.48, 2.48923e-05
FILLER_0_30_25, 14.26, 92.48, 2.48923e-05
FILLER_0_31_26, 14.26, 92.48, 2.48923e-05
_2356_, 34.96, 92.48, 1.76022e-05
_2359_, 34.96, 92.48, 1.76022e-05
FILLER_0_30_70, 34.96, 92.48, 1.76022e-05
_2306_, 57.04, 92.48, 1.67099e-05
_2314_, 57.04, 92.48, 1.67099e-05
FILLER_0_31_113, 57.04, 92.48, 1.67099e-05
_2235_, 62.56, 92.48, 1.48869e-05
_2236_, 62.56, 92.48, 1.48869e-05
_2237_, 62.56, 92.48, 1.48869e-05
FILLER_0_30_130, 62.56, 92.48, 1.48869e-05
_1393_, 163.3, 92.48, 2.96242e-05
_1912_, 163.3, 92.48, 2.96242e-05
output55, 163.3, 92.48, 2.96242e-05
FILLER_0_31_349, 163.3, 92.48, 2.96242e-05
_2495_, 21.775, 92.48, 2.27338e-05
_2496_, 21.775, 92.48, 2.27338e-05
_2497_, 21.775, 92.48, 2.27338e-05
_2543_, 21.775, 92.48, 2.27338e-05
FILLER_0_30_29, 21.775, 92.48, 2.27338e-05
_2026_, 46, 92.48, 1.90199e-05
_2318_, 46, 92.48, 1.90199e-05
_2435_, 46, 92.48, 1.90199e-05
FILLER_0_29_91, 46, 92.48, 1.90199e-05
FILLER_0_30_85, 46, 92.48, 1.90199e-05
FILLER_0_30_95, 46, 92.48, 1.90199e-05
_2027_, 80.465, 92.48, 1.51012e-05
_2097_, 80.465, 92.48, 1.51012e-05
_2098_, 80.465, 92.48, 1.51012e-05
_2163_, 80.465, 92.48, 1.51012e-05
FILLER_0_30_155, 80.465, 92.48, 1.51012e-05
FILLER_0_31_164, 80.465, 92.48, 1.51012e-05
FILLER_0_31_169, 80.465, 92.48, 1.51012e-05
_1732_, 90.7, 92.48, 1.69903e-05
_1802_, 90.7, 92.48, 1.69903e-05
_2019_, 90.7, 92.48, 1.69903e-05
FILLER_0_30_183, 90.7, 92.48, 1.69903e-05
FILLER_0_30_193, 90.7, 92.48, 1.69903e-05
FILLER_0_31_183, 90.7, 92.48, 1.69903e-05
_1731_, 100.935, 92.48, 1.59224e-05
_1733_, 100.935, 92.48, 1.59224e-05
_1735_, 100.935, 92.48, 1.59224e-05
_1807_, 100.935, 92.48, 1.59224e-05
_2018_, 100.935, 92.48, 1.59224e-05
_1734_, 119.985, 92.48, 1.83975e-05
_1797_, 119.985, 92.48, 1.83975e-05
_1939_, 119.985, 92.48, 1.83975e-05
FILLER_0_29_247, 119.985, 92.48, 1.83975e-05
FILLER_0_30_246, 119.985, 92.48, 1.83975e-05
FILLER_0_31_249, 119.985, 92.48, 1.83975e-05
_1746_, 144.825, 92.48, 2.28901e-05
_1749_, 144.825, 92.48, 2.28901e-05
_1803_, 144.825, 92.48, 2.28901e-05
_1822_, 144.825, 92.48, 2.28901e-05
_1847_, 144.825, 92.48, 2.28901e-05
FILLER_0_30_300, 144.825, 92.48, 2.28901e-05
PHY_EDGE_ROW_27_Left_87, 5.52, 87.04, 0.000101876
PHY_EDGE_ROW_28_Left_88, 5.52, 87.04, 0.000101876
output35, 5.52, 87.04, 0.000101876
PHY_EDGE_ROW_27_Right_27, 169.28, 87.04, 3.7421e-05
PHY_EDGE_ROW_28_Right_28, 169.28, 87.04, 3.7421e-05
FILLER_0_27_350, 169.28, 87.04, 3.7421e-05
_2594_, 17.94, 87.04, 6.8513e-05
FILLER_0_28_24, 17.94, 87.04, 6.8513e-05
_2476_, 34.5, 87.04, 3.48324e-05
_2357_, 40.02, 87.04, 3.38439e-05
_2358_, 40.02, 87.04, 3.38439e-05
FILLER_0_28_73, 40.02, 87.04, 3.38439e-05
_2305_, 48.76, 87.04, 3.03266e-05
_2354_, 48.76, 87.04, 3.03266e-05
_2355_, 48.76, 87.04, 3.03266e-05
_2429_, 48.76, 87.04, 3.03266e-05
_2304_, 54.28, 87.04, 2.70727e-05
FILLER_0_28_104, 54.28, 87.04, 2.70727e-05
FILLER_0_28_112, 54.28, 87.04, 2.70727e-05
FILLER_0_29_109, 54.28, 87.04, 2.70727e-05
_2311_, 60.26, 87.04, 2.33508e-05
_2312_, 60.26, 87.04, 2.33508e-05
_2313_, 60.26, 87.04, 2.33508e-05
_2347_, 60.26, 87.04, 2.33508e-05
FILLER_0_28_135, 65.78, 87.04, 1.90454e-05
FILLER_0_29_134, 65.78, 87.04, 1.90454e-05
_1703_, 116.38, 87.04, 1.83055e-05
_1704_, 116.38, 87.04, 1.83055e-05
FILLER_0_28_247, 116.38, 87.04, 1.83055e-05
_2545_, 9.66, 87.04, 9.13397e-05
_2595_, 9.66, 87.04, 9.13397e-05
FILLER_0_27_9, 9.66, 87.04, 9.13397e-05
FILLER_0_29_9, 9.66, 87.04, 9.13397e-05
_2493_, 21.62, 87.04, 5.82787e-05
_2480_, 27.14, 87.04, 4.21241e-05
_2494_, 27.14, 87.04, 4.21241e-05
FILLER_0_27_48, 27.14, 87.04, 4.21241e-05
_2096_, 78.66, 87.04, 1.93073e-05
_2105_, 78.66, 87.04, 1.93073e-05
FILLER_0_27_154, 78.66, 87.04, 1.93073e-05
FILLER_0_29_155, 78.66, 87.04, 1.93073e-05
_1609_, 84.18, 87.04, 2.09753e-05
_2095_, 84.18, 87.04, 2.09753e-05
FILLER_0_27_169, 84.18, 87.04, 2.09753e-05
FILLER_0_28_177, 84.18, 87.04, 2.09753e-05
FILLER_0_29_176, 84.18, 87.04, 2.09753e-05
_1608_, 98.9, 87.04, 2.03491e-05
_1724_, 98.9, 87.04, 2.03491e-05
_1725_, 98.9, 87.04, 2.03491e-05
_1798_, 98.9, 87.04, 2.03491e-05
FILLER_0_27_201, 98.9, 87.04, 2.03491e-05
FILLER_0_29_199, 98.9, 87.04, 2.03491e-05
clone1, 104.42, 87.04, 1.82126e-05
FILLER_0_27_216, 104.42, 87.04, 1.82126e-05
FILLER_0_29_214, 104.42, 87.04, 1.82126e-05
_1751_, 143.98, 87.04, 2.9024e-05
FILLER_0_27_298, 143.98, 87.04, 2.9024e-05
_1748_, 150.42, 87.04, 2.95421e-05
_1752_, 150.42, 87.04, 2.95421e-05
FILLER_0_29_313, 150.42, 87.04, 2.95421e-05
_1664_, 91.54, 87.04, 2.17258e-05
_1880_, 91.54, 87.04, 2.17258e-05
FILLER_0_27_189, 91.54, 87.04, 2.17258e-05
_1672_, 125.58, 87.04, 2.32964e-05
_1705_, 125.58, 87.04, 2.32964e-05
_1708_, 125.58, 87.04, 2.32964e-05
_1710_, 125.58, 87.04, 2.32964e-05
_1790_, 125.58, 87.04, 2.32964e-05
FILLER_0_27_260, 125.58, 87.04, 2.32964e-05
FILLER_0_28_261, 125.58, 87.04, 2.32964e-05
_1611_, 134.78, 87.04, 2.69066e-05
_1673_, 134.78, 87.04, 2.69066e-05
_1745_, 134.78, 87.04, 2.69066e-05
FILLER_0_27_277, 134.78, 87.04, 2.69066e-05
FILLER_0_28_283, 134.78, 87.04, 2.69066e-05
_1905_, 160.695, 87.04, 3.7421e-05
_1906_, 160.695, 87.04, 3.7421e-05
FILLER_0_28_333, 160.695, 87.04, 3.7421e-05
FILLER_0_29_337, 160.695, 87.04, 3.7421e-05
_2593_, 5.52, 81.6, 5.12157e-05
PHY_EDGE_ROW_25_Left_85, 5.52, 81.6, 5.12157e-05
PHY_EDGE_ROW_26_Left_86, 5.52, 81.6, 5.12157e-05
output57, 5.52, 81.6, 5.12157e-05
PHY_EDGE_ROW_25_Right_25, 169.28, 81.6, 5.40108e-05
PHY_EDGE_ROW_26_Right_26, 169.28, 81.6, 5.40108e-05
output64, 169.28, 81.6, 5.40108e-05
_2596_, 15.18, 81.6, 4.52412e-05
_2597_, 15.18, 81.6, 4.52412e-05
_2608_, 15.18, 81.6, 4.52412e-05
FILLER_0_26_24, 15.18, 81.6, 4.52412e-05
_2492_, 20.7, 81.6, 3.86914e-05
_2598_, 20.7, 81.6, 3.86914e-05
FILLER_0_26_34, 20.7, 81.6, 3.86914e-05
_2426_, 26.22, 81.6, 3.01405e-05
_2491_, 26.22, 81.6, 3.01405e-05
_2520_, 26.22, 81.6, 3.01405e-05
_2542_, 26.22, 81.6, 3.01405e-05
_1709_, 117.3, 81.6, 1.92728e-05
_1729_, 117.3, 81.6, 1.92728e-05
_1780_, 117.3, 81.6, 1.92728e-05
FILLER_0_25_249, 117.3, 81.6, 1.92728e-05
_1610_, 128.34, 81.6, 2.26879e-05
FILLER_0_26_272, 128.34, 81.6, 2.26879e-05
_2348_, 62.1, 81.6, 1.9619e-05
_2424_, 62.1, 81.6, 1.9619e-05
FILLER_0_26_129, 62.1, 81.6, 1.9619e-05
_1670_, 139.84, 81.6, 2.6004e-05
_1674_, 139.84, 81.6, 2.6004e-05
_1675_, 139.84, 81.6, 2.6004e-05
_1750_, 139.84, 81.6, 2.6004e-05
FILLER_0_26_298, 139.84, 81.6, 2.6004e-05
_1827_, 154.1, 81.6, 3.09953e-05
_1828_, 154.1, 81.6, 3.09953e-05
FILLER_0_25_321, 154.1, 81.6, 3.09953e-05
FILLER_0_26_329, 154.1, 81.6, 3.09953e-05
_2346_, 40.226, 81.6, 2.54467e-05
_2438_, 40.226, 81.6, 2.54467e-05
_2439_, 40.226, 81.6, 2.54467e-05
_2488_, 40.226, 81.6, 2.54467e-05
_2522_, 40.226, 81.6, 2.54467e-05
_2351_, 51.163, 81.6, 2.30136e-05
_2416_, 51.163, 81.6, 2.30136e-05
FILLER_0_25_97, 51.163, 81.6, 2.30136e-05
FILLER_0_26_95, 51.163, 81.6, 2.30136e-05
_1718_, 80.465, 81.6, 2.14784e-05
_1782_, 80.465, 81.6, 2.14784e-05
_1955_, 80.465, 81.6, 2.14784e-05
_2106_, 80.465, 81.6, 2.14784e-05
_2110_, 80.465, 81.6, 2.14784e-05
FILLER_0_26_154, 80.465, 81.6, 2.14784e-05
FILLER_0_27_163, 80.465, 81.6, 2.14784e-05
_1799_, 90.7, 81.6, 2.21219e-05
_1800_, 90.7, 81.6, 2.21219e-05
_1801_, 90.7, 81.6, 2.21219e-05
FILLER_0_25_191, 90.7, 81.6, 2.21219e-05
FILLER_0_26_192, 90.7, 81.6, 2.21219e-05
FILLER_0_27_179, 90.7, 81.6, 2.21219e-05
_1600_, 100.935, 81.6, 2.13662e-05
_1606_, 100.935, 81.6, 2.13662e-05
_1721_, 100.935, 81.6, 2.13662e-05
_1726_, 100.935, 81.6, 2.13662e-05
_1796_, 100.935, 81.6, 2.13662e-05
FILLER_0_26_217, 100.935, 81.6, 2.13662e-05
_1793_, 161.69, 81.6, 4.36952e-05
_1794_, 161.69, 81.6, 4.36952e-05
_1842_, 161.69, 81.6, 4.36952e-05
_1843_, 161.69, 81.6, 4.36952e-05
PHY_EDGE_ROW_23_Left_83, 5.52, 76.16, 2.67787e-05
PHY_EDGE_ROW_24_Left_84, 5.52, 76.16, 2.67787e-05
FILLER_0_25_3, 5.52, 76.16, 2.67787e-05
PHY_EDGE_ROW_23_Right_23, 169.28, 76.16, 3.01059e-05
PHY_EDGE_ROW_24_Right_24, 169.28, 76.16, 3.01059e-05
FILLER_0_23_349, 169.28, 76.16, 3.01059e-05
_2607_, 9.66, 76.16, 2.67787e-05
_2609_, 9.66, 76.16, 2.67787e-05
_2521_, 34.5, 76.16, 1.70466e-05
_2525_, 34.5, 76.16, 1.70466e-05
FILLER_0_24_67, 34.5, 76.16, 1.70466e-05
_2489_, 43.7, 76.16, 1.76521e-05
_2519_, 43.7, 76.16, 1.76521e-05
FILLER_0_25_84, 43.7, 76.16, 1.76521e-05
_2349_, 51.98, 76.16, 1.68942e-05
_2350_, 51.98, 76.16, 1.68942e-05
_2353_, 51.98, 76.16, 1.68942e-05
FILLER_0_23_107, 51.98, 76.16, 1.68942e-05
FILLER_0_24_97, 51.98, 76.16, 1.68942e-05
FILLER_0_24_112, 51.98, 76.16, 1.68942e-05
FILLER_0_24_135, 65.78, 76.16, 1.43155e-05
FILLER_0_25_135, 65.78, 76.16, 1.43155e-05
_1605_, 128.34, 76.16, 2.1487e-05
_1612_, 128.34, 76.16, 2.1487e-05
_1676_, 128.34, 76.16, 2.1487e-05
FILLER_0_24_271, 128.34, 76.16, 2.1487e-05
FILLER_0_25_273, 128.34, 76.16, 2.1487e-05
_1613_, 137.54, 76.16, 2.31065e-05
_1677_, 137.54, 76.16, 2.31065e-05
_1678_, 137.54, 76.16, 2.31065e-05
_1680_, 137.54, 76.16, 2.31065e-05
FILLER_0_25_281, 137.54, 76.16, 2.31065e-05
_1679_, 143.06, 76.16, 2.26622e-05
_1712_, 143.06, 76.16, 2.26622e-05
FILLER_0_25_301, 143.06, 76.16, 2.26622e-05
_2587_, 15.18, 76.16, 2.49362e-05
_2436_, 47.38, 76.16, 1.74546e-05
_2437_, 47.38, 76.16, 1.74546e-05
_2352_, 64.86, 76.16, 1.45593e-05
_2425_, 64.86, 76.16, 1.45593e-05
_2244_, 75.44, 76.16, 1.62134e-05
FILLER_0_23_150, 75.44, 76.16, 1.62134e-05
FILLER_0_24_158, 75.44, 76.16, 1.62134e-05
FILLER_0_24_166, 75.44, 76.16, 1.62134e-05
FILLER_0_25_155, 75.44, 76.16, 1.62134e-05
_1378_, 88.78, 76.16, 2.34273e-05
_1391_, 88.78, 76.16, 2.34273e-05
_1392_, 88.78, 76.16, 2.34273e-05
_1598_, 88.78, 76.16, 2.34273e-05
_1663_, 88.78, 76.16, 2.34273e-05
_1867_, 88.78, 76.16, 2.34273e-05
FILLER_0_25_179, 88.78, 76.16, 2.34273e-05
_1654_, 104.42, 76.16, 1.82007e-05
_1666_, 104.42, 76.16, 1.82007e-05
FILLER_0_23_221, 104.42, 76.16, 1.82007e-05
FILLER_0_25_212, 104.42, 76.16, 1.82007e-05
_1655_, 109.94, 76.16, 1.52248e-05
_1667_, 109.94, 76.16, 1.52248e-05
_1657_, 115.46, 76.16, 1.6704e-05
_1659_, 115.46, 76.16, 1.6704e-05
_1702_, 124.66, 76.16, 2.05104e-05
_1730_, 124.66, 76.16, 2.05104e-05
_1830_, 155.02, 76.16, 2.46123e-05
FILLER_0_23_325, 155.02, 76.16, 2.46123e-05
FILLER_0_25_329, 155.02, 76.16, 2.46123e-05
_1829_, 160.54, 76.16, 3.01059e-05
_1908_, 160.54, 76.16, 3.01059e-05
FILLER_0_23_333, 160.54, 76.16, 3.01059e-05
FILLER_0_24_343, 160.54, 76.16, 3.01059e-05
_2536_, 22.235, 76.16, 2.23979e-05
_2537_, 22.235, 76.16, 2.23979e-05
_2538_, 22.235, 76.16, 2.23979e-05
_2539_, 22.235, 76.16, 2.23979e-05
_1460_, 96.6, 76.16, 2.20218e-05
_1597_, 96.6, 76.16, 2.20218e-05
_1601_, 96.6, 76.16, 2.20218e-05
_1602_, 96.6, 76.16, 2.20218e-05
FILLER_0_23_202, 96.6, 76.16, 2.20218e-05
FILLER_0_24_193, 96.6, 76.16, 2.20218e-05
_2590_, 5.52, 70.72, 2.19148e-05
PHY_EDGE_ROW_21_Left_81, 5.52, 70.72, 2.19148e-05
PHY_EDGE_ROW_22_Left_82, 5.52, 70.72, 2.19148e-05
PHY_EDGE_ROW_21_Right_21, 169.28, 70.72, 6.33646e-05
PHY_EDGE_ROW_22_Right_22, 169.28, 70.72, 6.33646e-05
_2588_, 14.26, 70.72, 2.07508e-05
_2589_, 14.26, 70.72, 2.07508e-05
_2634_, 14.26, 70.72, 2.07508e-05
FILLER_0_22_23, 14.26, 70.72, 2.07508e-05
FILLER_0_23_15, 14.26, 70.72, 2.07508e-05
_2534_, 19.78, 70.72, 1.89749e-05
_2535_, 19.78, 70.72, 1.89749e-05
_2584_, 19.78, 70.72, 1.89749e-05
_2586_, 19.78, 70.72, 1.89749e-05
_1658_, 115.92, 70.72, 2.37813e-05
_1660_, 115.92, 70.72, 2.37813e-05
_1716_, 115.92, 70.72, 2.37813e-05
FILLER_0_22_238, 115.92, 70.72, 2.37813e-05
_1386_, 90.16, 70.72, 2.84529e-05
_1390_, 90.16, 70.72, 2.84529e-05
_1411_, 90.16, 70.72, 2.84529e-05
_1595_, 90.16, 70.72, 2.84529e-05
_1599_, 90.16, 70.72, 2.84529e-05
FILLER_0_21_182, 90.16, 70.72, 2.84529e-05
FILLER_0_23_187, 90.16, 70.72, 2.84529e-05
_1616_, 127.88, 70.72, 3.15541e-05
_1661_, 127.88, 70.72, 3.15541e-05
_1615_, 138.92, 70.72, 3.65943e-05
_1682_, 138.92, 70.72, 3.65943e-05
FILLER_0_21_289, 138.92, 70.72, 3.65943e-05
_1683_, 144.44, 70.72, 3.82593e-05
FILLER_0_23_305, 144.44, 70.72, 3.82593e-05
_1714_, 150.42, 70.72, 3.93229e-05
_1755_, 150.42, 70.72, 3.93229e-05
_1756_, 150.42, 70.72, 3.93229e-05
_2481_, 39.525, 70.72, 1.72929e-05
_2487_, 39.525, 70.72, 1.72929e-05
FILLER_0_22_63, 39.525, 70.72, 1.72929e-05
_2483_, 49.76, 70.72, 1.88426e-05
_2484_, 49.76, 70.72, 1.88426e-05
_2527_, 49.76, 70.72, 1.88426e-05
_2418_, 59.995, 70.72, 1.9258e-05
_2419_, 59.995, 70.72, 1.9258e-05
_2421_, 59.995, 70.72, 1.9258e-05
_2422_, 59.995, 70.72, 1.9258e-05
_2423_, 59.995, 70.72, 1.9258e-05
_2471_, 59.995, 70.72, 1.9258e-05
FILLER_0_22_110, 59.995, 70.72, 1.9258e-05
_1384_, 80.195, 70.72, 2.53556e-05
_1387_, 80.195, 70.72, 2.53556e-05
_1388_, 80.195, 70.72, 2.53556e-05
_1389_, 80.195, 70.72, 2.53556e-05
_1707_, 80.195, 70.72, 2.53556e-05
_2764_, 80.195, 70.72, 2.53556e-05
_2765_, 80.195, 70.72, 2.53556e-05
FILLER_0_22_169, 80.195, 70.72, 2.53556e-05
FILLER_0_23_164, 80.195, 70.72, 2.53556e-05
_1395_, 100.665, 70.72, 2.72995e-05
_1587_, 100.665, 70.72, 2.72995e-05
_1596_, 100.665, 70.72, 2.72995e-05
_1603_, 100.665, 70.72, 2.72995e-05
_1604_, 100.665, 70.72, 2.72995e-05
FILLER_0_22_204, 100.665, 70.72, 2.72995e-05
_1834_, 160.695, 70.72, 6.33646e-05
_1907_, 160.695, 70.72, 6.33646e-05
_1909_, 160.695, 70.72, 6.33646e-05
_2591_, 5.52, 65.28, 7.62261e-05
PHY_EDGE_ROW_19_Left_79, 5.52, 65.28, 7.62261e-05
PHY_EDGE_ROW_20_Left_80, 5.52, 65.28, 7.62261e-05
output62, 5.52, 65.28, 7.62261e-05
PHY_EDGE_ROW_19_Right_19, 169.28, 65.28, 3.40559e-05
PHY_EDGE_ROW_20_Right_20, 169.28, 65.28, 3.40559e-05
_2473_, 16.1, 65.28, 6.31731e-05
_2581_, 16.1, 65.28, 6.31731e-05
_2582_, 16.1, 65.28, 6.31731e-05
_2599_, 16.1, 65.28, 6.31731e-05
FILLER_0_20_12, 16.1, 65.28, 6.31731e-05
_2472_, 21.62, 65.28, 5.07294e-05
_2474_, 21.62, 65.28, 5.07294e-05
FILLER_0_21_37, 21.62, 65.28, 5.07294e-05
_2532_, 27.14, 65.28, 3.76245e-05
_2577_, 27.14, 65.28, 3.76245e-05
_2579_, 27.14, 65.28, 3.76245e-05
FILLER_0_20_43, 27.14, 65.28, 3.76245e-05
_2530_, 35.88, 65.28, 3.36742e-05
_2531_, 35.88, 65.28, 3.36742e-05
_2580_, 35.88, 65.28, 3.36742e-05
FILLER_0_20_65, 35.88, 65.28, 3.36742e-05
_2482_, 41.4, 65.28, 3.33957e-05
_2485_, 41.4, 65.28, 3.33957e-05
_2486_, 41.4, 65.28, 3.33957e-05
_2528_, 41.4, 65.28, 3.33957e-05
_2529_, 41.4, 65.28, 3.33957e-05
_2574_, 41.4, 65.28, 3.33957e-05
FILLER_0_19_84, 41.4, 65.28, 3.33957e-05
FILLER_0_20_73, 41.4, 65.28, 3.33957e-05
FILLER_0_21_104, 53.36, 65.28, 2.80986e-05
_2417_, 63.48, 65.28, 2.26626e-05
FILLER_0_21_132, 63.48, 65.28, 2.26626e-05
_1382_, 103.96, 65.28, 2.10422e-05
_1651_, 103.96, 65.28, 2.10422e-05
_1720_, 103.96, 65.28, 2.10422e-05
FILLER_0_19_220, 103.96, 65.28, 2.10422e-05
FILLER_0_21_213, 103.96, 65.28, 2.10422e-05
FILLER_0_21_221, 103.96, 65.28, 2.10422e-05
_1645_, 120.06, 65.28, 2.01934e-05
_1646_, 120.06, 65.28, 2.01934e-05
FILLER_0_20_253, 120.06, 65.28, 2.01934e-05
FILLER_0_21_254, 120.06, 65.28, 2.01934e-05
_1617_, 130.64, 65.28, 2.45532e-05
_1618_, 130.64, 65.28, 2.45532e-05
_1681_, 137.54, 65.28, 2.60281e-05
_1684_, 143.06, 65.28, 2.66394e-05
_1685_, 143.06, 65.28, 2.66394e-05
FILLER_0_19_305, 143.06, 65.28, 2.66394e-05
FILLER_0_20_294, 143.06, 65.28, 2.66394e-05
_1831_, 156.86, 65.28, 3.09218e-05
_1982_, 163.3, 65.28, 3.40559e-05
input2, 163.3, 65.28, 3.40559e-05
max_cap65, 163.3, 65.28, 3.40559e-05
FILLER_0_19_349, 163.3, 65.28, 3.40559e-05
FILLER_0_20_338, 163.3, 65.28, 3.40559e-05
FILLER_0_20_345, 163.3, 65.28, 3.40559e-05
_2420_, 54.28, 65.28, 2.76912e-05
_2469_, 54.28, 65.28, 2.76912e-05
FILLER_0_21_124, 62.56, 65.28, 2.31655e-05
_1381_, 81.42, 65.28, 2.15427e-05
_1385_, 81.42, 65.28, 2.15427e-05
_1401_, 81.42, 65.28, 2.15427e-05
FILLER_0_20_171, 81.42, 65.28, 2.15427e-05
_1647_, 129.72, 65.28, 2.42197e-05
_1701_, 129.72, 65.28, 2.42197e-05
_1380_, 92.69, 65.28, 2.41545e-05
_1396_, 92.69, 65.28, 2.41545e-05
_1399_, 92.69, 65.28, 2.41545e-05
_1409_, 92.69, 65.28, 2.41545e-05
_1410_, 92.69, 65.28, 2.41545e-05
_1457_, 92.69, 65.28, 2.41545e-05
_1723_, 92.69, 65.28, 2.41545e-05
FILLER_0_19_181, 92.69, 65.28, 2.41545e-05
FILLER_0_20_191, 92.69, 65.28, 2.41545e-05
FILLER_0_21_198, 92.69, 65.28, 2.41545e-05
PHY_EDGE_ROW_17_Left_77, 5.52, 59.84, 3.08207e-05
PHY_EDGE_ROW_18_Left_78, 5.52, 59.84, 3.08207e-05
FILLER_0_19_3, 5.52, 59.84, 3.08207e-05
PHY_EDGE_ROW_17_Right_17, 169.28, 59.84, 5.39027e-05
PHY_EDGE_ROW_18_Right_18, 169.28, 59.84, 5.39027e-05
input17, 169.28, 59.84, 5.39027e-05
_2468_, 63.02, 59.84, 1.48211e-05
_2610_, 63.02, 59.84, 1.48211e-05
_2611_, 63.02, 59.84, 1.48211e-05
_2572_, 68.54, 59.84, 1.29022e-05
_2613_, 68.54, 59.84, 1.29022e-05
_1400_, 74.06, 59.84, 1.40566e-05
FILLER_0_19_145, 74.06, 59.84, 1.40566e-05
_1398_, 94.3, 59.84, 2.09647e-05
_1413_, 94.3, 59.84, 2.09647e-05
_1539_, 94.3, 59.84, 2.09647e-05
FILLER_0_18_189, 94.3, 59.84, 2.09647e-05
_1371_, 115.46, 59.84, 2.18144e-05
_1592_, 115.46, 59.84, 2.18144e-05
FILLER_0_18_241, 115.46, 59.84, 2.18144e-05
_1593_, 120.98, 59.84, 2.73859e-05
_1640_, 120.98, 59.84, 2.73859e-05
FILLER_0_17_257, 120.98, 59.84, 2.73859e-05
FILLER_0_18_249, 120.98, 59.84, 2.73859e-05
FILLER_0_18_260, 120.98, 59.84, 2.73859e-05
FILLER_0_19_255, 120.98, 59.84, 2.73859e-05
_2583_, 9.66, 59.84, 3.08207e-05
_2632_, 9.66, 59.84, 3.08207e-05
_2641_, 9.66, 59.84, 3.08207e-05
_2763_, 9.66, 59.84, 3.08207e-05
FILLER_0_18_15, 9.66, 59.84, 3.08207e-05
_2575_, 21.62, 59.84, 2.11805e-05
_2566_, 37.72, 59.84, 1.5747e-05
FILLER_0_18_76, 37.72, 59.84, 1.5747e-05
_2341_, 50.37, 59.84, 1.72423e-05
_2526_, 50.37, 59.84, 1.72423e-05
_2646_, 50.37, 59.84, 1.72423e-05
_2647_, 50.37, 59.84, 1.72423e-05
_2651_, 50.37, 59.84, 1.72423e-05
_2652_, 50.37, 59.84, 1.72423e-05
FILLER_0_17_94, 50.37, 59.84, 1.72423e-05
FILLER_0_18_85, 50.37, 59.84, 1.72423e-05
FILLER_0_18_99, 50.37, 59.84, 1.72423e-05
_1397_, 84.18, 59.84, 1.87599e-05
_1402_, 84.18, 59.84, 1.87599e-05
_1404_, 84.18, 59.84, 1.87599e-05
_1405_, 84.18, 59.84, 1.87599e-05
_1407_, 84.18, 59.84, 1.87599e-05
_1426_, 84.18, 59.84, 1.87599e-05
FILLER_0_17_169, 84.18, 59.84, 1.87599e-05
FILLER_0_18_178, 84.18, 59.84, 1.87599e-05
FILLER_0_19_173, 84.18, 59.84, 1.87599e-05
_1538_, 102.735, 59.84, 1.98869e-05
_1541_, 102.735, 59.84, 1.98869e-05
_1542_, 102.735, 59.84, 1.98869e-05
_1586_, 102.735, 59.84, 1.98869e-05
_1620_, 131.356, 59.84, 3.64399e-05
_1623_, 131.356, 59.84, 3.64399e-05
_1648_, 131.356, 59.84, 3.64399e-05
FILLER_0_18_270, 131.356, 59.84, 3.64399e-05
_1621_, 141.733, 59.84, 4.13474e-05
_1650_, 141.733, 59.84, 4.13474e-05
_1686_, 141.733, 59.84, 4.13474e-05
_1687_, 141.733, 59.84, 4.13474e-05
FILLER_0_18_304, 141.733, 59.84, 4.13474e-05
_1910_, 160.695, 59.84, 5.35711e-05
_2637_, 5.52, 54.4, 0.000118812
PHY_EDGE_ROW_15_Left_75, 5.52, 54.4, 0.000118812
PHY_EDGE_ROW_16_Left_76, 5.52, 54.4, 0.000118812
output50, 5.52, 54.4, 0.000118812
FILLER_0_16_3, 5.52, 54.4, 0.000118812
_1373_, 169.28, 54.4, 0.000138183
PHY_EDGE_ROW_15_Right_15, 169.28, 54.4, 0.000138183
PHY_EDGE_ROW_16_Right_16, 169.28, 54.4, 0.000138183
FILLER_0_17_347, 169.28, 54.4, 0.000138183
_2639_, 16.56, 54.4, 8.83077e-05
_2640_, 16.56, 54.4, 8.83077e-05
_2673_, 16.56, 54.4, 8.83077e-05
_2674_, 16.56, 54.4, 8.83077e-05
_2621_, 22.08, 54.4, 6.7778e-05
_2644_, 65.78, 54.4, 1.91525e-05
_1406_, 88.78, 54.4, 2.29605e-05
_1408_, 88.78, 54.4, 2.29605e-05
_1458_, 88.78, 54.4, 2.29605e-05
FILLER_0_15_187, 88.78, 54.4, 2.29605e-05
FILLER_0_16_175, 88.78, 54.4, 2.29605e-05
_1594_, 126.96, 54.4, 5.21188e-05
_1641_, 126.96, 54.4, 5.21188e-05
_1649_, 126.96, 54.4, 5.21188e-05
FILLER_0_16_259, 126.96, 54.4, 5.21188e-05
_1688_, 138.92, 54.4, 6.87946e-05
FILLER_0_16_290, 138.92, 54.4, 6.87946e-05
FILLER_0_16_304, 138.92, 54.4, 6.87946e-05
FILLER_0_17_32, 21.62, 54.4, 6.94888e-05
_1506_, 105.34, 54.4, 2.43437e-05
FILLER_0_15_220, 105.34, 54.4, 2.43437e-05
_1583_, 136.16, 54.4, 6.56021e-05
_1622_, 136.16, 54.4, 6.56021e-05
_2565_, 41.453, 54.4, 3.53729e-05
_2615_, 41.453, 54.4, 3.53729e-05
_2616_, 41.453, 54.4, 3.53729e-05
_2618_, 41.453, 54.4, 3.53729e-05
_2619_, 41.453, 54.4, 3.53729e-05
_2649_, 41.453, 54.4, 3.53729e-05
FILLER_0_16_79, 41.453, 54.4, 3.53729e-05
FILLER_0_16_85, 41.453, 54.4, 3.53729e-05
_2563_, 53.616, 54.4, 2.89402e-05
_2650_, 53.616, 54.4, 2.89402e-05
_2653_, 53.616, 54.4, 2.89402e-05
_2691_, 53.616, 54.4, 2.89402e-05
FILLER_0_16_108, 53.616, 54.4, 2.89402e-05
FILLER_0_16_116, 53.616, 54.4, 2.89402e-05
FILLER_0_17_104, 53.616, 54.4, 2.89402e-05
_1370_, 79.505, 54.4, 2.02712e-05
_1403_, 79.505, 54.4, 2.02712e-05
_1415_, 79.505, 54.4, 2.02712e-05
FILLER_0_15_160, 79.505, 54.4, 2.02712e-05
FILLER_0_16_160, 79.505, 54.4, 2.02712e-05
FILLER_0_17_155, 79.505, 54.4, 2.02712e-05
FILLER_0_17_162, 79.505, 54.4, 2.02712e-05
_1433_, 96.37, 54.4, 2.434e-05
_1435_, 96.37, 54.4, 2.434e-05
_1461_, 96.37, 54.4, 2.434e-05
_1462_, 96.37, 54.4, 2.434e-05
_1540_, 96.37, 54.4, 2.434e-05
FILLER_0_16_197, 96.37, 54.4, 2.434e-05
FILLER_0_17_199, 96.37, 54.4, 2.434e-05
_1369_, 119.065, 54.4, 3.88424e-05
_1516_, 119.065, 54.4, 3.88424e-05
_1585_, 119.065, 54.4, 3.88424e-05
_1836_, 160.695, 54.4, 0.000138025
_1838_, 160.695, 54.4, 0.000138025
_1911_, 160.695, 54.4, 0.000138025
_1981_, 160.695, 54.4, 0.000138025
FILLER_0_17_330, 160.695, 54.4, 0.000138025
PHY_EDGE_ROW_13_Left_73, 5.52, 48.96, 3.74201e-05
PHY_EDGE_ROW_14_Left_74, 5.52, 48.96, 3.74201e-05
FILLER_0_15_3, 5.52, 48.96, 3.74201e-05
PHY_EDGE_ROW_13_Right_13, 169.28, 48.96, 5.61602e-05
PHY_EDGE_ROW_14_Right_14, 169.28, 48.96, 5.61602e-05
_2628_, 17.48, 48.96, 3.11266e-05
_2576_, 25.3, 48.96, 2.40833e-05
_2626_, 25.3, 48.96, 2.40833e-05
_2667_, 25.3, 48.96, 2.40833e-05
FILLER_0_14_44, 25.3, 48.96, 2.40833e-05
_2564_, 34.5, 48.96, 2.05517e-05
_2617_, 34.5, 48.96, 2.05517e-05
_2624_, 34.5, 48.96, 2.05517e-05
FILLER_0_15_60, 34.5, 48.96, 2.05517e-05
_2645_, 47.84, 48.96, 2.20415e-05
_2648_, 47.84, 48.96, 2.20415e-05
_2655_, 47.84, 48.96, 2.20415e-05
FILLER_0_14_80, 47.84, 48.96, 2.20415e-05
FILLER_0_14_85, 47.84, 48.96, 2.20415e-05
FILLER_0_14_92, 47.84, 48.96, 2.20415e-05
FILLER_0_15_91, 47.84, 48.96, 2.20415e-05
_2654_, 53.36, 48.96, 2.19593e-05
FILLER_0_14_107, 53.36, 48.96, 2.19593e-05
FILLER_0_15_102, 53.36, 48.96, 2.19593e-05
_2612_, 60.26, 48.96, 2.15527e-05
_2614_, 60.26, 48.96, 2.15527e-05
_2682_, 60.26, 48.96, 2.15527e-05
_2686_, 60.26, 48.96, 2.15527e-05
_2687_, 60.26, 48.96, 2.15527e-05
_2688_, 60.26, 48.96, 2.15527e-05
FILLER_0_14_115, 60.26, 48.96, 2.15527e-05
FILLER_0_15_119, 60.26, 48.96, 2.15527e-05
_1518_, 117.76, 48.96, 3.23176e-05
_1532_, 117.76, 48.96, 3.23176e-05
_1535_, 117.76, 48.96, 3.23176e-05
_1536_, 117.76, 48.96, 3.23176e-05
_1775_, 155.94, 48.96, 5.61602e-05
_1837_, 155.94, 48.96, 5.61602e-05
_1841_, 155.94, 48.96, 5.61602e-05
FILLER_0_15_326, 155.94, 48.96, 5.61602e-05
_2635_, 9.66, 48.96, 3.74201e-05
_2636_, 9.66, 48.96, 3.74201e-05
_2638_, 9.66, 48.96, 3.74201e-05
_1425_, 73.14, 48.96, 2.07881e-05
_1437_, 73.14, 48.96, 2.07881e-05
FILLER_0_13_147, 73.14, 48.96, 2.07881e-05
_1416_, 78.66, 48.96, 2.55945e-05
_1436_, 78.66, 48.96, 2.55945e-05
FILLER_0_13_157, 78.66, 48.96, 2.55945e-05
_1368_, 84.18, 48.96, 3.00602e-05
_1428_, 84.18, 48.96, 3.00602e-05
_1430_, 84.18, 48.96, 3.00602e-05
_1431_, 84.18, 48.96, 3.00602e-05
_1454_, 84.18, 48.96, 3.00602e-05
_1383_, 97.675, 48.96, 2.99399e-05
_1394_, 97.675, 48.96, 2.99399e-05
_1412_, 97.675, 48.96, 2.99399e-05
_1434_, 97.675, 48.96, 2.99399e-05
_1465_, 97.675, 48.96, 2.99399e-05
FILLER_0_14_187, 97.675, 48.96, 2.99399e-05
FILLER_0_15_199, 97.675, 48.96, 2.99399e-05
_1537_, 129.21, 48.96, 4.31178e-05
_1579_, 129.21, 48.96, 4.31178e-05
_1584_, 129.21, 48.96, 4.31178e-05
FILLER_0_15_270, 129.21, 48.96, 4.31178e-05
_1639_, 140.66, 48.96, 5.05803e-05
_1690_, 140.66, 48.96, 5.05803e-05
_1691_, 140.66, 48.96, 5.05803e-05
FILLER_0_14_288, 140.66, 48.96, 5.05803e-05
FILLER_0_15_296, 140.66, 48.96, 5.05803e-05
FILLER_0_15_304, 140.66, 48.96, 5.05803e-05
PHY_EDGE_ROW_11_Left_71, 5.52, 43.52, 3.89534e-05
PHY_EDGE_ROW_12_Left_72, 5.52, 43.52, 3.89534e-05
input4, 5.52, 43.52, 3.89534e-05
FILLER_0_13_3, 5.52, 43.52, 3.89534e-05
PHY_EDGE_ROW_11_Right_11, 169.28, 43.52, 8.82251e-05
PHY_EDGE_ROW_12_Right_12, 169.28, 43.52, 8.82251e-05
_2633_, 9.66, 43.52, 3.83203e-05
_2642_, 9.66, 43.52, 3.83203e-05
_2643_, 9.66, 43.52, 3.83203e-05
FILLER_0_12_9, 9.66, 43.52, 3.83203e-05
_2684_, 60.26, 43.52, 1.87287e-05
_2685_, 60.26, 43.52, 1.87287e-05
_2689_, 60.26, 43.52, 1.87287e-05
_2690_, 60.26, 43.52, 1.87287e-05
FILLER_0_12_125, 60.26, 43.52, 1.87287e-05
FILLER_0_13_125, 60.26, 43.52, 1.87287e-05
_2659_, 32.66, 43.52, 2.14683e-05
_2620_, 38.18, 43.52, 2.22724e-05
_2658_, 38.18, 43.52, 2.22724e-05
_2663_, 38.18, 43.52, 2.22724e-05
FILLER_0_12_77, 38.18, 43.52, 2.22724e-05
FILLER_0_13_73, 38.18, 43.52, 2.22724e-05
_1427_, 88.78, 43.52, 2.29652e-05
_1429_, 88.78, 43.52, 2.29652e-05
_1468_, 88.78, 43.52, 2.29652e-05
FILLER_0_12_187, 88.78, 43.52, 2.29652e-05
FILLER_0_13_185, 88.78, 43.52, 2.29652e-05
_1504_, 103.04, 43.52, 2.55411e-05
_1505_, 103.04, 43.52, 2.55411e-05
_1507_, 103.04, 43.52, 2.55411e-05
_1508_, 110.86, 43.52, 2.56697e-05
_1543_, 110.86, 43.52, 2.56697e-05
FILLER_0_11_225, 110.86, 43.52, 2.56697e-05
_1548_, 116.38, 43.52, 3.57512e-05
FILLER_0_12_247, 116.38, 43.52, 3.57512e-05
_1517_, 124.66, 43.52, 5.13827e-05
_1556_, 124.66, 43.52, 5.13827e-05
_1557_, 124.66, 43.52, 5.13827e-05
_1578_, 124.66, 43.52, 5.13827e-05
FILLER_0_13_255, 124.66, 43.52, 5.13827e-05
FILLER_0_13_261, 124.66, 43.52, 5.13827e-05
_1372_, 132.02, 43.52, 6.16081e-05
_1624_, 132.02, 43.52, 6.16081e-05
FILLER_0_11_275, 132.02, 43.52, 6.16081e-05
FILLER_0_12_281, 132.02, 43.52, 6.16081e-05
FILLER_0_13_275, 132.02, 43.52, 6.16081e-05
_1693_, 150.42, 43.52, 7.1201e-05
_1765_, 150.42, 43.52, 7.1201e-05
_1773_, 155.94, 43.52, 8.82251e-05
_1774_, 155.94, 43.52, 8.82251e-05
_1840_, 155.94, 43.52, 8.82251e-05
_1980_, 155.94, 43.52, 8.82251e-05
FILLER_0_13_333, 155.94, 43.52, 8.82251e-05
_2622_, 19.475, 43.52, 3.16837e-05
_2627_, 19.475, 43.52, 3.16837e-05
_2629_, 19.475, 43.52, 3.16837e-05
_2630_, 19.475, 43.52, 3.16837e-05
_2631_, 19.475, 43.52, 3.16837e-05
FILLER_0_12_37, 19.475, 43.52, 3.16837e-05
_2656_, 49.22, 43.52, 2.14825e-05
_2683_, 49.22, 43.52, 2.14825e-05
_2723_, 49.22, 43.52, 2.14825e-05
FILLER_0_12_85, 49.22, 43.52, 2.14825e-05
FILLER_0_12_93, 49.22, 43.52, 2.14825e-05
_1418_, 79.505, 43.52, 1.91602e-05
_1420_, 79.505, 43.52, 1.91602e-05
_1422_, 79.505, 43.52, 1.91602e-05
_1423_, 79.505, 43.52, 1.91602e-05
FILLER_0_11_155, 79.505, 43.52, 1.91602e-05
FILLER_0_11_164, 79.505, 43.52, 1.91602e-05
FILLER_0_12_168, 79.505, 43.52, 1.91602e-05
FILLER_0_13_165, 79.505, 43.52, 1.91602e-05
_1464_, 95.91, 43.52, 2.47615e-05
_1466_, 95.91, 43.52, 2.47615e-05
_1467_, 95.91, 43.52, 2.47615e-05
_1513_, 95.91, 43.52, 2.47615e-05
FILLER_0_11_194, 95.91, 43.52, 2.47615e-05
FILLER_0_12_193, 95.91, 43.52, 2.47615e-05
FILLER_0_13_193, 95.91, 43.52, 2.47615e-05
_1626_, 141.22, 43.52, 6.98604e-05
_1627_, 141.22, 43.52, 6.98604e-05
_1628_, 141.22, 43.52, 6.98604e-05
FILLER_0_11_303, 141.22, 43.52, 6.98604e-05
FILLER_0_12_304, 141.22, 43.52, 6.98604e-05
FILLER_0_13_297, 141.22, 43.52, 6.98604e-05
FILLER_0_13_305, 141.22, 43.52, 6.98604e-05
PHY_EDGE_ROW_9_Left_69, 5.52, 38.08, 2.12317e-05
PHY_EDGE_ROW_10_Left_70, 5.52, 38.08, 2.12317e-05
PHY_EDGE_ROW_9_Right_9, 169.28, 38.08, 0.000117687
PHY_EDGE_ROW_10_Right_10, 169.28, 38.08, 0.000117687
_2668_, 20.7, 38.08, 1.98732e-05
_2677_, 20.7, 38.08, 1.98732e-05
_2678_, 20.7, 38.08, 1.98732e-05
FILLER_0_11_32, 20.7, 38.08, 1.98732e-05
FILLER_0_11_41, 26.22, 38.08, 1.62979e-05
_2660_, 35.88, 38.08, 1.67783e-05
_2661_, 35.88, 38.08, 1.67783e-05
_2662_, 35.88, 38.08, 1.67783e-05
_2681_, 35.88, 38.08, 1.67783e-05
FILLER_0_10_63, 35.88, 38.08, 1.67783e-05
FILLER_0_10_69, 35.88, 38.08, 1.67783e-05
_2664_, 41.4, 38.08, 1.7869e-05
_2693_, 41.4, 38.08, 1.7869e-05
FILLER_0_10_75, 41.4, 38.08, 1.7869e-05
FILLER_0_11_82, 41.4, 38.08, 1.7869e-05
_2692_, 46.92, 38.08, 1.78198e-05
_2694_, 46.92, 38.08, 1.78198e-05
_2722_, 46.92, 38.08, 1.78198e-05
_2736_, 52.44, 38.08, 1.68173e-05
FILLER_0_9_108, 52.44, 38.08, 1.68173e-05
FILLER_0_10_99, 52.44, 38.08, 1.68173e-05
FILLER_0_11_103, 52.44, 38.08, 1.68173e-05
FILLER_0_11_144, 72.22, 38.08, 1.38848e-05
_1375_, 103.5, 38.08, 2.65609e-05
_1544_, 103.5, 38.08, 2.65609e-05
_1546_, 103.5, 38.08, 2.65609e-05
FILLER_0_9_219, 103.5, 38.08, 2.65609e-05
FILLER_0_10_209, 103.5, 38.08, 2.65609e-05
_1551_, 114.54, 38.08, 3.2307e-05
_1614_, 114.54, 38.08, 3.2307e-05
FILLER_0_10_238, 114.54, 38.08, 3.2307e-05
_1520_, 120.06, 38.08, 4.20496e-05
_1550_, 120.06, 38.08, 4.20496e-05
_1619_, 120.06, 38.08, 4.20496e-05
FILLER_0_10_247, 120.06, 38.08, 4.20496e-05
FILLER_0_11_251, 120.06, 38.08, 4.20496e-05
_1625_, 137.54, 38.08, 6.61805e-05
_1697_, 148.58, 38.08, 7.27502e-05
_1769_, 148.58, 38.08, 7.27502e-05
FILLER_0_11_311, 148.58, 38.08, 7.27502e-05
_1767_, 163.3, 38.08, 0.000117687
_1771_, 163.3, 38.08, 0.000117687
_1839_, 163.3, 38.08, 0.000117687
output33, 163.3, 38.08, 0.000117687
FILLER_0_10_344, 163.3, 38.08, 0.000117687
FILLER_0_11_340, 163.3, 38.08, 0.000117687
FILLER_0_9_9, 9.66, 38.08, 2.12317e-05
FILLER_0_11_15, 9.66, 38.08, 2.12317e-05
_2665_, 15.18, 38.08, 2.12317e-05
_2714_, 62.1, 38.08, 1.47625e-05
_2741_, 62.1, 38.08, 1.47625e-05
FILLER_0_9_126, 62.1, 38.08, 1.47625e-05
_1421_, 73.14, 38.08, 1.453e-05
_1449_, 73.14, 38.08, 1.453e-05
_1469_, 98.9, 38.08, 2.55193e-05
_1545_, 98.9, 38.08, 2.55193e-05
_1694_, 140.3, 38.08, 6.87822e-05
_1696_, 140.3, 38.08, 6.87822e-05
_1377_, 86.02, 38.08, 2.19211e-05
_1417_, 86.02, 38.08, 2.19211e-05
_1419_, 86.02, 38.08, 2.19211e-05
_1441_, 86.02, 38.08, 2.19211e-05
FILLER_0_9_182, 86.02, 38.08, 2.19211e-05
FILLER_0_10_172, 86.02, 38.08, 2.19211e-05
FILLER_0_11_169, 86.02, 38.08, 2.19211e-05
_1519_, 128.8, 38.08, 5.58666e-05
_1552_, 128.8, 38.08, 5.58666e-05
_1553_, 128.8, 38.08, 5.58666e-05
_1555_, 128.8, 38.08, 5.58666e-05
FILLER_0_9_265, 128.8, 38.08, 5.58666e-05
PHY_EDGE_ROW_7_Left_67, 5.52, 32.64, 0.000143137
PHY_EDGE_ROW_8_Left_68, 5.52, 32.64, 0.000143137
output36, 5.52, 32.64, 0.000143137
PHY_EDGE_ROW_7_Right_7, 169.28, 32.64, 3.28423e-05
PHY_EDGE_ROW_8_Right_8, 169.28, 32.64, 3.28423e-05
_2669_, 9.66, 32.64, 0.000130196
_2695_, 43.7, 32.64, 4.3334e-05
_2721_, 43.7, 32.64, 4.3334e-05
FILLER_0_8_77, 43.7, 32.64, 4.3334e-05
_2707_, 51.06, 32.64, 3.70572e-05
_2751_, 51.06, 32.64, 3.70572e-05
FILLER_0_8_99, 51.06, 32.64, 3.70572e-05
_2708_, 60.26, 32.64, 2.84988e-05
_2709_, 60.26, 32.64, 2.84988e-05
_2710_, 60.26, 32.64, 2.84988e-05
_2735_, 60.26, 32.64, 2.84988e-05
_2737_, 60.26, 32.64, 2.84988e-05
_1472_, 102.58, 32.64, 1.99626e-05
_1496_, 102.58, 32.64, 1.99626e-05
_1630_, 144.9, 32.64, 3.55476e-05
_1695_, 144.9, 32.64, 3.55476e-05
FILLER_0_8_291, 144.9, 32.64, 3.55476e-05
FILLER_0_8_309, 144.9, 32.64, 3.55476e-05
_1770_, 157.32, 32.64, 3.24207e-05
FILLER_0_9_326, 157.32, 32.64, 3.24207e-05
input10, 163.3, 32.64, 3.28423e-05
FILLER_0_8_343, 163.3, 32.64, 3.28423e-05
_2670_, 15.18, 32.64, 0.000112336
_2672_, 15.18, 32.64, 0.000112336
_2675_, 15.18, 32.64, 0.000112336
_2729_, 15.18, 32.64, 0.000112336
_2711_, 67.16, 32.64, 2.10088e-05
_2715_, 67.16, 32.64, 2.10088e-05
_2717_, 67.16, 32.64, 2.10088e-05
_1447_, 73.14, 32.64, 1.8289e-05
_1448_, 73.14, 32.64, 1.8289e-05
FILLER_0_9_151, 73.14, 32.64, 1.8289e-05
_1444_, 78.66, 32.64, 1.95574e-05
_1440_, 84.18, 32.64, 2.06039e-05
_1442_, 84.18, 32.64, 2.06039e-05
FILLER_0_9_169, 84.18, 32.64, 2.06039e-05
_1511_, 117.76, 32.64, 2.36048e-05
_1554_, 117.76, 32.64, 2.36048e-05
_2702_, 22.235, 32.64, 8.24867e-05
_2703_, 22.235, 32.64, 8.24867e-05
_2730_, 22.235, 32.64, 8.24867e-05
FILLER_0_7_31, 22.235, 32.64, 8.24867e-05
FILLER_0_8_29, 22.235, 32.64, 8.24867e-05
_2696_, 36.495, 32.64, 4.80263e-05
_2697_, 36.495, 32.64, 4.80263e-05
_2699_, 36.495, 32.64, 4.80263e-05
_2725_, 36.495, 32.64, 4.80263e-05
_2726_, 36.495, 32.64, 4.80263e-05
FILLER_0_8_65, 36.495, 32.64, 4.80263e-05
_1367_, 93.38, 32.64, 2.20162e-05
_1471_, 93.38, 32.64, 2.20162e-05
_1473_, 93.38, 32.64, 2.20162e-05
_1474_, 93.38, 32.64, 2.20162e-05
_1476_, 93.38, 32.64, 2.20162e-05
_1477_, 93.38, 32.64, 2.20162e-05
_1500_, 93.38, 32.64, 2.20162e-05
FILLER_0_8_187, 93.38, 32.64, 2.20162e-05
FILLER_0_10_191, 93.38, 32.64, 2.20162e-05
_1521_, 131.33, 32.64, 3.39276e-05
_1558_, 131.33, 32.64, 3.39276e-05
_1559_, 131.33, 32.64, 3.39276e-05
_1560_, 131.33, 32.64, 3.39276e-05
FILLER_0_8_266, 131.33, 32.64, 3.39276e-05
PHY_EDGE_ROW_5_Left_65, 5.52, 27.2, 4.30544e-05
PHY_EDGE_ROW_6_Left_66, 5.52, 27.2, 4.30544e-05
FILLER_0_6_3, 5.52, 27.2, 4.30544e-05
PHY_EDGE_ROW_5_Right_5, 169.28, 27.2, 1.8789e-05
PHY_EDGE_ROW_6_Right_6, 169.28, 27.2, 1.8789e-05
FILLER_0_6_350, 169.28, 27.2, 1.8789e-05
_2724_, 41.86, 27.2, 2.62103e-05
_2719_, 51.06, 27.2, 2.25911e-05
_2720_, 51.06, 27.2, 2.25911e-05
_1450_, 71.3, 27.2, 1.23731e-05
_1451_, 71.3, 27.2, 1.23731e-05
FILLER_0_7_142, 71.3, 27.2, 1.23731e-05
_1443_, 86.02, 27.2, 1.55223e-05
_1475_, 86.02, 27.2, 1.55223e-05
_1502_, 117.3, 27.2, 2.10714e-05
rebuffer1, 117.3, 27.2, 2.10714e-05
FILLER_0_4_244, 117.3, 27.2, 2.10714e-05
FILLER_0_5_249, 117.3, 27.2, 2.10714e-05
FILLER_0_6_246, 117.3, 27.2, 2.10714e-05
_1562_, 131.56, 27.2, 3.08333e-05
_2704_, 24.38, 27.2, 3.29426e-05
_2706_, 24.38, 27.2, 3.29426e-05
_2750_, 29.9, 27.2, 2.45545e-05
FILLER_0_6_59, 29.9, 27.2, 2.45545e-05
FILLER_0_7_57, 29.9, 27.2, 2.45545e-05
_2698_, 40.94, 27.2, 2.64666e-05
_2727_, 40.94, 27.2, 2.64666e-05
_2752_, 54.74, 27.2, 2.07865e-05
_2753_, 54.74, 27.2, 2.07865e-05
FILLER_0_5_105, 54.74, 27.2, 2.07865e-05
FILLER_0_5_113, 54.74, 27.2, 2.07865e-05
FILLER_0_6_113, 54.74, 27.2, 2.07865e-05
FILLER_0_7_109, 54.74, 27.2, 2.07865e-05
_1438_, 89.7, 27.2, 1.55531e-05
FILLER_0_5_181, 89.7, 27.2, 1.55531e-05
FILLER_0_6_189, 89.7, 27.2, 1.55531e-05
_1484_, 102.58, 27.2, 1.52504e-05
FILLER_0_7_217, 102.58, 27.2, 1.52504e-05
_1497_, 108.1, 27.2, 1.45309e-05
FILLER_0_5_221, 108.1, 27.2, 1.45309e-05
_1503_, 115.92, 27.2, 1.95783e-05
_1523_, 131.1, 27.2, 3.07387e-05
_1561_, 136.62, 27.2, 3.06301e-05
_1563_, 136.62, 27.2, 3.06301e-05
_1629_, 136.62, 27.2, 3.06301e-05
FILLER_0_5_281, 136.62, 27.2, 3.06301e-05
_1637_, 142.14, 27.2, 2.70512e-05
FILLER_0_5_299, 142.14, 27.2, 2.70512e-05
FILLER_0_6_303, 142.14, 27.2, 2.70512e-05
FILLER_0_7_349, 163.76, 27.2, 1.87889e-05
_2671_, 14.95, 27.2, 4.30544e-05
_2705_, 14.95, 27.2, 4.30544e-05
_2728_, 14.95, 27.2, 4.30544e-05
_2731_, 14.95, 27.2, 4.30544e-05
FILLER_0_5_18, 14.95, 27.2, 4.30544e-05
FILLER_0_7_15, 14.95, 27.2, 4.30544e-05
_2738_, 62.485, 27.2, 1.66014e-05
_2739_, 62.485, 27.2, 1.66014e-05
_2743_, 62.485, 27.2, 1.66014e-05
FILLER_0_5_121, 62.485, 27.2, 1.66014e-05
FILLER_0_6_129, 62.485, 27.2, 1.66014e-05
FILLER_0_7_125, 62.485, 27.2, 1.66014e-05
_1445_, 78.66, 27.2, 1.47678e-05
_1446_, 78.66, 27.2, 1.47678e-05
_1480_, 78.66, 27.2, 1.47678e-05
FILLER_0_5_157, 78.66, 27.2, 1.47678e-05
FILLER_0_6_161, 78.66, 27.2, 1.47678e-05
_1509_, 124.2, 27.2, 2.80864e-05
_1512_, 124.2, 27.2, 2.80864e-05
_1522_, 124.2, 27.2, 2.80864e-05
_1524_, 124.2, 27.2, 2.80864e-05
_1526_, 124.2, 27.2, 2.80864e-05
FILLER_0_7_256, 124.2, 27.2, 2.80864e-05
PHY_EDGE_ROW_3_Left_63, 5.52, 21.76, 7.37501e-05
PHY_EDGE_ROW_4_Left_64, 5.52, 21.76, 7.37501e-05
input1, 5.52, 21.76, 7.37501e-05
FILLER_0_5_3, 5.52, 21.76, 7.37501e-05
PHY_EDGE_ROW_3_Right_3, 169.28, 21.76, 4.3156e-05
PHY_EDGE_ROW_4_Right_4, 169.28, 21.76, 4.3156e-05
_2732_, 15.18, 21.76, 7.16128e-05
FILLER_0_4_19, 15.18, 21.76, 7.16128e-05
_2606_, 20.7, 21.76, 6.75766e-05
_2733_, 34.5, 21.76, 4.3633e-05
_2748_, 34.5, 21.76, 4.3633e-05
_2758_, 34.5, 21.76, 4.3633e-05
_2745_, 50.6, 21.76, 3.98235e-05
_2755_, 50.6, 21.76, 3.98235e-05
_2760_, 50.6, 21.76, 3.98235e-05
FILLER_0_4_99, 50.6, 21.76, 3.98235e-05
_2740_, 63.48, 21.76, 3.22459e-05
_2742_, 63.48, 21.76, 3.22459e-05
_2744_, 63.48, 21.76, 3.22459e-05
_2754_, 63.48, 21.76, 3.22459e-05
FILLER_0_4_121, 63.48, 21.76, 3.22459e-05
FILLER_0_4_131, 63.48, 21.76, 3.22459e-05
_1452_, 74.52, 21.76, 3.35004e-05
_1453_, 74.52, 21.76, 3.35004e-05
_1485_, 74.52, 21.76, 3.35004e-05
FILLER_0_5_165, 80.04, 21.76, 3.67805e-05
_1456_, 86.02, 21.76, 4.0334e-05
_1455_, 91.54, 21.76, 4.03745e-05
_1478_, 91.54, 21.76, 4.03745e-05
_1479_, 91.54, 21.76, 4.03745e-05
FILLER_0_4_193, 91.54, 21.76, 4.03745e-05
_1463_, 97.06, 21.76, 3.9504e-05
_1481_, 97.06, 21.76, 3.9504e-05
_1482_, 97.06, 21.76, 3.9504e-05
_1510_, 97.06, 21.76, 3.9504e-05
FILLER_0_4_197, 97.06, 21.76, 3.9504e-05
_1527_, 127.42, 21.76, 4.9512e-05
_1529_, 127.42, 21.76, 4.9512e-05
FILLER_0_3_271, 127.42, 21.76, 4.9512e-05
input31, 163.3, 21.76, 4.3156e-05
FILLER_0_3_349, 163.3, 21.76, 4.3156e-05
FILLER_0_4_339, 163.3, 21.76, 4.3156e-05
FILLER_0_5_343, 163.3, 21.76, 4.3156e-05
_2676_, 11.5, 21.76, 7.3226e-05
_1525_, 124.66, 21.76, 4.79943e-05
_2762_, 124.66, 21.76, 4.79943e-05
_1636_, 158.7, 21.76, 4.26734e-05
_2734_, 42.55, 21.76, 4.28135e-05
_2747_, 42.55, 21.76, 4.28135e-05
_2757_, 42.55, 21.76, 4.28135e-05
FILLER_0_3_83, 42.55, 21.76, 4.28135e-05
_1486_, 104.115, 21.76, 3.4504e-05
FILLER_0_4_208, 104.115, 21.76, 3.4504e-05
FILLER_0_4_220, 104.115, 21.76, 3.4504e-05
FILLER_0_5_213, 104.115, 21.76, 3.4504e-05
_1565_, 139.765, 21.76, 5.1316e-05
_1566_, 139.765, 21.76, 5.1316e-05
_1568_, 139.765, 21.76, 5.1316e-05
_1569_, 139.765, 21.76, 5.1316e-05
_1631_, 139.765, 21.76, 5.1316e-05
PHY_EDGE_ROW_1_Left_61, 5.52, 16.32, 1.30544e-05
PHY_EDGE_ROW_2_Left_62, 5.52, 16.32, 1.30544e-05
PHY_EDGE_ROW_1_Right_1, 169.28, 16.32, 4.79348e-05
PHY_EDGE_ROW_2_Right_2, 169.28, 16.32, 4.79348e-05
FILLER_0_2_77, 40.02, 16.32, 1.40283e-05
_2746_, 45.54, 16.32, 1.45293e-05
FILLER_0_2_133, 65.78, 16.32, 1.3349e-05
FILLER_0_2_189, 91.54, 16.32, 2.13569e-05
FILLER_0_2_197, 97.06, 16.32, 2.35936e-05
FILLER_0_2_205, 97.06, 16.32, 2.35936e-05
_1483_, 102.58, 16.32, 2.58302e-05
_1487_, 102.58, 16.32, 2.58302e-05
_1495_, 102.58, 16.32, 2.58302e-05
_1491_, 111.78, 16.32, 2.76086e-05
_1492_, 111.78, 16.32, 2.76086e-05
_1493_, 111.78, 16.32, 2.76086e-05
FILLER_0_2_232, 111.78, 16.32, 2.76086e-05
FILLER_0_2_241, 111.78, 16.32, 2.76086e-05
_1574_, 120.98, 16.32, 4.22425e-05
_1575_, 120.98, 16.32, 4.22425e-05
_1576_, 120.98, 16.32, 4.22425e-05
_2761_, 120.98, 16.32, 4.22425e-05
_1528_, 126.5, 16.32, 4.86213e-05
_1564_, 137.54, 16.32, 5.53686e-05
_1567_, 137.54, 16.32, 5.53686e-05
FILLER_0_3_287, 137.54, 16.32, 5.53686e-05
_1570_, 143.06, 16.32, 5.72283e-05
_1572_, 143.06, 16.32, 5.72283e-05
FILLER_0_0_300, 143.06, 16.32, 5.72283e-05
FILLER_0_2_297, 143.06, 16.32, 5.72283e-05
FILLER_0_2_305, 143.06, 16.32, 5.72283e-05
FILLER_0_1_45, 27.14, 16.32, 1.30544e-05
FILLER_0_3_69, 38.18, 16.32, 1.38613e-05
_2756_, 52.9, 16.32, 1.4618e-05
FILLER_0_3_104, 52.9, 16.32, 1.4618e-05
_2759_, 58.42, 16.32, 1.43857e-05
FILLER_0_1_161, 78.66, 16.32, 1.61381e-05
FILLER_0_1_217, 106.26, 16.32, 2.61183e-05
FILLER_0_3_220, 106.26, 16.32, 2.61183e-05
_1577_, 150.42, 16.32, 5.20296e-05
FILLER_0_1_329, 155.94, 16.32, 4.69431e-05
input3, 161.46, 16.32, 4.79348e-05
FILLER_0_2_345, 161.46, 16.32, 4.79348e-05
PHY_EDGE_ROW_0_Left_60, 5.52, 10.88, 0.000214036
input15, 5.52, 10.88, 0.000214036
output44, 5.52, 10.88, 0.000214036
output51, 5.52, 10.88, 0.000214036
PHY_EDGE_ROW_0_Right_0, 169.28, 10.88, 7.05112e-05
FILLER_0_0_347, 169.28, 10.88, 7.05112e-05
output43, 14.72, 10.88, 0.00019235
input11, 38.18, 10.88, 9.63915e-05
FILLER_0_0_77, 38.18, 10.88, 9.63915e-05
FILLER_0_0_109, 52.9, 10.88, 9.28556e-05
FILLER_0_1_105, 52.9, 10.88, 9.28556e-05
input26, 73.14, 10.88, 5.15771e-05
FILLER_0_0_153, 73.14, 10.88, 5.15771e-05
input32, 92.92, 10.88, 4.09023e-05
FILLER_0_0_214, 101.2, 10.88, 3.43631e-05
_1494_, 114.54, 10.88, 2.99907e-05
FILLER_0_0_243, 114.54, 10.88, 2.99907e-05
FILLER_0_1_237, 114.54, 10.88, 2.99907e-05
input28, 127.42, 10.88, 4.17717e-05
output61, 127.42, 10.88, 4.17717e-05
FILLER_0_0_271, 127.42, 10.88, 4.17717e-05
FILLER_0_1_269, 127.42, 10.88, 4.17717e-05
input25, 137.54, 10.88, 4.28634e-05
FILLER_0_0_293, 137.54, 10.88, 4.28634e-05
FILLER_0_1_277, 137.54, 10.88, 4.28634e-05
output47, 61.565, 10.88, 9.07741e-05
output53, 61.565, 10.88, 9.07741e-05
FILLER_0_0_119, 61.565, 10.88, 9.07741e-05
output56, 83.03, 10.88, 4.81428e-05
FILLER_0_0_163, 83.03, 10.88, 4.81428e-05
FILLER_0_0_169, 83.03, 10.88, 4.81428e-05
input30, 160.695, 10.88, 7.05112e-05
output49, 160.695, 10.88, 7.05112e-05
FILLER_0_1_337, 160.695, 10.88, 7.05112e-05

