
===========================================================================
 report_power
============================================================================
======================= Fastest Corner ===================================

Group                  Internal  Switching    Leakage      Total
                          Power      Power      Power      Power (Watts)
----------------------------------------------------------------
Sequential             2.70e-04   1.43e-04   1.10e-09   4.13e-04  23.8%
Combinational          6.15e-04   7.03e-04   6.34e-09   1.32e-03  76.2%
Macro                  0.00e+00   0.00e+00   0.00e+00   0.00e+00   0.0%
Pad                    0.00e+00   0.00e+00   0.00e+00   0.00e+00   0.0%
----------------------------------------------------------------
Total                  8.85e-04   8.46e-04   7.44e-09   1.73e-03 100.0%
                          51.1%      48.9%       0.0%

======================= Slowest Corner ===================================

Group                  Internal  Switching    Leakage      Total
                          Power      Power      Power      Power (Watts)
----------------------------------------------------------------
Sequential             1.85e-04   9.46e-05   1.08e-06   2.80e-04  23.3%
Combinational          4.57e-04   4.65e-04   2.87e-06   9.25e-04  76.7%
Macro                  0.00e+00   0.00e+00   0.00e+00   0.00e+00   0.0%
Pad                    0.00e+00   0.00e+00   0.00e+00   0.00e+00   0.0%
----------------------------------------------------------------
Total                  6.42e-04   5.59e-04   3.95e-06   1.21e-03 100.0%
                          53.3%      46.4%       0.3%

======================= Typical Corner ===================================

Group                  Internal  Switching    Leakage      Total
                          Power      Power      Power      Power (Watts)
----------------------------------------------------------------
Sequential             2.34e-04   1.21e-04   6.16e-10   3.54e-04  23.6%
Combinational          5.57e-04   5.94e-04   3.11e-09   1.15e-03  76.4%
Macro                  0.00e+00   0.00e+00   0.00e+00   0.00e+00   0.0%
Pad                    0.00e+00   0.00e+00   0.00e+00   0.00e+00   0.0%
----------------------------------------------------------------
Total                  7.91e-04   7.14e-04   3.73e-09   1.50e-03 100.0%
                          52.5%      47.5%       0.0%

