Instance name, X location, Y location, Voltage
output38, 71.125, 84.32, 1.79997
input4, 71.125, 78.88, 1.79996
output51, 71.125, 78.88, 1.79996
output61, 71.125, 78.88, 1.79996
FILLER_0_24_141, 71.125, 78.88, 1.79996
FILLER_0_25_141, 71.125, 78.88, 1.79996
_349_, 71.125, 68, 1.79997
_346_, 71.125, 62.56, 1.79999
_353_, 71.125, 62.56, 1.79999
FILLER_0_19_149, 71.125, 62.56, 1.79999
_368_, 71.125, 57.12, 1.79997
_369_, 71.125, 57.12, 1.79997
_367_, 71.125, 51.68, 1.79996
_492_, 71.125, 51.68, 1.79996
FILLER_0_14_141, 71.125, 51.68, 1.79996
FILLER_0_15_148, 71.125, 51.68, 1.79996
_363_, 71.125, 46.24, 1.79996
_365_, 71.125, 46.24, 1.79996
_366_, 71.125, 46.24, 1.79996
FILLER_0_12_141, 71.125, 46.24, 1.79996
FILLER_0_13_135, 71.125, 46.24, 1.79996
_370_, 71.125, 40.8, 1.79998
_372_, 71.125, 40.8, 1.79998
_373_, 71.125, 40.8, 1.79998
_381_, 71.125, 40.8, 1.79998
FILLER_0_12_149, 71.125, 40.8, 1.79998
_493_, 71.125, 35.36, 1.79997
_515_, 71.125, 29.92, 1.79997
FILLER_0_6_141, 71.125, 29.92, 1.79997
FILLER_0_7_139, 71.125, 29.92, 1.79997
_469_, 71.125, 24.48, 1.79997
_470_, 71.125, 24.48, 1.79997
_471_, 71.125, 24.48, 1.79997
_472_, 71.125, 24.48, 1.79997
_473_, 71.125, 24.48, 1.79997
input20, 71.125, 24.48, 1.79997
hold3, 71.125, 24.48, 1.79997
_477_, 71.125, 19.04, 1.79998
_516_, 71.125, 19.04, 1.79998
hold1, 71.125, 19.04, 1.79998
input5, 71.125, 13.6, 1.79995
input29, 71.125, 13.6, 1.79995
FILLER_0_0_133, 71.125, 13.6, 1.79995
FILLER_0_2_134, 71.125, 13.6, 1.79995
hold13, 52.38, 84.32, 1.79998
_429_, 52.38, 78.88, 1.79996
_431_, 52.38, 78.88, 1.79996
input27, 52.38, 78.88, 1.79996
output42, 52.38, 78.88, 1.79996
_345_, 52.38, 73.44, 1.79996
_489_, 52.38, 73.44, 1.79996
FILLER_0_23_102, 52.38, 73.44, 1.79996
FILLER_0_23_109, 52.38, 73.44, 1.79996
_339_, 52.38, 68, 1.79997
_344_, 52.38, 68, 1.79997
_310_, 52.38, 62.56, 1.79998
_340_, 52.38, 62.56, 1.79998
_341_, 52.38, 62.56, 1.79998
FILLER_0_19_96, 52.38, 62.56, 1.79998
FILLER_0_19_109, 52.38, 62.56, 1.79998
FILLER_0_20_97, 52.38, 62.56, 1.79998
_246_, 52.38, 57.12, 1.79995
_252_, 52.38, 57.12, 1.79995
_256_, 52.38, 57.12, 1.79995
_243_, 52.38, 51.68, 1.79995
_391_, 52.38, 51.68, 1.79995
_454_, 52.38, 51.68, 1.79995
_456_, 52.38, 51.68, 1.79995
_244_, 52.38, 46.24, 1.79994
_410_, 52.38, 46.24, 1.79994
FILLER_0_14_98, 52.38, 46.24, 1.79994
_249_, 52.38, 40.8, 1.79998
FILLER_0_11_108, 52.38, 40.8, 1.79998
_385_, 52.38, 35.36, 1.79997
_386_, 52.38, 35.36, 1.79997
_389_, 52.38, 35.36, 1.79997
FILLER_0_10_104, 52.38, 35.36, 1.79997
_383_, 52.38, 29.92, 1.79997
_384_, 52.38, 29.92, 1.79997
_387_, 52.38, 29.92, 1.79997
_393_, 52.38, 29.92, 1.79997
hold6, 52.38, 29.92, 1.79997
_390_, 52.38, 24.48, 1.79996
FILLER_0_5_102, 52.38, 24.48, 1.79996
_242_, 52.38, 19.04, 1.79997
_418_, 52.38, 13.6, 1.79994
_419_, 52.38, 13.6, 1.79994
_420_, 52.38, 13.6, 1.79994
output59, 52.38, 13.6, 1.79994
hold20, 52.38, 13.6, 1.79994
FILLER_0_0_93, 52.38, 13.6, 1.79994
FILLER_0_2_96, 52.38, 13.6, 1.79994
_433_, 33.635, 78.88, 1.79994
_435_, 33.635, 78.88, 1.79994
_438_, 33.635, 78.88, 1.79994
_504_, 33.635, 78.88, 1.79994
input28, 33.635, 78.88, 1.79994
output45, 33.635, 78.88, 1.79994
hold17, 33.635, 78.88, 1.79994
_305_, 33.635, 68, 1.79998
_308_, 33.635, 68, 1.79998
FILLER_0_21_53, 33.635, 68, 1.79998
FILLER_0_21_62, 33.635, 68, 1.79998
_300_, 33.635, 62.56, 1.79998
_314_, 33.635, 62.56, 1.79998
_333_, 33.635, 62.56, 1.79998
FILLER_0_19_57, 33.635, 62.56, 1.79998
_260_, 33.635, 57.12, 1.79996
_306_, 33.635, 57.12, 1.79996
_481_, 33.635, 57.12, 1.79996
_250_, 33.635, 51.68, 1.79994
_264_, 33.635, 51.68, 1.79994
_269_, 33.635, 51.68, 1.79994
FILLER_0_14_61, 33.635, 51.68, 1.79994
_268_, 33.635, 46.24, 1.79995
_270_, 33.635, 46.24, 1.79995
_416_, 33.635, 46.24, 1.79995
FILLER_0_12_61, 33.635, 46.24, 1.79995
FILLER_0_13_65, 33.635, 46.24, 1.79995
_272_, 33.635, 40.8, 1.79998
_279_, 33.635, 40.8, 1.79998
_278_, 33.635, 35.36, 1.79997
_400_, 33.635, 35.36, 1.79997
_401_, 33.635, 35.36, 1.79997
FILLER_0_9_57, 33.635, 35.36, 1.79997
FILLER_0_10_60, 33.635, 35.36, 1.79997
_274_, 33.635, 29.92, 1.79997
_276_, 33.635, 29.92, 1.79997
_286_, 33.635, 29.92, 1.79997
_287_, 33.635, 29.92, 1.79997
_394_, 33.635, 29.92, 1.79997
_404_, 33.635, 29.92, 1.79997
FILLER_0_7_62, 33.635, 29.92, 1.79997
FILLER_0_8_59, 33.635, 29.92, 1.79997
FILLER_0_8_67, 33.635, 29.92, 1.79997
_275_, 33.635, 24.48, 1.79995
_405_, 33.635, 24.48, 1.79995
_495_, 33.635, 24.48, 1.79995
_453_, 33.635, 19.04, 1.79996
_509_, 33.635, 19.04, 1.79996
hold11, 33.635, 19.04, 1.79996
FILLER_0_4_53, 33.635, 19.04, 1.79996
FILLER_0_4_68, 33.635, 19.04, 1.79996
_421_, 33.635, 13.6, 1.79992
_425_, 33.635, 13.6, 1.79992
_426_, 33.635, 13.6, 1.79992
_452_, 33.635, 13.6, 1.79992
_500_, 33.635, 13.6, 1.79992
output57, 33.635, 13.6, 1.79992
FILLER_0_0_66, 33.635, 13.6, 1.79992
FILLER_0_1_57, 33.635, 13.6, 1.79992
output44, 14.89, 78.88, 1.79993
_318_, 14.89, 73.44, 1.79997
_319_, 14.89, 73.44, 1.79997
FILLER_0_24_18, 14.89, 73.44, 1.79997
_315_, 14.89, 68, 1.79998
_317_, 14.89, 68, 1.79998
FILLER_0_21_18, 14.89, 68, 1.79998
FILLER_0_22_18, 14.89, 68, 1.79998
_322_, 14.89, 62.56, 1.79998
_323_, 14.89, 62.56, 1.79998
_325_, 14.89, 62.56, 1.79998
_326_, 14.89, 62.56, 1.79998
_331_, 14.89, 62.56, 1.79998
FILLER_0_19_31, 14.89, 62.56, 1.79998
FILLER_0_20_17, 14.89, 62.56, 1.79998
_321_, 14.89, 57.12, 1.79997
_329_, 14.89, 57.12, 1.79997
FILLER_0_17_23, 14.89, 57.12, 1.79997
FILLER_0_18_22, 14.89, 57.12, 1.79997
FILLER_0_18_29, 14.89, 57.12, 1.79997
clkbuf_2_2__f_clk, 14.89, 51.68, 1.79994
FILLER_0_16_21, 14.89, 51.68, 1.79994
FILLER_0_16_29, 14.89, 51.68, 1.79994
_463_, 14.89, 46.24, 1.79994
_482_, 14.89, 46.24, 1.79994
_483_, 14.89, 46.24, 1.79994
_281_, 14.89, 40.8, 1.79997
_282_, 14.89, 40.8, 1.79997
FILLER_0_11_25, 14.89, 40.8, 1.79997
FILLER_0_12_21, 14.89, 40.8, 1.79997
_484_, 14.89, 35.36, 1.79996
output65, 14.89, 35.36, 1.79996
FILLER_0_10_25, 14.89, 35.36, 1.79996
_444_, 14.89, 29.92, 1.79997
hold15, 14.89, 29.92, 1.79997
FILLER_0_8_23, 14.89, 29.92, 1.79997
_447_, 14.89, 24.48, 1.79994
_507_, 14.89, 24.48, 1.79994
output40, 14.89, 24.48, 1.79994
_508_, 14.89, 19.04, 1.79995
FILLER_0_4_23, 14.89, 19.04, 1.79995
FILLER_0_4_29, 14.89, 19.04, 1.79995
output46, 14.89, 13.6, 1.79991
output55, 14.89, 13.6, 1.79991
output58, 14.89, 13.6, 1.79991
FILLER_0_0_13, 14.89, 13.6, 1.79991
FILLER_0_2_18, 14.89, 13.6, 1.79991
PHY_EDGE_ROW_26_Left_53, 5.52, 84.32, 1.79999
PHY_EDGE_ROW_26_Right_26, 80.5, 84.32, 1.79996
output60, 80.5, 84.32, 1.79996
output53, 24.262, 84.32, 1.79998
FILLER_0_26_44, 24.262, 84.32, 1.79998
_428_, 59.54, 84.32, 1.79998
PHY_EDGE_ROW_24_Left_51, 5.52, 78.88, 1.79991
PHY_EDGE_ROW_25_Left_52, 5.52, 78.88, 1.79991
input15, 5.52, 78.88, 1.79991
output62, 5.52, 78.88, 1.79991
PHY_EDGE_ROW_24_Right_24, 80.5, 78.88, 1.79996
PHY_EDGE_ROW_25_Right_25, 80.5, 78.88, 1.79996
FILLER_0_25_156, 80.5, 78.88, 1.79996
output39, 11.04, 78.88, 1.79992
output66, 11.04, 78.88, 1.79992
FILLER_0_26_7, 11.04, 78.88, 1.79992
_427_, 63.94, 78.88, 1.79995
_501_, 63.94, 78.88, 1.79995
input19, 63.94, 78.88, 1.79995
FILLER_0_26_23, 15.18, 78.88, 1.79993
_434_, 20.7, 78.88, 1.79992
_487_, 20.7, 78.88, 1.79992
output63, 20.7, 78.88, 1.79992
FILLER_0_25_39, 20.7, 78.88, 1.79992
_432_, 43.007, 78.88, 1.79994
_502_, 43.007, 78.88, 1.79994
input11, 43.007, 78.88, 1.79994
input30, 43.007, 78.88, 1.79994
hold14, 43.007, 78.88, 1.79994
PHY_EDGE_ROW_22_Left_49, 5.52, 73.44, 1.79997
PHY_EDGE_ROW_23_Left_50, 5.52, 73.44, 1.79997
input31, 5.52, 73.44, 1.79997
PHY_EDGE_ROW_22_Right_22, 80.5, 73.44, 1.79995
PHY_EDGE_ROW_23_Right_23, 80.5, 73.44, 1.79995
input7, 80.5, 73.44, 1.79995
output48, 80.5, 73.44, 1.79995
FILLER_0_23_15, 11.04, 73.44, 1.79997
_503_, 33.12, 73.44, 1.79996
FILLER_0_23_57, 33.12, 73.44, 1.79996
_293_, 38.64, 73.44, 1.79996
_294_, 38.64, 73.44, 1.79996
_295_, 38.64, 73.44, 1.79996
_437_, 38.64, 73.44, 1.79996
FILLER_0_24_70, 38.64, 73.44, 1.79996
_362_, 61.64, 73.44, 1.79996
_491_, 67.16, 73.44, 1.79995
FILLER_0_24_133, 67.16, 73.44, 1.79995
input2, 73.14, 73.44, 1.79996
output49, 73.14, 73.44, 1.79996
FILLER_0_23_146, 73.14, 73.44, 1.79996
_486_, 44.16, 73.44, 1.79995
FILLER_0_24_85, 44.16, 73.44, 1.79995
_430_, 49.68, 73.44, 1.79996
_302_, 24.005, 73.44, 1.79996
_303_, 24.005, 73.44, 1.79996
_304_, 24.005, 73.44, 1.79996
_485_, 24.005, 73.44, 1.79996
FILLER_0_24_49, 24.005, 73.44, 1.79996
PHY_EDGE_ROW_20_Left_47, 5.52, 68, 1.79998
PHY_EDGE_ROW_21_Left_48, 5.52, 68, 1.79998
input12, 5.52, 68, 1.79998
input23, 5.52, 68, 1.79998
PHY_EDGE_ROW_20_Right_20, 80.5, 68, 1.79997
PHY_EDGE_ROW_21_Right_21, 80.5, 68, 1.79997
input17, 80.5, 68, 1.79997
_312_, 47.38, 68, 1.79997
_338_, 47.38, 68, 1.79997
_335_, 11.04, 68, 1.79998
FILLER_0_20_9, 11.04, 68, 1.79998
_316_, 23.46, 68, 1.79998
FILLER_0_20_32, 23.46, 68, 1.79998
FILLER_0_21_45, 23.46, 68, 1.79998
FILLER_0_22_38, 23.46, 68, 1.79998
_342_, 53.82, 68, 1.79996
_343_, 53.82, 68, 1.79996
FILLER_0_21_113, 53.82, 68, 1.79996
_348_, 74.06, 68, 1.79997
FILLER_0_21_155, 74.06, 68, 1.79997
FILLER_0_22_153, 74.06, 68, 1.79997
_307_, 40.507, 68, 1.79997
_309_, 40.507, 68, 1.79997
FILLER_0_21_71, 40.507, 68, 1.79997
FILLER_0_21_81, 40.507, 68, 1.79997
FILLER_0_22_78, 40.507, 68, 1.79997
_259_, 62.472, 68, 1.79995
_351_, 62.472, 68, 1.79995
_352_, 62.472, 68, 1.79995
_490_, 62.472, 68, 1.79995
_313_, 5.52, 62.56, 1.79998
_324_, 5.52, 62.56, 1.79998
PHY_EDGE_ROW_18_Left_45, 5.52, 62.56, 1.79998
PHY_EDGE_ROW_19_Left_46, 5.52, 62.56, 1.79998
FILLER_0_20_3, 5.52, 62.56, 1.79998
PHY_EDGE_ROW_18_Right_18, 80.5, 62.56, 1.79998
PHY_EDGE_ROW_19_Right_19, 80.5, 62.56, 1.79998
output34, 80.5, 62.56, 1.79998
_299_, 28.06, 62.56, 1.79998
_301_, 28.06, 62.56, 1.79998
_327_, 28.06, 62.56, 1.79998
FILLER_0_18_55, 28.06, 62.56, 1.79998
FILLER_0_19_49, 28.06, 62.56, 1.79998
_332_, 37.72, 62.56, 1.79998
_336_, 37.72, 62.56, 1.79998
_311_, 42.32, 62.56, 1.79998
_337_, 42.32, 62.56, 1.79998
FILLER_0_18_76, 42.32, 62.56, 1.79998
FILLER_0_19_86, 42.32, 62.56, 1.79998
_350_, 67.16, 62.56, 1.79998
FILLER_0_18_135, 67.16, 62.56, 1.79998
_347_, 59.77, 62.56, 1.79998
_354_, 59.77, 62.56, 1.79998
_357_, 59.77, 62.56, 1.79998
FILLER_0_19_113, 59.77, 62.56, 1.79998
FILLER_0_20_114, 59.77, 62.56, 1.79998
PHY_EDGE_ROW_16_Left_43, 5.52, 57.12, 1.79996
PHY_EDGE_ROW_17_Left_44, 5.52, 57.12, 1.79996
output41, 5.52, 57.12, 1.79996
PHY_EDGE_ROW_16_Right_16, 80.5, 57.12, 1.79997
PHY_EDGE_ROW_17_Right_17, 80.5, 57.12, 1.79997
_320_, 12.42, 57.12, 1.79996
FILLER_0_17_15, 12.42, 57.12, 1.79996
_257_, 57.96, 57.12, 1.79995
_258_, 57.96, 57.12, 1.79995
_355_, 57.96, 57.12, 1.79995
_334_, 9.66, 57.12, 1.79996
input14, 9.66, 57.12, 1.79996
_356_, 64.4, 57.12, 1.79996
_361_, 64.4, 57.12, 1.79996
FILLER_0_17_134, 64.4, 57.12, 1.79996
_240_, 75.44, 57.12, 1.79997
FILLER_0_18_148, 75.44, 57.12, 1.79997
FILLER_0_18_157, 75.44, 57.12, 1.79997
_328_, 24.262, 57.12, 1.79996
_488_, 24.262, 57.12, 1.79996
FILLER_0_17_47, 24.262, 57.12, 1.79996
_451_, 43.007, 57.12, 1.79995
_510_, 43.007, 57.12, 1.79995
hold22, 43.007, 57.12, 1.79995
FILLER_0_16_76, 43.007, 57.12, 1.79995
_459_, 5.52, 51.68, 1.79993
_465_, 5.52, 51.68, 1.79993
PHY_EDGE_ROW_14_Left_41, 5.52, 51.68, 1.79993
PHY_EDGE_ROW_15_Left_42, 5.52, 51.68, 1.79993
input6, 5.52, 51.68, 1.79993
hold19, 5.52, 51.68, 1.79993
PHY_EDGE_ROW_14_Right_14, 80.5, 51.68, 1.79996
PHY_EDGE_ROW_15_Right_15, 80.5, 51.68, 1.79996
input1, 80.5, 51.68, 1.79996
input33, 80.5, 51.68, 1.79996
_392_, 34.5, 51.68, 1.79993
_417_, 34.5, 51.68, 1.79993
_497_, 34.5, 51.68, 1.79993
hold21, 34.5, 51.68, 1.79993
FILLER_0_15_69, 34.5, 51.68, 1.79993
FILLER_0_16_65, 34.5, 51.68, 1.79993
_253_, 24.262, 51.68, 1.79993
_271_, 24.262, 51.68, 1.79993
_330_, 24.262, 51.68, 1.79993
hold18, 24.262, 51.68, 1.79993
FILLER_0_15_46, 24.262, 51.68, 1.79993
_263_, 43.44, 51.68, 1.79992
_455_, 43.44, 51.68, 1.79992
clkbuf_2_3__f_clk, 43.44, 51.68, 1.79992
FILLER_0_14_85, 43.44, 51.68, 1.79992
_239_, 61.752, 51.68, 1.79994
_251_, 61.752, 51.68, 1.79994
_261_, 61.752, 51.68, 1.79994
_262_, 61.752, 51.68, 1.79994
_358_, 61.752, 51.68, 1.79994
_359_, 61.752, 51.68, 1.79994
_360_, 61.752, 51.68, 1.79994
FILLER_0_15_121, 61.752, 51.68, 1.79994
FILLER_0_15_131, 61.752, 51.68, 1.79994
_464_, 5.52, 46.24, 1.79992
_513_, 5.52, 46.24, 1.79992
PHY_EDGE_ROW_12_Left_39, 5.52, 46.24, 1.79992
PHY_EDGE_ROW_13_Left_40, 5.52, 46.24, 1.79992
output43, 5.52, 46.24, 1.79992
PHY_EDGE_ROW_12_Right_12, 80.5, 46.24, 1.79995
PHY_EDGE_ROW_13_Right_13, 80.5, 46.24, 1.79995
output54, 80.5, 46.24, 1.79995
FILLER_0_13_155, 80.5, 46.24, 1.79995
_266_, 24.84, 46.24, 1.79994
_267_, 24.84, 46.24, 1.79994
FILLER_0_13_48, 24.84, 46.24, 1.79994
_241_, 53.36, 46.24, 1.79994
_254_, 53.36, 46.24, 1.79994
_480_, 53.36, 46.24, 1.79994
_414_, 43.007, 46.24, 1.79992
clkbuf_0_clk, 43.007, 46.24, 1.79992
_255_, 62.242, 46.24, 1.79994
_364_, 62.242, 46.24, 1.79994
_374_, 62.242, 46.24, 1.79994
_377_, 62.242, 46.24, 1.79994
FILLER_0_13_122, 62.242, 46.24, 1.79994
FILLER_0_14_124, 62.242, 46.24, 1.79994
FILLER_0_14_132, 62.242, 46.24, 1.79994
_458_, 5.52, 40.8, 1.79996
_511_, 5.52, 40.8, 1.79996
PHY_EDGE_ROW_10_Left_37, 5.52, 40.8, 1.79996
PHY_EDGE_ROW_11_Left_38, 5.52, 40.8, 1.79996
_371_, 80.5, 40.8, 1.79998
PHY_EDGE_ROW_10_Right_10, 80.5, 40.8, 1.79998
PHY_EDGE_ROW_11_Right_11, 80.5, 40.8, 1.79998
input16, 80.5, 40.8, 1.79998
_408_, 40.94, 40.8, 1.79998
FILLER_0_11_76, 40.94, 40.8, 1.79998
FILLER_0_12_78, 40.94, 40.8, 1.79998
_406_, 50.6, 40.8, 1.79998
_407_, 50.6, 40.8, 1.79998
_409_, 50.6, 40.8, 1.79998
FILLER_0_11_96, 50.6, 40.8, 1.79998
FILLER_0_10_17, 14.26, 40.8, 1.79997
_265_, 28.06, 40.8, 1.79997
_273_, 28.06, 40.8, 1.79997
_277_, 28.06, 40.8, 1.79997
_288_, 28.06, 40.8, 1.79997
_396_, 37.72, 40.8, 1.79998
_415_, 37.72, 40.8, 1.79998
_375_, 60.26, 40.8, 1.79998
_376_, 60.26, 40.8, 1.79998
_378_, 60.26, 40.8, 1.79998
FILLER_0_12_135, 69.46, 40.8, 1.79998
_442_, 5.52, 35.36, 1.79995
_457_, 5.52, 35.36, 1.79995
PHY_EDGE_ROW_8_Left_35, 5.52, 35.36, 1.79995
PHY_EDGE_ROW_9_Left_36, 5.52, 35.36, 1.79995
input21, 5.52, 35.36, 1.79995
FILLER_0_9_3, 5.52, 35.36, 1.79995
PHY_EDGE_ROW_8_Right_8, 80.5, 35.36, 1.79997
PHY_EDGE_ROW_9_Right_9, 80.5, 35.36, 1.79997
FILLER_0_9_157, 80.5, 35.36, 1.79997
_280_, 21.62, 35.36, 1.79995
_289_, 21.62, 35.36, 1.79995
_290_, 21.62, 35.36, 1.79995
_291_, 21.62, 35.36, 1.79995
_292_, 21.62, 35.36, 1.79995
_298_, 21.62, 35.36, 1.79995
FILLER_0_8_41, 21.62, 35.36, 1.79995
FILLER_0_10_37, 21.62, 35.36, 1.79995
_388_, 50.6, 35.36, 1.79997
_398_, 57.96, 35.36, 1.79997
FILLER_0_10_110, 57.96, 35.36, 1.79997
_382_, 73.14, 35.36, 1.79997
FILLER_0_8_153, 73.14, 35.36, 1.79997
FILLER_0_10_149, 73.14, 35.36, 1.79997
_379_, 63.02, 35.36, 1.79997
_380_, 63.02, 35.36, 1.79997
_466_, 63.02, 35.36, 1.79997
FILLER_0_9_131, 63.02, 35.36, 1.79997
_395_, 42.117, 35.36, 1.79997
_397_, 42.117, 35.36, 1.79997
_399_, 42.117, 35.36, 1.79997
_403_, 42.117, 35.36, 1.79997
_411_, 42.117, 35.36, 1.79997
FILLER_0_8_79, 42.117, 35.36, 1.79997
FILLER_0_9_83, 42.117, 35.36, 1.79997
_443_, 5.52, 29.92, 1.79996
_506_, 5.52, 29.92, 1.79996
PHY_EDGE_ROW_6_Left_33, 5.52, 29.92, 1.79996
PHY_EDGE_ROW_7_Left_34, 5.52, 29.92, 1.79996
FILLER_0_7_3, 5.52, 29.92, 1.79996
FILLER_0_8_3, 5.52, 29.92, 1.79996
PHY_EDGE_ROW_6_Right_6, 80.5, 29.92, 1.79997
PHY_EDGE_ROW_7_Right_7, 80.5, 29.92, 1.79997
_467_, 63.94, 29.92, 1.79996
_468_, 63.94, 29.92, 1.79996
_514_, 63.94, 29.92, 1.79996
hold4, 63.94, 29.92, 1.79996
FILLER_0_6_133, 63.94, 29.92, 1.79996
_446_, 20.24, 29.92, 1.79997
FILLER_0_7_38, 20.24, 29.92, 1.79997
FILLER_0_7_46, 20.24, 29.92, 1.79997
_402_, 43.007, 29.92, 1.79995
_412_, 43.007, 29.92, 1.79995
_439_, 43.007, 29.92, 1.79995
clkbuf_2_1__f_clk, 43.007, 29.92, 1.79995
FILLER_0_7_74, 43.007, 29.92, 1.79995
FILLER_0_8_85, 43.007, 29.92, 1.79995
_462_, 5.52, 24.48, 1.79992
_512_, 5.52, 24.48, 1.79992
PHY_EDGE_ROW_4_Left_31, 5.52, 24.48, 1.79992
PHY_EDGE_ROW_5_Left_32, 5.52, 24.48, 1.79992
hold10, 5.52, 24.48, 1.79992
PHY_EDGE_ROW_4_Right_4, 80.5, 24.48, 1.79996
PHY_EDGE_ROW_5_Right_5, 80.5, 24.48, 1.79996
output36, 80.5, 24.48, 1.79996
_494_, 52.9, 24.48, 1.79996
_518_, 52.9, 24.48, 1.79996
_283_, 24.262, 24.48, 1.79992
_285_, 24.262, 24.48, 1.79992
_296_, 24.262, 24.48, 1.79992
_297_, 24.262, 24.48, 1.79992
clkbuf_2_0__f_clk, 24.262, 24.48, 1.79992
FILLER_0_5_35, 24.262, 24.48, 1.79992
FILLER_0_6_38, 24.262, 24.48, 1.79992
_413_, 40.507, 24.48, 1.79994
_441_, 40.507, 24.48, 1.79994
_496_, 40.507, 24.48, 1.79994
hold8, 40.507, 24.48, 1.79994
FILLER_0_4_78, 40.507, 24.48, 1.79994
FILLER_0_5_79, 40.507, 24.48, 1.79994
_247_, 62.012, 24.48, 1.79996
_248_, 62.012, 24.48, 1.79996
hold5, 62.012, 24.48, 1.79996
hold7, 62.012, 24.48, 1.79996
_461_, 5.52, 19.04, 1.79994
PHY_EDGE_ROW_2_Left_29, 5.52, 19.04, 1.79994
PHY_EDGE_ROW_3_Left_30, 5.52, 19.04, 1.79994
input10, 5.52, 19.04, 1.79994
FILLER_0_3_6, 5.52, 19.04, 1.79994
PHY_EDGE_ROW_2_Right_2, 80.5, 19.04, 1.79998
PHY_EDGE_ROW_3_Right_3, 80.5, 19.04, 1.79998
input32, 80.5, 19.04, 1.79998
_245_, 11.04, 19.04, 1.79994
_460_, 11.04, 19.04, 1.79994
_476_, 59.8, 19.04, 1.79998
_478_, 59.8, 19.04, 1.79998
FILLER_0_3_117, 59.8, 19.04, 1.79998
_474_, 73.14, 19.04, 1.79998
hold2, 73.14, 19.04, 1.79998
FILLER_0_2_153, 73.14, 19.04, 1.79998
_284_, 24.262, 19.04, 1.79995
_445_, 24.262, 19.04, 1.79995
_449_, 24.262, 19.04, 1.79995
FILLER_0_2_41, 24.262, 19.04, 1.79995
FILLER_0_3_44, 24.262, 19.04, 1.79995
FILLER_0_4_44, 24.262, 19.04, 1.79995
_479_, 43.007, 19.04, 1.79996
_505_, 43.007, 19.04, 1.79996
PHY_EDGE_ROW_0_Left_27, 5.52, 13.6, 1.7999
PHY_EDGE_ROW_1_Left_28, 5.52, 13.6, 1.7999
input13, 5.52, 13.6, 1.7999
input22, 5.52, 13.6, 1.7999
input24, 5.52, 13.6, 1.7999
output47, 5.52, 13.6, 1.7999
PHY_EDGE_ROW_0_Right_0, 80.5, 13.6, 1.79994
PHY_EDGE_ROW_1_Right_1, 80.5, 13.6, 1.79994
output52, 80.5, 13.6, 1.79994
_448_, 17.02, 13.6, 1.79991
_450_, 17.02, 13.6, 1.79991
input18, 17.02, 13.6, 1.79991
output56, 17.02, 13.6, 1.79991
FILLER_0_2_29, 17.02, 13.6, 1.79991
input3, 72.22, 13.6, 1.79995
input8, 72.22, 13.6, 1.79995
input25, 72.22, 13.6, 1.79995
input26, 72.22, 13.6, 1.79995
_422_, 25.327, 13.6, 1.7999
_423_, 25.327, 13.6, 1.7999
_499_, 25.327, 13.6, 1.7999
output37, 25.327, 13.6, 1.7999
output50, 25.327, 13.6, 1.7999
hold16, 25.327, 13.6, 1.7999
_436_, 43.007, 13.6, 1.79992
_440_, 43.007, 13.6, 1.79992
_498_, 43.007, 13.6, 1.79992
hold9, 43.007, 13.6, 1.79992
hold12, 43.007, 13.6, 1.79992
FILLER_0_0_80, 43.007, 13.6, 1.79992
_424_, 61.752, 13.6, 1.79993
_475_, 61.752, 13.6, 1.79993
_517_, 61.752, 13.6, 1.79993
input9, 61.752, 13.6, 1.79993
output35, 61.752, 13.6, 1.79993
output64, 61.752, 13.6, 1.79993
FILLER_0_1_113, 61.752, 13.6, 1.79993
FILLER_0_2_124, 61.752, 13.6, 1.79993

