Instance name, X location, Y location, Voltage
output60, 74.425, 81.6, 3.74938e-05
output61, 74.425, 81.6, 3.74938e-05
input2, 74.425, 76.16, 4.0828e-05
input4, 74.425, 76.16, 4.0828e-05
output49, 74.425, 76.16, 4.0828e-05
output51, 74.425, 76.16, 4.0828e-05
FILLER_0_24_141, 74.425, 76.16, 4.0828e-05
FILLER_0_25_156, 74.425, 76.16, 4.0828e-05
output48, 74.425, 70.72, 3.16837e-05
FILLER_0_22_153, 74.425, 70.72, 3.16837e-05
_348_, 74.425, 65.28, 1.32427e-05
FILLER_0_21_155, 74.425, 65.28, 1.32427e-05
_346_, 74.425, 59.84, 1.73284e-05
_353_, 74.425, 59.84, 1.73284e-05
FILLER_0_18_148, 74.425, 59.84, 1.73284e-05
FILLER_0_19_149, 74.425, 59.84, 1.73284e-05
_369_, 74.425, 54.4, 3.89548e-05
_492_, 74.425, 54.4, 3.89548e-05
_366_, 74.425, 48.96, 2.27457e-05
input33, 74.425, 48.96, 2.27457e-05
FILLER_0_14_141, 74.425, 48.96, 2.27457e-05
FILLER_0_15_148, 74.425, 48.96, 2.27457e-05
_365_, 74.425, 43.52, 2.7659e-05
_370_, 74.425, 43.52, 2.7659e-05
output54, 74.425, 43.52, 2.7659e-05
FILLER_0_12_149, 74.425, 43.52, 2.7659e-05
FILLER_0_13_155, 74.425, 43.52, 2.7659e-05
_371_, 74.425, 38.08, 1.92026e-05
_372_, 74.425, 38.08, 1.92026e-05
_373_, 74.425, 38.08, 1.92026e-05
_381_, 74.425, 38.08, 1.92026e-05
_382_, 74.425, 38.08, 1.92026e-05
input16, 74.425, 38.08, 1.92026e-05
FILLER_0_10_149, 74.425, 38.08, 1.92026e-05
FILLER_0_8_153, 74.425, 32.64, 3.07181e-05
_471_, 74.425, 27.2, 2.09048e-05
hold3, 74.425, 27.2, 2.09048e-05
FILLER_0_6_141, 74.425, 27.2, 2.09048e-05
_469_, 74.425, 21.76, 2.366e-05
_470_, 74.425, 21.76, 2.366e-05
_473_, 74.425, 21.76, 2.366e-05
_516_, 74.425, 21.76, 2.366e-05
input20, 74.425, 21.76, 2.366e-05
output36, 74.425, 21.76, 2.366e-05
hold2, 74.425, 16.32, 1.70947e-05
FILLER_0_2_153, 74.425, 16.32, 1.70947e-05
input3, 74.425, 10.88, 2.9937e-05
input5, 74.425, 10.88, 2.9937e-05
input8, 74.425, 10.88, 2.9937e-05
input25, 74.425, 10.88, 2.9937e-05
input26, 74.425, 10.88, 2.9937e-05
output52, 74.425, 10.88, 2.9937e-05
_428_, 55.68, 81.6, 3.98396e-05
input27, 55.68, 81.6, 3.98396e-05
output42, 55.68, 81.6, 3.98396e-05
hold13, 55.68, 81.6, 3.98396e-05
_429_, 55.68, 76.16, 4.37996e-05
_489_, 55.68, 76.16, 4.37996e-05
FILLER_0_23_109, 55.68, 76.16, 4.37996e-05
_340_, 55.68, 65.28, 1.79098e-05
_341_, 55.68, 65.28, 1.79098e-05
_342_, 55.68, 65.28, 1.79098e-05
FILLER_0_19_109, 55.68, 65.28, 1.79098e-05
FILLER_0_20_114, 55.68, 65.28, 1.79098e-05
FILLER_0_21_113, 55.68, 65.28, 1.79098e-05
_256_, 55.68, 59.84, 3.06226e-05
_310_, 55.68, 59.84, 3.06226e-05
_354_, 55.68, 59.84, 3.06226e-05
_355_, 55.68, 59.84, 3.06226e-05
FILLER_0_19_113, 55.68, 59.84, 3.06226e-05
_246_, 55.68, 54.4, 5.46908e-05
_456_, 55.68, 54.4, 5.46908e-05
_239_, 55.68, 48.96, 4.0669e-05
_241_, 55.68, 48.96, 4.0669e-05
_251_, 55.68, 48.96, 4.0669e-05
_254_, 55.68, 43.52, 3.82165e-05
_480_, 55.68, 43.52, 3.82165e-05
FILLER_0_11_108, 55.68, 43.52, 3.82165e-05
_249_, 55.68, 38.08, 1.85707e-05
_385_, 55.68, 38.08, 1.85707e-05
_386_, 55.68, 38.08, 1.85707e-05
FILLER_0_10_104, 55.68, 38.08, 1.85707e-05
FILLER_0_10_110, 55.68, 38.08, 1.85707e-05
_384_, 55.68, 32.64, 3.14042e-05
_387_, 55.68, 32.64, 3.14042e-05
_494_, 55.68, 27.2, 4.01236e-05
_242_, 55.68, 21.76, 2.7625e-05
_518_, 55.68, 21.76, 2.7625e-05
hold7, 55.68, 21.76, 2.7625e-05
_418_, 55.68, 16.32, 3.06084e-05
output35, 55.68, 10.88, 4.63309e-05
output59, 55.68, 10.88, 4.63309e-05
hold20, 55.68, 10.88, 4.63309e-05
FILLER_0_1_113, 55.68, 10.88, 4.63309e-05
_438_, 36.935, 81.6, 4.27217e-05
input11, 36.935, 81.6, 4.27217e-05
output45, 36.935, 81.6, 4.27217e-05
hold14, 36.935, 81.6, 4.27217e-05
_293_, 36.935, 76.16, 4.10413e-05
_437_, 36.935, 76.16, 4.10413e-05
_504_, 36.935, 76.16, 4.10413e-05
FILLER_0_24_70, 36.935, 76.16, 4.10413e-05
_308_, 36.935, 70.72, 3.55302e-05
_307_, 36.935, 65.28, 2.15846e-05
_333_, 36.935, 65.28, 2.15846e-05
_336_, 36.935, 65.28, 2.15846e-05
_306_, 36.935, 59.84, 2.71891e-05
_314_, 36.935, 59.84, 2.71891e-05
_332_, 36.935, 59.84, 2.71891e-05
hold21, 36.935, 54.4, 5.64324e-05
FILLER_0_16_76, 36.935, 54.4, 5.64324e-05
_392_, 36.935, 48.96, 4.29474e-05
_417_, 36.935, 48.96, 4.29474e-05
_497_, 36.935, 48.96, 4.29474e-05
FILLER_0_13_65, 36.935, 48.96, 4.29474e-05
FILLER_0_14_61, 36.935, 48.96, 4.29474e-05
FILLER_0_15_69, 36.935, 48.96, 4.29474e-05
_416_, 36.935, 43.52, 5.68928e-05
FILLER_0_12_61, 36.935, 43.52, 5.68928e-05
_396_, 36.935, 38.08, 2.04727e-05
_400_, 36.935, 38.08, 2.04727e-05
_401_, 36.935, 38.08, 2.04727e-05
FILLER_0_10_60, 36.935, 38.08, 2.04727e-05
_403_, 36.935, 32.64, 3.23122e-05
_404_, 36.935, 32.64, 3.23122e-05
FILLER_0_8_67, 36.935, 32.64, 3.23122e-05
_394_, 36.935, 27.2, 5.17782e-05
_405_, 36.935, 27.2, 5.17782e-05
_413_, 36.935, 27.2, 5.17782e-05
hold8, 36.935, 27.2, 5.17782e-05
FILLER_0_7_62, 36.935, 27.2, 5.17782e-05
FILLER_0_7_74, 36.935, 27.2, 5.17782e-05
_441_, 36.935, 21.76, 3.27397e-05
_495_, 36.935, 21.76, 3.27397e-05
hold11, 36.935, 21.76, 3.27397e-05
FILLER_0_4_68, 36.935, 21.76, 3.27397e-05
FILLER_0_4_78, 36.935, 21.76, 3.27397e-05
_426_, 36.935, 16.32, 5.08254e-05
_440_, 36.935, 16.32, 5.08254e-05
_505_, 36.935, 16.32, 5.08254e-05
output57, 36.935, 16.32, 5.08254e-05
_425_, 36.935, 10.88, 5.79393e-05
_500_, 36.935, 10.88, 5.79393e-05
FILLER_0_0_66, 36.935, 10.88, 5.79393e-05
_487_, 18.19, 76.16, 5.00413e-05
_315_, 18.19, 70.72, 3.64303e-05
_317_, 18.19, 70.72, 3.64303e-05
_318_, 18.19, 70.72, 3.64303e-05
_319_, 18.19, 70.72, 3.64303e-05
_316_, 18.19, 65.28, 2.10483e-05
_323_, 18.19, 65.28, 2.10483e-05
_325_, 18.19, 65.28, 2.10483e-05
_331_, 18.19, 65.28, 2.10483e-05
FILLER_0_20_17, 18.19, 65.28, 2.10483e-05
FILLER_0_20_32, 18.19, 65.28, 2.10483e-05
_321_, 18.19, 59.84, 2.80293e-05
_326_, 18.19, 59.84, 2.80293e-05
_328_, 18.19, 59.84, 2.80293e-05
_329_, 18.19, 59.84, 2.80293e-05
FILLER_0_18_22, 18.19, 59.84, 2.80293e-05
FILLER_0_18_29, 18.19, 59.84, 2.80293e-05
FILLER_0_19_31, 18.19, 59.84, 2.80293e-05
_330_, 18.19, 54.4, 6.78655e-05
_488_, 18.19, 54.4, 6.78655e-05
hold18, 18.19, 54.4, 6.78655e-05
FILLER_0_16_29, 18.19, 54.4, 6.78655e-05
FILLER_0_17_23, 18.19, 54.4, 6.78655e-05
_463_, 18.19, 48.96, 4.55976e-05
_482_, 18.19, 48.96, 4.55976e-05
_281_, 18.19, 43.52, 6.25934e-05
_282_, 18.19, 43.52, 6.25934e-05
_291_, 18.19, 38.08, 2.31267e-05
_292_, 18.19, 38.08, 2.31267e-05
FILLER_0_10_17, 18.19, 38.08, 2.31267e-05
FILLER_0_10_25, 18.19, 38.08, 2.31267e-05
FILLER_0_10_37, 18.19, 38.08, 2.31267e-05
FILLER_0_11_25, 18.19, 38.08, 2.31267e-05
_484_, 18.19, 32.64, 4.3716e-05
output65, 18.19, 32.64, 4.3716e-05
FILLER_0_8_23, 18.19, 32.64, 4.3716e-05
_444_, 18.19, 27.2, 5.45415e-05
_446_, 18.19, 27.2, 5.45415e-05
_447_, 18.19, 27.2, 5.45415e-05
output40, 18.19, 27.2, 5.45415e-05
hold15, 18.19, 27.2, 5.45415e-05
_445_, 18.19, 21.76, 3.75262e-05
_460_, 18.19, 21.76, 3.75262e-05
_507_, 18.19, 21.76, 3.75262e-05
FILLER_0_4_23, 18.19, 21.76, 3.75262e-05
FILLER_0_4_29, 18.19, 21.76, 3.75262e-05
FILLER_0_5_35, 18.19, 21.76, 3.75262e-05
_448_, 18.19, 16.32, 6.95652e-05
_449_, 18.19, 16.32, 6.95652e-05
FILLER_0_2_29, 18.19, 16.32, 6.95652e-05
_423_, 18.19, 10.88, 7.73506e-05
input18, 18.19, 10.88, 7.73506e-05
output37, 18.19, 10.88, 7.73506e-05
output46, 18.19, 10.88, 7.73506e-05
output55, 18.19, 10.88, 7.73506e-05
output56, 18.19, 10.88, 7.73506e-05
PHY_EDGE_ROW_25_Left_52, 5.52, 81.6, 5.62763e-05
PHY_EDGE_ROW_26_Left_53, 5.52, 81.6, 5.62763e-05
input15, 5.52, 81.6, 5.62763e-05
FILLER_0_26_7, 5.52, 81.6, 5.62763e-05
PHY_EDGE_ROW_25_Right_25, 80.5, 81.6, 3.74938e-05
PHY_EDGE_ROW_26_Right_26, 80.5, 81.6, 3.74938e-05
output44, 15.18, 81.6, 5.56993e-05
output66, 15.18, 81.6, 5.56993e-05
FILLER_0_26_23, 15.18, 81.6, 5.56993e-05
output53, 20.7, 81.6, 5.38949e-05
output63, 20.7, 81.6, 5.38949e-05
FILLER_0_25_39, 20.7, 81.6, 5.38949e-05
_427_, 66.7, 81.6, 4.45656e-05
input19, 66.7, 81.6, 4.45656e-05
output38, 66.7, 81.6, 4.45656e-05
FILLER_0_25_141, 66.7, 81.6, 4.45656e-05
_433_, 28.817, 81.6, 5.19701e-05
_435_, 28.817, 81.6, 5.19701e-05
input28, 28.817, 81.6, 5.19701e-05
hold17, 28.817, 81.6, 5.19701e-05
FILLER_0_26_44, 28.817, 81.6, 5.19701e-05
_431_, 46.307, 81.6, 4.82238e-05
_502_, 46.307, 81.6, 4.82238e-05
input30, 46.307, 81.6, 4.82238e-05
PHY_EDGE_ROW_23_Left_50, 5.52, 76.16, 7.26158e-05
PHY_EDGE_ROW_24_Left_51, 5.52, 76.16, 7.26158e-05
input31, 5.52, 76.16, 7.26158e-05
output62, 5.52, 76.16, 7.26158e-05
PHY_EDGE_ROW_23_Right_23, 80.5, 76.16, 4.0828e-05
PHY_EDGE_ROW_24_Right_24, 80.5, 76.16, 4.0828e-05
output39, 9.66, 76.16, 6.81718e-05
_432_, 44.16, 76.16, 4.37464e-05
FILLER_0_24_85, 44.16, 76.16, 4.37464e-05
_430_, 49.68, 76.16, 4.44962e-05
_501_, 60.26, 76.16, 5.17713e-05
FILLER_0_24_18, 11.04, 76.16, 6.52386e-05
_362_, 63.94, 76.16, 5.36996e-05
_491_, 63.94, 76.16, 5.36996e-05
FILLER_0_24_133, 63.94, 76.16, 5.36996e-05
_304_, 27.562, 76.16, 5.37211e-05
_434_, 27.562, 76.16, 5.37211e-05
_503_, 27.562, 76.16, 5.37211e-05
FILLER_0_24_49, 27.562, 76.16, 5.37211e-05
PHY_EDGE_ROW_21_Left_48, 5.52, 70.72, 3.80809e-05
PHY_EDGE_ROW_22_Left_49, 5.52, 70.72, 3.80809e-05
input23, 5.52, 70.72, 3.80809e-05
PHY_EDGE_ROW_21_Right_21, 80.5, 70.72, 3.19019e-05
PHY_EDGE_ROW_22_Right_22, 80.5, 70.72, 3.19019e-05
input7, 80.5, 70.72, 3.19019e-05
_335_, 11.04, 70.72, 3.79476e-05
FILLER_0_21_18, 11.04, 70.72, 3.79476e-05
FILLER_0_22_18, 11.04, 70.72, 3.79476e-05
FILLER_0_23_15, 11.04, 70.72, 3.79476e-05
_302_, 23.46, 70.72, 4.44365e-05
_303_, 23.46, 70.72, 4.44365e-05
_485_, 23.46, 70.72, 4.44365e-05
FILLER_0_22_38, 23.46, 70.72, 4.44365e-05
_343_, 53.82, 70.72, 4.24511e-05
_344_, 53.82, 70.72, 4.24511e-05
_345_, 53.82, 70.72, 4.24511e-05
FILLER_0_23_102, 53.82, 70.72, 4.24511e-05
_305_, 33.12, 70.72, 3.85839e-05
FILLER_0_21_62, 33.12, 70.72, 3.85839e-05
FILLER_0_23_57, 33.12, 70.72, 3.85839e-05
_294_, 38.64, 70.72, 3.82211e-05
_295_, 38.64, 70.72, 3.82211e-05
_309_, 38.64, 70.72, 3.82211e-05
FILLER_0_21_71, 38.64, 70.72, 3.82211e-05
FILLER_0_22_78, 38.64, 70.72, 3.82211e-05
_259_, 61.64, 70.72, 5.25763e-05
_351_, 61.64, 70.72, 5.25763e-05
_352_, 61.64, 70.72, 5.25763e-05
_490_, 61.64, 70.72, 5.25763e-05
FILLER_0_23_146, 73.14, 70.72, 3.37835e-05
_486_, 46.23, 70.72, 4.52526e-05
_324_, 5.52, 65.28, 2.25746e-05
PHY_EDGE_ROW_19_Left_46, 5.52, 65.28, 2.25746e-05
PHY_EDGE_ROW_20_Left_47, 5.52, 65.28, 2.25746e-05
input12, 5.52, 65.28, 2.25746e-05
FILLER_0_20_3, 5.52, 65.28, 2.25746e-05
FILLER_0_20_9, 5.52, 65.28, 2.25746e-05
PHY_EDGE_ROW_19_Right_19, 80.5, 65.28, 1.34894e-05
PHY_EDGE_ROW_20_Right_20, 80.5, 65.28, 1.34894e-05
input17, 80.5, 65.28, 1.34894e-05
_312_, 42.32, 65.28, 2.45375e-05
_337_, 42.32, 65.28, 2.45375e-05
FILLER_0_21_81, 42.32, 65.28, 2.45375e-05
_349_, 67.16, 65.28, 1.81061e-05
_350_, 67.16, 65.28, 1.81061e-05
_338_, 47.38, 65.28, 2.32648e-05
_339_, 47.38, 65.28, 2.32648e-05
FILLER_0_19_96, 47.38, 65.28, 2.32648e-05
FILLER_0_20_97, 47.38, 65.28, 2.32648e-05
_299_, 27.562, 65.28, 2.66139e-05
_300_, 27.562, 65.28, 2.66139e-05
_301_, 27.562, 65.28, 2.66139e-05
_327_, 27.562, 65.28, 2.66139e-05
FILLER_0_21_45, 27.562, 65.28, 2.66139e-05
FILLER_0_21_53, 27.562, 65.28, 2.66139e-05
_313_, 5.52, 59.84, 4.89814e-05
PHY_EDGE_ROW_17_Left_44, 5.52, 59.84, 4.89814e-05
PHY_EDGE_ROW_18_Left_45, 5.52, 59.84, 4.89814e-05
output41, 5.52, 59.84, 4.89814e-05
PHY_EDGE_ROW_17_Right_17, 80.5, 59.84, 1.75851e-05
PHY_EDGE_ROW_18_Right_18, 80.5, 59.84, 1.75851e-05
_320_, 9.66, 59.84, 4.3117e-05
_322_, 9.66, 59.84, 4.3117e-05
_334_, 9.66, 59.84, 4.3117e-05
_347_, 64.4, 59.84, 2.83458e-05
_356_, 64.4, 59.84, 2.83458e-05
_357_, 64.4, 59.84, 2.83458e-05
FILLER_0_18_135, 64.4, 59.84, 2.83458e-05
_240_, 75.44, 59.84, 1.75851e-05
output34, 75.44, 59.84, 1.75851e-05
FILLER_0_18_157, 75.44, 59.84, 1.75851e-05
FILLER_0_18_55, 28.06, 59.84, 2.75869e-05
FILLER_0_19_49, 28.06, 59.84, 2.75869e-05
FILLER_0_19_57, 28.06, 59.84, 2.75869e-05
hold22, 37.72, 59.84, 2.86599e-05
FILLER_0_18_76, 37.72, 59.84, 2.86599e-05
_252_, 46.7, 59.84, 4.2102e-05
_311_, 46.7, 59.84, 4.2102e-05
_510_, 46.7, 59.84, 4.2102e-05
FILLER_0_19_86, 46.7, 59.84, 4.2102e-05
PHY_EDGE_ROW_15_Left_42, 5.52, 54.4, 9.12446e-05
PHY_EDGE_ROW_16_Left_43, 5.52, 54.4, 9.12446e-05
input6, 5.52, 54.4, 9.12446e-05
input14, 5.52, 54.4, 9.12446e-05
PHY_EDGE_ROW_15_Right_15, 80.5, 54.4, 3.9257e-05
PHY_EDGE_ROW_16_Right_16, 80.5, 54.4, 3.9257e-05
input1, 80.5, 54.4, 3.9257e-05
_250_, 34.5, 54.4, 6.30003e-05
_260_, 34.5, 54.4, 6.30003e-05
_481_, 34.5, 54.4, 6.30003e-05
FILLER_0_16_65, 34.5, 54.4, 6.30003e-05
clkbuf_2_2__f_clk, 12.42, 54.4, 9.07163e-05
hold19, 12.42, 54.4, 9.07163e-05
FILLER_0_16_21, 12.42, 54.4, 9.07163e-05
FILLER_0_17_15, 12.42, 54.4, 9.07163e-05
_257_, 57.96, 54.4, 5.75819e-05
_258_, 57.96, 54.4, 5.75819e-05
_261_, 57.96, 54.4, 5.75819e-05
_262_, 57.96, 54.4, 5.75819e-05
_358_, 57.96, 54.4, 5.75819e-05
FILLER_0_15_121, 57.96, 54.4, 5.75819e-05
_253_, 26.345, 54.4, 7.03159e-05
_264_, 26.345, 54.4, 7.03159e-05
_269_, 26.345, 54.4, 7.03159e-05
FILLER_0_15_46, 26.345, 54.4, 7.03159e-05
FILLER_0_17_47, 26.345, 54.4, 7.03159e-05
_451_, 46.307, 54.4, 7.52585e-05
_454_, 46.307, 54.4, 7.52585e-05
clkbuf_2_3__f_clk, 46.307, 54.4, 7.52585e-05
_360_, 66.192, 54.4, 5.40449e-05
_361_, 66.192, 54.4, 5.40449e-05
_367_, 66.192, 54.4, 5.40449e-05
_368_, 66.192, 54.4, 5.40449e-05
FILLER_0_15_131, 66.192, 54.4, 5.40449e-05
FILLER_0_17_134, 66.192, 54.4, 5.40449e-05
_459_, 5.52, 48.96, 6.68306e-05
_465_, 5.52, 48.96, 6.68306e-05
_513_, 5.52, 48.96, 6.68306e-05
PHY_EDGE_ROW_13_Left_40, 5.52, 48.96, 6.68306e-05
PHY_EDGE_ROW_14_Left_41, 5.52, 48.96, 6.68306e-05
PHY_EDGE_ROW_13_Right_13, 80.5, 48.96, 2.27457e-05
PHY_EDGE_ROW_14_Right_14, 80.5, 48.96, 2.27457e-05
_267_, 24.84, 48.96, 4.92747e-05
_268_, 24.84, 48.96, 4.92747e-05
_271_, 24.84, 48.96, 4.92747e-05
_243_, 53.36, 48.96, 4.55402e-05
_391_, 53.36, 48.96, 4.55402e-05
FILLER_0_14_98, 53.36, 48.96, 4.55402e-05
_244_, 45.147, 48.96, 5.41468e-05
_263_, 45.147, 48.96, 5.41468e-05
_455_, 45.147, 48.96, 5.41468e-05
FILLER_0_14_85, 45.147, 48.96, 5.41468e-05
_359_, 65.052, 48.96, 3.59099e-05
_364_, 65.052, 48.96, 3.59099e-05
_374_, 65.052, 48.96, 3.59099e-05
FILLER_0_14_124, 65.052, 48.96, 3.59099e-05
FILLER_0_14_132, 65.052, 48.96, 3.59099e-05
_464_, 5.52, 43.52, 0.000102397
_511_, 5.52, 43.52, 0.000102397
PHY_EDGE_ROW_11_Left_38, 5.52, 43.52, 0.000102397
PHY_EDGE_ROW_12_Left_39, 5.52, 43.52, 0.000102397
output43, 5.52, 43.52, 0.000102397
PHY_EDGE_ROW_11_Right_11, 80.5, 43.52, 2.7659e-05
PHY_EDGE_ROW_12_Right_12, 80.5, 43.52, 2.7659e-05
_483_, 14.26, 43.52, 7.86392e-05
FILLER_0_12_21, 14.26, 43.52, 7.86392e-05
_265_, 28.06, 43.52, 6.89831e-05
_266_, 28.06, 43.52, 6.89831e-05
_270_, 28.06, 43.52, 6.89831e-05
_272_, 28.06, 43.52, 6.89831e-05
_273_, 28.06, 43.52, 6.89831e-05
_279_, 28.06, 43.52, 6.89831e-05
FILLER_0_13_48, 28.06, 43.52, 6.89831e-05
_415_, 37.72, 43.52, 5.96624e-05
clkbuf_0_clk, 37.72, 43.52, 5.96624e-05
FILLER_0_12_78, 37.72, 43.52, 5.96624e-05
_255_, 60.26, 43.52, 4.13033e-05
_376_, 60.26, 43.52, 4.13033e-05
_377_, 60.26, 43.52, 4.13033e-05
FILLER_0_13_122, 60.26, 43.52, 4.13033e-05
_363_, 69.46, 43.52, 3.30137e-05
FILLER_0_12_135, 69.46, 43.52, 3.30137e-05
FILLER_0_12_141, 69.46, 43.52, 3.30137e-05
FILLER_0_13_135, 69.46, 43.52, 3.30137e-05
_280_, 23.92, 43.52, 6.72598e-05
_406_, 46.7, 43.52, 5.37189e-05
_407_, 46.7, 43.52, 5.37189e-05
_409_, 46.7, 43.52, 5.37189e-05
_410_, 46.7, 43.52, 5.37189e-05
_414_, 46.7, 43.52, 5.37189e-05
_442_, 5.52, 38.08, 3.25107e-05
_458_, 5.52, 38.08, 3.25107e-05
PHY_EDGE_ROW_9_Left_36, 5.52, 38.08, 3.25107e-05
PHY_EDGE_ROW_10_Left_37, 5.52, 38.08, 3.25107e-05
input21, 5.52, 38.08, 3.25107e-05
PHY_EDGE_ROW_9_Right_9, 80.5, 38.08, 1.92027e-05
PHY_EDGE_ROW_10_Right_10, 80.5, 38.08, 1.92027e-05
FILLER_0_9_157, 80.5, 38.08, 1.92027e-05
_375_, 63.02, 38.08, 2.40269e-05
_378_, 63.02, 38.08, 2.40269e-05
_379_, 63.02, 38.08, 2.40269e-05
_380_, 63.02, 38.08, 2.40269e-05
_397_, 40.94, 38.08, 2.24581e-05
_408_, 40.94, 38.08, 2.24581e-05
_411_, 40.94, 38.08, 2.24581e-05
FILLER_0_11_76, 40.94, 38.08, 2.24581e-05
FILLER_0_11_96, 50.6, 38.08, 1.99105e-05
_277_, 27.562, 38.08, 2.59817e-05
_278_, 27.562, 38.08, 2.59817e-05
_288_, 27.562, 38.08, 2.59817e-05
_289_, 27.562, 38.08, 2.59817e-05
_457_, 5.52, 32.64, 6.02463e-05
_506_, 5.52, 32.64, 6.02463e-05
PHY_EDGE_ROW_7_Left_34, 5.52, 32.64, 6.02463e-05
PHY_EDGE_ROW_8_Left_35, 5.52, 32.64, 6.02463e-05
FILLER_0_8_3, 5.52, 32.64, 6.02463e-05
FILLER_0_9_3, 5.52, 32.64, 6.02463e-05
PHY_EDGE_ROW_7_Right_7, 80.5, 32.64, 3.07181e-05
PHY_EDGE_ROW_8_Right_8, 80.5, 32.64, 3.07181e-05
_290_, 21.62, 32.64, 4.46084e-05
FILLER_0_7_38, 21.62, 32.64, 4.46084e-05
FILLER_0_8_41, 21.62, 32.64, 4.46084e-05
_388_, 50.6, 32.64, 3.82047e-05
_389_, 50.6, 32.64, 3.82047e-05
_393_, 50.6, 32.64, 3.82047e-05
hold6, 50.6, 32.64, 3.82047e-05
_383_, 57.96, 32.64, 3.43437e-05
_398_, 57.96, 32.64, 3.43437e-05
_466_, 57.96, 32.64, 3.43437e-05
_468_, 57.96, 32.64, 3.43437e-05
_493_, 73.14, 32.64, 3.43178e-05
_515_, 73.14, 32.64, 3.43178e-05
FILLER_0_7_139, 73.14, 32.64, 3.43178e-05
_274_, 29.277, 32.64, 4.31255e-05
_276_, 29.277, 32.64, 4.31255e-05
_287_, 29.277, 32.64, 4.31255e-05
_298_, 29.277, 32.64, 4.31255e-05
FILLER_0_8_59, 29.277, 32.64, 4.31255e-05
FILLER_0_9_57, 29.277, 32.64, 4.31255e-05
_395_, 43.767, 32.64, 3.86703e-05
_399_, 43.767, 32.64, 3.86703e-05
_402_, 43.767, 32.64, 3.86703e-05
_439_, 43.767, 32.64, 3.86703e-05
FILLER_0_8_79, 43.767, 32.64, 3.86703e-05
FILLER_0_8_85, 43.767, 32.64, 3.86703e-05
FILLER_0_9_83, 43.767, 32.64, 3.86703e-05
_467_, 65.55, 32.64, 3.73396e-05
hold4, 65.55, 32.64, 3.73396e-05
FILLER_0_9_131, 65.55, 32.64, 3.73396e-05
_443_, 5.52, 27.2, 6.78482e-05
_462_, 5.52, 27.2, 6.78482e-05
PHY_EDGE_ROW_5_Left_32, 5.52, 27.2, 6.78482e-05
PHY_EDGE_ROW_6_Left_33, 5.52, 27.2, 6.78482e-05
hold10, 5.52, 27.2, 6.78482e-05
FILLER_0_7_3, 5.52, 27.2, 6.78482e-05
PHY_EDGE_ROW_5_Right_5, 80.5, 27.2, 2.09048e-05
PHY_EDGE_ROW_6_Right_6, 80.5, 27.2, 2.09048e-05
_247_, 63.94, 27.2, 3.70087e-05
_248_, 63.94, 27.2, 3.70087e-05
_514_, 63.94, 27.2, 3.70087e-05
FILLER_0_6_133, 63.94, 27.2, 3.70087e-05
_285_, 27.562, 27.2, 7.41754e-05
_286_, 27.562, 27.2, 7.41754e-05
_297_, 27.562, 27.2, 7.41754e-05
clkbuf_2_0__f_clk, 27.562, 27.2, 7.41754e-05
FILLER_0_6_38, 27.562, 27.2, 7.41754e-05
FILLER_0_7_46, 27.562, 27.2, 7.41754e-05
_412_, 46.307, 27.2, 6.94012e-05
_496_, 46.307, 27.2, 6.94012e-05
clkbuf_2_1__f_clk, 46.307, 27.2, 6.94012e-05
FILLER_0_5_79, 46.307, 27.2, 6.94012e-05
_461_, 5.52, 21.76, 5.55972e-05
_512_, 5.52, 21.76, 5.55972e-05
PHY_EDGE_ROW_3_Left_30, 5.52, 21.76, 5.55972e-05
PHY_EDGE_ROW_4_Left_31, 5.52, 21.76, 5.55972e-05
PHY_EDGE_ROW_3_Right_3, 80.5, 21.76, 2.366e-05
PHY_EDGE_ROW_4_Right_4, 80.5, 21.76, 2.366e-05
_479_, 47.38, 21.76, 3.53686e-05
_390_, 52.9, 21.76, 3.03661e-05
FILLER_0_5_102, 52.9, 21.76, 3.03661e-05
_275_, 27.562, 21.76, 3.72027e-05
_283_, 27.562, 21.76, 3.72027e-05
_284_, 27.562, 21.76, 3.72027e-05
_296_, 27.562, 21.76, 3.72027e-05
FILLER_0_4_44, 27.562, 21.76, 3.72027e-05
FILLER_0_4_53, 27.562, 21.76, 3.72027e-05
_472_, 65.052, 21.76, 2.67643e-05
_476_, 65.052, 21.76, 2.67643e-05
_477_, 65.052, 21.76, 2.67643e-05
hold1, 65.052, 21.76, 2.67643e-05
hold5, 65.052, 21.76, 2.67643e-05
PHY_EDGE_ROW_1_Left_28, 5.52, 16.32, 9.58655e-05
PHY_EDGE_ROW_2_Left_29, 5.52, 16.32, 9.58655e-05
input10, 5.52, 16.32, 9.58655e-05
input24, 5.52, 16.32, 9.58655e-05
FILLER_0_3_6, 5.52, 16.32, 9.58655e-05
PHY_EDGE_ROW_1_Right_1, 80.5, 16.32, 1.73035e-05
PHY_EDGE_ROW_2_Right_2, 80.5, 16.32, 1.73035e-05
input32, 80.5, 16.32, 1.73035e-05
_450_, 17.02, 16.32, 7.5212e-05
_508_, 17.02, 16.32, 7.5212e-05
_474_, 72.22, 16.32, 1.95633e-05
FILLER_0_2_134, 72.22, 16.32, 1.95633e-05
_245_, 11.04, 16.32, 9.5536e-05
input22, 11.04, 16.32, 9.5536e-05
output58, 11.04, 16.32, 9.5536e-05
FILLER_0_0_13, 11.04, 16.32, 9.5536e-05
FILLER_0_2_18, 11.04, 16.32, 9.5536e-05
_475_, 59.8, 16.32, 3.32154e-05
_478_, 59.8, 16.32, 3.32154e-05
_517_, 59.8, 16.32, 3.32154e-05
output64, 59.8, 16.32, 3.32154e-05
FILLER_0_2_124, 59.8, 16.32, 3.32154e-05
FILLER_0_3_117, 59.8, 16.32, 3.32154e-05
_452_, 27.562, 16.32, 6.9916e-05
_453_, 27.562, 16.32, 6.9916e-05
_509_, 27.562, 16.32, 6.9916e-05
hold16, 27.562, 16.32, 6.9916e-05
FILLER_0_2_41, 27.562, 16.32, 6.9916e-05
FILLER_0_3_44, 27.562, 16.32, 6.9916e-05
_420_, 46.307, 16.32, 4.35948e-05
hold12, 46.307, 16.32, 4.35948e-05
FILLER_0_2_96, 46.307, 16.32, 4.35948e-05
PHY_EDGE_ROW_0_Left_27, 5.52, 10.88, 9.15753e-05
input13, 5.52, 10.88, 9.15753e-05
output47, 5.52, 10.88, 9.15753e-05
PHY_EDGE_ROW_0_Right_0, 80.5, 10.88, 2.9937e-05
_421_, 27.562, 10.88, 8.08245e-05
_422_, 27.562, 10.88, 8.08245e-05
_499_, 27.562, 10.88, 8.08245e-05
output50, 27.562, 10.88, 8.08245e-05
FILLER_0_1_57, 27.562, 10.88, 8.08245e-05
_419_, 46.307, 10.88, 6.31929e-05
_436_, 46.307, 10.88, 6.31929e-05
_498_, 46.307, 10.88, 6.31929e-05
hold9, 46.307, 10.88, 6.31929e-05
FILLER_0_0_80, 46.307, 10.88, 6.31929e-05
FILLER_0_0_93, 46.307, 10.88, 6.31929e-05
_424_, 65.052, 10.88, 4.00056e-05
input9, 65.052, 10.88, 4.00056e-05
input29, 65.052, 10.88, 4.00056e-05
FILLER_0_0_133, 65.052, 10.88, 4.00056e-05

