OpenROAD 0a6d0fd469bc674417036342994520ee2e0a2727 
This program is licensed under the BSD-3 license. See the LICENSE file for details.
Components of this program may be licensed under more restrictive licenses which must be honored.
[INFO]: Reading ODB at '/openlane/designs/mult_comb_16/runs/RUN_2023.12.07_18.33.31/tmp/placement/9-resizer.odb'…
define_corners Typical
read_liberty -corner Typical /home/facundo/.volare/sky130A/libs.ref/sky130_fd_sc_hd/lib/sky130_fd_sc_hd__tt_025C_1v80.lib
Using 1e-12 for capacitance...
Using 1e+03 for resistance...
Using 1e-09 for time...
Using 1e+00 for voltage...
Using 1e-03 for current...
Using 1e-09 for power...
Using 1e-06 for distance...
Reading design constraints file at '/openlane/scripts/base.sdc'…
[WARNING STA-0337] port 'clk' not found.
[INFO]: Setting output delay to: 4.0
[INFO]: Setting input delay to: 4.0
[WARNING STA-0337] port 'clk' not found.
[INFO]: Setting load to: 0.033442
[INFO]: Setting clock uncertainty to: 0.25
[INFO]: Setting clock transition to: 0.15
[WARNING STA-0559] transition time can not be specified for virtual clocks.
[INFO]: Setting timing derate to: 5.0 %
Placement Analysis
---------------------------------
total displacement          0.0 u
average displacement        0.0 u
max displacement            0.0 u
original HPWL           33048.8 u
legalized HPWL          34120.3 u
delta HPWL                    3 %

[INFO DPL-0020] Mirrored 617 instances
[INFO DPL-0021] HPWL before           34120.3 u
[INFO DPL-0022] HPWL after            33048.8 u
[INFO DPL-0023] HPWL delta               -3.1 %
Setting global connections for newly added cells…
Writing OpenROAD database to '/openlane/designs/mult_comb_16/runs/RUN_2023.12.07_18.33.31/results/placement/mult_comb_16.odb'…
Writing netlist to '/openlane/designs/mult_comb_16/runs/RUN_2023.12.07_18.33.31/results/placement/mult_comb_16.nl.v'…
Writing powered netlist to '/openlane/designs/mult_comb_16/runs/RUN_2023.12.07_18.33.31/results/placement/mult_comb_16.pnl.v'…
Writing layout to '/openlane/designs/mult_comb_16/runs/RUN_2023.12.07_18.33.31/results/placement/mult_comb_16.def'…
