Instance name, X location, Y location, Voltage
input10, 97.77, 108.8, 4.13052e-05
input63, 97.77, 108.8, 4.13052e-05
output81, 97.77, 108.8, 4.13052e-05
input41, 97.77, 103.36, 2.84678e-05
input48, 97.77, 103.36, 2.84678e-05
input62, 97.77, 103.36, 2.84678e-05
output100, 97.77, 103.36, 2.84678e-05
_447_, 97.77, 97.92, 3.27859e-05
_519_, 97.77, 92.48, 5.05624e-05
_868_, 97.77, 92.48, 5.05624e-05
_515_, 97.77, 87.04, 3.96864e-05
_526_, 97.77, 87.04, 3.96864e-05
hold47, 97.77, 87.04, 3.96864e-05
FILLER_0_29_199, 97.77, 87.04, 3.96864e-05
_510_, 97.77, 81.6, 3.98416e-05
_525_, 97.77, 81.6, 3.98416e-05
_514_, 97.77, 76.16, 5.50349e-05
_867_, 97.77, 76.16, 5.50349e-05
_486_, 97.77, 70.72, 3.8133e-05
_862_, 97.77, 70.72, 3.8133e-05
_464_, 97.77, 65.28, 4.95997e-05
_467_, 97.77, 65.28, 4.95997e-05
_469_, 97.77, 65.28, 4.95997e-05
_472_, 97.77, 65.28, 4.95997e-05
_864_, 97.77, 65.28, 4.95997e-05
input8, 97.77, 65.28, 4.95997e-05
_465_, 97.77, 59.84, 4.59997e-05
_466_, 97.77, 59.84, 4.59997e-05
_861_, 97.77, 59.84, 4.59997e-05
FILLER_0_18_197, 97.77, 59.84, 4.59997e-05
FILLER_0_19_193, 97.77, 59.84, 4.59997e-05
_857_, 97.77, 54.4, 6.47523e-05
_930_, 97.77, 54.4, 6.47523e-05
output70, 97.77, 54.4, 6.47523e-05
hold1, 97.77, 54.4, 6.47523e-05
_440_, 97.77, 48.96, 3.60266e-05
_853_, 97.77, 48.96, 3.60266e-05
_856_, 97.77, 48.96, 3.60266e-05
_929_, 97.77, 48.96, 3.60266e-05
input30, 97.77, 48.96, 3.60266e-05
hold13, 97.77, 48.96, 3.60266e-05
FILLER_0_14_197, 97.77, 48.96, 3.60266e-05
_850_, 97.77, 43.52, 3.92657e-05
_852_, 97.77, 43.52, 3.92657e-05
_854_, 97.77, 43.52, 3.92657e-05
_855_, 97.77, 43.52, 3.92657e-05
hold29, 97.77, 43.52, 3.92657e-05
hold30, 97.77, 43.52, 3.92657e-05
_849_, 97.77, 38.08, 5.06081e-05
_927_, 97.77, 38.08, 5.06081e-05
hold20, 97.77, 38.08, 5.06081e-05
hold21, 97.77, 38.08, 5.06081e-05
_814_, 97.77, 32.64, 4.99625e-05
_928_, 97.77, 32.64, 4.99625e-05
FILLER_0_9_191, 97.77, 32.64, 4.99625e-05
input18, 97.77, 16.32, 5.33515e-05
FILLER_0_2_205, 97.77, 16.32, 5.33515e-05
input16, 97.77, 10.88, 8.58192e-05
input19, 97.77, 10.88, 8.58192e-05
input23, 97.77, 10.88, 8.58192e-05
output85, 97.77, 10.88, 8.58192e-05
output93, 97.77, 10.88, 8.58192e-05
output99, 97.77, 10.88, 8.58192e-05
FILLER_0_0_190, 97.77, 10.88, 8.58192e-05
input20, 72.355, 108.8, 3.42981e-05
FILLER_0_36_132, 72.355, 108.8, 3.42981e-05
FILLER_0_36_147, 72.355, 108.8, 3.42981e-05
_627_, 72.355, 103.36, 3.81481e-05
_628_, 72.355, 103.36, 3.81481e-05
_629_, 72.355, 103.36, 3.81481e-05
_633_, 72.355, 103.36, 3.81481e-05
_634_, 72.355, 103.36, 3.81481e-05
_639_, 72.355, 103.36, 3.81481e-05
FILLER_0_35_134, 72.355, 103.36, 3.81481e-05
_631_, 72.355, 97.92, 3.36313e-05
_640_, 72.355, 97.92, 3.36313e-05
hold45, 72.355, 97.92, 3.36313e-05
FILLER_0_33_140, 72.355, 97.92, 3.36313e-05
_498_, 72.355, 87.04, 3.88843e-05
FILLER_0_28_141, 72.355, 87.04, 3.88843e-05
FILLER_0_28_149, 72.355, 87.04, 3.88843e-05
FILLER_0_29_146, 72.355, 87.04, 3.88843e-05
_865_, 72.355, 81.6, 6.58542e-05
clkbuf_3_7__f_clk, 72.355, 81.6, 6.58542e-05
FILLER_0_26_136, 72.355, 81.6, 6.58542e-05
_497_, 72.355, 76.16, 6.01826e-05
_882_, 72.355, 76.16, 6.01826e-05
FILLER_0_24_141, 72.355, 76.16, 6.01826e-05
FILLER_0_25_136, 72.355, 76.16, 6.01826e-05
_478_, 72.355, 70.72, 4.85828e-05
_479_, 72.355, 70.72, 4.85828e-05
FILLER_0_22_154, 72.355, 70.72, 4.85828e-05
_438_, 72.355, 59.84, 7.92935e-05
_457_, 72.355, 59.84, 7.92935e-05
_462_, 72.355, 59.84, 7.92935e-05
_546_, 72.355, 59.84, 7.92935e-05
_750_, 72.355, 59.84, 7.92935e-05
_751_, 72.355, 59.84, 7.92935e-05
_891_, 72.355, 59.84, 7.92935e-05
_437_, 72.355, 54.4, 0.000104576
_533_, 72.355, 54.4, 0.000104576
_733_, 72.355, 54.4, 0.000104576
clkbuf_3_6__f_clk, 72.355, 54.4, 0.000104576
FILLER_0_17_142, 72.355, 54.4, 0.000104576
_439_, 72.355, 48.96, 5.6835e-05
_443_, 72.355, 48.96, 5.6835e-05
_459_, 72.355, 48.96, 5.6835e-05
_860_, 72.355, 48.96, 5.6835e-05
_429_, 72.355, 43.52, 7.0525e-05
_432_, 72.355, 43.52, 7.0525e-05
_445_, 72.355, 43.52, 7.0525e-05
FILLER_0_12_145, 72.355, 43.52, 7.0525e-05
FILLER_0_13_151, 72.355, 43.52, 7.0525e-05
_433_, 72.355, 38.08, 5.09005e-05
_444_, 72.355, 38.08, 5.09005e-05
_761_, 72.355, 38.08, 5.09005e-05
FILLER_0_10_137, 72.355, 38.08, 5.09005e-05
FILLER_0_10_154, 72.355, 38.08, 5.09005e-05
_430_, 72.355, 32.64, 7.85621e-05
_435_, 72.355, 32.64, 7.85621e-05
_762_, 72.355, 32.64, 7.85621e-05
_769_, 72.355, 32.64, 7.85621e-05
_794_, 72.355, 32.64, 7.85621e-05
_840_, 72.355, 32.64, 7.85621e-05
_843_, 72.355, 32.64, 7.85621e-05
FILLER_0_8_133, 72.355, 32.64, 7.85621e-05
FILLER_0_8_141, 72.355, 32.64, 7.85621e-05
FILLER_0_9_135, 72.355, 32.64, 7.85621e-05
FILLER_0_9_147, 72.355, 32.64, 7.85621e-05
_842_, 72.355, 27.2, 8.3123e-05
_924_, 72.355, 27.2, 8.3123e-05
_925_, 72.355, 27.2, 8.3123e-05
FILLER_0_6_141, 72.355, 27.2, 8.3123e-05
_795_, 72.355, 21.76, 0.000101583
_815_, 72.355, 21.76, 0.000101583
hold36, 72.355, 21.76, 0.000101583
hold49, 72.355, 21.76, 0.000101583
FILLER_0_4_137, 72.355, 21.76, 0.000101583
_818_, 72.355, 16.32, 7.12661e-05
_822_, 72.355, 16.32, 7.12661e-05
hold28, 72.355, 16.32, 7.12661e-05
FILLER_0_3_146, 72.355, 16.32, 7.12661e-05
_823_, 72.355, 10.88, 0.000106354
_915_, 72.355, 10.88, 0.000106354
_917_, 72.355, 10.88, 0.000106354
input2, 72.355, 10.88, 0.000106354
output105, 72.355, 10.88, 0.000106354
output123, 72.355, 10.88, 0.000106354
hold22, 72.355, 10.88, 0.000106354
input17, 46.94, 108.8, 4.23652e-05
input28, 46.94, 108.8, 4.23652e-05
input35, 46.94, 108.8, 4.23652e-05
output86, 46.94, 108.8, 4.23652e-05
FILLER_0_36_90, 46.94, 108.8, 4.23652e-05
FILLER_0_36_97, 46.94, 108.8, 4.23652e-05
_598_, 46.94, 103.36, 4.02103e-05
_600_, 46.94, 103.36, 4.02103e-05
_876_, 46.94, 103.36, 4.02103e-05
FILLER_0_35_85, 46.94, 103.36, 4.02103e-05
_601_, 46.94, 97.92, 4.03417e-05
_614_, 46.94, 97.92, 4.03417e-05
_583_, 46.94, 92.48, 4.1537e-05
_576_, 46.94, 87.04, 4.56998e-05
_579_, 46.94, 87.04, 4.56998e-05
_873_, 46.94, 87.04, 4.56998e-05
FILLER_0_29_87, 46.94, 87.04, 4.56998e-05
FILLER_0_25_89, 46.94, 81.6, 5.31804e-05
_671_, 46.94, 76.16, 5.17235e-05
FILLER_0_24_80, 46.94, 76.16, 5.17235e-05
_675_, 46.94, 70.72, 4.52165e-05
_677_, 46.94, 70.72, 4.52165e-05
_683_, 46.94, 70.72, 4.52165e-05
FILLER_0_19_89, 46.94, 65.28, 3.47365e-05
FILLER_0_20_81, 46.94, 65.28, 3.47365e-05
_746_, 46.94, 59.84, 5.41076e-05
FILLER_0_18_80, 46.94, 59.84, 5.41076e-05
FILLER_0_18_85, 46.94, 59.84, 5.41076e-05
_688_, 46.94, 48.96, 5.52675e-05
_691_, 46.94, 48.96, 5.52675e-05
_699_, 46.94, 48.96, 5.52675e-05
_700_, 46.94, 48.96, 5.52675e-05
_701_, 46.94, 48.96, 5.52675e-05
FILLER_0_14_101, 46.94, 48.96, 5.52675e-05
_698_, 46.94, 43.52, 6.72196e-05
_707_, 46.94, 43.52, 6.72196e-05
_720_, 46.94, 43.52, 6.72196e-05
FILLER_0_12_85, 46.94, 43.52, 6.72196e-05
_692_, 46.94, 38.08, 6.13224e-05
_708_, 46.94, 38.08, 6.13224e-05
FILLER_0_10_78, 46.94, 38.08, 6.13224e-05
_710_, 46.94, 32.64, 6.70854e-05
_712_, 46.94, 32.64, 6.70854e-05
FILLER_0_8_80, 46.94, 32.64, 6.70854e-05
FILLER_0_8_85, 46.94, 32.64, 6.70854e-05
FILLER_0_9_87, 46.94, 32.64, 6.70854e-05
hold32, 46.94, 27.2, 8.69797e-05
_921_, 46.94, 21.76, 8.91883e-05
hold39, 46.94, 21.76, 8.91883e-05
hold40, 46.94, 21.76, 8.91883e-05
FILLER_0_4_80, 46.94, 21.76, 8.91883e-05
FILLER_0_5_80, 46.94, 21.76, 8.91883e-05
_829_, 46.94, 16.32, 7.80159e-05
_831_, 46.94, 16.32, 7.80159e-05
_835_, 46.94, 16.32, 7.80159e-05
_918_, 46.94, 16.32, 7.80159e-05
FILLER_0_2_79, 46.94, 16.32, 7.80159e-05
_820_, 46.94, 10.88, 0.000105096
_821_, 46.94, 10.88, 0.000105096
_834_, 46.94, 10.88, 0.000105096
_914_, 46.94, 10.88, 0.000105096
input52, 46.94, 10.88, 0.000105096
output79, 46.94, 10.88, 0.000105096
hold17, 46.94, 10.88, 0.000105096
FILLER_0_0_93, 46.94, 10.88, 0.000105096
_595_, 21.525, 108.8, 6.82973e-05
_875_, 21.525, 108.8, 6.82973e-05
input22, 21.525, 108.8, 6.82973e-05
input37, 21.525, 108.8, 6.82973e-05
output127, 21.525, 108.8, 6.82973e-05
FILLER_0_36_48, 21.525, 108.8, 6.82973e-05
_593_, 21.525, 103.36, 4.58139e-05
_594_, 21.525, 103.36, 4.58139e-05
FILLER_0_34_29, 21.525, 103.36, 4.58139e-05
FILLER_0_35_27, 21.525, 103.36, 4.58139e-05
_585_, 21.525, 97.92, 4.44329e-05
_615_, 21.525, 97.92, 4.44329e-05
_874_, 21.525, 97.92, 4.44329e-05
FILLER_0_33_40, 21.525, 97.92, 4.44329e-05
FILLER_0_31_33, 21.525, 92.48, 4.54459e-05
_532_, 21.525, 87.04, 5.43168e-05
_538_, 21.525, 87.04, 5.43168e-05
_540_, 21.525, 87.04, 5.43168e-05
_567_, 21.525, 87.04, 5.43168e-05
_549_, 21.525, 81.6, 6.41382e-05
_556_, 21.525, 76.16, 6.25034e-05
_558_, 21.525, 76.16, 6.25034e-05
_559_, 21.525, 76.16, 6.25034e-05
_872_, 21.525, 76.16, 6.25034e-05
_545_, 21.525, 70.72, 4.38974e-05
_555_, 21.525, 70.72, 4.38974e-05
_560_, 21.525, 70.72, 4.38974e-05
_562_, 21.525, 70.72, 4.38974e-05
FILLER_0_22_34, 21.525, 70.72, 4.38974e-05
FILLER_0_23_35, 21.525, 70.72, 4.38974e-05
_544_, 21.525, 65.28, 6.49272e-05
_870_, 21.525, 65.28, 6.49272e-05
clkbuf_3_4__f_clk, 21.525, 65.28, 6.49272e-05
_755_, 21.525, 59.84, 5.35423e-05
_756_, 21.525, 59.84, 5.35423e-05
hold34, 21.525, 59.84, 5.35423e-05
FILLER_0_18_29, 21.525, 59.84, 5.35423e-05
FILLER_0_18_43, 21.525, 59.84, 5.35423e-05
FILLER_0_19_37, 21.525, 59.84, 5.35423e-05
_752_, 21.525, 54.4, 5.51566e-05
_754_, 21.525, 54.4, 5.51566e-05
_764_, 21.525, 54.4, 5.51566e-05
_892_, 21.525, 54.4, 5.51566e-05
FILLER_0_16_29, 21.525, 54.4, 5.51566e-05
FILLER_0_16_45, 21.525, 54.4, 5.51566e-05
_784_, 21.525, 48.96, 7.08604e-05
_789_, 21.525, 43.52, 7.19305e-05
_802_, 21.525, 43.52, 7.19305e-05
_907_, 21.525, 38.08, 8.70113e-05
clkbuf_3_1__f_clk, 21.525, 38.08, 8.70113e-05
FILLER_0_11_27, 21.525, 38.08, 8.70113e-05
_790_, 21.525, 32.64, 8.76584e-05
_803_, 21.525, 32.64, 8.76584e-05
_906_, 21.525, 32.64, 8.76584e-05
hold5, 21.525, 32.64, 8.76584e-05
hold25, 21.525, 32.64, 8.76584e-05
hold31, 21.525, 32.64, 8.76584e-05
FILLER_0_9_28, 21.525, 32.64, 8.76584e-05
_807_, 21.525, 27.2, 9.92819e-05
_902_, 21.525, 27.2, 9.92819e-05
_781_, 21.525, 21.76, 9.61438e-05
_901_, 21.525, 21.76, 9.61438e-05
hold8, 21.525, 21.76, 9.61438e-05
hold50, 21.525, 21.76, 9.61438e-05
FILLER_0_5_35, 21.525, 21.76, 9.61438e-05
_778_, 21.525, 16.32, 8.92236e-05
_897_, 21.525, 16.32, 8.92236e-05
input14, 21.525, 10.88, 0.000115302
output82, 21.525, 10.88, 0.000115302
output119, 21.525, 10.88, 0.000115302
FILLER_0_0_42, 21.525, 10.88, 0.000115302
FILLER_0_0_48, 21.525, 10.88, 0.000115302
PHY_EDGE_ROW_35_Left_72, 5.52, 108.8, 0.000102697
PHY_EDGE_ROW_36_Left_73, 5.52, 108.8, 0.000102697
output126, 5.52, 108.8, 0.000102697
FILLER_0_36_3, 5.52, 108.8, 0.000102697
PHY_EDGE_ROW_35_Right_35, 107.18, 108.8, 5.18165e-05
PHY_EDGE_ROW_36_Right_36, 107.18, 108.8, 5.18165e-05
input38, 107.18, 108.8, 5.18165e-05
output115, 107.18, 108.8, 5.18165e-05
input9, 79.12, 108.8, 4.69382e-05
input46, 79.12, 108.8, 4.69382e-05
output108, 79.12, 108.8, 4.69382e-05
input7, 13.522, 108.8, 9.40522e-05
output106, 13.522, 108.8, 9.40522e-05
output117, 13.522, 108.8, 9.40522e-05
_596_, 34.232, 108.8, 6.94721e-05
input54, 34.232, 108.8, 6.94721e-05
output67, 34.232, 108.8, 6.94721e-05
output107, 34.232, 108.8, 6.94721e-05
FILLER_0_36_66, 34.232, 108.8, 6.94721e-05
_618_, 59.647, 108.8, 4.69474e-05
_620_, 59.647, 108.8, 4.69474e-05
input44, 59.647, 108.8, 4.69474e-05
input53, 59.647, 108.8, 4.69474e-05
input59, 59.647, 108.8, 4.69474e-05
output113, 59.647, 108.8, 4.69474e-05
FILLER_0_36_118, 59.647, 108.8, 4.69474e-05
input60, 88.445, 108.8, 5.39459e-05
output112, 88.445, 108.8, 5.39459e-05
output125, 88.445, 108.8, 5.39459e-05
FILLER_0_36_181, 88.445, 108.8, 5.39459e-05
PHY_EDGE_ROW_33_Left_70, 5.52, 103.36, 8.27416e-05
PHY_EDGE_ROW_34_Left_71, 5.52, 103.36, 8.27416e-05
output101, 5.52, 103.36, 8.27416e-05
output130, 5.52, 103.36, 8.27416e-05
PHY_EDGE_ROW_33_Right_33, 107.18, 103.36, 2.88252e-05
PHY_EDGE_ROW_34_Right_34, 107.18, 103.36, 2.88252e-05
input11, 107.18, 103.36, 2.88252e-05
FILLER_0_33_215, 107.18, 103.36, 2.88252e-05
_632_, 77.28, 103.36, 4.19317e-05
_635_, 77.28, 103.36, 4.19317e-05
FILLER_0_34_192, 91.54, 103.36, 3.56861e-05
input32, 97.06, 103.36, 2.93822e-05
input56, 97.06, 103.36, 2.93822e-05
FILLER_0_34_197, 97.06, 103.36, 2.93822e-05
FILLER_0_34_100, 48.76, 103.36, 4.16618e-05
FILLER_0_35_105, 48.76, 103.36, 4.16618e-05
_879_, 85.56, 103.36, 4.25153e-05
FILLER_0_35_185, 91.08, 103.36, 3.62114e-05
_617_, 13.522, 103.36, 6.64167e-05
input3, 13.522, 103.36, 6.64167e-05
input31, 13.522, 103.36, 6.64167e-05
input34, 13.522, 103.36, 6.64167e-05
input51, 13.522, 103.36, 6.64167e-05
input64, 13.522, 103.36, 6.64167e-05
FILLER_0_34_15, 13.522, 103.36, 6.64167e-05
FILLER_0_34_23, 13.522, 103.36, 6.64167e-05
_587_, 34.232, 103.36, 5.40435e-05
_591_, 34.232, 103.36, 5.40435e-05
_592_, 34.232, 103.36, 5.40435e-05
_597_, 34.232, 103.36, 5.40435e-05
_599_, 34.232, 103.36, 5.40435e-05
_606_, 34.232, 103.36, 5.40435e-05
FILLER_0_33_49, 34.232, 103.36, 5.40435e-05
FILLER_0_33_57, 34.232, 103.36, 5.40435e-05
FILLER_0_34_52, 34.232, 103.36, 5.40435e-05
FILLER_0_35_50, 34.232, 103.36, 5.40435e-05
FILLER_0_35_57, 34.232, 103.36, 5.40435e-05
_619_, 60.557, 103.36, 5.107e-05
_621_, 60.557, 103.36, 5.107e-05
_630_, 60.557, 103.36, 5.107e-05
_636_, 60.557, 103.36, 5.107e-05
_637_, 60.557, 103.36, 5.107e-05
_638_, 60.557, 103.36, 5.107e-05
_647_, 60.557, 103.36, 5.107e-05
_649_, 60.557, 103.36, 5.107e-05
_650_, 60.557, 103.36, 5.107e-05
FILLER_0_35_123, 60.557, 103.36, 5.107e-05
PHY_EDGE_ROW_31_Left_68, 5.52, 97.92, 6.01896e-05
PHY_EDGE_ROW_32_Left_69, 5.52, 97.92, 6.01896e-05
input27, 5.52, 97.92, 6.01896e-05
PHY_EDGE_ROW_31_Right_31, 107.18, 97.92, 4.21278e-05
PHY_EDGE_ROW_32_Right_32, 107.18, 97.92, 4.21278e-05
input13, 107.18, 97.92, 4.21278e-05
input42, 107.18, 97.92, 4.21278e-05
output98, 107.18, 97.92, 4.21278e-05
_616_, 12.42, 97.92, 5.98537e-05
_877_, 12.42, 97.92, 5.98537e-05
FILLER_0_32_15, 12.42, 97.92, 5.98537e-05
FILLER_0_32_29, 17.94, 97.92, 5.05047e-05
_588_, 34.5, 97.92, 5.08884e-05
_589_, 34.5, 97.92, 5.08884e-05
_607_, 34.5, 97.92, 5.08884e-05
FILLER_0_32_54, 34.5, 97.92, 5.08884e-05
_602_, 43.24, 97.92, 4.61232e-05
_610_, 48.76, 97.92, 4.3064e-05
_613_, 48.76, 97.92, 4.3064e-05
FILLER_0_33_100, 48.76, 97.92, 4.3064e-05
FILLER_0_33_162, 79.58, 97.92, 3.77571e-05
FILLER_0_33_6, 9.66, 97.92, 5.9988e-05
_590_, 41.4, 97.92, 4.75489e-05
_603_, 41.4, 97.92, 4.75489e-05
FILLER_0_35_77, 41.4, 97.92, 4.75489e-05
_625_, 63.48, 97.92, 4.99232e-05
_641_, 63.48, 97.92, 4.99232e-05
_643_, 63.48, 97.92, 4.99232e-05
_648_, 63.48, 97.92, 4.99232e-05
FILLER_0_32_132, 63.48, 97.92, 4.99232e-05
FILLER_0_33_125, 63.48, 97.92, 4.99232e-05
_503_, 84.18, 97.92, 4.03838e-05
_504_, 84.18, 97.92, 4.03838e-05
_506_, 84.18, 97.92, 4.03838e-05
FILLER_0_31_203, 98.9, 97.92, 3.39077e-05
FILLER_0_32_209, 98.9, 97.92, 3.39077e-05
FILLER_0_33_205, 98.9, 97.92, 3.39077e-05
_612_, 56.12, 97.92, 5.16579e-05
_622_, 56.12, 97.92, 5.16579e-05
_623_, 56.12, 97.92, 5.16579e-05
_651_, 56.12, 97.92, 5.16579e-05
FILLER_0_31_113, 56.12, 97.92, 5.16579e-05
FILLER_0_33_108, 56.12, 97.92, 5.16579e-05
PHY_EDGE_ROW_29_Left_66, 5.52, 92.48, 6.64636e-05
PHY_EDGE_ROW_30_Left_67, 5.52, 92.48, 6.64636e-05
input50, 5.52, 92.48, 6.64636e-05
output109, 5.52, 92.48, 6.64636e-05
FILLER_0_30_6, 5.52, 92.48, 6.64636e-05
PHY_EDGE_ROW_29_Right_29, 107.18, 92.48, 5.09744e-05
PHY_EDGE_ROW_30_Right_30, 107.18, 92.48, 5.09744e-05
input5, 107.18, 92.48, 5.09744e-05
FILLER_0_31_100, 52.44, 92.48, 5.46024e-05
_501_, 91.08, 92.48, 6.85755e-05
_505_, 91.08, 92.48, 6.85755e-05
_518_, 91.08, 92.48, 6.85755e-05
_521_, 91.08, 92.48, 6.85755e-05
_866_, 91.08, 92.48, 6.85755e-05
FILLER_0_30_181, 91.08, 92.48, 6.85755e-05
_520_, 21.62, 92.48, 4.56693e-05
_531_, 21.62, 92.48, 4.56693e-05
_548_, 21.62, 92.48, 4.56693e-05
_586_, 21.62, 92.48, 4.56693e-05
FILLER_0_30_41, 21.62, 92.48, 4.56693e-05
_577_, 47.38, 92.48, 4.27425e-05
_611_, 52.9, 92.48, 5.56805e-05
FILLER_0_30_109, 52.9, 92.48, 5.56805e-05
FILLER_0_31_106, 52.9, 92.48, 5.56805e-05
_543_, 67.16, 92.48, 6.92297e-05
_880_, 67.16, 92.48, 6.92297e-05
_488_, 73.14, 92.48, 5.3467e-05
FILLER_0_30_153, 73.14, 92.48, 5.3467e-05
_528_, 13.522, 92.48, 5.78803e-05
_529_, 13.522, 92.48, 5.78803e-05
_530_, 13.522, 92.48, 5.78803e-05
FILLER_0_30_18, 13.522, 92.48, 5.78803e-05
_581_, 34.28, 92.48, 5.01582e-05
_604_, 34.28, 92.48, 5.01582e-05
_605_, 34.28, 92.48, 5.01582e-05
_608_, 34.28, 92.48, 5.01582e-05
FILLER_0_30_54, 34.28, 92.48, 5.01582e-05
FILLER_0_31_50, 34.28, 92.48, 5.01582e-05
_624_, 60.03, 92.48, 7.14499e-05
_626_, 60.03, 92.48, 7.14499e-05
_878_, 60.03, 92.48, 7.14499e-05
FILLER_0_29_113, 60.03, 92.48, 7.14499e-05
FILLER_0_31_120, 60.03, 92.48, 7.14499e-05
_499_, 82.11, 92.48, 6.50243e-05
_500_, 82.11, 92.48, 6.50243e-05
_508_, 82.11, 92.48, 6.50243e-05
_509_, 82.11, 92.48, 6.50243e-05
_523_, 82.11, 92.48, 6.50243e-05
_869_, 5.52, 87.04, 8.56007e-05
PHY_EDGE_ROW_27_Left_64, 5.52, 87.04, 8.56007e-05
PHY_EDGE_ROW_28_Left_65, 5.52, 87.04, 8.56007e-05
input25, 5.52, 87.04, 8.56007e-05
PHY_EDGE_ROW_27_Right_27, 107.18, 87.04, 4.81169e-05
PHY_EDGE_ROW_28_Right_28, 107.18, 87.04, 4.81169e-05
output91, 107.18, 87.04, 4.81169e-05
FILLER_0_28_212, 107.18, 87.04, 4.81169e-05
_534_, 12.42, 87.04, 7.7109e-05
_535_, 12.42, 87.04, 7.7109e-05
_536_, 12.42, 87.04, 7.7109e-05
_565_, 12.42, 87.04, 7.7109e-05
_572_, 39.56, 87.04, 5.66506e-05
_573_, 39.56, 87.04, 5.66506e-05
_574_, 39.56, 87.04, 5.66506e-05
_580_, 39.56, 87.04, 5.66506e-05
_584_, 39.56, 87.04, 5.66506e-05
FILLER_0_28_79, 39.56, 87.04, 5.66506e-05
FILLER_0_29_76, 39.56, 87.04, 5.66506e-05
FILLER_0_26_105, 53.82, 87.04, 4.51071e-05
FILLER_0_28_113, 53.82, 87.04, 4.51071e-05
FILLER_0_29_108, 53.82, 87.04, 4.51071e-05
_644_, 62.1, 87.04, 4.43937e-05
_645_, 62.1, 87.04, 4.43937e-05
_642_, 67.62, 87.04, 4.26182e-05
FILLER_0_28_136, 67.62, 87.04, 4.26182e-05
_524_, 86.02, 87.04, 5.13651e-05
_516_, 88.32, 87.04, 5.09023e-05
_517_, 88.32, 87.04, 5.09023e-05
_522_, 88.32, 87.04, 5.09023e-05
FILLER_0_27_181, 88.32, 87.04, 5.09023e-05
FILLER_0_28_186, 88.32, 87.04, 5.09023e-05
_541_, 30.542, 87.04, 6.04146e-05
_568_, 30.542, 87.04, 6.04146e-05
_570_, 30.542, 87.04, 6.04146e-05
_571_, 30.542, 87.04, 6.04146e-05
_609_, 30.542, 87.04, 6.04146e-05
FILLER_0_27_46, 30.542, 87.04, 6.04146e-05
FILLER_0_28_50, 30.542, 87.04, 6.04146e-05
FILLER_0_29_46, 30.542, 87.04, 6.04146e-05
_487_, 79.187, 87.04, 5.15697e-05
_489_, 79.187, 87.04, 5.15697e-05
_493_, 79.187, 87.04, 5.15697e-05
_502_, 79.187, 87.04, 5.15697e-05
_527_, 79.187, 87.04, 5.15697e-05
FILLER_0_27_160, 79.187, 87.04, 5.15697e-05
FILLER_0_28_162, 79.187, 87.04, 5.15697e-05
PHY_EDGE_ROW_25_Left_62, 5.52, 81.6, 8.69716e-05
PHY_EDGE_ROW_26_Left_63, 5.52, 81.6, 8.69716e-05
input49, 5.52, 81.6, 8.69716e-05
output72, 5.52, 81.6, 8.69716e-05
PHY_EDGE_ROW_25_Right_25, 107.18, 81.6, 4.82871e-05
PHY_EDGE_ROW_26_Right_26, 107.18, 81.6, 4.82871e-05
output122, 107.18, 81.6, 4.82871e-05
_575_, 43.7, 81.6, 6.14485e-05
FILLER_0_27_80, 43.7, 81.6, 6.14485e-05
_566_, 11.04, 81.6, 8.10712e-05
_537_, 21.62, 81.6, 6.44452e-05
_539_, 21.62, 81.6, 6.44452e-05
_542_, 21.62, 81.6, 6.44452e-05
hold46, 21.62, 81.6, 6.44452e-05
FILLER_0_25_38, 21.62, 81.6, 6.44452e-05
FILLER_0_26_41, 21.62, 81.6, 6.44452e-05
_674_, 40.48, 81.6, 6.83289e-05
_578_, 47.38, 81.6, 5.39673e-05
FILLER_0_26_97, 47.38, 81.6, 5.39673e-05
FILLER_0_26_209, 98.9, 81.6, 4.08558e-05
FILLER_0_27_206, 98.9, 81.6, 4.08558e-05
_569_, 31.05, 81.6, 8.56644e-05
_582_, 31.05, 81.6, 8.56644e-05
clkbuf_3_5__f_clk, 31.05, 81.6, 8.56644e-05
FILLER_0_25_51, 31.05, 81.6, 8.56644e-05
FILLER_0_25_57, 31.05, 81.6, 8.56644e-05
_646_, 59.867, 81.6, 7.25687e-05
_657_, 59.867, 81.6, 7.25687e-05
_659_, 59.867, 81.6, 7.25687e-05
_661_, 59.867, 81.6, 7.25687e-05
_662_, 59.867, 81.6, 7.25687e-05
_663_, 59.867, 81.6, 7.25687e-05
_665_, 59.867, 81.6, 7.25687e-05
FILLER_0_25_119, 59.867, 81.6, 7.25687e-05
_495_, 85.062, 81.6, 6.10859e-05
_496_, 85.062, 81.6, 6.10859e-05
_507_, 85.062, 81.6, 6.10859e-05
FILLER_0_25_175, 85.062, 81.6, 6.10859e-05
PHY_EDGE_ROW_23_Left_60, 5.52, 76.16, 8.61971e-05
PHY_EDGE_ROW_24_Left_61, 5.52, 76.16, 8.61971e-05
output94, 5.52, 76.16, 8.61971e-05
FILLER_0_25_3, 5.52, 76.16, 8.61971e-05
PHY_EDGE_ROW_23_Right_23, 107.18, 76.16, 5.54414e-05
PHY_EDGE_ROW_24_Right_24, 107.18, 76.16, 5.54414e-05
input21, 107.18, 76.16, 5.54414e-05
_557_, 9.66, 76.16, 8.19693e-05
input15, 9.66, 76.16, 8.19693e-05
_564_, 15.18, 76.16, 7.3269e-05
FILLER_0_23_27, 15.18, 76.16, 7.3269e-05
FILLER_0_24_24, 15.18, 76.16, 7.3269e-05
FILLER_0_25_25, 15.18, 76.16, 7.3269e-05
_461_, 87.4, 76.16, 8.09102e-05
_512_, 87.4, 76.16, 8.09102e-05
FILLER_0_24_181, 87.4, 76.16, 8.09102e-05
_511_, 92.92, 76.16, 6.91413e-05
_513_, 92.92, 76.16, 6.91413e-05
ANTENNA_2, 92.92, 76.16, 6.91413e-05
FILLER_0_24_193, 92.92, 76.16, 6.91413e-05
_563_, 13.8, 76.16, 7.55183e-05
_658_, 51.52, 76.16, 6.06455e-05
_669_, 51.52, 76.16, 6.06455e-05
_684_, 51.52, 76.16, 6.06455e-05
_685_, 51.52, 76.16, 6.06455e-05
_686_, 51.52, 76.16, 6.06455e-05
_655_, 60.72, 76.16, 6.7013e-05
_656_, 60.72, 76.16, 6.7013e-05
_660_, 60.72, 76.16, 6.7013e-05
_664_, 60.72, 76.16, 6.7013e-05
FILLER_0_24_131, 60.72, 76.16, 6.7013e-05
FILLER_0_25_127, 60.72, 76.16, 6.7013e-05
_453_, 77.74, 76.16, 7.42566e-05
FILLER_0_23_161, 77.74, 76.16, 7.42566e-05
FILLER_0_25_157, 77.74, 76.16, 7.42566e-05
_484_, 83.26, 76.16, 7.89279e-05
_494_, 83.26, 76.16, 7.89279e-05
FILLER_0_23_208, 101.2, 76.16, 5.51831e-05
_561_, 34.232, 76.16, 7.64014e-05
_666_, 34.232, 76.16, 7.64014e-05
_672_, 34.232, 76.16, 7.64014e-05
_673_, 34.232, 76.16, 7.64014e-05
_883_, 34.232, 76.16, 7.64014e-05
FILLER_0_23_65, 34.232, 76.16, 7.64014e-05
FILLER_0_24_68, 34.232, 76.16, 7.64014e-05
PHY_EDGE_ROW_21_Left_58, 5.52, 70.72, 4.84901e-05
PHY_EDGE_ROW_22_Left_59, 5.52, 70.72, 4.84901e-05
input61, 5.52, 70.72, 4.84901e-05
PHY_EDGE_ROW_21_Right_21, 107.18, 70.72, 3.84007e-05
PHY_EDGE_ROW_22_Right_22, 107.18, 70.72, 3.84007e-05
input12, 107.18, 70.72, 3.84007e-05
_667_, 40.48, 70.72, 5.37816e-05
_670_, 40.48, 70.72, 5.37816e-05
_678_, 40.48, 70.72, 5.37816e-05
_679_, 40.48, 70.72, 5.37816e-05
_680_, 40.48, 70.72, 5.37816e-05
_668_, 46, 70.72, 4.66005e-05
FILLER_0_22_85, 46, 70.72, 4.66005e-05
_687_, 54.28, 70.72, 5.74412e-05
FILLER_0_23_108, 54.28, 70.72, 5.74412e-05
_881_, 60.26, 70.72, 6.36074e-05
_653_, 65.78, 70.72, 6.00662e-05
_654_, 65.78, 70.72, 6.00662e-05
_863_, 71.3, 70.72, 5.18262e-05
FILLER_0_22_141, 71.3, 70.72, 5.18262e-05
_550_, 11.04, 70.72, 4.83349e-05
FILLER_0_22_18, 11.04, 70.72, 4.83349e-05
_652_, 59.8, 70.72, 6.32411e-05
_884_, 31.002, 70.72, 5.55212e-05
FILLER_0_21_52, 31.002, 70.72, 5.55212e-05
FILLER_0_21_57, 31.002, 70.72, 5.55212e-05
FILLER_0_22_47, 31.002, 70.72, 5.55212e-05
FILLER_0_23_49, 31.002, 70.72, 5.55212e-05
FILLER_0_23_57, 31.002, 70.72, 5.55212e-05
_473_, 85.062, 70.72, 5.08001e-05
_475_, 85.062, 70.72, 5.08001e-05
_482_, 85.062, 70.72, 5.08001e-05
_485_, 85.062, 70.72, 5.08001e-05
FILLER_0_21_169, 85.062, 70.72, 5.08001e-05
FILLER_0_22_184, 85.062, 70.72, 5.08001e-05
PHY_EDGE_ROW_19_Left_56, 5.52, 65.28, 7.30718e-05
PHY_EDGE_ROW_20_Left_57, 5.52, 65.28, 7.30718e-05
input36, 5.52, 65.28, 7.30718e-05
PHY_EDGE_ROW_19_Right_19, 107.18, 65.28, 5.35569e-05
PHY_EDGE_ROW_20_Right_20, 107.18, 65.28, 5.35569e-05
_547_, 19.78, 65.28, 6.79782e-05
_551_, 19.78, 65.28, 6.79782e-05
_554_, 19.78, 65.28, 6.79782e-05
_463_, 101.2, 65.28, 5.35569e-05
_471_, 101.2, 65.28, 5.35569e-05
input65, 101.2, 65.28, 5.35569e-05
output97, 101.2, 65.28, 5.35569e-05
_552_, 9.66, 65.28, 7.29396e-05
FILLER_0_19_7, 9.66, 65.28, 7.29396e-05
FILLER_0_20_15, 9.66, 65.28, 7.29396e-05
FILLER_0_21_6, 9.66, 65.28, 7.29396e-05
_676_, 47.38, 65.28, 3.52738e-05
_734_, 47.38, 65.28, 3.52738e-05
_738_, 47.38, 65.28, 3.52738e-05
_739_, 47.38, 65.28, 3.52738e-05
_745_, 47.38, 65.28, 3.52738e-05
FILLER_0_20_97, 47.38, 65.28, 3.52738e-05
FILLER_0_21_94, 47.38, 65.28, 3.52738e-05
_727_, 57.5, 65.28, 3.88137e-05
_728_, 57.5, 65.28, 3.88137e-05
_735_, 57.5, 65.28, 3.88137e-05
_736_, 57.5, 65.28, 3.88137e-05
FILLER_0_20_135, 64.86, 65.28, 3.583e-05
_470_, 73.14, 65.28, 3.46401e-05
_480_, 73.14, 65.28, 3.46401e-05
ANTENNA_1, 73.14, 65.28, 3.46401e-05
FILLER_0_19_157, 73.14, 65.28, 3.46401e-05
FILLER_0_20_153, 73.14, 65.28, 3.46401e-05
FILLER_0_21_158, 73.14, 65.28, 3.46401e-05
_681_, 34.232, 65.28, 5.71402e-05
_682_, 34.232, 65.28, 5.71402e-05
FILLER_0_20_73, 34.232, 65.28, 5.71402e-05
_468_, 85.455, 65.28, 5.64483e-05
_474_, 85.455, 65.28, 5.64483e-05
_476_, 85.455, 65.28, 5.64483e-05
_481_, 85.455, 65.28, 5.64483e-05
_483_, 85.455, 65.28, 5.64483e-05
_490_, 85.455, 65.28, 5.64483e-05
_491_, 85.455, 65.28, 5.64483e-05
_492_, 85.455, 65.28, 5.64483e-05
PHY_EDGE_ROW_17_Left_54, 5.52, 59.84, 7.38612e-05
PHY_EDGE_ROW_18_Left_55, 5.52, 59.84, 7.38612e-05
input29, 5.52, 59.84, 7.38612e-05
FILLER_0_18_3, 5.52, 59.84, 7.38612e-05
PHY_EDGE_ROW_17_Right_17, 107.18, 59.84, 4.59997e-05
PHY_EDGE_ROW_18_Right_18, 107.18, 59.84, 4.59997e-05
FILLER_0_17_215, 107.18, 59.84, 4.59997e-05
_553_, 11.04, 59.84, 7.34203e-05
_871_, 11.04, 59.84, 7.34203e-05
_454_, 34.232, 59.84, 8.86105e-05
_740_, 34.232, 59.84, 8.86105e-05
_741_, 34.232, 59.84, 8.86105e-05
_742_, 34.232, 59.84, 8.86105e-05
_744_, 34.232, 59.84, 8.86105e-05
_758_, 34.232, 59.84, 8.86105e-05
_766_, 34.232, 59.84, 8.86105e-05
_890_, 34.232, 59.84, 8.86105e-05
FILLER_0_18_67, 34.232, 59.84, 8.86105e-05
FILLER_0_19_49, 34.232, 59.84, 8.86105e-05
FILLER_0_19_63, 34.232, 59.84, 8.86105e-05
_726_, 59.647, 59.84, 8.12818e-05
_731_, 59.647, 59.84, 8.12818e-05
_732_, 59.647, 59.84, 8.12818e-05
_889_, 59.647, 59.84, 8.12818e-05
_448_, 85.062, 59.84, 8.34872e-05
_449_, 85.062, 59.84, 8.34872e-05
_451_, 85.062, 59.84, 8.34872e-05
_455_, 85.062, 59.84, 8.34872e-05
_477_, 85.062, 59.84, 8.34872e-05
FILLER_0_17_175, 85.062, 59.84, 8.34872e-05
FILLER_0_18_170, 85.062, 59.84, 8.34872e-05
FILLER_0_19_165, 85.062, 59.84, 8.34872e-05
FILLER_0_19_169, 85.062, 59.84, 8.34872e-05
PHY_EDGE_ROW_15_Left_52, 5.52, 54.4, 7.23404e-05
PHY_EDGE_ROW_16_Left_53, 5.52, 54.4, 7.23404e-05
input26, 5.52, 54.4, 7.23404e-05
output102, 5.52, 54.4, 7.23404e-05
PHY_EDGE_ROW_15_Right_15, 107.18, 54.4, 7.32355e-05
PHY_EDGE_ROW_16_Right_16, 107.18, 54.4, 7.32355e-05
output92, 107.18, 54.4, 7.32355e-05
_747_, 41.4, 54.4, 8.46409e-05
_748_, 41.4, 54.4, 8.46409e-05
_753_, 41.4, 54.4, 8.46409e-05
FILLER_0_15_84, 41.4, 54.4, 8.46409e-05
_450_, 92, 54.4, 8.37917e-05
_458_, 92, 54.4, 8.37917e-05
FILLER_0_16_185, 92, 54.4, 8.37917e-05
FILLER_0_16_193, 92, 54.4, 8.37917e-05
FILLER_0_17_194, 92, 54.4, 8.37917e-05
FILLER_0_16_21, 12.42, 54.4, 6.49322e-05
FILLER_0_17_18, 12.42, 54.4, 6.49322e-05
_757_, 33.12, 54.4, 7.72348e-05
_760_, 33.12, 54.4, 7.72348e-05
_765_, 33.12, 54.4, 7.72348e-05
_767_, 33.12, 54.4, 7.72348e-05
hold3, 33.12, 54.4, 7.72348e-05
_743_, 38.64, 54.4, 8.2365e-05
_689_, 47.38, 54.4, 8.62091e-05
_737_, 47.38, 54.4, 8.62091e-05
FILLER_0_15_95, 47.38, 54.4, 8.62091e-05
FILLER_0_17_92, 47.38, 54.4, 8.62091e-05
_725_, 52.9, 54.4, 0.0001237
_729_, 52.9, 54.4, 0.0001237
clkbuf_0_clk, 52.9, 54.4, 0.0001237
FILLER_0_15_104, 52.9, 54.4, 0.0001237
FILLER_0_17_109, 52.9, 54.4, 0.0001237
_730_, 58.42, 54.4, 0.000123122
FILLER_0_15_113, 58.42, 54.4, 0.000123122
_749_, 63.94, 54.4, 0.000120178
_782_, 63.94, 54.4, 0.000120178
_783_, 63.94, 54.4, 0.000120178
FILLER_0_16_133, 63.94, 54.4, 0.000120178
FILLER_0_17_127, 63.94, 54.4, 0.000120178
_456_, 82.177, 54.4, 0.000108627
_460_, 82.177, 54.4, 0.000108627
_858_, 82.177, 54.4, 0.000108627
_931_, 82.177, 54.4, 0.000108627
hold2, 82.177, 54.4, 0.000108627
FILLER_0_15_158, 82.177, 54.4, 0.000108627
FILLER_0_17_159, 82.177, 54.4, 0.000108627
PHY_EDGE_ROW_13_Left_50, 5.52, 48.96, 0.000106222
PHY_EDGE_ROW_14_Left_51, 5.52, 48.96, 0.000106222
input4, 5.52, 48.96, 0.000106222
output110, 5.52, 48.96, 0.000106222
PHY_EDGE_ROW_13_Right_13, 107.18, 48.96, 3.60266e-05
PHY_EDGE_ROW_14_Right_14, 107.18, 48.96, 3.60266e-05
_768_, 23.46, 48.96, 7.50389e-05
_785_, 23.46, 48.96, 7.50389e-05
_893_, 23.46, 48.96, 7.50389e-05
hold41, 23.46, 48.96, 7.50389e-05
FILLER_0_14_43, 23.46, 48.96, 7.50389e-05
hold23, 72.22, 48.96, 5.70471e-05
FILLER_0_14_141, 72.22, 48.96, 5.70471e-05
_793_, 13.522, 48.96, 9.76487e-05
_799_, 13.522, 48.96, 9.76487e-05
_900_, 13.522, 48.96, 9.76487e-05
FILLER_0_14_22, 13.522, 48.96, 9.76487e-05
FILLER_0_15_18, 13.522, 48.96, 9.76487e-05
_702_, 35.2, 48.96, 7.77882e-05
_759_, 35.2, 48.96, 7.77882e-05
_886_, 35.2, 48.96, 7.77882e-05
FILLER_0_14_62, 35.2, 48.96, 7.77882e-05
FILLER_0_14_75, 35.2, 48.96, 7.77882e-05
_716_, 59.58, 48.96, 7.21304e-05
_717_, 59.58, 48.96, 7.21304e-05
_718_, 59.58, 48.96, 7.21304e-05
_899_, 59.58, 48.96, 7.21304e-05
_442_, 85.062, 48.96, 6.48524e-05
_844_, 85.062, 48.96, 6.48524e-05
_845_, 85.062, 48.96, 6.48524e-05
_846_, 85.062, 48.96, 6.48524e-05
_847_, 85.062, 48.96, 6.48524e-05
_926_, 85.062, 48.96, 6.48524e-05
hold11, 85.062, 48.96, 6.48524e-05
PHY_EDGE_ROW_11_Left_48, 5.52, 43.52, 0.000111714
PHY_EDGE_ROW_12_Left_49, 5.52, 43.52, 0.000111714
output69, 5.52, 43.52, 0.000111714
hold4, 5.52, 43.52, 0.000111714
FILLER_0_12_3, 5.52, 43.52, 0.000111714
PHY_EDGE_ROW_11_Right_11, 107.18, 43.52, 4.7986e-05
PHY_EDGE_ROW_12_Right_12, 107.18, 43.52, 4.7986e-05
input40, 107.18, 43.52, 4.7986e-05
output75, 107.18, 43.52, 4.7986e-05
_690_, 53.82, 43.52, 8.80878e-05
_721_, 53.82, 43.52, 8.80878e-05
_724_, 53.82, 43.52, 8.80878e-05
_800_, 25.3, 43.52, 7.70728e-05
FILLER_0_13_45, 25.3, 43.52, 7.70728e-05
_798_, 30.82, 43.52, 8.22779e-05
_801_, 30.82, 43.52, 8.22779e-05
FILLER_0_12_61, 30.82, 43.52, 8.22779e-05
FILLER_0_13_53, 30.82, 43.52, 8.22779e-05
FILLER_0_13_57, 30.82, 43.52, 8.22779e-05
_723_, 58.42, 43.52, 9.856e-05
_888_, 58.42, 43.52, 9.856e-05
_780_, 63.94, 43.52, 0.000101895
clkbuf_3_3__f_clk, 63.94, 43.52, 0.000101895
FILLER_0_12_133, 63.94, 43.52, 0.000101895
_431_, 80.96, 43.52, 6.96132e-05
_434_, 80.96, 43.52, 6.96132e-05
_452_, 80.96, 43.52, 6.96132e-05
FILLER_0_13_163, 80.96, 43.52, 6.96132e-05
FILLER_0_11_180, 86.48, 43.52, 5.99335e-05
_441_, 92, 43.52, 5.02538e-05
_848_, 92, 43.52, 5.02538e-05
_851_, 92, 43.52, 5.02538e-05
FILLER_0_13_190, 92, 43.52, 5.02538e-05
_903_, 13.522, 43.52, 9.96129e-05
hold27, 13.522, 43.52, 9.96129e-05
hold51, 13.522, 43.52, 9.96129e-05
FILLER_0_12_24, 13.522, 43.52, 9.96129e-05
_694_, 38.88, 43.52, 8.11443e-05
_703_, 38.88, 43.52, 8.11443e-05
hold48, 38.88, 43.52, 8.11443e-05
FILLER_0_11_79, 38.88, 43.52, 8.11443e-05
FILLER_0_12_76, 38.88, 43.52, 8.11443e-05
_796_, 5.52, 38.08, 0.000116984
_905_, 5.52, 38.08, 0.000116984
PHY_EDGE_ROW_9_Left_46, 5.52, 38.08, 0.000116984
PHY_EDGE_ROW_10_Left_47, 5.52, 38.08, 0.000116984
FILLER_0_10_3, 5.52, 38.08, 0.000116984
PHY_EDGE_ROW_9_Right_9, 107.18, 38.08, 5.90683e-05
PHY_EDGE_ROW_10_Right_10, 107.18, 38.08, 5.90683e-05
output71, 107.18, 38.08, 5.90683e-05
_696_, 47.38, 38.08, 6.22125e-05
_697_, 47.38, 38.08, 6.22125e-05
_719_, 47.38, 38.08, 6.22125e-05
FILLER_0_10_97, 47.38, 38.08, 6.22125e-05
_792_, 13.522, 38.08, 0.000105838
hold9, 13.522, 38.08, 0.000105838
FILLER_0_10_24, 13.522, 38.08, 0.000105838
_693_, 34.232, 38.08, 8.85796e-05
_885_, 34.232, 38.08, 8.85796e-05
hold35, 34.232, 38.08, 8.85796e-05
_446_, 59.867, 38.08, 8.11657e-05
_713_, 59.867, 38.08, 8.11657e-05
_722_, 59.867, 38.08, 8.11657e-05
_859_, 59.867, 38.08, 8.11657e-05
FILLER_0_10_106, 59.867, 38.08, 8.11657e-05
FILLER_0_10_127, 59.867, 38.08, 8.11657e-05
_810_, 85.062, 38.08, 6.26105e-05
_811_, 85.062, 38.08, 6.26105e-05
_911_, 85.062, 38.08, 6.26105e-05
FILLER_0_10_186, 85.062, 38.08, 6.26105e-05
FILLER_0_11_169, 85.062, 38.08, 6.26105e-05
_904_, 5.52, 32.64, 0.000138148
PHY_EDGE_ROW_7_Left_44, 5.52, 32.64, 0.000138148
PHY_EDGE_ROW_8_Left_45, 5.52, 32.64, 0.000138148
output103, 5.52, 32.64, 0.000138148
PHY_EDGE_ROW_7_Right_7, 107.18, 32.64, 5.93026e-05
PHY_EDGE_ROW_8_Right_8, 107.18, 32.64, 5.93026e-05
input6, 107.18, 32.64, 5.93026e-05
output95, 107.18, 32.64, 5.93026e-05
_704_, 47.38, 32.64, 6.86484e-05
_706_, 47.38, 32.64, 6.86484e-05
_709_, 47.38, 32.64, 6.86484e-05
_714_, 47.38, 32.64, 6.86484e-05
FILLER_0_8_209, 100.74, 32.64, 5.29105e-05
_805_, 13.522, 32.64, 0.000121927
output129, 13.522, 32.64, 0.000121927
hold26, 13.522, 32.64, 0.000121927
FILLER_0_8_17, 13.522, 32.64, 0.000121927
_695_, 34.232, 32.64, 8.7489e-05
_711_, 34.232, 32.64, 8.7489e-05
_787_, 34.232, 32.64, 8.7489e-05
hold42, 34.232, 32.64, 8.7489e-05
FILLER_0_9_53, 34.232, 32.64, 8.7489e-05
FILLER_0_9_57, 34.232, 32.64, 8.7489e-05
_715_, 59.867, 32.64, 9.92107e-05
_771_, 59.867, 32.64, 9.92107e-05
_788_, 59.867, 32.64, 9.92107e-05
_838_, 59.867, 32.64, 9.92107e-05
hold24, 59.867, 32.64, 9.92107e-05
FILLER_0_7_113, 59.867, 32.64, 9.92107e-05
FILLER_0_8_109, 59.867, 32.64, 9.92107e-05
FILLER_0_8_122, 59.867, 32.64, 9.92107e-05
FILLER_0_9_106, 59.867, 32.64, 9.92107e-05
FILLER_0_9_120, 59.867, 32.64, 9.92107e-05
_808_, 85.062, 32.64, 7.99922e-05
hold6, 85.062, 32.64, 7.99922e-05
hold33, 85.062, 32.64, 7.99922e-05
hold37, 85.062, 32.64, 7.99922e-05
hold38, 85.062, 32.64, 7.99922e-05
FILLER_0_8_169, 85.062, 32.64, 7.99922e-05
FILLER_0_9_161, 85.062, 32.64, 7.99922e-05
FILLER_0_9_169, 85.062, 32.64, 7.99922e-05
_797_, 5.52, 27.2, 0.00013665
_909_, 5.52, 27.2, 0.00013665
PHY_EDGE_ROW_5_Left_42, 5.52, 27.2, 0.00013665
PHY_EDGE_ROW_6_Left_43, 5.52, 27.2, 0.00013665
FILLER_0_7_3, 5.52, 27.2, 0.00013665
PHY_EDGE_ROW_5_Right_5, 107.18, 27.2, 5.82733e-05
PHY_EDGE_ROW_6_Right_6, 107.18, 27.2, 5.82733e-05
input43, 107.18, 27.2, 5.82733e-05
output77, 107.18, 27.2, 5.82733e-05
_809_, 94.3, 27.2, 6.35499e-05
hold43, 94.3, 27.2, 6.35499e-05
FILLER_0_5_211, 99.82, 27.2, 5.14633e-05
FILLER_0_6_209, 99.82, 27.2, 5.14633e-05
_779_, 24.38, 27.2, 0.000114452
_786_, 24.38, 27.2, 0.000114452
clkbuf_3_0__f_clk, 24.38, 27.2, 0.000114452
FILLER_0_5_45, 24.38, 27.2, 0.000114452
_705_, 51.06, 27.2, 0.000109732
clkbuf_3_2__f_clk, 51.06, 27.2, 0.000109732
FILLER_0_5_99, 51.06, 27.2, 0.000109732
FILLER_0_7_102, 51.06, 27.2, 0.000109732
_908_, 13.522, 27.2, 0.000124453
hold10, 13.522, 27.2, 0.000124453
_832_, 35.66, 27.2, 0.000118169
_887_, 35.66, 27.2, 0.000118169
_920_, 35.66, 27.2, 0.000118169
FILLER_0_6_67, 35.66, 27.2, 0.000118169
FILLER_0_7_65, 35.66, 27.2, 0.000118169
_763_, 61.707, 27.2, 0.000124877
_770_, 61.707, 27.2, 0.000124877
_791_, 61.707, 27.2, 0.000124877
_839_, 61.707, 27.2, 0.000124877
_816_, 83.327, 27.2, 9.87955e-05
_910_, 83.327, 27.2, 9.87955e-05
_912_, 83.327, 27.2, 9.87955e-05
_913_, 83.327, 27.2, 9.87955e-05
hold19, 83.327, 27.2, 9.87955e-05
FILLER_0_5_165, 83.327, 27.2, 9.87955e-05
FILLER_0_6_177, 83.327, 27.2, 9.87955e-05
FILLER_0_7_164, 83.327, 27.2, 9.87955e-05
PHY_EDGE_ROW_3_Left_40, 5.52, 21.76, 0.000153312
PHY_EDGE_ROW_4_Left_41, 5.52, 21.76, 0.000153312
output118, 5.52, 21.76, 0.000153312
output124, 5.52, 21.76, 0.000153312
PHY_EDGE_ROW_3_Right_3, 107.18, 21.76, 7.55977e-05
PHY_EDGE_ROW_4_Right_4, 107.18, 21.76, 7.55977e-05
output83, 107.18, 21.76, 7.55977e-05
output116, 107.18, 21.76, 7.55977e-05
hold7, 86.02, 21.76, 9.21411e-05
FILLER_0_4_168, 86.02, 21.76, 9.21411e-05
_813_, 91.54, 21.76, 7.77145e-05
FILLER_0_4_190, 91.54, 21.76, 7.77145e-05
_436_, 63.02, 21.76, 0.000133805
_773_, 63.02, 21.76, 0.000133805
_812_, 63.02, 21.76, 0.000133805
_894_, 63.02, 21.76, 0.000133805
input33, 98.9, 21.76, 6.06254e-05
FILLER_0_3_205, 98.9, 21.76, 6.06254e-05
FILLER_0_4_209, 98.9, 21.76, 6.06254e-05
_804_, 13.522, 21.76, 0.000136792
_806_, 13.522, 21.76, 0.000136792
_898_, 13.522, 21.76, 0.000136792
output68, 13.522, 21.76, 0.000136792
FILLER_0_4_17, 13.522, 21.76, 0.000136792
FILLER_0_4_25, 13.522, 21.76, 0.000136792
_776_, 34.232, 21.76, 0.000102181
_833_, 34.232, 21.76, 0.000102181
hold12, 34.232, 21.76, 0.000102181
FILLER_0_3_57, 34.232, 21.76, 0.000102181
FILLER_0_4_70, 34.232, 21.76, 0.000102181
FILLER_0_5_53, 34.232, 21.76, 0.000102181
FILLER_0_5_57, 34.232, 21.76, 0.000102181
_836_, 54.98, 21.76, 0.000122288
_923_, 54.98, 21.76, 0.000122288
hold15, 54.98, 21.76, 0.000122288
hold18, 54.98, 21.76, 0.000122288
FILLER_0_3_99, 54.98, 21.76, 0.000122288
FILLER_0_4_103, 54.98, 21.76, 0.000122288
_817_, 79.187, 21.76, 0.000107232
_819_, 79.187, 21.76, 0.000107232
_826_, 79.187, 21.76, 0.000107232
_841_, 79.187, 21.76, 0.000107232
FILLER_0_4_157, 79.187, 21.76, 0.000107232
PHY_EDGE_ROW_1_Left_38, 5.52, 16.32, 0.000131433
PHY_EDGE_ROW_2_Left_39, 5.52, 16.32, 0.000131433
output76, 5.52, 16.32, 0.000131433
output96, 5.52, 16.32, 0.000131433
PHY_EDGE_ROW_1_Right_1, 107.18, 16.32, 7.30012e-05
PHY_EDGE_ROW_2_Right_2, 107.18, 16.32, 7.30012e-05
output74, 107.18, 16.32, 7.30012e-05
output90, 107.18, 16.32, 7.30012e-05
FILLER_0_2_25, 20.7, 16.32, 9.1827e-05
FILLER_0_2_29, 20.7, 16.32, 9.1827e-05
_896_, 26.22, 16.32, 9.54651e-05
FILLER_0_1_51, 26.22, 16.32, 9.54651e-05
FILLER_0_2_44, 26.22, 16.32, 9.54651e-05
FILLER_0_2_52, 26.22, 16.32, 9.54651e-05
hold44, 90.16, 16.32, 6.57314e-05
FILLER_0_2_189, 90.16, 16.32, 6.57314e-05
FILLER_0_2_197, 95.68, 16.32, 5.67515e-05
input39, 13.11, 16.32, 0.000115778
input45, 13.11, 16.32, 0.000115778
output84, 13.11, 16.32, 0.000115778
FILLER_0_2_17, 13.11, 16.32, 0.000115778
FILLER_0_3_12, 13.11, 16.32, 0.000115778
_828_, 36.58, 16.32, 9.93225e-05
_830_, 36.58, 16.32, 9.93225e-05
_919_, 36.58, 16.32, 9.93225e-05
hold14, 36.58, 16.32, 9.93225e-05
_772_, 59.647, 16.32, 9.31174e-05
_774_, 59.647, 16.32, 9.31174e-05
_775_, 59.647, 16.32, 9.31174e-05
_922_, 59.647, 16.32, 9.31174e-05
hold16, 59.647, 16.32, 9.31174e-05
_824_, 81.257, 16.32, 7.6717e-05
_916_, 81.257, 16.32, 7.6717e-05
PHY_EDGE_ROW_0_Left_37, 5.52, 10.88, 0.000174183
input58, 5.52, 10.88, 0.000174183
output73, 5.52, 10.88, 0.000174183
output111, 5.52, 10.88, 0.000174183
PHY_EDGE_ROW_0_Right_0, 107.18, 10.88, 9.54937e-05
output78, 107.18, 10.88, 9.54937e-05
input55, 13.522, 10.88, 0.000157501
output80, 13.522, 10.88, 0.000157501
output88, 13.522, 10.88, 0.000157501
output104, 13.522, 10.88, 0.000157501
FILLER_0_1_17, 13.522, 10.88, 0.000157501
_777_, 34.232, 10.88, 0.000131309
input24, 34.232, 10.88, 0.000131309
output66, 34.232, 10.88, 0.000131309
output89, 34.232, 10.88, 0.000131309
output120, 34.232, 10.88, 0.000131309
_837_, 59.647, 10.88, 0.000129427
_895_, 59.647, 10.88, 0.000129427
input1, 59.647, 10.88, 0.000129427
input57, 59.647, 10.88, 0.000129427
output114, 59.647, 10.88, 0.000129427
output121, 59.647, 10.88, 0.000129427
FILLER_0_0_122, 59.647, 10.88, 0.000129427
_825_, 85.062, 10.88, 0.000115089
_827_, 85.062, 10.88, 0.000115089
input47, 85.062, 10.88, 0.000115089
output87, 85.062, 10.88, 0.000115089
output128, 85.062, 10.88, 0.000115089

