Instance name, X location, Y location, Voltage
input10, 94.47, 106.08, 1.79994
input32, 94.47, 106.08, 1.79994
input56, 94.47, 106.08, 1.79994
input63, 94.47, 106.08, 1.79994
output81, 94.47, 106.08, 1.79994
FILLER_0_34_192, 94.47, 100.64, 1.79997
_866_, 94.47, 95.2, 1.79997
FILLER_0_31_203, 94.47, 95.2, 1.79997
_518_, 94.47, 89.76, 1.79995
_519_, 94.47, 89.76, 1.79995
_868_, 94.47, 89.76, 1.79995
hold47, 94.47, 89.76, 1.79995
FILLER_0_29_199, 94.47, 89.76, 1.79995
_517_, 94.47, 84.32, 1.79996
_522_, 94.47, 84.32, 1.79996
_525_, 94.47, 84.32, 1.79996
_526_, 94.47, 84.32, 1.79996
_510_, 94.47, 78.88, 1.79994
_511_, 94.47, 78.88, 1.79994
FILLER_0_24_193, 94.47, 73.44, 1.79996
_469_, 94.47, 68, 1.79995
_474_, 94.47, 68, 1.79995
_862_, 94.47, 68, 1.79995
_864_, 94.47, 68, 1.79995
input8, 94.47, 68, 1.79995
_465_, 94.47, 62.56, 1.79996
_466_, 94.47, 62.56, 1.79996
_467_, 94.47, 62.56, 1.79996
_472_, 94.47, 62.56, 1.79996
_490_, 94.47, 62.56, 1.79996
FILLER_0_19_193, 94.47, 62.56, 1.79996
_449_, 94.47, 57.12, 1.79991
_450_, 94.47, 57.12, 1.79991
_458_, 94.47, 57.12, 1.79991
_857_, 94.47, 57.12, 1.79991
output70, 94.47, 57.12, 1.79991
FILLER_0_17_194, 94.47, 57.12, 1.79991
FILLER_0_18_197, 94.47, 57.12, 1.79991
_853_, 94.47, 51.68, 1.79997
_856_, 94.47, 51.68, 1.79997
_930_, 94.47, 51.68, 1.79997
input30, 94.47, 51.68, 1.79997
FILLER_0_16_193, 94.47, 51.68, 1.79997
_440_, 94.47, 46.24, 1.79995
_441_, 94.47, 46.24, 1.79995
_854_, 94.47, 46.24, 1.79995
_855_, 94.47, 46.24, 1.79995
_929_, 94.47, 46.24, 1.79995
FILLER_0_14_197, 94.47, 46.24, 1.79995
_848_, 94.47, 40.8, 1.79995
_850_, 94.47, 40.8, 1.79995
_851_, 94.47, 40.8, 1.79995
_852_, 94.47, 40.8, 1.79995
hold20, 94.47, 40.8, 1.79995
hold21, 94.47, 40.8, 1.79995
hold30, 94.47, 40.8, 1.79995
FILLER_0_11_180, 94.47, 40.8, 1.79995
_808_, 94.47, 35.36, 1.79994
_849_, 94.47, 35.36, 1.79994
_927_, 94.47, 35.36, 1.79994
FILLER_0_9_191, 94.47, 35.36, 1.79994
FILLER_0_10_186, 94.47, 35.36, 1.79994
_809_, 94.47, 29.92, 1.79995
_814_, 94.47, 29.92, 1.79995
hold37, 94.47, 29.92, 1.79995
hold43, 94.47, 29.92, 1.79995
FILLER_0_0_190, 94.47, 13.6, 1.79988
_627_, 69.055, 106.08, 1.79994
_628_, 69.055, 106.08, 1.79994
_629_, 69.055, 106.08, 1.79994
_634_, 69.055, 106.08, 1.79994
_636_, 69.055, 106.08, 1.79994
_637_, 69.055, 106.08, 1.79994
input20, 69.055, 106.08, 1.79994
input59, 69.055, 106.08, 1.79994
FILLER_0_35_134, 69.055, 106.08, 1.79994
FILLER_0_36_132, 69.055, 106.08, 1.79994
FILLER_0_36_147, 69.055, 106.08, 1.79994
_631_, 69.055, 100.64, 1.79996
_633_, 69.055, 100.64, 1.79996
_639_, 69.055, 100.64, 1.79996
_648_, 69.055, 100.64, 1.79996
FILLER_0_33_140, 69.055, 100.64, 1.79996
_640_, 69.055, 95.2, 1.79996
_880_, 69.055, 95.2, 1.79996
_642_, 69.055, 89.76, 1.79995
FILLER_0_29_146, 69.055, 89.76, 1.79995
_498_, 69.055, 84.32, 1.79995
_865_, 69.055, 84.32, 1.79995
FILLER_0_28_141, 69.055, 84.32, 1.79995
_664_, 69.055, 78.88, 1.79993
_882_, 69.055, 78.88, 1.79993
clkbuf_3_7__f_clk, 69.055, 78.88, 1.79993
FILLER_0_25_136, 69.055, 78.88, 1.79993
_497_, 69.055, 73.44, 1.79995
_653_, 69.055, 73.44, 1.79995
_863_, 69.055, 73.44, 1.79995
FILLER_0_24_131, 69.055, 73.44, 1.79995
FILLER_0_24_141, 69.055, 73.44, 1.79995
_751_, 69.055, 62.56, 1.79996
_891_, 69.055, 62.56, 1.79996
FILLER_0_20_135, 69.055, 62.56, 1.79996
_437_, 69.055, 57.12, 1.79988
_457_, 69.055, 57.12, 1.79988
_533_, 69.055, 57.12, 1.79988
_546_, 69.055, 57.12, 1.79988
_733_, 69.055, 57.12, 1.79988
_750_, 69.055, 57.12, 1.79988
FILLER_0_17_142, 69.055, 57.12, 1.79988
_459_, 69.055, 51.68, 1.79994
_782_, 69.055, 51.68, 1.79994
_783_, 69.055, 51.68, 1.79994
clkbuf_3_6__f_clk, 69.055, 51.68, 1.79994
hold23, 69.055, 51.68, 1.79994
FILLER_0_16_133, 69.055, 51.68, 1.79994
FILLER_0_14_141, 69.055, 46.24, 1.79993
_445_, 69.055, 40.8, 1.79993
clkbuf_3_3__f_clk, 69.055, 40.8, 1.79993
FILLER_0_10_137, 69.055, 40.8, 1.79993
FILLER_0_12_133, 69.055, 40.8, 1.79993
_433_, 69.055, 35.36, 1.79991
_435_, 69.055, 35.36, 1.79991
_444_, 69.055, 35.36, 1.79991
_446_, 69.055, 35.36, 1.79991
_769_, 69.055, 35.36, 1.79991
_771_, 69.055, 35.36, 1.79991
_794_, 69.055, 35.36, 1.79991
FILLER_0_9_135, 69.055, 35.36, 1.79991
FILLER_0_9_147, 69.055, 35.36, 1.79991
_791_, 69.055, 29.92, 1.79993
_840_, 69.055, 29.92, 1.79993
_842_, 69.055, 29.92, 1.79993
_925_, 69.055, 29.92, 1.79993
FILLER_0_8_133, 69.055, 29.92, 1.79993
FILLER_0_8_141, 69.055, 29.92, 1.79993
_770_, 69.055, 24.48, 1.79987
_795_, 69.055, 24.48, 1.79987
_812_, 69.055, 24.48, 1.79987
_815_, 69.055, 24.48, 1.79987
_924_, 69.055, 24.48, 1.79987
FILLER_0_4_137, 69.055, 24.48, 1.79987
FILLER_0_6_141, 69.055, 24.48, 1.79987
_894_, 69.055, 19.04, 1.79993
hold36, 69.055, 19.04, 1.79993
FILLER_0_3_146, 69.055, 19.04, 1.79993
_818_, 69.055, 13.6, 1.79986
_823_, 69.055, 13.6, 1.79986
_915_, 69.055, 13.6, 1.79986
input2, 69.055, 13.6, 1.79986
output121, 69.055, 13.6, 1.79986
output123, 69.055, 13.6, 1.79986
hold16, 69.055, 13.6, 1.79986
_591_, 43.64, 106.08, 1.79993
_876_, 43.64, 106.08, 1.79993
input28, 43.64, 106.08, 1.79993
input35, 43.64, 106.08, 1.79993
output67, 43.64, 106.08, 1.79993
FILLER_0_35_77, 43.64, 106.08, 1.79993
FILLER_0_35_85, 43.64, 106.08, 1.79993
_600_, 43.64, 100.64, 1.79996
_602_, 43.64, 100.64, 1.79996
_614_, 43.64, 100.64, 1.79996
_577_, 43.64, 89.76, 1.79996
_579_, 43.64, 89.76, 1.79996
_580_, 43.64, 89.76, 1.79996
_584_, 43.64, 89.76, 1.79996
FILLER_0_29_76, 43.64, 89.76, 1.79996
FILLER_0_29_87, 43.64, 89.76, 1.79996
_575_, 43.64, 84.32, 1.79993
FILLER_0_27_80, 43.64, 84.32, 1.79993
_667_, 43.64, 73.44, 1.79995
_668_, 43.64, 73.44, 1.79995
_670_, 43.64, 73.44, 1.79995
_672_, 43.64, 73.44, 1.79995
_678_, 43.64, 73.44, 1.79995
FILLER_0_24_80, 43.64, 73.44, 1.79995
FILLER_0_22_85, 43.64, 68, 1.79996
_734_, 43.64, 62.56, 1.79996
_739_, 43.64, 62.56, 1.79996
_890_, 43.64, 62.56, 1.79996
FILLER_0_19_89, 43.64, 62.56, 1.79996
FILLER_0_20_81, 43.64, 62.56, 1.79996
_748_, 43.64, 57.12, 1.79991
FILLER_0_18_80, 43.64, 57.12, 1.79991
FILLER_0_18_85, 43.64, 57.12, 1.79991
_688_, 43.64, 51.68, 1.79996
_689_, 43.64, 51.68, 1.79996
FILLER_0_15_84, 43.64, 51.68, 1.79996
FILLER_0_15_95, 43.64, 51.68, 1.79996
_691_, 43.64, 46.24, 1.79994
_700_, 43.64, 46.24, 1.79994
_701_, 43.64, 46.24, 1.79994
hold48, 43.64, 46.24, 1.79994
_692_, 43.64, 40.8, 1.79995
_694_, 43.64, 40.8, 1.79995
FILLER_0_11_79, 43.64, 40.8, 1.79995
FILLER_0_12_76, 43.64, 40.8, 1.79995
FILLER_0_12_85, 43.64, 40.8, 1.79995
_708_, 43.64, 35.36, 1.79993
_710_, 43.64, 35.36, 1.79993
FILLER_0_9_87, 43.64, 35.36, 1.79993
FILLER_0_10_78, 43.64, 35.36, 1.79993
_712_, 43.64, 29.92, 1.79994
FILLER_0_8_80, 43.64, 29.92, 1.79994
FILLER_0_8_85, 43.64, 29.92, 1.79994
_832_, 43.64, 24.48, 1.79991
_921_, 43.64, 24.48, 1.79991
hold32, 43.64, 24.48, 1.79991
FILLER_0_5_80, 43.64, 24.48, 1.79991
_828_, 43.64, 19.04, 1.79992
_829_, 43.64, 19.04, 1.79992
_830_, 43.64, 19.04, 1.79992
_833_, 43.64, 19.04, 1.79992
_835_, 43.64, 19.04, 1.79992
hold40, 43.64, 19.04, 1.79992
FILLER_0_4_70, 43.64, 19.04, 1.79992
FILLER_0_4_80, 43.64, 19.04, 1.79992
_820_, 43.64, 13.6, 1.79987
_821_, 43.64, 13.6, 1.79987
_831_, 43.64, 13.6, 1.79987
_834_, 43.64, 13.6, 1.79987
_914_, 43.64, 13.6, 1.79987
_918_, 43.64, 13.6, 1.79987
input52, 43.64, 13.6, 1.79987
FILLER_0_0_93, 43.64, 13.6, 1.79987
FILLER_0_2_79, 43.64, 13.6, 1.79987
_595_, 18.225, 106.08, 1.79991
_875_, 18.225, 106.08, 1.79991
input3, 18.225, 106.08, 1.79991
input7, 18.225, 106.08, 1.79991
input22, 18.225, 106.08, 1.79991
input34, 18.225, 106.08, 1.79991
output106, 18.225, 106.08, 1.79991
output127, 18.225, 106.08, 1.79991
FILLER_0_35_27, 18.225, 106.08, 1.79991
_594_, 18.225, 100.64, 1.79995
_615_, 18.225, 100.64, 1.79995
_617_, 18.225, 100.64, 1.79995
FILLER_0_33_40, 18.225, 100.64, 1.79995
FILLER_0_34_23, 18.225, 100.64, 1.79995
FILLER_0_34_29, 18.225, 100.64, 1.79995
FILLER_0_32_29, 18.225, 95.2, 1.79996
_529_, 18.225, 89.76, 1.79996
_530_, 18.225, 89.76, 1.79996
_531_, 18.225, 89.76, 1.79996
_532_, 18.225, 89.76, 1.79996
_540_, 18.225, 84.32, 1.79993
_549_, 18.225, 84.32, 1.79993
_559_, 18.225, 78.88, 1.79996
FILLER_0_25_25, 18.225, 78.88, 1.79996
FILLER_0_25_38, 18.225, 78.88, 1.79996
_556_, 18.225, 73.44, 1.79994
_558_, 18.225, 73.44, 1.79994
_560_, 18.225, 73.44, 1.79994
_562_, 18.225, 73.44, 1.79994
_872_, 18.225, 73.44, 1.79994
FILLER_0_23_27, 18.225, 73.44, 1.79994
FILLER_0_23_35, 18.225, 73.44, 1.79994
_545_, 18.225, 68, 1.79994
_547_, 18.225, 68, 1.79994
_555_, 18.225, 68, 1.79994
_870_, 18.225, 68, 1.79994
FILLER_0_22_34, 18.225, 68, 1.79994
_551_, 18.225, 62.56, 1.79996
_552_, 18.225, 62.56, 1.79996
_553_, 18.225, 62.56, 1.79996
_554_, 18.225, 62.56, 1.79996
_892_, 18.225, 57.12, 1.79994
FILLER_0_18_29, 18.225, 57.12, 1.79994
_900_, 18.225, 51.68, 1.79995
hold41, 18.225, 51.68, 1.79995
FILLER_0_16_29, 18.225, 51.68, 1.79995
_784_, 18.225, 46.24, 1.79993
hold51, 18.225, 46.24, 1.79993
FILLER_0_14_22, 18.225, 46.24, 1.79993
_789_, 18.225, 40.8, 1.79995
_792_, 18.225, 40.8, 1.79995
_802_, 18.225, 40.8, 1.79995
hold27, 18.225, 40.8, 1.79995
FILLER_0_11_27, 18.225, 40.8, 1.79995
FILLER_0_12_24, 18.225, 40.8, 1.79995
_790_, 18.225, 35.36, 1.79992
_803_, 18.225, 35.36, 1.79992
_805_, 18.225, 35.36, 1.79992
_907_, 18.225, 35.36, 1.79992
hold9, 18.225, 35.36, 1.79992
FILLER_0_9_28, 18.225, 35.36, 1.79992
FILLER_0_10_24, 18.225, 35.36, 1.79992
_902_, 18.225, 29.92, 1.7999
_908_, 18.225, 29.92, 1.7999
hold25, 18.225, 29.92, 1.7999
hold26, 18.225, 29.92, 1.7999
FILLER_0_8_17, 18.225, 29.92, 1.7999
_779_, 18.225, 24.48, 1.79993
_781_, 18.225, 24.48, 1.79993
_804_, 18.225, 24.48, 1.79993
_807_, 18.225, 24.48, 1.79993
hold10, 18.225, 24.48, 1.79993
FILLER_0_5_35, 18.225, 24.48, 1.79993
_897_, 18.225, 19.04, 1.7999
_898_, 18.225, 19.04, 1.7999
hold8, 18.225, 19.04, 1.7999
hold50, 18.225, 19.04, 1.7999
FILLER_0_4_17, 18.225, 19.04, 1.7999
FILLER_0_4_25, 18.225, 19.04, 1.7999
input45, 18.225, 13.6, 1.79986
input55, 18.225, 13.6, 1.79986
output88, 18.225, 13.6, 1.79986
output104, 18.225, 13.6, 1.79986
output119, 18.225, 13.6, 1.79986
FILLER_0_1_17, 18.225, 13.6, 1.79986
FILLER_0_2_17, 18.225, 13.6, 1.79986
FILLER_0_2_25, 18.225, 13.6, 1.79986
FILLER_0_2_29, 18.225, 13.6, 1.79986
PHY_EDGE_ROW_36_Left_73, 5.52, 111.52, 1.79999
PHY_EDGE_ROW_36_Right_36, 107.18, 111.52, 1.79997
output115, 107.18, 111.52, 1.79997
input53, 56.347, 111.52, 1.79999
input9, 81.762, 111.52, 1.79999
PHY_EDGE_ROW_34_Left_71, 5.52, 106.08, 1.79987
PHY_EDGE_ROW_35_Left_72, 5.52, 106.08, 1.79987
input64, 5.52, 106.08, 1.79987
output101, 5.52, 106.08, 1.79987
output117, 5.52, 106.08, 1.79987
output126, 5.52, 106.08, 1.79987
FILLER_0_36_3, 5.52, 106.08, 1.79987
PHY_EDGE_ROW_34_Right_34, 107.18, 106.08, 1.79993
PHY_EDGE_ROW_35_Right_35, 107.18, 106.08, 1.79993
input38, 107.18, 106.08, 1.79993
output100, 107.18, 106.08, 1.79993
input17, 48.76, 106.08, 1.79993
output86, 48.76, 106.08, 1.79993
FILLER_0_35_105, 48.76, 106.08, 1.79993
FILLER_0_36_90, 48.76, 106.08, 1.79993
FILLER_0_36_97, 48.76, 106.08, 1.79993
_879_, 85.56, 106.08, 1.79992
input60, 85.56, 106.08, 1.79992
output125, 85.56, 106.08, 1.79992
output112, 91.08, 106.08, 1.79993
FILLER_0_35_185, 91.08, 106.08, 1.79993
FILLER_0_36_181, 91.08, 106.08, 1.79993
_635_, 79.12, 106.08, 1.79992
input46, 79.12, 106.08, 1.79992
output108, 79.12, 106.08, 1.79992
_587_, 30.932, 106.08, 1.79991
_592_, 30.932, 106.08, 1.79991
_596_, 30.932, 106.08, 1.79991
_597_, 30.932, 106.08, 1.79991
input37, 30.932, 106.08, 1.79991
input54, 30.932, 106.08, 1.79991
output107, 30.932, 106.08, 1.79991
FILLER_0_35_50, 30.932, 106.08, 1.79991
FILLER_0_35_57, 30.932, 106.08, 1.79991
FILLER_0_36_48, 30.932, 106.08, 1.79991
FILLER_0_36_66, 30.932, 106.08, 1.79991
_618_, 58.907, 106.08, 1.79992
_619_, 58.907, 106.08, 1.79992
_620_, 58.907, 106.08, 1.79992
_630_, 58.907, 106.08, 1.79992
_649_, 58.907, 106.08, 1.79992
input44, 58.907, 106.08, 1.79992
output113, 58.907, 106.08, 1.79992
FILLER_0_35_123, 58.907, 106.08, 1.79992
FILLER_0_36_118, 58.907, 106.08, 1.79992
PHY_EDGE_ROW_32_Left_69, 5.52, 100.64, 1.79993
PHY_EDGE_ROW_33_Left_70, 5.52, 100.64, 1.79993
input27, 5.52, 100.64, 1.79993
output130, 5.52, 100.64, 1.79993
PHY_EDGE_ROW_32_Right_32, 107.18, 100.64, 1.79995
PHY_EDGE_ROW_33_Right_33, 107.18, 100.64, 1.79995
input11, 107.18, 100.64, 1.79995
output98, 107.18, 100.64, 1.79995
FILLER_0_33_215, 107.18, 100.64, 1.79995
_877_, 9.66, 100.64, 1.79993
input31, 9.66, 100.64, 1.79993
input51, 9.66, 100.64, 1.79993
FILLER_0_33_6, 9.66, 100.64, 1.79993
FILLER_0_34_15, 9.66, 100.64, 1.79993
_589_, 41.4, 100.64, 1.79995
_590_, 41.4, 100.64, 1.79995
_598_, 41.4, 100.64, 1.79995
_599_, 41.4, 100.64, 1.79995
_603_, 41.4, 100.64, 1.79995
_638_, 63.48, 100.64, 1.79996
_641_, 63.48, 100.64, 1.79996
_647_, 63.48, 100.64, 1.79996
_650_, 63.48, 100.64, 1.79996
FILLER_0_33_125, 63.48, 100.64, 1.79996
FILLER_0_33_162, 78.66, 100.64, 1.79996
input41, 98.9, 100.64, 1.79996
input48, 98.9, 100.64, 1.79996
input62, 98.9, 100.64, 1.79996
FILLER_0_32_209, 98.9, 100.64, 1.79996
FILLER_0_33_205, 98.9, 100.64, 1.79996
_632_, 77.28, 100.64, 1.79996
_447_, 91.54, 100.64, 1.79996
FILLER_0_34_197, 97.06, 100.64, 1.79996
_585_, 29.812, 100.64, 1.79995
_593_, 29.812, 100.64, 1.79995
_606_, 29.812, 100.64, 1.79995
FILLER_0_32_54, 29.812, 100.64, 1.79995
FILLER_0_33_49, 29.812, 100.64, 1.79995
FILLER_0_33_57, 29.812, 100.64, 1.79995
FILLER_0_34_52, 29.812, 100.64, 1.79995
_612_, 53.56, 100.64, 1.79995
_621_, 53.56, 100.64, 1.79995
_622_, 53.56, 100.64, 1.79995
_623_, 53.56, 100.64, 1.79995
FILLER_0_33_100, 53.56, 100.64, 1.79995
FILLER_0_33_108, 53.56, 100.64, 1.79995
FILLER_0_34_100, 53.56, 100.64, 1.79995
PHY_EDGE_ROW_30_Left_67, 5.52, 95.2, 1.79995
PHY_EDGE_ROW_31_Left_68, 5.52, 95.2, 1.79995
output109, 5.52, 95.2, 1.79995
PHY_EDGE_ROW_30_Right_30, 107.18, 95.2, 1.79996
PHY_EDGE_ROW_31_Right_31, 107.18, 95.2, 1.79996
input13, 107.18, 95.2, 1.79996
input42, 107.18, 95.2, 1.79996
_586_, 21.62, 95.2, 1.79996
_874_, 21.62, 95.2, 1.79996
FILLER_0_30_41, 21.62, 95.2, 1.79996
FILLER_0_31_33, 21.62, 95.2, 1.79996
_601_, 47.38, 95.2, 1.79996
_610_, 52.9, 95.2, 1.79996
_611_, 52.9, 95.2, 1.79996
FILLER_0_30_109, 52.9, 95.2, 1.79996
FILLER_0_31_100, 52.9, 95.2, 1.79996
FILLER_0_31_106, 52.9, 95.2, 1.79996
_643_, 67.16, 95.2, 1.79996
FILLER_0_32_132, 67.16, 95.2, 1.79996
hold45, 73.14, 95.2, 1.79996
FILLER_0_30_153, 73.14, 95.2, 1.79996
_528_, 12.42, 95.2, 1.79996
_616_, 12.42, 95.2, 1.79996
FILLER_0_30_18, 12.42, 95.2, 1.79996
FILLER_0_32_15, 12.42, 95.2, 1.79996
_588_, 34.5, 95.2, 1.79996
_604_, 34.5, 95.2, 1.79996
_605_, 34.5, 95.2, 1.79996
_607_, 34.5, 95.2, 1.79996
FILLER_0_31_50, 34.5, 95.2, 1.79996
_581_, 43.24, 95.2, 1.79997
_583_, 43.24, 95.2, 1.79997
_613_, 48.76, 95.2, 1.79996
_499_, 79.58, 95.2, 1.79995
_500_, 79.58, 95.2, 1.79995
_624_, 60.03, 95.2, 1.79995
_625_, 60.03, 95.2, 1.79995
_626_, 60.03, 95.2, 1.79995
_651_, 60.03, 95.2, 1.79995
FILLER_0_31_113, 60.03, 95.2, 1.79995
FILLER_0_31_120, 60.03, 95.2, 1.79995
_501_, 87.025, 95.2, 1.79995
_503_, 87.025, 95.2, 1.79995
_504_, 87.025, 95.2, 1.79995
_505_, 87.025, 95.2, 1.79995
_506_, 87.025, 95.2, 1.79995
_508_, 87.025, 95.2, 1.79995
_509_, 87.025, 95.2, 1.79995
_869_, 5.52, 89.76, 1.79995
PHY_EDGE_ROW_28_Left_65, 5.52, 89.76, 1.79995
PHY_EDGE_ROW_29_Left_66, 5.52, 89.76, 1.79995
input50, 5.52, 89.76, 1.79995
FILLER_0_30_6, 5.52, 89.76, 1.79995
PHY_EDGE_ROW_28_Right_28, 107.18, 89.76, 1.79995
PHY_EDGE_ROW_29_Right_29, 107.18, 89.76, 1.79995
input5, 107.18, 89.76, 1.79995
FILLER_0_28_212, 107.18, 89.76, 1.79995
_543_, 65.32, 89.76, 1.79994
_878_, 65.32, 89.76, 1.79994
_524_, 88.32, 89.76, 1.79995
FILLER_0_30_181, 88.32, 89.76, 1.79995
FILLER_0_29_108, 52.44, 89.76, 1.79996
FILLER_0_29_113, 52.44, 89.76, 1.79996
_521_, 91.08, 89.76, 1.79995
FILLER_0_28_186, 91.08, 89.76, 1.79995
_520_, 30.932, 89.76, 1.79995
_548_, 30.932, 89.76, 1.79995
_568_, 30.932, 89.76, 1.79995
_571_, 30.932, 89.76, 1.79995
_608_, 30.932, 89.76, 1.79995
_609_, 30.932, 89.76, 1.79995
FILLER_0_29_46, 30.932, 89.76, 1.79995
FILLER_0_30_54, 30.932, 89.76, 1.79995
_487_, 78.687, 89.76, 1.79994
_488_, 78.687, 89.76, 1.79994
_502_, 78.687, 89.76, 1.79994
_523_, 78.687, 89.76, 1.79994
_527_, 78.687, 89.76, 1.79994
FILLER_0_28_162, 78.687, 89.76, 1.79994
PHY_EDGE_ROW_26_Left_63, 5.52, 84.32, 1.79991
PHY_EDGE_ROW_27_Left_64, 5.52, 84.32, 1.79991
input25, 5.52, 84.32, 1.79991
output72, 5.52, 84.32, 1.79991
PHY_EDGE_ROW_26_Right_26, 107.18, 84.32, 1.79995
PHY_EDGE_ROW_27_Right_27, 107.18, 84.32, 1.79995
output91, 107.18, 84.32, 1.79995
_535_, 11.04, 84.32, 1.79991
_536_, 11.04, 84.32, 1.79991
_537_, 21.62, 84.32, 1.79992
_538_, 21.62, 84.32, 1.79992
_539_, 21.62, 84.32, 1.79992
_542_, 21.62, 84.32, 1.79992
_567_, 21.62, 84.32, 1.79992
FILLER_0_26_41, 21.62, 84.32, 1.79992
_574_, 40.48, 84.32, 1.79992
FILLER_0_28_79, 40.48, 84.32, 1.79992
_576_, 47.38, 84.32, 1.79993
_578_, 47.38, 84.32, 1.79993
_873_, 47.38, 84.32, 1.79993
_515_, 98.9, 84.32, 1.79995
FILLER_0_27_206, 98.9, 84.32, 1.79995
_534_, 12.42, 84.32, 1.79992
_565_, 12.42, 84.32, 1.79992
_572_, 39.56, 84.32, 1.79992
_573_, 39.56, 84.32, 1.79992
_674_, 39.56, 84.32, 1.79992
_646_, 53.82, 84.32, 1.79993
_662_, 53.82, 84.32, 1.79993
FILLER_0_26_105, 53.82, 84.32, 1.79993
FILLER_0_28_113, 53.82, 84.32, 1.79993
_644_, 62.1, 84.32, 1.79994
_645_, 62.1, 84.32, 1.79994
_663_, 62.1, 84.32, 1.79994
_665_, 62.1, 84.32, 1.79994
FILLER_0_26_136, 67.62, 84.32, 1.79995
FILLER_0_28_136, 67.62, 84.32, 1.79995
_507_, 86.02, 84.32, 1.79995
_516_, 86.02, 84.32, 1.79995
FILLER_0_27_181, 86.02, 84.32, 1.79995
_541_, 30.59, 84.32, 1.7999
_569_, 30.59, 84.32, 1.7999
_570_, 30.59, 84.32, 1.7999
_582_, 30.59, 84.32, 1.7999
clkbuf_3_5__f_clk, 30.59, 84.32, 1.7999
FILLER_0_27_46, 30.59, 84.32, 1.7999
FILLER_0_28_50, 30.59, 84.32, 1.7999
_489_, 77.537, 84.32, 1.79995
_493_, 77.537, 84.32, 1.79995
FILLER_0_27_160, 77.537, 84.32, 1.79995
FILLER_0_28_149, 77.537, 84.32, 1.79995
_557_, 5.52, 78.88, 1.79995
PHY_EDGE_ROW_24_Left_61, 5.52, 78.88, 1.79995
PHY_EDGE_ROW_25_Left_62, 5.52, 78.88, 1.79995
input49, 5.52, 78.88, 1.79995
FILLER_0_25_3, 5.52, 78.88, 1.79995
PHY_EDGE_ROW_24_Right_24, 107.18, 78.88, 1.79992
PHY_EDGE_ROW_25_Right_25, 107.18, 78.88, 1.79992
input21, 107.18, 78.88, 1.79992
_563_, 13.8, 78.88, 1.79996
_564_, 13.8, 78.88, 1.79996
_566_, 13.8, 78.88, 1.79996
_658_, 51.52, 78.88, 1.79994
_669_, 51.52, 78.88, 1.79994
_685_, 51.52, 78.88, 1.79994
FILLER_0_26_97, 51.52, 78.88, 1.79994
_656_, 60.72, 78.88, 1.79993
_657_, 60.72, 78.88, 1.79993
_659_, 60.72, 78.88, 1.79993
_661_, 60.72, 78.88, 1.79993
FILLER_0_25_119, 60.72, 78.88, 1.79993
FILLER_0_25_127, 60.72, 78.88, 1.79993
_453_, 77.74, 78.88, 1.79991
_496_, 77.74, 78.88, 1.79991
FILLER_0_25_157, 77.74, 78.88, 1.79991
_494_, 83.26, 78.88, 1.79992
_495_, 83.26, 78.88, 1.79992
_512_, 83.26, 78.88, 1.79992
FILLER_0_25_175, 83.26, 78.88, 1.79992
_867_, 101.2, 78.88, 1.79992
output122, 101.2, 78.88, 1.79992
FILLER_0_26_209, 101.2, 78.88, 1.79992
_671_, 43.7, 78.88, 1.79996
FILLER_0_25_89, 43.7, 78.88, 1.79996
_883_, 30.932, 78.88, 1.79995
hold46, 30.932, 78.88, 1.79995
FILLER_0_25_51, 30.932, 78.88, 1.79995
FILLER_0_25_57, 30.932, 78.88, 1.79995
PHY_EDGE_ROW_22_Left_59, 5.52, 73.44, 1.79993
PHY_EDGE_ROW_23_Left_60, 5.52, 73.44, 1.79993
output94, 5.52, 73.44, 1.79993
PHY_EDGE_ROW_22_Right_22, 107.18, 73.44, 1.79996
PHY_EDGE_ROW_23_Right_23, 107.18, 73.44, 1.79996
input12, 107.18, 73.44, 1.79996
_652_, 59.8, 73.44, 1.79994
_654_, 59.8, 73.44, 1.79994
_655_, 59.8, 73.44, 1.79994
_660_, 59.8, 73.44, 1.79994
input15, 9.66, 73.44, 1.79993
FILLER_0_22_18, 15.18, 73.44, 1.79994
FILLER_0_24_24, 15.18, 73.44, 1.79994
_461_, 87.4, 73.44, 1.79994
_473_, 87.4, 73.44, 1.79994
_484_, 87.4, 73.44, 1.79994
FILLER_0_22_184, 87.4, 73.44, 1.79994
FILLER_0_24_181, 87.4, 73.44, 1.79994
_486_, 92.92, 73.44, 1.79996
_513_, 92.92, 73.44, 1.79996
ANTENNA_2, 92.92, 73.44, 1.79996
_514_, 98.44, 73.44, 1.79996
FILLER_0_23_208, 98.44, 73.44, 1.79996
_561_, 30.932, 73.44, 1.79993
_666_, 30.932, 73.44, 1.79993
_673_, 30.932, 73.44, 1.79993
_884_, 30.932, 73.44, 1.79993
FILLER_0_23_49, 30.932, 73.44, 1.79993
FILLER_0_23_57, 30.932, 73.44, 1.79993
FILLER_0_23_65, 30.932, 73.44, 1.79993
FILLER_0_24_68, 30.932, 73.44, 1.79993
_677_, 51.72, 73.44, 1.79994
_683_, 51.72, 73.44, 1.79994
_684_, 51.72, 73.44, 1.79994
_686_, 51.72, 73.44, 1.79994
FILLER_0_23_108, 51.72, 73.44, 1.79994
_478_, 78.227, 73.44, 1.79995
FILLER_0_22_154, 78.227, 73.44, 1.79995
FILLER_0_23_161, 78.227, 73.44, 1.79995
PHY_EDGE_ROW_20_Left_57, 5.52, 68, 1.79994
PHY_EDGE_ROW_21_Left_58, 5.52, 68, 1.79994
input36, 5.52, 68, 1.79994
input61, 5.52, 68, 1.79994
PHY_EDGE_ROW_20_Right_20, 107.18, 68, 1.79995
PHY_EDGE_ROW_21_Right_21, 107.18, 68, 1.79995
_550_, 9.66, 68, 1.79994
FILLER_0_20_15, 9.66, 68, 1.79994
FILLER_0_21_6, 9.66, 68, 1.79994
_675_, 47.38, 68, 1.79995
_676_, 47.38, 68, 1.79995
FILLER_0_20_97, 47.38, 68, 1.79995
FILLER_0_21_94, 47.38, 68, 1.79995
_470_, 73.14, 68, 1.79995
_479_, 73.14, 68, 1.79995
FILLER_0_20_153, 73.14, 68, 1.79995
FILLER_0_21_158, 73.14, 68, 1.79995
_679_, 40.48, 68, 1.79995
_680_, 40.48, 68, 1.79995
_681_, 40.48, 68, 1.79995
FILLER_0_20_73, 40.48, 68, 1.79995
_687_, 54.28, 68, 1.79994
_735_, 54.28, 68, 1.79994
_738_, 54.28, 68, 1.79994
_727_, 60.26, 68, 1.79994
_881_, 60.26, 68, 1.79994
FILLER_0_22_141, 71.3, 68, 1.79995
_682_, 29.352, 68, 1.79993
clkbuf_3_4__f_clk, 29.352, 68, 1.79993
FILLER_0_21_52, 29.352, 68, 1.79993
FILLER_0_21_57, 29.352, 68, 1.79993
FILLER_0_22_47, 29.352, 68, 1.79993
_468_, 83.805, 68, 1.79993
_475_, 83.805, 68, 1.79993
_476_, 83.805, 68, 1.79993
_482_, 83.805, 68, 1.79993
_483_, 83.805, 68, 1.79993
_485_, 83.805, 68, 1.79993
_492_, 83.805, 68, 1.79993
FILLER_0_21_169, 83.805, 68, 1.79993
PHY_EDGE_ROW_18_Left_55, 5.52, 62.56, 1.79996
PHY_EDGE_ROW_19_Left_56, 5.52, 62.56, 1.79996
input29, 5.52, 62.56, 1.79996
FILLER_0_19_7, 5.52, 62.56, 1.79996
PHY_EDGE_ROW_18_Right_18, 107.18, 62.56, 1.79994
PHY_EDGE_ROW_19_Right_19, 107.18, 62.56, 1.79994
_544_, 19.78, 62.56, 1.79996
hold34, 19.78, 62.56, 1.79996
FILLER_0_19_37, 19.78, 62.56, 1.79996
_463_, 101.2, 62.56, 1.79994
_464_, 101.2, 62.56, 1.79994
_471_, 101.2, 62.56, 1.79994
_861_, 101.2, 62.56, 1.79994
input65, 101.2, 62.56, 1.79994
output97, 101.2, 62.56, 1.79994
hold1, 101.2, 62.56, 1.79994
_454_, 31.71, 62.56, 1.79994
_740_, 31.71, 62.56, 1.79994
_755_, 31.71, 62.56, 1.79994
_766_, 31.71, 62.56, 1.79994
FILLER_0_19_49, 31.71, 62.56, 1.79994
FILLER_0_19_63, 31.71, 62.56, 1.79994
_726_, 56.347, 62.56, 1.79995
_728_, 56.347, 62.56, 1.79995
_736_, 56.347, 62.56, 1.79995
_745_, 56.347, 62.56, 1.79995
_889_, 56.347, 62.56, 1.79995
_477_, 81.762, 62.56, 1.79996
_480_, 81.762, 62.56, 1.79996
_481_, 81.762, 62.56, 1.79996
_491_, 81.762, 62.56, 1.79996
ANTENNA_1, 81.762, 62.56, 1.79996
FILLER_0_19_157, 81.762, 62.56, 1.79996
FILLER_0_19_165, 81.762, 62.56, 1.79996
FILLER_0_19_169, 81.762, 62.56, 1.79996
PHY_EDGE_ROW_16_Left_53, 5.52, 57.12, 1.79993
PHY_EDGE_ROW_17_Left_54, 5.52, 57.12, 1.79993
input26, 5.52, 57.12, 1.79993
FILLER_0_18_3, 5.52, 57.12, 1.79993
PHY_EDGE_ROW_16_Right_16, 107.18, 57.12, 1.7999
PHY_EDGE_ROW_17_Right_17, 107.18, 57.12, 1.7999
output92, 107.18, 57.12, 1.7999
FILLER_0_17_215, 107.18, 57.12, 1.7999
FILLER_0_16_21, 12.42, 57.12, 1.79993
FILLER_0_17_18, 12.42, 57.12, 1.79993
_742_, 33.12, 57.12, 1.79992
_757_, 33.12, 57.12, 1.79992
_758_, 33.12, 57.12, 1.79992
_741_, 38.64, 57.12, 1.79991
_743_, 38.64, 57.12, 1.79991
_744_, 38.64, 57.12, 1.79991
_747_, 38.64, 57.12, 1.79991
FILLER_0_18_67, 38.64, 57.12, 1.79991
_737_, 47.38, 57.12, 1.79989
_746_, 47.38, 57.12, 1.79989
FILLER_0_17_92, 47.38, 57.12, 1.79989
_729_, 52.9, 57.12, 1.79986
clkbuf_0_clk, 52.9, 57.12, 1.79986
FILLER_0_17_109, 52.9, 57.12, 1.79986
_730_, 58.42, 57.12, 1.79986
_731_, 63.94, 57.12, 1.79986
_732_, 63.94, 57.12, 1.79986
_749_, 63.94, 57.12, 1.79986
FILLER_0_17_127, 63.94, 57.12, 1.79986
_871_, 11.04, 57.12, 1.79993
_752_, 25.672, 57.12, 1.79993
_754_, 25.672, 57.12, 1.79993
_756_, 25.672, 57.12, 1.79993
_764_, 25.672, 57.12, 1.79993
_767_, 25.672, 57.12, 1.79993
FILLER_0_16_45, 25.672, 57.12, 1.79993
FILLER_0_18_43, 25.672, 57.12, 1.79993
_438_, 81.762, 57.12, 1.79984
_448_, 81.762, 57.12, 1.79984
_451_, 81.762, 57.12, 1.79984
_455_, 81.762, 57.12, 1.79984
_456_, 81.762, 57.12, 1.79984
_460_, 81.762, 57.12, 1.79984
_462_, 81.762, 57.12, 1.79984
FILLER_0_17_159, 81.762, 57.12, 1.79984
FILLER_0_17_175, 81.762, 57.12, 1.79984
FILLER_0_18_170, 81.762, 57.12, 1.79984
PHY_EDGE_ROW_14_Left_51, 5.52, 51.68, 1.79993
PHY_EDGE_ROW_15_Left_52, 5.52, 51.68, 1.79993
input4, 5.52, 51.68, 1.79993
output102, 5.52, 51.68, 1.79993
PHY_EDGE_ROW_14_Right_14, 107.18, 51.68, 1.79997
PHY_EDGE_ROW_15_Right_15, 107.18, 51.68, 1.79997
hold13, 107.18, 51.68, 1.79997
_793_, 11.04, 51.68, 1.79994
_799_, 11.04, 51.68, 1.79994
FILLER_0_15_18, 11.04, 51.68, 1.79994
_702_, 41.4, 51.68, 1.79996
_753_, 41.4, 51.68, 1.79996
_759_, 41.4, 51.68, 1.79996
FILLER_0_14_75, 41.4, 51.68, 1.79996
_845_, 92, 51.68, 1.79997
hold2, 92, 51.68, 1.79997
FILLER_0_16_185, 92, 51.68, 1.79997
_760_, 29.812, 51.68, 1.79995
_765_, 29.812, 51.68, 1.79995
_768_, 29.812, 51.68, 1.79995
hold3, 29.812, 51.68, 1.79995
_716_, 56.347, 51.68, 1.79994
_717_, 56.347, 51.68, 1.79994
_725_, 56.347, 51.68, 1.79994
FILLER_0_15_104, 56.347, 51.68, 1.79994
FILLER_0_15_113, 56.347, 51.68, 1.79994
_443_, 80.527, 51.68, 1.79995
_858_, 80.527, 51.68, 1.79995
_931_, 80.527, 51.68, 1.79995
FILLER_0_15_158, 80.527, 51.68, 1.79995
_903_, 5.52, 46.24, 1.79989
PHY_EDGE_ROW_12_Left_49, 5.52, 46.24, 1.79989
PHY_EDGE_ROW_13_Left_50, 5.52, 46.24, 1.79989
output69, 5.52, 46.24, 1.79989
output110, 5.52, 46.24, 1.79989
PHY_EDGE_ROW_12_Right_12, 107.18, 46.24, 1.79994
PHY_EDGE_ROW_13_Right_13, 107.18, 46.24, 1.79994
output75, 107.18, 46.24, 1.79994
hold29, 107.18, 46.24, 1.79994
_800_, 25.3, 46.24, 1.79992
_893_, 25.3, 46.24, 1.79992
FILLER_0_13_45, 25.3, 46.24, 1.79992
FILLER_0_14_43, 25.3, 46.24, 1.79992
_886_, 30.82, 46.24, 1.79992
FILLER_0_13_53, 30.82, 46.24, 1.79992
FILLER_0_13_57, 30.82, 46.24, 1.79992
FILLER_0_14_62, 30.82, 46.24, 1.79992
_718_, 58.42, 46.24, 1.79991
_888_, 58.42, 46.24, 1.79991
_780_, 63.94, 46.24, 1.79992
_899_, 63.94, 46.24, 1.79992
_442_, 80.96, 46.24, 1.79992
_452_, 80.96, 46.24, 1.79992
_847_, 80.96, 46.24, 1.79992
FILLER_0_13_163, 80.96, 46.24, 1.79992
_844_, 86.48, 46.24, 1.79993
_846_, 86.48, 46.24, 1.79993
_926_, 86.48, 46.24, 1.79993
hold11, 92, 46.24, 1.79994
FILLER_0_13_190, 92, 46.24, 1.79994
_785_, 23.46, 46.24, 1.79992
_429_, 72.22, 46.24, 1.79993
_432_, 72.22, 46.24, 1.79993
_439_, 72.22, 46.24, 1.79993
_860_, 72.22, 46.24, 1.79993
FILLER_0_12_145, 72.22, 46.24, 1.79993
FILLER_0_13_151, 72.22, 46.24, 1.79993
_690_, 51.03, 46.24, 1.79992
_698_, 51.03, 46.24, 1.79992
_699_, 51.03, 46.24, 1.79992
_720_, 51.03, 46.24, 1.79992
_721_, 51.03, 46.24, 1.79992
FILLER_0_14_101, 51.03, 46.24, 1.79992
_905_, 5.52, 40.8, 1.79993
PHY_EDGE_ROW_10_Left_47, 5.52, 40.8, 1.79993
PHY_EDGE_ROW_11_Left_48, 5.52, 40.8, 1.79993
hold4, 5.52, 40.8, 1.79993
FILLER_0_12_3, 5.52, 40.8, 1.79993
PHY_EDGE_ROW_10_Right_10, 107.18, 40.8, 1.79994
PHY_EDGE_ROW_11_Right_11, 107.18, 40.8, 1.79994
input40, 107.18, 40.8, 1.79994
output71, 107.18, 40.8, 1.79994
_696_, 47.38, 40.8, 1.79994
_697_, 47.38, 40.8, 1.79994
_707_, 47.38, 40.8, 1.79994
FILLER_0_10_97, 47.38, 40.8, 1.79994
_719_, 53.82, 40.8, 1.79993
_724_, 53.82, 40.8, 1.79993
FILLER_0_10_106, 53.82, 40.8, 1.79993
_703_, 30.932, 40.8, 1.79993
_798_, 30.932, 40.8, 1.79993
_801_, 30.932, 40.8, 1.79993
hold35, 30.932, 40.8, 1.79993
FILLER_0_12_61, 30.932, 40.8, 1.79993
_713_, 61.437, 40.8, 1.79993
_723_, 61.437, 40.8, 1.79993
_859_, 61.437, 40.8, 1.79993
FILLER_0_10_127, 61.437, 40.8, 1.79993
_431_, 81.762, 40.8, 1.79993
_434_, 81.762, 40.8, 1.79993
_810_, 81.762, 40.8, 1.79993
FILLER_0_11_169, 81.762, 40.8, 1.79993
_796_, 5.52, 35.36, 1.7999
_904_, 5.52, 35.36, 1.7999
PHY_EDGE_ROW_8_Left_45, 5.52, 35.36, 1.7999
PHY_EDGE_ROW_9_Left_46, 5.52, 35.36, 1.7999
FILLER_0_10_3, 5.52, 35.36, 1.7999
PHY_EDGE_ROW_8_Right_8, 107.18, 35.36, 1.79994
PHY_EDGE_ROW_9_Right_9, 107.18, 35.36, 1.79994
input6, 107.18, 35.36, 1.79994
_928_, 98.9, 35.36, 1.79994
_693_, 30.932, 35.36, 1.79989
_885_, 30.932, 35.36, 1.79989
clkbuf_3_1__f_clk, 30.932, 35.36, 1.79989
hold31, 30.932, 35.36, 1.79989
FILLER_0_9_53, 30.932, 35.36, 1.79989
FILLER_0_9_57, 30.932, 35.36, 1.79989
_709_, 56.347, 35.36, 1.79991
_715_, 56.347, 35.36, 1.79991
_722_, 56.347, 35.36, 1.79991
_838_, 56.347, 35.36, 1.79991
FILLER_0_8_109, 56.347, 35.36, 1.79991
FILLER_0_9_106, 56.347, 35.36, 1.79991
FILLER_0_9_120, 56.347, 35.36, 1.79991
_430_, 81.762, 35.36, 1.79991
_761_, 81.762, 35.36, 1.79991
_762_, 81.762, 35.36, 1.79991
_811_, 81.762, 35.36, 1.79991
_911_, 81.762, 35.36, 1.79991
hold6, 81.762, 35.36, 1.79991
FILLER_0_9_161, 81.762, 35.36, 1.79991
FILLER_0_9_169, 81.762, 35.36, 1.79991
FILLER_0_10_154, 81.762, 35.36, 1.79991
_797_, 5.52, 29.92, 1.79986
PHY_EDGE_ROW_6_Left_43, 5.52, 29.92, 1.79986
PHY_EDGE_ROW_7_Left_44, 5.52, 29.92, 1.79986
output103, 5.52, 29.92, 1.79986
output129, 5.52, 29.92, 1.79986
FILLER_0_7_3, 5.52, 29.92, 1.79986
PHY_EDGE_ROW_6_Right_6, 107.18, 29.92, 1.79994
PHY_EDGE_ROW_7_Right_7, 107.18, 29.92, 1.79994
input43, 107.18, 29.92, 1.79994
output95, 107.18, 29.92, 1.79994
_786_, 24.38, 29.92, 1.79987
_906_, 24.38, 29.92, 1.79987
clkbuf_3_0__f_clk, 24.38, 29.92, 1.79987
hold5, 24.38, 29.92, 1.79987
_704_, 51.06, 29.92, 1.79993
_705_, 51.06, 29.92, 1.79993
_714_, 51.06, 29.92, 1.79993
FILLER_0_7_102, 51.06, 29.92, 1.79993
_706_, 47.38, 29.92, 1.79993
FILLER_0_6_209, 100.74, 29.92, 1.79994
FILLER_0_8_209, 100.74, 29.92, 1.79994
_695_, 34.01, 29.92, 1.79989
_711_, 34.01, 29.92, 1.79989
_787_, 34.01, 29.92, 1.79989
_887_, 34.01, 29.92, 1.79989
hold42, 34.01, 29.92, 1.79989
FILLER_0_6_67, 34.01, 29.92, 1.79989
FILLER_0_7_65, 34.01, 29.92, 1.79989
_788_, 60.057, 29.92, 1.79992
_839_, 60.057, 29.92, 1.79992
hold24, 60.057, 29.92, 1.79992
FILLER_0_7_113, 60.057, 29.92, 1.79992
FILLER_0_8_122, 60.057, 29.92, 1.79992
_816_, 81.762, 29.92, 1.79992
_843_, 81.762, 29.92, 1.79992
_912_, 81.762, 29.92, 1.79992
hold33, 81.762, 29.92, 1.79992
hold38, 81.762, 29.92, 1.79992
FILLER_0_6_177, 81.762, 29.92, 1.79992
FILLER_0_7_164, 81.762, 29.92, 1.79992
FILLER_0_8_169, 81.762, 29.92, 1.79992
_806_, 5.52, 24.48, 1.79989
_909_, 5.52, 24.48, 1.79989
PHY_EDGE_ROW_4_Left_41, 5.52, 24.48, 1.79989
PHY_EDGE_ROW_5_Left_42, 5.52, 24.48, 1.79989
output118, 5.52, 24.48, 1.79989
PHY_EDGE_ROW_4_Right_4, 107.18, 24.48, 1.7999
PHY_EDGE_ROW_5_Right_5, 107.18, 24.48, 1.7999
output77, 107.18, 24.48, 1.7999
output116, 107.18, 24.48, 1.7999
_436_, 63.02, 24.48, 1.79985
_763_, 63.02, 24.48, 1.79985
_773_, 63.02, 24.48, 1.79985
_910_, 94.3, 24.48, 1.79992
FILLER_0_4_209, 99.82, 24.48, 1.79991
FILLER_0_5_211, 99.82, 24.48, 1.79991
_920_, 30.932, 24.48, 1.79991
FILLER_0_5_45, 30.932, 24.48, 1.79991
FILLER_0_5_53, 30.932, 24.48, 1.79991
FILLER_0_5_57, 30.932, 24.48, 1.79991
_836_, 53.33, 24.48, 1.79985
_923_, 53.33, 24.48, 1.79985
clkbuf_3_2__f_clk, 53.33, 24.48, 1.79985
hold39, 53.33, 24.48, 1.79985
FILLER_0_4_103, 53.33, 24.48, 1.79985
FILLER_0_5_99, 53.33, 24.48, 1.79985
_817_, 81.677, 24.48, 1.79987
_819_, 81.677, 24.48, 1.79987
_841_, 81.677, 24.48, 1.79987
_913_, 81.677, 24.48, 1.79987
hold19, 81.677, 24.48, 1.79987
FILLER_0_4_168, 81.677, 24.48, 1.79987
FILLER_0_5_165, 81.677, 24.48, 1.79987
PHY_EDGE_ROW_2_Left_39, 5.52, 19.04, 1.79986
PHY_EDGE_ROW_3_Left_40, 5.52, 19.04, 1.79986
input39, 5.52, 19.04, 1.79986
output68, 5.52, 19.04, 1.79986
output76, 5.52, 19.04, 1.79986
output124, 5.52, 19.04, 1.79986
FILLER_0_3_12, 5.52, 19.04, 1.79986
PHY_EDGE_ROW_2_Right_2, 107.18, 19.04, 1.79992
PHY_EDGE_ROW_3_Right_3, 107.18, 19.04, 1.79992
input33, 107.18, 19.04, 1.79992
output74, 107.18, 19.04, 1.79992
output83, 107.18, 19.04, 1.79992
hold7, 86.02, 19.04, 1.79993
_813_, 91.54, 19.04, 1.79994
FILLER_0_2_189, 91.54, 19.04, 1.79994
FILLER_0_4_190, 91.54, 19.04, 1.79994
input18, 97.06, 19.04, 1.79994
FILLER_0_2_205, 97.06, 19.04, 1.79994
FILLER_0_3_205, 97.06, 19.04, 1.79994
_776_, 30.932, 19.04, 1.79989
_896_, 30.932, 19.04, 1.79989
_901_, 30.932, 19.04, 1.79989
hold12, 30.932, 19.04, 1.79989
FILLER_0_2_52, 30.932, 19.04, 1.79989
FILLER_0_3_57, 30.932, 19.04, 1.79989
_774_, 56.347, 19.04, 1.7999
_775_, 56.347, 19.04, 1.7999
_922_, 56.347, 19.04, 1.7999
hold15, 56.347, 19.04, 1.7999
hold18, 56.347, 19.04, 1.7999
FILLER_0_3_99, 56.347, 19.04, 1.7999
_822_, 77.537, 19.04, 1.79992
_824_, 77.537, 19.04, 1.79992
_826_, 77.537, 19.04, 1.79992
hold28, 77.537, 19.04, 1.79992
hold49, 77.537, 19.04, 1.79992
FILLER_0_4_157, 77.537, 19.04, 1.79992
PHY_EDGE_ROW_0_Left_37, 5.52, 13.6, 1.79979
PHY_EDGE_ROW_1_Left_38, 5.52, 13.6, 1.79979
input58, 5.52, 13.6, 1.79979
output73, 5.52, 13.6, 1.79979
output80, 5.52, 13.6, 1.79979
output84, 5.52, 13.6, 1.79979
output96, 5.52, 13.6, 1.79979
output111, 5.52, 13.6, 1.79979
PHY_EDGE_ROW_0_Right_0, 107.18, 13.6, 1.79985
PHY_EDGE_ROW_1_Right_1, 107.18, 13.6, 1.79985
output78, 107.18, 13.6, 1.79985
output90, 107.18, 13.6, 1.79985
_778_, 20.7, 13.6, 1.79985
output82, 20.7, 13.6, 1.79985
input14, 26.22, 13.6, 1.79985
FILLER_0_0_42, 26.22, 13.6, 1.79985
FILLER_0_0_48, 26.22, 13.6, 1.79985
FILLER_0_1_51, 26.22, 13.6, 1.79985
FILLER_0_2_44, 26.22, 13.6, 1.79985
input16, 90.16, 13.6, 1.79986
input47, 90.16, 13.6, 1.79986
output87, 90.16, 13.6, 1.79986
output128, 90.16, 13.6, 1.79986
hold44, 90.16, 13.6, 1.79986
input19, 95.68, 13.6, 1.79987
input23, 95.68, 13.6, 1.79987
output85, 95.68, 13.6, 1.79987
output93, 95.68, 13.6, 1.79987
output99, 95.68, 13.6, 1.79987
FILLER_0_2_197, 95.68, 13.6, 1.79987
_777_, 34.93, 13.6, 1.79984
_919_, 34.93, 13.6, 1.79984
input24, 34.93, 13.6, 1.79984
output66, 34.93, 13.6, 1.79984
output89, 34.93, 13.6, 1.79984
output120, 34.93, 13.6, 1.79984
hold14, 34.93, 13.6, 1.79984
_772_, 56.347, 13.6, 1.79984
_837_, 56.347, 13.6, 1.79984
_895_, 56.347, 13.6, 1.79984
input1, 56.347, 13.6, 1.79984
input57, 56.347, 13.6, 1.79984
output79, 56.347, 13.6, 1.79984
output114, 56.347, 13.6, 1.79984
hold17, 56.347, 13.6, 1.79984
FILLER_0_0_122, 56.347, 13.6, 1.79984
_825_, 79.607, 13.6, 1.79983
_827_, 79.607, 13.6, 1.79983
_916_, 79.607, 13.6, 1.79983
_917_, 79.607, 13.6, 1.79983
output105, 79.607, 13.6, 1.79983
hold22, 79.607, 13.6, 1.79983

