OpenROAD 0a6d0fd469bc674417036342994520ee2e0a2727 
This program is licensed under the BSD-3 license. See the LICENSE file for details.
Components of this program may be licensed under more restrictive licenses which must be honored.
[INFO ODB-0222] Reading LEF file: /openlane/designs/mult_sec_32/runs/RUN_2023.12.07_19.26.18/tmp/merged.nom.lef
[INFO ODB-0223]     Created 13 technology layers
[INFO ODB-0224]     Created 25 technology vias
[INFO ODB-0225]     Created 442 library cells
[INFO ODB-0226] Finished LEF file:  /openlane/designs/mult_sec_32/runs/RUN_2023.12.07_19.26.18/tmp/merged.nom.lef
[INFO ODB-0127] Reading DEF file: /openlane/designs/mult_sec_32/runs/RUN_2023.12.07_19.26.18/results/routing/mult_sec_32.def
[INFO ODB-0128] Design: mult_sec_32
[INFO ODB-0130]     Created 133 pins.
[INFO ODB-0131]     Created 1557 components and 8160 component-terminals.
[INFO ODB-0132]     Created 2 special nets and 5956 connections.
[INFO ODB-0133]     Created 759 nets and 2204 connections.
[INFO ODB-0134] Finished DEF file: /openlane/designs/mult_sec_32/runs/RUN_2023.12.07_19.26.18/results/routing/mult_sec_32.def
Top-level design name: mult_sec_32
Found default power net 'VPWR'
Found default ground net 'VGND'
Found 1 power ports.
Found 1 ground ports.
Modified power connections of 1557/1557 cells.
