Thu Dec 07 18:33:32 UTC 2023 - Executing "{openroad -exit -no_init -python /openlane/scripts/odbpy/lefutil.py get_metal_layers -o /openlane/designs/mult_comb_16/runs/RUN_2023.12.07_18.33.31/tmp/layers.list /home/facundo/.volare/sky130A/libs.ref/sky130_fd_sc_hd/techlef/sky130_fd_sc_hd__nom.tlef}"

Thu Dec 07 18:33:32 UTC 2023 - Executing "{/openlane/scripts/mergeLef.py -o /openlane/designs/mult_comb_16/runs/RUN_2023.12.07_18.33.31/tmp/merged.nom.lef -i /home/facundo/.volare/sky130A/libs.ref/sky130_fd_sc_hd/techlef/sky130_fd_sc_hd__nom.tlef {/home/facundo/.volare/sky130A/libs.ref/sky130_fd_sc_hd/lef/sky130_fd_sc_hd.lef /home/facundo/.volare/sky130A/libs.ref/sky130_fd_sc_hd/lef/sky130_ef_sc_hd.lef} |& tee /dev/null}"

Thu Dec 07 18:33:32 UTC 2023 - Executing "{/openlane/scripts/mergeLef.py -o /openlane/designs/mult_comb_16/runs/RUN_2023.12.07_18.33.31/tmp/merged.min.lef -i /home/facundo/.volare/sky130A/libs.ref/sky130_fd_sc_hd/techlef/sky130_fd_sc_hd__min.tlef {/home/facundo/.volare/sky130A/libs.ref/sky130_fd_sc_hd/lef/sky130_fd_sc_hd.lef /home/facundo/.volare/sky130A/libs.ref/sky130_fd_sc_hd/lef/sky130_ef_sc_hd.lef} |& tee /dev/null}"

Thu Dec 07 18:33:32 UTC 2023 - Executing "{/openlane/scripts/mergeLef.py -o /openlane/designs/mult_comb_16/runs/RUN_2023.12.07_18.33.31/tmp/merged.max.lef -i /home/facundo/.volare/sky130A/libs.ref/sky130_fd_sc_hd/techlef/sky130_fd_sc_hd__max.tlef {/home/facundo/.volare/sky130A/libs.ref/sky130_fd_sc_hd/lef/sky130_fd_sc_hd.lef /home/facundo/.volare/sky130A/libs.ref/sky130_fd_sc_hd/lef/sky130_ef_sc_hd.lef} |& tee /dev/null}"

Thu Dec 07 18:33:32 UTC 2023 - Executing "{python3 /openlane/scripts/mergeLib.py --output /openlane/designs/mult_comb_16/runs/RUN_2023.12.07_18.33.31/tmp/synthesis/merged.lib --name sky130A_merged /home/facundo/.volare/sky130A/libs.ref/sky130_fd_sc_hd/lib/sky130_fd_sc_hd__tt_025C_1v80.lib}"

Thu Dec 07 18:33:33 UTC 2023 - Executing "{python3 /openlane/scripts/libtrim.py --cell-file /openlane/designs/mult_comb_16/runs/RUN_2023.12.07_18.33.31/tmp/synthesis/trimmed.lib.exclude.list --output /openlane/designs/mult_comb_16/runs/RUN_2023.12.07_18.33.31/tmp/synthesis/trimmed.lib /openlane/designs/mult_comb_16/runs/RUN_2023.12.07_18.33.31/tmp/synthesis/merged.lib}"

Thu Dec 07 18:33:33 UTC 2023 - Executing "{python3 /openlane/scripts/libtrim.py --cell-file /openlane/designs/mult_comb_16/runs/RUN_2023.12.07_18.33.31/tmp/cts/cts.lib.exclude.list --output /openlane/designs/mult_comb_16/runs/RUN_2023.12.07_18.33.31/tmp/cts/cts.lib /home/facundo/.volare/sky130A/libs.ref/sky130_fd_sc_hd/lib/sky130_fd_sc_hd__tt_025C_1v80.lib}"

Thu Dec 07 18:33:34 UTC 2023 - Executing "{python3 /openlane/scripts/libtrim.py --cell-file /openlane/designs/mult_comb_16/runs/RUN_2023.12.07_18.33.31/tmp/cts/cts-fastest.lib.exclude.list --output /openlane/designs/mult_comb_16/runs/RUN_2023.12.07_18.33.31/tmp/cts/cts-fastest.lib /home/facundo/.volare/sky130A/libs.ref/sky130_fd_sc_hd/lib/sky130_fd_sc_hd__ff_n40C_1v95.lib}"

Thu Dec 07 18:33:35 UTC 2023 - Executing "{python3 /openlane/scripts/libtrim.py --cell-file /openlane/designs/mult_comb_16/runs/RUN_2023.12.07_18.33.31/tmp/cts/cts-slowest.lib.exclude.list --output /openlane/designs/mult_comb_16/runs/RUN_2023.12.07_18.33.31/tmp/cts/cts-slowest.lib /home/facundo/.volare/sky130A/libs.ref/sky130_fd_sc_hd/lib/sky130_fd_sc_hd__ss_100C_1v60.lib}"

Thu Dec 07 18:33:35 UTC 2023 - Executing "{python3 /openlane/scripts/new_tracks.py -i /home/facundo/.volare/sky130A/libs.tech/openlane/sky130_fd_sc_hd/tracks.info -o /openlane/designs/mult_comb_16/runs/RUN_2023.12.07_18.33.31/tmp/routing/config.tracks}"

Thu Dec 07 18:33:35 UTC 2023 - Executing "{echo {OpenLane 7e5a2e9fb274c0a100b4859a927adce7089455ff} > /openlane/designs/mult_comb_16/runs/RUN_2023.12.07_18.33.31/OPENLANE_VERSION}"

Thu Dec 07 18:33:35 UTC 2023 - Executing "{yosys -c /openlane/scripts/yosys/blackbox.tcl}"

Thu Dec 07 18:33:36 UTC 2023 - Executing "{verilator -Wall --lint-only --Wno-DECLFILENAME --top-module mult_comb_16 /openlane/designs/mult_comb_16/runs/RUN_2023.12.07_18.33.31/tmp/synthesis/blackbox/sky130_fd_sc_hd__blackbox.v /openlane/designs/mult_comb_16/src/mult_comb_16.v -Wno-fatal --relative-includes |& tee /openlane/designs/mult_comb_16/runs/RUN_2023.12.07_18.33.31/logs/synthesis/linter.log /dev/null}"

Thu Dec 07 18:33:36 UTC 2023 - Executing "{sed -E {s/^([[:space:]]+)pg_pin(.*)/\1pin\2\n\1    direction : "inout";/g} /home/facundo/.volare/sky130A/libs.ref/sky130_fd_sc_hd/lib/sky130_fd_sc_hd__tt_025C_1v80.lib > /openlane/designs/mult_comb_16/runs/RUN_2023.12.07_18.33.31/tmp/synthesis/1-sky130_fd_sc_hd__tt_025C_1v80.no_pg.lib}"

Thu Dec 07 18:33:36 UTC 2023 - Executing "{sed -E {s/^([[:space:]]+)pg_pin(.*)/\1pin\2\n\1    direction : "inout";/g} /openlane/designs/mult_comb_16/runs/RUN_2023.12.07_18.33.31/tmp/synthesis/trimmed.lib > /openlane/designs/mult_comb_16/runs/RUN_2023.12.07_18.33.31/tmp/synthesis/1-trimmed.no_pg.lib}"

Thu Dec 07 18:33:37 UTC 2023 - Executing "yosys -c /openlane/scripts/yosys/synth.tcl |& tee /dev/null /openlane/designs/mult_comb_16/runs/RUN_2023.12.07_18.33.31/logs/synthesis/1-synthesis.log"

Thu Dec 07 18:33:37 UTC 2023 - Executing "{yosys -c /openlane/scripts/yosys/synth.tcl |& tee /dev/null /openlane/designs/mult_comb_16/runs/RUN_2023.12.07_18.33.31/logs/synthesis/1-synthesis.log}"

Thu Dec 07 18:33:44 UTC 2023 - Executing "{sed -i.bak -e {s/\(set ::env(CURRENT_NETLIST)\).*/\1 \/openlane\/designs\/mult_comb_16\/runs\/RUN_2023.12.07_18.33.31\/results\/synthesis\/mult_comb_16.v/} /openlane/designs/mult_comb_16/runs/RUN_2023.12.07_18.33.31/config.tcl}"

Thu Dec 07 18:33:44 UTC 2023 - Executing "{sed -i.bak /defparam/d /openlane/designs/mult_comb_16/runs/RUN_2023.12.07_18.33.31/results/synthesis/mult_comb_16.v}"

Thu Dec 07 18:33:44 UTC 2023 - Executing "sta -exit -no_init /openlane/scripts/openroad/sta/multi_corner.tcl |& tee /dev/null /openlane/designs/mult_comb_16/runs/RUN_2023.12.07_18.33.31/logs/synthesis/2-sta.log"

Thu Dec 07 18:33:44 UTC 2023 - Executing "{sta -exit -no_init /openlane/scripts/openroad/sta/multi_corner.tcl |& tee /dev/null /openlane/designs/mult_comb_16/runs/RUN_2023.12.07_18.33.31/logs/synthesis/2-sta.log}"

Thu Dec 07 18:33:45 UTC 2023 - Executing "openroad -exit /openlane/scripts/openroad/floorplan.tcl |& tee /dev/null /openlane/designs/mult_comb_16/runs/RUN_2023.12.07_18.33.31/logs/floorplan/3-initial_fp.log"

Thu Dec 07 18:33:45 UTC 2023 - Executing "{openroad -exit /openlane/scripts/openroad/floorplan.tcl |& tee /dev/null /openlane/designs/mult_comb_16/runs/RUN_2023.12.07_18.33.31/logs/floorplan/3-initial_fp.log}"

Thu Dec 07 18:33:46 UTC 2023 - Executing "{openroad -exit -no_init -python /openlane/scripts/odbpy/snap_to_grid.py --output /openlane/designs/mult_comb_16/runs/RUN_2023.12.07_18.33.31/tmp/floorplan/3-minimized_pdn.txt --input-lef /openlane/designs/mult_comb_16/runs/RUN_2023.12.07_18.33.31/tmp/merged.nom.lef 20.47 20.400000000000002 40.94 40.800000000000004}"

Thu Dec 07 18:33:47 UTC 2023 - Executing "{openroad -exit -no_init -python /openlane/scripts/odbpy/defutil.py extract_core_dims --output-data /openlane/designs/mult_comb_16/runs/RUN_2023.12.07_18.33.31/tmp/dimensions.txt --input-lef /openlane/designs/mult_comb_16/runs/RUN_2023.12.07_18.33.31/tmp/merged.nom.lef /openlane/designs/mult_comb_16/runs/RUN_2023.12.07_18.33.31/tmp/floorplan/3-initial_fp.def}"

Thu Dec 07 18:33:47 UTC 2023 - Executing "openroad -exit /openlane/scripts/openroad/ioplacer.tcl |& tee /dev/null /openlane/designs/mult_comb_16/runs/RUN_2023.12.07_18.33.31/logs/floorplan/4-io.log"

Thu Dec 07 18:33:47 UTC 2023 - Executing "{openroad -exit /openlane/scripts/openroad/ioplacer.tcl |& tee /dev/null /openlane/designs/mult_comb_16/runs/RUN_2023.12.07_18.33.31/logs/floorplan/4-io.log}"

Thu Dec 07 18:33:48 UTC 2023 - Executing "openroad -exit /openlane/scripts/openroad/tapcell.tcl |& tee /dev/null /openlane/designs/mult_comb_16/runs/RUN_2023.12.07_18.33.31/logs/floorplan/5-tap.log"

Thu Dec 07 18:33:48 UTC 2023 - Executing "{openroad -exit /openlane/scripts/openroad/tapcell.tcl |& tee /dev/null /openlane/designs/mult_comb_16/runs/RUN_2023.12.07_18.33.31/logs/floorplan/5-tap.log}"

Thu Dec 07 18:33:49 UTC 2023 - Executing "openroad -exit /openlane/scripts/openroad/pdn.tcl |& tee /dev/null /openlane/designs/mult_comb_16/runs/RUN_2023.12.07_18.33.31/logs/floorplan/6-pdn.log"

Thu Dec 07 18:33:49 UTC 2023 - Executing "{openroad -exit /openlane/scripts/openroad/pdn.tcl |& tee /dev/null /openlane/designs/mult_comb_16/runs/RUN_2023.12.07_18.33.31/logs/floorplan/6-pdn.log}"

Thu Dec 07 18:33:50 UTC 2023 - Executing "openroad -exit /openlane/scripts/openroad/gpl.tcl |& tee /dev/null /openlane/designs/mult_comb_16/runs/RUN_2023.12.07_18.33.31/logs/placement/7-global.log"

Thu Dec 07 18:33:50 UTC 2023 - Executing "{openroad -exit /openlane/scripts/openroad/gpl.tcl |& tee /dev/null /openlane/designs/mult_comb_16/runs/RUN_2023.12.07_18.33.31/logs/placement/7-global.log}"

Thu Dec 07 18:33:56 UTC 2023 - Executing "{sed -i.bak -e {s/\(set ::env(CURRENT_NETLIST)\).*/\1 \/openlane\/designs\/mult_comb_16\/runs\/RUN_2023.12.07_18.33.31\/tmp\/placement\/7-global.nl.v/} /openlane/designs/mult_comb_16/runs/RUN_2023.12.07_18.33.31/config.tcl}"

Thu Dec 07 18:33:56 UTC 2023 - Executing "openroad -exit /openlane/scripts/openroad/sta/multi_corner.tcl |& tee /dev/null /openlane/designs/mult_comb_16/runs/RUN_2023.12.07_18.33.31/logs/placement/8-gpl_sta.log"

Thu Dec 07 18:33:56 UTC 2023 - Executing "{openroad -exit /openlane/scripts/openroad/sta/multi_corner.tcl |& tee /dev/null /openlane/designs/mult_comb_16/runs/RUN_2023.12.07_18.33.31/logs/placement/8-gpl_sta.log}"

Thu Dec 07 18:33:57 UTC 2023 - Executing "openroad -exit /openlane/scripts/openroad/resizer.tcl |& tee /dev/null /openlane/designs/mult_comb_16/runs/RUN_2023.12.07_18.33.31/logs/placement/9-resizer.log"

Thu Dec 07 18:33:57 UTC 2023 - Executing "{openroad -exit /openlane/scripts/openroad/resizer.tcl |& tee /dev/null /openlane/designs/mult_comb_16/runs/RUN_2023.12.07_18.33.31/logs/placement/9-resizer.log}"

Thu Dec 07 18:34:01 UTC 2023 - Executing "{sed -i.bak -e {s/\(set ::env(CURRENT_NETLIST)\).*/\1 \/openlane\/designs\/mult_comb_16\/runs\/RUN_2023.12.07_18.33.31\/tmp\/placement\/9-resizer.nl.v/} /openlane/designs/mult_comb_16/runs/RUN_2023.12.07_18.33.31/config.tcl}"

Thu Dec 07 18:34:02 UTC 2023 - Executing "openroad -exit /openlane/scripts/openroad/dpl.tcl |& tee /dev/null /openlane/designs/mult_comb_16/runs/RUN_2023.12.07_18.33.31/logs/placement/10-detailed.log"

Thu Dec 07 18:34:02 UTC 2023 - Executing "{openroad -exit /openlane/scripts/openroad/dpl.tcl |& tee /dev/null /openlane/designs/mult_comb_16/runs/RUN_2023.12.07_18.33.31/logs/placement/10-detailed.log}"

Thu Dec 07 18:34:02 UTC 2023 - Executing "{sed -i.bak -e {s/\(set ::env(CURRENT_NETLIST)\).*/\1 \/openlane\/designs\/mult_comb_16\/runs\/RUN_2023.12.07_18.33.31\/results\/placement\/mult_comb_16.nl.v/} /openlane/designs/mult_comb_16/runs/RUN_2023.12.07_18.33.31/config.tcl}"

Thu Dec 07 18:34:03 UTC 2023 - Executing "openroad -exit /openlane/scripts/openroad/sta/multi_corner.tcl |& tee /dev/null /openlane/designs/mult_comb_16/runs/RUN_2023.12.07_18.33.31/logs/placement/11-dpl_sta.log"

Thu Dec 07 18:34:03 UTC 2023 - Executing "{openroad -exit /openlane/scripts/openroad/sta/multi_corner.tcl |& tee /dev/null /openlane/designs/mult_comb_16/runs/RUN_2023.12.07_18.33.31/logs/placement/11-dpl_sta.log}"

Thu Dec 07 18:34:04 UTC 2023 - Executing "openroad -exit /openlane/scripts/openroad/cts.tcl |& tee /dev/null /openlane/designs/mult_comb_16/runs/RUN_2023.12.07_18.33.31/logs/cts/12-cts.log"

Thu Dec 07 18:34:04 UTC 2023 - Executing "{openroad -exit /openlane/scripts/openroad/cts.tcl |& tee /dev/null /openlane/designs/mult_comb_16/runs/RUN_2023.12.07_18.33.31/logs/cts/12-cts.log}"

Thu Dec 07 18:35:01 UTC 2023 - Executing "openroad -exit /openlane/scripts/openroad/sta/multi_corner.tcl |& tee /dev/null /openlane/designs/mult_comb_16/runs/RUN_2023.12.07_18.33.31/logs/cts/13-cts_sta.log"

Thu Dec 07 18:35:01 UTC 2023 - Executing "{openroad -exit /openlane/scripts/openroad/sta/multi_corner.tcl |& tee /dev/null /openlane/designs/mult_comb_16/runs/RUN_2023.12.07_18.33.31/logs/cts/13-cts_sta.log}"

Thu Dec 07 18:35:03 UTC 2023 - Executing "openroad -exit /openlane/scripts/openroad/resizer_timing.tcl |& tee /dev/null /openlane/designs/mult_comb_16/runs/RUN_2023.12.07_18.33.31/logs/cts/14-resizer.log"

Thu Dec 07 18:35:03 UTC 2023 - Executing "{openroad -exit /openlane/scripts/openroad/resizer_timing.tcl |& tee /dev/null /openlane/designs/mult_comb_16/runs/RUN_2023.12.07_18.33.31/logs/cts/14-resizer.log}"

Thu Dec 07 18:35:11 UTC 2023 - Executing "{sed -i.bak -e {s/\(set ::env(CURRENT_NETLIST)\).*/\1 \/openlane\/designs\/mult_comb_16\/runs\/RUN_2023.12.07_18.33.31\/tmp\/cts\/14-mult_comb_16.resized.nl.v/} /openlane/designs/mult_comb_16/runs/RUN_2023.12.07_18.33.31/config.tcl}"

Thu Dec 07 18:35:11 UTC 2023 - Executing "openroad -exit /openlane/scripts/openroad/resizer_routing_design.tcl |& tee /dev/null /openlane/designs/mult_comb_16/runs/RUN_2023.12.07_18.33.31/logs/routing/15-resizer_design.log"

Thu Dec 07 18:35:11 UTC 2023 - Executing "{openroad -exit /openlane/scripts/openroad/resizer_routing_design.tcl |& tee /dev/null /openlane/designs/mult_comb_16/runs/RUN_2023.12.07_18.33.31/logs/routing/15-resizer_design.log}"

Thu Dec 07 18:35:17 UTC 2023 - Executing "{sed -i.bak -e {s/\(set ::env(CURRENT_NETLIST)\).*/\1 \/openlane\/designs\/mult_comb_16\/runs\/RUN_2023.12.07_18.33.31\/tmp\/15-mult_comb_16.nl.v/} /openlane/designs/mult_comb_16/runs/RUN_2023.12.07_18.33.31/config.tcl}"

Thu Dec 07 18:35:17 UTC 2023 - Executing "openroad -exit /openlane/scripts/openroad/sta/multi_corner.tcl |& tee /dev/null /openlane/designs/mult_comb_16/runs/RUN_2023.12.07_18.33.31/logs/routing/16-rsz_design_sta.log"

Thu Dec 07 18:35:17 UTC 2023 - Executing "{openroad -exit /openlane/scripts/openroad/sta/multi_corner.tcl |& tee /dev/null /openlane/designs/mult_comb_16/runs/RUN_2023.12.07_18.33.31/logs/routing/16-rsz_design_sta.log}"

Thu Dec 07 18:35:19 UTC 2023 - Executing "openroad -exit /openlane/scripts/openroad/resizer_routing_timing.tcl |& tee /dev/null /openlane/designs/mult_comb_16/runs/RUN_2023.12.07_18.33.31/logs/routing/17-resizer_timing.log"

Thu Dec 07 18:35:19 UTC 2023 - Executing "{openroad -exit /openlane/scripts/openroad/resizer_routing_timing.tcl |& tee /dev/null /openlane/designs/mult_comb_16/runs/RUN_2023.12.07_18.33.31/logs/routing/17-resizer_timing.log}"

Thu Dec 07 18:35:26 UTC 2023 - Executing "{sed -i.bak -e {s/\(set ::env(CURRENT_NETLIST)\).*/\1 \/openlane\/designs\/mult_comb_16\/runs\/RUN_2023.12.07_18.33.31\/tmp\/17-mult_comb_16.nl.v/} /openlane/designs/mult_comb_16/runs/RUN_2023.12.07_18.33.31/config.tcl}"

Thu Dec 07 18:35:26 UTC 2023 - Executing "openroad -exit /openlane/scripts/openroad/sta/multi_corner.tcl |& tee /dev/null /openlane/designs/mult_comb_16/runs/RUN_2023.12.07_18.33.31/logs/routing/18-rsz_timing_sta.log"

Thu Dec 07 18:35:26 UTC 2023 - Executing "{openroad -exit /openlane/scripts/openroad/sta/multi_corner.tcl |& tee /dev/null /openlane/designs/mult_comb_16/runs/RUN_2023.12.07_18.33.31/logs/routing/18-rsz_timing_sta.log}"

Thu Dec 07 18:35:29 UTC 2023 - Executing "openroad -exit /openlane/scripts/openroad/repair_antennas.tcl |& tee /dev/null /openlane/designs/mult_comb_16/runs/RUN_2023.12.07_18.33.31/logs/routing/19-global.log"

Thu Dec 07 18:35:29 UTC 2023 - Executing "{openroad -exit /openlane/scripts/openroad/repair_antennas.tcl |& tee /dev/null /openlane/designs/mult_comb_16/runs/RUN_2023.12.07_18.33.31/logs/routing/19-global.log}"

Thu Dec 07 18:35:31 UTC 2023 - Executing "openroad -exit /openlane/scripts/openroad/write_views.tcl |& tee /dev/null /openlane/designs/mult_comb_16/runs/RUN_2023.12.07_18.33.31/logs/routing/19-global_write_netlist.log"

Thu Dec 07 18:35:31 UTC 2023 - Executing "{openroad -exit /openlane/scripts/openroad/write_views.tcl |& tee /dev/null /openlane/designs/mult_comb_16/runs/RUN_2023.12.07_18.33.31/logs/routing/19-global_write_netlist.log}"

Thu Dec 07 18:35:31 UTC 2023 - Executing "{sed -i.bak -e {s/\(set ::env(CURRENT_NETLIST)\).*/\1 \/openlane\/designs\/mult_comb_16\/runs\/RUN_2023.12.07_18.33.31\/tmp\/routing\/global.nl.v/} /openlane/designs/mult_comb_16/runs/RUN_2023.12.07_18.33.31/config.tcl}"

Thu Dec 07 18:35:32 UTC 2023 - Executing "openroad -exit /openlane/scripts/openroad/sta/multi_corner.tcl |& tee /dev/null /openlane/designs/mult_comb_16/runs/RUN_2023.12.07_18.33.31/logs/routing/21-grt_sta.log"

Thu Dec 07 18:35:32 UTC 2023 - Executing "{openroad -exit /openlane/scripts/openroad/sta/multi_corner.tcl |& tee /dev/null /openlane/designs/mult_comb_16/runs/RUN_2023.12.07_18.33.31/logs/routing/21-grt_sta.log}"

Thu Dec 07 18:35:33 UTC 2023 - Executing "openroad -exit /openlane/scripts/openroad/fill.tcl |& tee /dev/null /openlane/designs/mult_comb_16/runs/RUN_2023.12.07_18.33.31/logs/routing/22-fill.log"

Thu Dec 07 18:35:33 UTC 2023 - Executing "{openroad -exit /openlane/scripts/openroad/fill.tcl |& tee /dev/null /openlane/designs/mult_comb_16/runs/RUN_2023.12.07_18.33.31/logs/routing/22-fill.log}"

Thu Dec 07 18:35:33 UTC 2023 - Executing "{sed -i.bak -e {s/\(set ::env(CURRENT_NETLIST)\).*/\1 \/openlane\/designs\/mult_comb_16\/runs\/RUN_2023.12.07_18.33.31\/tmp\/routing\/22-fill.nl.v/} /openlane/designs/mult_comb_16/runs/RUN_2023.12.07_18.33.31/config.tcl}"

Thu Dec 07 18:35:34 UTC 2023 - Executing "openroad -exit /openlane/scripts/openroad/droute.tcl |& tee /dev/null /openlane/designs/mult_comb_16/runs/RUN_2023.12.07_18.33.31/logs/routing/23-detailed.log"

Thu Dec 07 18:35:34 UTC 2023 - Executing "{openroad -exit /openlane/scripts/openroad/droute.tcl |& tee /dev/null /openlane/designs/mult_comb_16/runs/RUN_2023.12.07_18.33.31/logs/routing/23-detailed.log}"

Thu Dec 07 18:38:49 UTC 2023 - Executing "{sed -i.bak -e {s/\(set ::env(CURRENT_NETLIST)\).*/\1 \/openlane\/designs\/mult_comb_16\/runs\/RUN_2023.12.07_18.33.31\/results\/routing\/mult_comb_16.nl.v/} /openlane/designs/mult_comb_16/runs/RUN_2023.12.07_18.33.31/config.tcl}"

Thu Dec 07 18:38:49 UTC 2023 - Executing "{python3 /openlane/scripts/drc_rosetta.py tr to_klayout -o /openlane/designs/mult_comb_16/runs/RUN_2023.12.07_18.33.31/reports/routing/drt.klayout.xml --design-name mult_comb_16 /openlane/designs/mult_comb_16/runs/RUN_2023.12.07_18.33.31/reports/routing/drt.drc}"

Thu Dec 07 18:38:49 UTC 2023 - Executing "{openroad -exit -no_init -python /openlane/scripts/odbpy/wire_lengths.py --report-out /openlane/designs/mult_comb_16/runs/RUN_2023.12.07_18.33.31/reports/routing/24-wire_lengths.csv --input-lef /openlane/designs/mult_comb_16/runs/RUN_2023.12.07_18.33.31/tmp/merged.nom.lef --output-def /dev/null --output /openlane/designs/mult_comb_16/runs/RUN_2023.12.07_18.33.31/results/routing/mult_comb_16.odb /openlane/designs/mult_comb_16/runs/RUN_2023.12.07_18.33.31/results/routing/mult_comb_16.odb |& tee /dev/null /openlane/designs/mult_comb_16/runs/RUN_2023.12.07_18.33.31/logs/routing/24-wire_lengths.log}"

Thu Dec 07 18:38:50 UTC 2023 - Executing "openroad -exit /openlane/scripts/openroad/rcx.tcl |& tee /dev/null /openlane/designs/mult_comb_16/runs/RUN_2023.12.07_18.33.31/logs/signoff/25-parasitics_extraction.min.log"

Thu Dec 07 18:38:50 UTC 2023 - Executing "{openroad -exit /openlane/scripts/openroad/rcx.tcl |& tee /dev/null /openlane/designs/mult_comb_16/runs/RUN_2023.12.07_18.33.31/logs/signoff/25-parasitics_extraction.min.log}"

Thu Dec 07 18:38:51 UTC 2023 - Executing "sta -exit -no_init /openlane/scripts/openroad/sta/multi_corner.tcl |& tee /dev/null /openlane/designs/mult_comb_16/runs/RUN_2023.12.07_18.33.31/logs/signoff/26-rcx_mcsta.min.log"

Thu Dec 07 18:38:51 UTC 2023 - Executing "{sta -exit -no_init /openlane/scripts/openroad/sta/multi_corner.tcl |& tee /dev/null /openlane/designs/mult_comb_16/runs/RUN_2023.12.07_18.33.31/logs/signoff/26-rcx_mcsta.min.log}"

Thu Dec 07 18:39:02 UTC 2023 - Executing "openroad -exit /openlane/scripts/openroad/rcx.tcl |& tee /dev/null /openlane/designs/mult_comb_16/runs/RUN_2023.12.07_18.33.31/logs/signoff/27-parasitics_extraction.max.log"

Thu Dec 07 18:39:02 UTC 2023 - Executing "{openroad -exit /openlane/scripts/openroad/rcx.tcl |& tee /dev/null /openlane/designs/mult_comb_16/runs/RUN_2023.12.07_18.33.31/logs/signoff/27-parasitics_extraction.max.log}"

Thu Dec 07 18:39:04 UTC 2023 - Executing "sta -exit -no_init /openlane/scripts/openroad/sta/multi_corner.tcl |& tee /dev/null /openlane/designs/mult_comb_16/runs/RUN_2023.12.07_18.33.31/logs/signoff/28-rcx_mcsta.max.log"

Thu Dec 07 18:39:04 UTC 2023 - Executing "{sta -exit -no_init /openlane/scripts/openroad/sta/multi_corner.tcl |& tee /dev/null /openlane/designs/mult_comb_16/runs/RUN_2023.12.07_18.33.31/logs/signoff/28-rcx_mcsta.max.log}"

Thu Dec 07 18:39:15 UTC 2023 - Executing "openroad -exit /openlane/scripts/openroad/rcx.tcl |& tee /dev/null /openlane/designs/mult_comb_16/runs/RUN_2023.12.07_18.33.31/logs/signoff/29-parasitics_extraction.nom.log"

Thu Dec 07 18:39:15 UTC 2023 - Executing "{openroad -exit /openlane/scripts/openroad/rcx.tcl |& tee /dev/null /openlane/designs/mult_comb_16/runs/RUN_2023.12.07_18.33.31/logs/signoff/29-parasitics_extraction.nom.log}"

Thu Dec 07 18:39:17 UTC 2023 - Executing "sta -exit -no_init /openlane/scripts/openroad/sta/multi_corner.tcl |& tee /dev/null /openlane/designs/mult_comb_16/runs/RUN_2023.12.07_18.33.31/logs/signoff/30-rcx_mcsta.nom.log"

Thu Dec 07 18:39:17 UTC 2023 - Executing "{sta -exit -no_init /openlane/scripts/openroad/sta/multi_corner.tcl |& tee /dev/null /openlane/designs/mult_comb_16/runs/RUN_2023.12.07_18.33.31/logs/signoff/30-rcx_mcsta.nom.log}"

Thu Dec 07 18:39:28 UTC 2023 - Executing "openroad -exit /openlane/scripts/openroad/irdrop.tcl |& tee /dev/null /openlane/designs/mult_comb_16/runs/RUN_2023.12.07_18.33.31/logs/signoff/31-irdrop.log"

Thu Dec 07 18:39:28 UTC 2023 - Executing "{openroad -exit /openlane/scripts/openroad/irdrop.tcl |& tee /dev/null /openlane/designs/mult_comb_16/runs/RUN_2023.12.07_18.33.31/logs/signoff/31-irdrop.log}"

Thu Dec 07 18:39:31 UTC 2023 - Executing "magic -noconsole -dnull -rcfile /home/facundo/.volare/sky130A/libs.tech/magic/sky130A.magicrc < /openlane/scripts/magic/wrapper.tcl |& tee /dev/null /openlane/designs/mult_comb_16/runs/RUN_2023.12.07_18.33.31/logs/signoff/32-gdsii.log"

Thu Dec 07 18:39:31 UTC 2023 - Executing "{magic -noconsole -dnull -rcfile /home/facundo/.volare/sky130A/libs.tech/magic/sky130A.magicrc < /openlane/scripts/magic/wrapper.tcl |& tee /dev/null /openlane/designs/mult_comb_16/runs/RUN_2023.12.07_18.33.31/logs/signoff/32-gdsii.log}"

Thu Dec 07 18:39:33 UTC 2023 - Executing "magic -noconsole -dnull -rcfile /home/facundo/.volare/sky130A/libs.tech/magic/sky130A.magicrc < /openlane/scripts/magic/wrapper.tcl |& tee /dev/null /openlane/designs/mult_comb_16/runs/RUN_2023.12.07_18.33.31/logs/signoff/32-gds_ptrs.log"

Thu Dec 07 18:39:33 UTC 2023 - Executing "{magic -noconsole -dnull -rcfile /home/facundo/.volare/sky130A/libs.tech/magic/sky130A.magicrc < /openlane/scripts/magic/wrapper.tcl |& tee /dev/null /openlane/designs/mult_comb_16/runs/RUN_2023.12.07_18.33.31/logs/signoff/32-gds_ptrs.log}"

Thu Dec 07 18:39:34 UTC 2023 - Executing "{sed -i.bak -n {/^<< properties >>/,/^<< end >>/p} /openlane/designs/mult_comb_16/runs/RUN_2023.12.07_18.33.31/tmp/signoff/gds_ptrs.mag}"

Thu Dec 07 18:39:34 UTC 2023 - Executing "magic -noconsole -dnull -rcfile /home/facundo/.volare/sky130A/libs.tech/magic/sky130A.magicrc < /openlane/scripts/magic/wrapper.tcl |& tee /dev/null /openlane/designs/mult_comb_16/runs/RUN_2023.12.07_18.33.31/logs/signoff/32-lef.log"

Thu Dec 07 18:39:34 UTC 2023 - Executing "{magic -noconsole -dnull -rcfile /home/facundo/.volare/sky130A/libs.tech/magic/sky130A.magicrc < /openlane/scripts/magic/wrapper.tcl |& tee /dev/null /openlane/designs/mult_comb_16/runs/RUN_2023.12.07_18.33.31/logs/signoff/32-lef.log}"

Thu Dec 07 18:39:36 UTC 2023 - Executing "magic -noconsole -dnull -rcfile /home/facundo/.volare/sky130A/libs.tech/magic/sky130A.magicrc < /openlane/scripts/magic/wrapper.tcl |& tee /dev/null /openlane/designs/mult_comb_16/runs/RUN_2023.12.07_18.33.31/logs/signoff/32-maglef.log"

Thu Dec 07 18:39:36 UTC 2023 - Executing "{magic -noconsole -dnull -rcfile /home/facundo/.volare/sky130A/libs.tech/magic/sky130A.magicrc < /openlane/scripts/magic/wrapper.tcl |& tee /dev/null /openlane/designs/mult_comb_16/runs/RUN_2023.12.07_18.33.31/logs/signoff/32-maglef.log}"

Thu Dec 07 18:39:37 UTC 2023 - Executing "{python3 /openlane/scripts/klayout/stream_out.py --output /openlane/designs/mult_comb_16/runs/RUN_2023.12.07_18.33.31/results/signoff/mult_comb_16.klayout.gds --lyt /home/facundo/.volare/sky130A/libs.tech/klayout/tech/sky130A.lyt --lym /home/facundo/.volare/sky130A/libs.tech/klayout/tech/sky130A.map --lyp /home/facundo/.volare/sky130A/libs.tech/klayout/tech/sky130A.lyp --top mult_comb_16 --with-gds-file /home/facundo/.volare/sky130A/libs.ref/sky130_fd_sc_hd/gds/sky130_fd_sc_hd.gds --input-lef /openlane/designs/mult_comb_16/runs/RUN_2023.12.07_18.33.31/tmp/merged.nom.lef /openlane/designs/mult_comb_16/runs/RUN_2023.12.07_18.33.31/results/routing/mult_comb_16.def |& tee /dev/null /openlane/designs/mult_comb_16/runs/RUN_2023.12.07_18.33.31/logs/signoff/33-gdsii-klayout.log}"

Thu Dec 07 18:39:38 UTC 2023 - Executing "{klayout -b -r /openlane/scripts/klayout/xor.drc -rd a=/openlane/designs/mult_comb_16/runs/RUN_2023.12.07_18.33.31/results/signoff/mult_comb_16.gds -rd b=/openlane/designs/mult_comb_16/runs/RUN_2023.12.07_18.33.31/results/signoff/mult_comb_16.klayout.gds -rd jobs=1 -rd rdb_out=/openlane/designs/mult_comb_16/runs/RUN_2023.12.07_18.33.31/reports/signoff/34-xor.xml -rd ignore=81/14 -rd rpt_out=/openlane/designs/mult_comb_16/runs/RUN_2023.12.07_18.33.31/reports/signoff/34-xor.rpt |& tee /dev/null /openlane/designs/mult_comb_16/runs/RUN_2023.12.07_18.33.31/logs/signoff/34-xor.log}"

Thu Dec 07 18:39:42 UTC 2023 - Executing "magic -noconsole -dnull -rcfile /home/facundo/.volare/sky130A/libs.tech/magic/sky130A.magicrc < /openlane/scripts/magic/wrapper.tcl |& tee /dev/null /openlane/designs/mult_comb_16/runs/RUN_2023.12.07_18.33.31/logs/signoff/35-spice.log"

Thu Dec 07 18:39:42 UTC 2023 - Executing "{magic -noconsole -dnull -rcfile /home/facundo/.volare/sky130A/libs.tech/magic/sky130A.magicrc < /openlane/scripts/magic/wrapper.tcl |& tee /dev/null /openlane/designs/mult_comb_16/runs/RUN_2023.12.07_18.33.31/logs/signoff/35-spice.log}"

Thu Dec 07 18:39:46 UTC 2023 - Executing "{openroad -exit -no_init -python /openlane/scripts/odbpy/power_utils.py write_powered_def --output /openlane/designs/mult_comb_16/runs/RUN_2023.12.07_18.33.31/tmp/signoff/35-mult_comb_16.p.def --input-lef /openlane/designs/mult_comb_16/runs/RUN_2023.12.07_18.33.31/tmp/merged.nom.lef --power-port VPWR --ground-port VGND --powered-netlist {} /openlane/designs/mult_comb_16/runs/RUN_2023.12.07_18.33.31/results/routing/mult_comb_16.def |& tee /dev/null /openlane/designs/mult_comb_16/runs/RUN_2023.12.07_18.33.31/logs/signoff/36-write_powered_def.log}"

Thu Dec 07 18:39:47 UTC 2023 - Executing "openroad -exit /openlane/scripts/openroad/write_views.tcl |& tee /dev/null /openlane/designs/mult_comb_16/runs/RUN_2023.12.07_18.33.31/logs/signoff/36-write_powered_verilog.log"

Thu Dec 07 18:39:47 UTC 2023 - Executing "{openroad -exit /openlane/scripts/openroad/write_views.tcl |& tee /dev/null /openlane/designs/mult_comb_16/runs/RUN_2023.12.07_18.33.31/logs/signoff/36-write_powered_verilog.log}"

Thu Dec 07 18:39:48 UTC 2023 - Executing "{sed -i.bak -e {s/\(set ::env(CURRENT_NETLIST)\).*/\1 \/openlane\/designs\/mult_comb_16\/runs\/RUN_2023.12.07_18.33.31\/tmp\/signoff\/35-mult_comb_16.nl.v/} /openlane/designs/mult_comb_16/runs/RUN_2023.12.07_18.33.31/config.tcl}"

Thu Dec 07 18:39:53 UTC 2023 - Executing "{netgen -batch source /openlane/designs/mult_comb_16/runs/RUN_2023.12.07_18.33.31/tmp/signoff/38-setup_file.lef.lvs |& tee /dev/null /openlane/designs/mult_comb_16/runs/RUN_2023.12.07_18.33.31/logs/signoff/38-lvs.lef.log}"

Thu Dec 07 18:39:54 UTC 2023 - Executing "magic -noconsole -dnull -rcfile /home/facundo/.volare/sky130A/libs.tech/magic/sky130A.magicrc < /openlane/scripts/magic/wrapper.tcl |& tee /dev/null /openlane/designs/mult_comb_16/runs/RUN_2023.12.07_18.33.31/logs/signoff/39-drc.log"

Thu Dec 07 18:39:54 UTC 2023 - Executing "{magic -noconsole -dnull -rcfile /home/facundo/.volare/sky130A/libs.tech/magic/sky130A.magicrc < /openlane/scripts/magic/wrapper.tcl |& tee /dev/null /openlane/designs/mult_comb_16/runs/RUN_2023.12.07_18.33.31/logs/signoff/39-drc.log}"

Thu Dec 07 18:40:05 UTC 2023 - Executing "{python3 /openlane/scripts/drc_rosetta.py magic to_tcl -o /openlane/designs/mult_comb_16/runs/RUN_2023.12.07_18.33.31/reports/signoff/drc.tcl /openlane/designs/mult_comb_16/runs/RUN_2023.12.07_18.33.31/reports/signoff/drc.rpt}"

Thu Dec 07 18:40:05 UTC 2023 - Executing "{python3 /openlane/scripts/drc_rosetta.py magic to_tr -o /openlane/designs/mult_comb_16/runs/RUN_2023.12.07_18.33.31/reports/signoff/drc.tr /openlane/designs/mult_comb_16/runs/RUN_2023.12.07_18.33.31/reports/signoff/drc.rpt}"

Thu Dec 07 18:40:05 UTC 2023 - Executing "{python3 /openlane/scripts/drc_rosetta.py tr to_klayout -o /openlane/designs/mult_comb_16/runs/RUN_2023.12.07_18.33.31/reports/signoff/drc.klayout.xml --design-name mult_comb_16 /openlane/designs/mult_comb_16/runs/RUN_2023.12.07_18.33.31/reports/signoff/drc.tr}"

Thu Dec 07 18:40:05 UTC 2023 - Executing "{python3 /openlane/scripts/drc_rosetta.py magic to_rdb -o /openlane/designs/mult_comb_16/runs/RUN_2023.12.07_18.33.31/reports/signoff/drc.rdb /openlane/designs/mult_comb_16/runs/RUN_2023.12.07_18.33.31/reports/signoff/drc.rpt}"

Thu Dec 07 18:40:05 UTC 2023 - Executing "openroad -exit /openlane/scripts/openroad/antenna_check.tcl |& tee /dev/null /openlane/designs/mult_comb_16/runs/RUN_2023.12.07_18.33.31/logs/signoff/40-arc.log"

Thu Dec 07 18:40:05 UTC 2023 - Executing "{openroad -exit /openlane/scripts/openroad/antenna_check.tcl |& tee /dev/null /openlane/designs/mult_comb_16/runs/RUN_2023.12.07_18.33.31/logs/signoff/40-arc.log}"

Thu Dec 07 18:40:06 UTC 2023 - Executing "{python3 /openlane/scripts/extract_antenna_violators.py --output /openlane/designs/mult_comb_16/runs/RUN_2023.12.07_18.33.31/reports/signoff/40-antenna_violators.rpt --plain-out /openlane/designs/mult_comb_16/runs/RUN_2023.12.07_18.33.31/reports/signoff/40-antenna_violators_pins.txt /openlane/designs/mult_comb_16/runs/RUN_2023.12.07_18.33.31/logs/signoff/40-arc.log}"

Thu Dec 07 18:40:07 UTC 2023 - Executing "{python3 /openlane/scripts/write_runtime.py --conclude --seconds --time-in 1701974407 {flow completed}}"

Thu Dec 07 18:40:07 UTC 2023 - Executing "{python3 /openlane/scripts/generate_reports.py -d /openlane/designs/mult_comb_16 --design_name mult_comb_16 --tag RUN_2023.12.07_18.33.31 --output_file /openlane/designs/mult_comb_16/runs/RUN_2023.12.07_18.33.31/reports/metrics.csv --man_report /openlane/designs/mult_comb_16/runs/RUN_2023.12.07_18.33.31/reports/manufacturability.rpt --run_path /openlane/designs/mult_comb_16/runs/RUN_2023.12.07_18.33.31}"

