OpenROAD 0a6d0fd469bc674417036342994520ee2e0a2727 
This program is licensed under the BSD-3 license. See the LICENSE file for details.
Components of this program may be licensed under more restrictive licenses which must be honored.
[INFO]: Reading ODB at '/openlane/designs/mult_sec_16/runs/RUN_2023.12.07_19.21.57/results/floorplan/mult_sec_16.odb'…
define_corners Typical
read_liberty -corner Typical /home/facundo/.volare/sky130A/libs.ref/sky130_fd_sc_hd/lib/sky130_fd_sc_hd__tt_025C_1v80.lib
Using 1e-12 for capacitance...
Using 1e+03 for resistance...
Using 1e-09 for time...
Using 1e+00 for voltage...
Using 1e-03 for current...
Using 1e-09 for power...
Using 1e-06 for distance...
Reading design constraints file at '/openlane/scripts/base.sdc'…
[INFO]: Setting output delay to: 4.0
[INFO]: Setting input delay to: 4.0
[INFO]: Setting load to: 0.033442
[INFO]: Setting clock uncertainty to: 0.25
[INFO]: Setting clock transition to: 0.15
[INFO]: Setting timing derate to: 5.0 %
[INFO]: Setting RC values...
[INFO]: Setting signal min routing layer to: met1 and clock min routing layer to met1. 
[INFO]: Setting signal max routing layer to: met5 and clock max routing layer to met5. 
[INFO GPL-0002] DBU: 1000
[INFO GPL-0003] SiteSize: 460 2720
[INFO GPL-0004] CoreAreaLxLy: 5520 10880
[INFO GPL-0005] CoreAreaUxUy: 80500 84320
[INFO GPL-0006] NumInstances: 406
[INFO GPL-0007] NumPlaceInstances: 280
[INFO GPL-0008] NumFixedInstances: 126
[INFO GPL-0009] NumDummyInstances: 0
[INFO GPL-0010] NumNets: 314
[INFO GPL-0011] NumPins: 1015
[INFO GPL-0012] DieAreaLxLy: 0 0
[INFO GPL-0013] DieAreaUxUy: 86175 96895
[INFO GPL-0014] CoreAreaLxLy: 5520 10880
[INFO GPL-0015] CoreAreaUxUy: 80500 84320
[INFO GPL-0016] CoreArea: 5506531200
[INFO GPL-0017] NonPlaceInstsArea: 292780800
[INFO GPL-0018] PlaceInstsArea: 2822707200
[INFO GPL-0019] Util(%): 54.14
[INFO GPL-0020] StdInstsArea: 2822707200
[INFO GPL-0021] MacroInstsArea: 0
[InitialPlace]  Iter: 1 CG residual: 0.00000009 HPWL: 8121285
[InitialPlace]  Iter: 2 CG residual: 0.00000008 HPWL: 6879995
[InitialPlace]  Iter: 3 CG residual: 0.00000009 HPWL: 6872990
[InitialPlace]  Iter: 4 CG residual: 0.00000009 HPWL: 6882669
[InitialPlace]  Iter: 5 CG residual: 0.00000010 HPWL: 6866073
[INFO GPL-0031] FillerInit: NumGCells: 311
[INFO GPL-0032] FillerInit: NumGNets: 314
[INFO GPL-0033] FillerInit: NumGPins: 1015
[INFO GPL-0023] TargetDensity: 0.60
[INFO GPL-0024] AveragePlaceInstArea: 10081097
[INFO GPL-0025] IdealBinArea: 16801828
[INFO GPL-0026] IdealBinCnt: 327
[INFO GPL-0027] TotalBinArea: 5506531200
[INFO GPL-0028] BinCnt: 16 16
[INFO GPL-0029] BinSize: 4687 4590
[INFO GPL-0030] NumBins: 256
[NesterovSolve] Iter: 1 overflow: 0.773364 HPWL: 5442349
[INFO GPL-0100] worst slack 1.3e-08
[INFO GPL-0103] Weighted 31 nets.
[INFO GPL-0100] worst slack 1.3e-08
[INFO GPL-0103] Weighted 31 nets.
[NesterovSolve] Iter: 10 overflow: 0.629073 HPWL: 5741224
[NesterovSolve] Iter: 20 overflow: 0.61744 HPWL: 5762651
[NesterovSolve] Iter: 30 overflow: 0.619428 HPWL: 5753992
[NesterovSolve] Iter: 40 overflow: 0.621253 HPWL: 5751028
[NesterovSolve] Iter: 50 overflow: 0.620952 HPWL: 5751238
[NesterovSolve] Iter: 60 overflow: 0.620209 HPWL: 5751860
[NesterovSolve] Iter: 70 overflow: 0.620397 HPWL: 5751762
[NesterovSolve] Iter: 80 overflow: 0.620346 HPWL: 5752019
[NesterovSolve] Iter: 90 overflow: 0.6201 HPWL: 5752976
[NesterovSolve] Iter: 100 overflow: 0.619991 HPWL: 5753700
[NesterovSolve] Iter: 110 overflow: 0.619615 HPWL: 5755259
[NesterovSolve] Iter: 120 overflow: 0.618847 HPWL: 5758295
[NesterovSolve] Iter: 130 overflow: 0.617723 HPWL: 5762776
[NesterovSolve] Iter: 140 overflow: 0.616017 HPWL: 5769577
[NesterovSolve] Iter: 150 overflow: 0.61347 HPWL: 5779862
[NesterovSolve] Iter: 160 overflow: 0.609251 HPWL: 5795293
[NesterovSolve] Iter: 170 overflow: 0.60224 HPWL: 5817910
[NesterovSolve] Snapshot saved at iter = 172
[NesterovSolve] Iter: 180 overflow: 0.58892 HPWL: 5847998
[NesterovSolve] Iter: 190 overflow: 0.565687 HPWL: 5878217
[NesterovSolve] Iter: 200 overflow: 0.53892 HPWL: 5917267
[NesterovSolve] Iter: 210 overflow: 0.507388 HPWL: 5936227
[INFO GPL-0100] worst slack 1.3e-08
[INFO GPL-0103] Weighted 31 nets.
[NesterovSolve] Iter: 220 overflow: 0.468644 HPWL: 5947738
[NesterovSolve] Iter: 230 overflow: 0.429588 HPWL: 5901540
[NesterovSolve] Iter: 240 overflow: 0.375626 HPWL: 5892185
[NesterovSolve] Iter: 250 overflow: 0.345553 HPWL: 5911932
[NesterovSolve] Iter: 260 overflow: 0.32203 HPWL: 5969158
[NesterovSolve] Iter: 270 overflow: 0.296645 HPWL: 5970174
[INFO GPL-0100] worst slack 1.3e-08
[INFO GPL-0103] Weighted 31 nets.
[NesterovSolve] Iter: 280 overflow: 0.268995 HPWL: 6006183
[NesterovSolve] Iter: 290 overflow: 0.247315 HPWL: 6052163
[NesterovSolve] Iter: 300 overflow: 0.222507 HPWL: 6086611
[INFO GPL-0100] worst slack 1.3e-08
[INFO GPL-0103] Weighted 31 nets.
[NesterovSolve] Iter: 310 overflow: 0.197152 HPWL: 6114438
[INFO GPL-0075] Routability numCall: 1 inflationIterCnt: 1 bloatIterCnt: 0
[INFO GPL-0036] TileLxLy: 0 0
[INFO GPL-0037] TileSize: 6900 6900
[INFO GPL-0038] TileCnt: 12 14
[INFO GPL-0039] numRoutingLayers: 6
[INFO GPL-0040] NumTiles: 168
[INFO GPL-0063] TotalRouteOverflowH2: 0.0
[INFO GPL-0064] TotalRouteOverflowV2: 0.0
[INFO GPL-0065] OverflowTileCnt2: 0
[INFO GPL-0066] 0.5%RC: 1.0
[INFO GPL-0067] 1.0%RC: 1.0
[INFO GPL-0068] 2.0%RC: 1.0
[INFO GPL-0069] 5.0%RC: 0.9400000005960465
[INFO GPL-0070] 0.5rcK: 1.0
[INFO GPL-0071] 1.0rcK: 1.0
[INFO GPL-0072] 2.0rcK: 0.0
[INFO GPL-0073] 5.0rcK: 0.0
[INFO GPL-0074] FinalRC: 1.0
[NesterovSolve] Iter: 320 overflow: 0.174148 HPWL: 6127286
[NesterovSolve] Iter: 330 overflow: 0.152374 HPWL: 6159468
[INFO GPL-0100] worst slack 1.3e-08
[INFO GPL-0103] Weighted 31 nets.
[NesterovSolve] Iter: 340 overflow: 0.135573 HPWL: 6187277
[NesterovSolve] Iter: 350 overflow: 0.118426 HPWL: 6219296
[NesterovSolve] Iter: 360 overflow: 0.102812 HPWL: 6247276
[NesterovSolve] Finished with Overflow: 0.099052
Setting global connections for newly added cells…
Writing OpenROAD database to '/openlane/designs/mult_sec_16/runs/RUN_2023.12.07_19.21.57/tmp/placement/7-global.odb'…
Writing netlist to '/openlane/designs/mult_sec_16/runs/RUN_2023.12.07_19.21.57/tmp/placement/7-global.nl.v'…
Writing powered netlist to '/openlane/designs/mult_sec_16/runs/RUN_2023.12.07_19.21.57/tmp/placement/7-global.pnl.v'…
Writing layout to '/openlane/designs/mult_sec_16/runs/RUN_2023.12.07_19.21.57/tmp/placement/7-global.def'…
