
===========================================================================
 report_power
============================================================================
======================= Fastest Corner ===================================

Group                  Internal  Switching    Leakage      Total
                          Power      Power      Power      Power (Watts)
----------------------------------------------------------------
Sequential             1.42e-04   6.20e-05   5.96e-10   2.04e-04  25.7%
Combinational          2.87e-04   3.04e-04   3.07e-09   5.91e-04  74.3%
Macro                  0.00e+00   0.00e+00   0.00e+00   0.00e+00   0.0%
Pad                    0.00e+00   0.00e+00   0.00e+00   0.00e+00   0.0%
----------------------------------------------------------------
Total                  4.29e-04   3.66e-04   3.66e-09   7.95e-04 100.0%
                          54.0%      46.0%       0.0%

======================= Slowest Corner ===================================

Group                  Internal  Switching    Leakage      Total
                          Power      Power      Power      Power (Watts)
----------------------------------------------------------------
Sequential             9.73e-05   4.08e-05   5.90e-07   1.39e-04  25.2%
Combinational          2.10e-04   1.99e-04   1.63e-06   4.11e-04  74.8%
Macro                  0.00e+00   0.00e+00   0.00e+00   0.00e+00   0.0%
Pad                    0.00e+00   0.00e+00   0.00e+00   0.00e+00   0.0%
----------------------------------------------------------------
Total                  3.07e-04   2.40e-04   2.22e-06   5.49e-04 100.0%
                          55.9%      43.7%       0.4%

======================= Typical Corner ===================================

Group                  Internal  Switching    Leakage      Total
                          Power      Power      Power      Power (Watts)
----------------------------------------------------------------
Sequential             1.23e-04   5.21e-05   3.38e-10   1.75e-04  25.5%
Combinational          2.56e-04   2.56e-04   1.69e-09   5.12e-04  74.5%
Macro                  0.00e+00   0.00e+00   0.00e+00   0.00e+00   0.0%
Pad                    0.00e+00   0.00e+00   0.00e+00   0.00e+00   0.0%
----------------------------------------------------------------
Total                  3.79e-04   3.08e-04   2.03e-09   6.87e-04 100.0%
                          55.2%      44.8%       0.0%

