
===========================================================================
report_checks -unconstrained
===========================================================================
======================= Fastest Corner ===================================

Startpoint: mcand[2] (input port clocked by clk)
Endpoint: _496_ (rising edge-triggered flip-flop clocked by clk)
Path Group: clk
Path Type: max
Corner: Fastest

Fanout     Cap    Slew   Delay    Time   Description
-----------------------------------------------------------------------------
                  0.15    0.00    0.00   clock clk (rise edge)
                          0.00    0.00   clock network delay (ideal)
                          4.00    4.00 ^ input external delay
                  0.02    0.01    4.01 ^ mcand[2] (in)
     1    0.00                           mcand[2] (net)
                  0.02    0.00    4.01 ^ input9/A (sky130_fd_sc_hd__buf_1)
                  0.15    0.13    4.14 ^ input9/X (sky130_fd_sc_hd__buf_1)
     3    0.02                           net9 (net)
                  0.15    0.00    4.14 ^ _275_/B (sky130_fd_sc_hd__and2_1)
                  0.06    0.11    4.26 ^ _275_/X (sky130_fd_sc_hd__and2_1)
     2    0.01                           _071_ (net)
                  0.06    0.00    4.26 ^ _276_/B (sky130_fd_sc_hd__nor2_1)
                  0.04    0.05    4.31 v _276_/Y (sky130_fd_sc_hd__nor2_1)
     4    0.01                           _072_ (net)
                  0.04    0.00    4.31 v _298_/A2 (sky130_fd_sc_hd__a31o_1)
                  0.08    0.19    4.50 v _298_/X (sky130_fd_sc_hd__a31o_1)
     4    0.02                           _092_ (net)
                  0.08    0.00    4.50 v _337_/A1 (sky130_fd_sc_hd__a21oi_1)
                  0.12    0.14    4.64 ^ _337_/Y (sky130_fd_sc_hd__a21oi_1)
     2    0.01                           _127_ (net)
                  0.12    0.00    4.64 ^ _340_/A (sky130_fd_sc_hd__nor2_1)
                  0.06    0.07    4.71 v _340_/Y (sky130_fd_sc_hd__nor2_1)
     4    0.01                           _130_ (net)
                  0.06    0.00    4.71 v _357_/B1 (sky130_fd_sc_hd__o221a_1)
                  0.06    0.19    4.90 v _357_/X (sky130_fd_sc_hd__o221a_1)
     4    0.01                           _145_ (net)
                  0.06    0.00    4.90 v _377_/B1 (sky130_fd_sc_hd__o221a_2)
                  0.05    0.20    5.10 v _377_/X (sky130_fd_sc_hd__o221a_2)
     5    0.02                           _163_ (net)
                  0.05    0.00    5.10 v _399_/B1 (sky130_fd_sc_hd__o221a_1)
                  0.05    0.18    5.28 v _399_/X (sky130_fd_sc_hd__o221a_1)
     4    0.01                           _183_ (net)
                  0.05    0.00    5.28 v _408_/B (sky130_fd_sc_hd__or4bb_1)
                  0.05    0.28    5.56 v _408_/X (sky130_fd_sc_hd__or4bb_1)
     1    0.00                           _191_ (net)
                  0.05    0.00    5.56 v _411_/A2 (sky130_fd_sc_hd__a31o_1)
                  0.04    0.15    5.71 v _411_/X (sky130_fd_sc_hd__a31o_1)
     1    0.01                           _194_ (net)
                  0.04    0.00    5.71 v _413_/A1 (sky130_fd_sc_hd__a21oi_1)
                  0.09    0.09    5.81 ^ _413_/Y (sky130_fd_sc_hd__a21oi_1)
     1    0.00                           _017_ (net)
                  0.09    0.00    5.81 ^ _496_/D (sky130_fd_sc_hd__dfxtp_1)
                                  5.81   data arrival time

                  0.15   20.00   20.00   clock clk (rise edge)
                          0.00   20.00   clock network delay (ideal)
                         -0.25   19.75   clock uncertainty
                          0.00   19.75   clock reconvergence pessimism
                                 19.75 ^ _496_/CLK (sky130_fd_sc_hd__dfxtp_1)
                         -0.03   19.72   library setup time
                                 19.72   data required time
-----------------------------------------------------------------------------
                                 19.72   data required time
                                 -5.81   data arrival time
-----------------------------------------------------------------------------
                                 13.91   slack (MET)



======================= Slowest Corner ===================================

Startpoint: mcand[3] (input port clocked by clk)
Endpoint: _497_ (rising edge-triggered flip-flop clocked by clk)
Path Group: clk
Path Type: max
Corner: Slowest

Fanout     Cap    Slew   Delay    Time   Description
-----------------------------------------------------------------------------
                  0.15    0.00    0.00   clock clk (rise edge)
                          0.00    0.00   clock network delay (ideal)
                          4.00    4.00 v input external delay
                  0.02    0.01    4.01 v mcand[3] (in)
     1    0.00                           mcand[3] (net)
                  0.02    0.00    4.01 v input10/A (sky130_fd_sc_hd__buf_1)
                  0.12    0.21    4.21 v input10/X (sky130_fd_sc_hd__buf_1)
     3    0.01                           net10 (net)
                  0.12    0.00    4.21 v _296_/B (sky130_fd_sc_hd__or2_1)
                  0.09    0.50    4.71 v _296_/X (sky130_fd_sc_hd__or2_1)
     1    0.00                           _090_ (net)
                  0.09    0.00    4.71 v _297_/A3 (sky130_fd_sc_hd__a31o_1)
                  0.07    0.42    5.13 v _297_/X (sky130_fd_sc_hd__a31o_1)
     1    0.00                           _091_ (net)
                  0.07    0.00    5.13 v _298_/B1 (sky130_fd_sc_hd__a31o_1)
                  0.20    0.49    5.62 v _298_/X (sky130_fd_sc_hd__a31o_1)
     4    0.02                           _092_ (net)
                  0.20    0.00    5.62 v _337_/A1 (sky130_fd_sc_hd__a21oi_1)
                  0.27    0.36    5.97 ^ _337_/Y (sky130_fd_sc_hd__a21oi_1)
     2    0.01                           _127_ (net)
                  0.27    0.00    5.97 ^ _340_/A (sky130_fd_sc_hd__nor2_1)
                  0.14    0.25    6.22 v _340_/Y (sky130_fd_sc_hd__nor2_1)
     4    0.01                           _130_ (net)
                  0.14    0.00    6.22 v _357_/B1 (sky130_fd_sc_hd__o221a_1)
                  0.19    0.60    6.82 v _357_/X (sky130_fd_sc_hd__o221a_1)
     4    0.01                           _145_ (net)
                  0.19    0.00    6.82 v _377_/B1 (sky130_fd_sc_hd__o221a_2)
                  0.16    0.64    7.46 v _377_/X (sky130_fd_sc_hd__o221a_2)
     5    0.02                           _163_ (net)
                  0.16    0.00    7.46 v _399_/B1 (sky130_fd_sc_hd__o221a_1)
                  0.16    0.56    8.02 v _399_/X (sky130_fd_sc_hd__o221a_1)
     4    0.01                           _183_ (net)
                  0.16    0.00    8.02 v _414_/B (sky130_fd_sc_hd__or3b_1)
                  0.14    0.88    8.91 v _414_/X (sky130_fd_sc_hd__or3b_1)
     1    0.00                           _196_ (net)
                  0.14    0.00    8.91 v _415_/A3 (sky130_fd_sc_hd__a32o_1)
                  0.06    0.50    9.40 v _415_/X (sky130_fd_sc_hd__a32o_1)
     1    0.00                           _197_ (net)
                  0.06    0.00    9.40 v _416_/B (sky130_fd_sc_hd__and2_1)
                  0.07    0.32    9.73 v _416_/X (sky130_fd_sc_hd__and2_1)
     1    0.00                           _198_ (net)
                  0.07    0.00    9.73 v _417_/A (sky130_fd_sc_hd__clkbuf_1)
                  0.04    0.16    9.89 v _417_/X (sky130_fd_sc_hd__clkbuf_1)
     1    0.00                           _018_ (net)
                  0.04    0.00    9.89 v _497_/D (sky130_fd_sc_hd__dfxtp_1)
                                  9.89   data arrival time

                  0.15   20.00   20.00   clock clk (rise edge)
                          0.00   20.00   clock network delay (ideal)
                         -0.25   19.75   clock uncertainty
                          0.00   19.75   clock reconvergence pessimism
                                 19.75 ^ _497_/CLK (sky130_fd_sc_hd__dfxtp_1)
                         -0.24   19.51   library setup time
                                 19.51   data required time
-----------------------------------------------------------------------------
                                 19.51   data required time
                                 -9.89   data arrival time
-----------------------------------------------------------------------------
                                  9.63   slack (MET)



======================= Typical Corner ===================================

Startpoint: mcand[3] (input port clocked by clk)
Endpoint: _497_ (rising edge-triggered flip-flop clocked by clk)
Path Group: clk
Path Type: max
Corner: Typical

Fanout     Cap    Slew   Delay    Time   Description
-----------------------------------------------------------------------------
                  0.15    0.00    0.00   clock clk (rise edge)
                          0.00    0.00   clock network delay (ideal)
                          4.00    4.00 v input external delay
                  0.01    0.00    4.00 v mcand[3] (in)
     1    0.00                           mcand[3] (net)
                  0.01    0.00    4.00 v input10/A (sky130_fd_sc_hd__buf_1)
                  0.06    0.11    4.11 v input10/X (sky130_fd_sc_hd__buf_1)
     3    0.01                           net10 (net)
                  0.06    0.00    4.11 v _296_/B (sky130_fd_sc_hd__or2_1)
                  0.05    0.22    4.33 v _296_/X (sky130_fd_sc_hd__or2_1)
     1    0.00                           _090_ (net)
                  0.05    0.00    4.33 v _297_/A3 (sky130_fd_sc_hd__a31o_1)
                  0.04    0.22    4.55 v _297_/X (sky130_fd_sc_hd__a31o_1)
     1    0.00                           _091_ (net)
                  0.04    0.00    4.55 v _298_/B1 (sky130_fd_sc_hd__a31o_1)
                  0.11    0.26    4.82 v _298_/X (sky130_fd_sc_hd__a31o_1)
     4    0.02                           _092_ (net)
                  0.11    0.00    4.82 v _337_/A1 (sky130_fd_sc_hd__a21oi_1)
                  0.17    0.20    5.02 ^ _337_/Y (sky130_fd_sc_hd__a21oi_1)
     2    0.01                           _127_ (net)
                  0.17    0.00    5.02 ^ _340_/A (sky130_fd_sc_hd__nor2_1)
                  0.09    0.12    5.14 v _340_/Y (sky130_fd_sc_hd__nor2_1)
     4    0.01                           _130_ (net)
                  0.09    0.00    5.14 v _357_/B1 (sky130_fd_sc_hd__o221a_1)
                  0.10    0.31    5.45 v _357_/X (sky130_fd_sc_hd__o221a_1)
     4    0.01                           _145_ (net)
                  0.10    0.00    5.45 v _377_/B1 (sky130_fd_sc_hd__o221a_2)
                  0.08    0.32    5.77 v _377_/X (sky130_fd_sc_hd__o221a_2)
     5    0.02                           _163_ (net)
                  0.08    0.00    5.77 v _399_/B1 (sky130_fd_sc_hd__o221a_1)
                  0.08    0.29    6.06 v _399_/X (sky130_fd_sc_hd__o221a_1)
     4    0.01                           _183_ (net)
                  0.08    0.00    6.06 v _414_/B (sky130_fd_sc_hd__or3b_1)
                  0.07    0.38    6.44 v _414_/X (sky130_fd_sc_hd__or3b_1)
     1    0.00                           _196_ (net)
                  0.07    0.00    6.44 v _415_/A3 (sky130_fd_sc_hd__a32o_1)
                  0.04    0.27    6.70 v _415_/X (sky130_fd_sc_hd__a32o_1)
     1    0.00                           _197_ (net)
                  0.04    0.00    6.70 v _416_/B (sky130_fd_sc_hd__and2_1)
                  0.03    0.15    6.86 v _416_/X (sky130_fd_sc_hd__and2_1)
     1    0.00                           _198_ (net)
                  0.03    0.00    6.86 v _417_/A (sky130_fd_sc_hd__clkbuf_1)
                  0.02    0.08    6.94 v _417_/X (sky130_fd_sc_hd__clkbuf_1)
     1    0.00                           _018_ (net)
                  0.02    0.00    6.94 v _497_/D (sky130_fd_sc_hd__dfxtp_1)
                                  6.94   data arrival time

                  0.15   20.00   20.00   clock clk (rise edge)
                          0.00   20.00   clock network delay (ideal)
                         -0.25   19.75   clock uncertainty
                          0.00   19.75   clock reconvergence pessimism
                                 19.75 ^ _497_/CLK (sky130_fd_sc_hd__dfxtp_1)
                         -0.08   19.67   library setup time
                                 19.67   data required time
-----------------------------------------------------------------------------
                                 19.67   data required time
                                 -6.94   data arrival time
-----------------------------------------------------------------------------
                                 12.73   slack (MET)




===========================================================================
report_checks --slack_max -0.01
============================================================================
======================= Fastest Corner ===================================

No paths found.

======================= Slowest Corner ===================================

No paths found.

======================= Typical Corner ===================================

No paths found.


===========================================================================
 report_check_types -max_slew -max_cap -max_fanout -violators
============================================================================
======================= Fastest Corner ===================================


max slew violations count Fastest: 0
max fanout violations count Fastest: 0
max cap violations count Fastest: 0
======================= Slowest Corner ===================================


max slew violations count Slowest: 0
max fanout violations count Slowest: 0
max cap violations count Slowest: 0
======================= Typical Corner ===================================


max slew violations count Typical: 0
max fanout violations count Typical: 0
max cap violations count Typical: 0

===========================================================================
report_parasitic_annotation -report_unannotated
============================================================================
Found 0 unannotated drivers.
Found 0 partially unannotated drivers.

===========================================================================
max slew violation count 0
max fanout violation count 0
max cap violation count 0
============================================================================

===========================================================================
check_setup -verbose -unconstrained_endpoints -multiple_clock -no_clock -no_input_delay -loops -generated_clocks
===========================================================================
