
===========================================================================
 report_power
============================================================================
======================= Fastest Corner ===================================

Group                  Internal  Switching    Leakage      Total
                          Power      Power      Power      Power (Watts)
----------------------------------------------------------------
Sequential             1.42e-04   6.51e-05   5.96e-10   2.07e-04  25.7%
Combinational          2.87e-04   3.11e-04   3.07e-09   5.98e-04  74.3%
Macro                  0.00e+00   0.00e+00   0.00e+00   0.00e+00   0.0%
Pad                    0.00e+00   0.00e+00   0.00e+00   0.00e+00   0.0%
----------------------------------------------------------------
Total                  4.29e-04   3.76e-04   3.66e-09   8.06e-04 100.0%
                          53.3%      46.7%       0.0%

======================= Slowest Corner ===================================

Group                  Internal  Switching    Leakage      Total
                          Power      Power      Power      Power (Watts)
----------------------------------------------------------------
Sequential             9.73e-05   4.29e-05   5.90e-07   1.41e-04  25.3%
Combinational          2.10e-04   2.04e-04   1.63e-06   4.16e-04  74.7%
Macro                  0.00e+00   0.00e+00   0.00e+00   0.00e+00   0.0%
Pad                    0.00e+00   0.00e+00   0.00e+00   0.00e+00   0.0%
----------------------------------------------------------------
Total                  3.07e-04   2.47e-04   2.22e-06   5.57e-04 100.0%
                          55.2%      44.4%       0.4%

======================= Typical Corner ===================================

Group                  Internal  Switching    Leakage      Total
                          Power      Power      Power      Power (Watts)
----------------------------------------------------------------
Sequential             1.23e-04   5.47e-05   3.38e-10   1.78e-04  25.6%
Combinational          2.56e-04   2.62e-04   1.69e-09   5.18e-04  74.4%
Macro                  0.00e+00   0.00e+00   0.00e+00   0.00e+00   0.0%
Pad                    0.00e+00   0.00e+00   0.00e+00   0.00e+00   0.0%
----------------------------------------------------------------
Total                  3.80e-04   3.17e-04   2.03e-09   6.96e-04 100.0%
                          54.5%      45.5%       0.0%

