OpenROAD 0a6d0fd469bc674417036342994520ee2e0a2727 
This program is licensed under the BSD-3 license. See the LICENSE file for details.
Components of this program may be licensed under more restrictive licenses which must be honored.
[INFO ODB-0222] Reading LEF file: /openlane/designs/mult_comb_16/runs/RUN_2023.12.07_18.33.31/tmp/merged.nom.lef
[INFO ODB-0223]     Created 13 technology layers
[INFO ODB-0224]     Created 25 technology vias
[INFO ODB-0225]     Created 442 library cells
[INFO ODB-0226] Finished LEF file:  /openlane/designs/mult_comb_16/runs/RUN_2023.12.07_18.33.31/tmp/merged.nom.lef
[INFO ODB-0127] Reading DEF file: /openlane/designs/mult_comb_16/runs/RUN_2023.12.07_18.33.31/results/routing/mult_comb_16.def
[INFO ODB-0128] Design: mult_comb_16
[INFO ODB-0130]     Created 66 pins.
[INFO ODB-0131]     Created 3812 components and 19953 component-terminals.
[INFO ODB-0132]     Created 2 special nets and 14504 connections.
[INFO ODB-0133]     Created 1502 nets and 5449 connections.
[INFO ODB-0134] Finished DEF file: /openlane/designs/mult_comb_16/runs/RUN_2023.12.07_18.33.31/results/routing/mult_comb_16.def
Top-level design name: mult_comb_16
Found default power net 'VPWR'
Found default ground net 'VGND'
Found 1 power ports.
Found 1 ground ports.
Modified power connections of 3812/3812 cells.
