
===========================================================================
report_checks -unconstrained
===========================================================================
======================= Fastest Corner ===================================

Startpoint: mcand[0] (input port clocked by clk)
Endpoint: _891_ (rising edge-triggered flip-flop clocked by clk)
Path Group: clk
Path Type: max
Corner: Fastest

Fanout     Cap    Slew   Delay    Time   Description
-----------------------------------------------------------------------------
                  0.15    0.00    0.00   clock clk (rise edge)
                          0.00    0.00   clock network delay (ideal)
                          4.00    4.00 ^ input external delay
                  0.02    0.01    4.01 ^ mcand[0] (in)
     1    0.01                           mcand[0] (net)
                  0.02    0.00    4.01 ^ input1/A (sky130_fd_sc_hd__buf_1)
                  0.19    0.16    4.18 ^ input1/X (sky130_fd_sc_hd__buf_1)
     2    0.02                           net1 (net)
                  0.19    0.00    4.18 ^ _450_/B (sky130_fd_sc_hd__nand2_1)
                  0.08    0.09    4.27 v _450_/Y (sky130_fd_sc_hd__nand2_1)
     4    0.01                           _091_ (net)
                  0.08    0.00    4.27 v _472_/A1 (sky130_fd_sc_hd__o21ai_1)
                  0.15    0.17    4.44 ^ _472_/Y (sky130_fd_sc_hd__o21ai_1)
     3    0.01                           _111_ (net)
                  0.15    0.00    4.44 ^ _492_/A1 (sky130_fd_sc_hd__a311o_2)
                  0.08    0.16    4.61 ^ _492_/X (sky130_fd_sc_hd__a311o_2)
     4    0.02                           _129_ (net)
                  0.08    0.00    4.61 ^ _527_/A1 (sky130_fd_sc_hd__a21oi_2)
                  0.06    0.07    4.68 v _527_/Y (sky130_fd_sc_hd__a21oi_2)
     4    0.02                           _160_ (net)
                  0.06    0.00    4.68 v _609_/A1 (sky130_fd_sc_hd__o31a_1)
                  0.07    0.24    4.92 v _609_/X (sky130_fd_sc_hd__o31a_1)
     3    0.02                           _234_ (net)
                  0.07    0.00    4.93 v _651_/A1 (sky130_fd_sc_hd__o31a_1)
                  0.08    0.25    5.18 v _651_/X (sky130_fd_sc_hd__o31a_1)
     3    0.02                           _272_ (net)
                  0.08    0.00    5.18 v _687_/A1 (sky130_fd_sc_hd__o21ai_2)
                  0.15    0.17    5.35 ^ _687_/Y (sky130_fd_sc_hd__o21ai_2)
     3    0.02                           _304_ (net)
                  0.15    0.00    5.35 ^ _725_/A1 (sky130_fd_sc_hd__a21oi_1)
                  0.08    0.09    5.44 v _725_/Y (sky130_fd_sc_hd__a21oi_1)
     3    0.01                           _338_ (net)
                  0.08    0.00    5.44 v _746_/A1 (sky130_fd_sc_hd__o31a_1)
                  0.05    0.23    5.67 v _746_/X (sky130_fd_sc_hd__o31a_1)
     2    0.01                           _357_ (net)
                  0.05    0.00    5.67 v _747_/B (sky130_fd_sc_hd__xor2_1)
                  0.03    0.10    5.76 v _747_/X (sky130_fd_sc_hd__xor2_1)
     1    0.00                           _358_ (net)
                  0.03    0.00    5.76 v _748_/A1 (sky130_fd_sc_hd__mux2_1)
                  0.05    0.17    5.93 v _748_/X (sky130_fd_sc_hd__mux2_1)
     1    0.01                           _359_ (net)
                  0.05    0.00    5.93 v _749_/A1 (sky130_fd_sc_hd__mux2_1)
                  0.04    0.16    6.09 v _749_/X (sky130_fd_sc_hd__mux2_1)
     1    0.00                           _360_ (net)
                  0.04    0.00    6.09 v _750_/B (sky130_fd_sc_hd__and2_1)
                  0.03    0.10    6.19 v _750_/X (sky130_fd_sc_hd__and2_1)
     1    0.00                           _361_ (net)
                  0.03    0.00    6.19 v _751_/A (sky130_fd_sc_hd__clkbuf_1)
                  0.02    0.05    6.25 v _751_/X (sky130_fd_sc_hd__clkbuf_1)
     1    0.00                           _032_ (net)
                  0.02    0.00    6.25 v _891_/D (sky130_fd_sc_hd__dfxtp_1)
                                  6.25   data arrival time

                  0.15   20.00   20.00   clock clk (rise edge)
                          0.00   20.00   clock network delay (ideal)
                         -0.25   19.75   clock uncertainty
                          0.00   19.75   clock reconvergence pessimism
                                 19.75 ^ _891_/CLK (sky130_fd_sc_hd__dfxtp_1)
                         -0.05   19.70   library setup time
                                 19.70   data required time
-----------------------------------------------------------------------------
                                 19.70   data required time
                                 -6.25   data arrival time
-----------------------------------------------------------------------------
                                 13.45   slack (MET)



======================= Slowest Corner ===================================

Startpoint: mcand[9] (input port clocked by clk)
Endpoint: _891_ (rising edge-triggered flip-flop clocked by clk)
Path Group: clk
Path Type: max
Corner: Slowest

Fanout     Cap    Slew   Delay    Time   Description
-----------------------------------------------------------------------------
                  0.15    0.00    0.00   clock clk (rise edge)
                          0.00    0.00   clock network delay (ideal)
                          4.00    4.00 v input external delay
                  0.02    0.01    4.01 v mcand[9] (in)
     1    0.00                           mcand[9] (net)
                  0.02    0.00    4.01 v input32/A (sky130_fd_sc_hd__dlymetal6s2s_1)
                  0.25    0.43    4.45 v input32/X (sky130_fd_sc_hd__dlymetal6s2s_1)
     3    0.03                           net32 (net)
                  0.25    0.00    4.45 v _537_/B (sky130_fd_sc_hd__nand2_1)
                  0.16    0.26    4.71 ^ _537_/Y (sky130_fd_sc_hd__nand2_1)
     3    0.01                           _169_ (net)
                  0.16    0.00    4.71 ^ _539_/A (sky130_fd_sc_hd__nand2_1)
                  0.15    0.21    4.92 v _539_/Y (sky130_fd_sc_hd__nand2_1)
     3    0.01                           _171_ (net)
                  0.15    0.00    4.92 v _567_/B (sky130_fd_sc_hd__or4_1)
                  0.22    1.33    6.25 v _567_/X (sky130_fd_sc_hd__or4_1)
     2    0.01                           _196_ (net)
                  0.22    0.00    6.25 v _609_/A2 (sky130_fd_sc_hd__o31a_1)
                  0.19    0.74    6.99 v _609_/X (sky130_fd_sc_hd__o31a_1)
     3    0.02                           _234_ (net)
                  0.19    0.00    6.99 v _651_/A1 (sky130_fd_sc_hd__o31a_1)
                  0.20    0.77    7.76 v _651_/X (sky130_fd_sc_hd__o31a_1)
     3    0.02                           _272_ (net)
                  0.20    0.00    7.76 v _687_/A1 (sky130_fd_sc_hd__o21ai_2)
                  0.35    0.44    8.20 ^ _687_/Y (sky130_fd_sc_hd__o21ai_2)
     3    0.02                           _304_ (net)
                  0.35    0.00    8.20 ^ _725_/A1 (sky130_fd_sc_hd__a21oi_1)
                  0.23    0.35    8.55 v _725_/Y (sky130_fd_sc_hd__a21oi_1)
     3    0.01                           _338_ (net)
                  0.23    0.00    8.55 v _746_/A1 (sky130_fd_sc_hd__o31a_1)
                  0.14    0.71    9.26 v _746_/X (sky130_fd_sc_hd__o31a_1)
     2    0.01                           _357_ (net)
                  0.14    0.00    9.26 v _747_/B (sky130_fd_sc_hd__xor2_1)
                  0.09    0.30    9.56 v _747_/X (sky130_fd_sc_hd__xor2_1)
     1    0.00                           _358_ (net)
                  0.09    0.00    9.56 v _748_/A1 (sky130_fd_sc_hd__mux2_1)
                  0.14    0.74   10.30 v _748_/X (sky130_fd_sc_hd__mux2_1)
     1    0.01                           _359_ (net)
                  0.14    0.00   10.30 v _749_/A1 (sky130_fd_sc_hd__mux2_1)
                  0.11    0.70   11.00 v _749_/X (sky130_fd_sc_hd__mux2_1)
     1    0.00                           _360_ (net)
                  0.11    0.00   11.00 v _750_/B (sky130_fd_sc_hd__and2_1)
                  0.07    0.35   11.35 v _750_/X (sky130_fd_sc_hd__and2_1)
     1    0.00                           _361_ (net)
                  0.07    0.00   11.35 v _751_/A (sky130_fd_sc_hd__clkbuf_1)
                  0.04    0.16   11.51 v _751_/X (sky130_fd_sc_hd__clkbuf_1)
     1    0.00                           _032_ (net)
                  0.04    0.00   11.51 v _891_/D (sky130_fd_sc_hd__dfxtp_1)
                                 11.51   data arrival time

                  0.15   20.00   20.00   clock clk (rise edge)
                          0.00   20.00   clock network delay (ideal)
                         -0.25   19.75   clock uncertainty
                          0.00   19.75   clock reconvergence pessimism
                                 19.75 ^ _891_/CLK (sky130_fd_sc_hd__dfxtp_1)
                         -0.24   19.51   library setup time
                                 19.51   data required time
-----------------------------------------------------------------------------
                                 19.51   data required time
                                -11.51   data arrival time
-----------------------------------------------------------------------------
                                  8.01   slack (MET)



======================= Typical Corner ===================================

Startpoint: mcand[0] (input port clocked by clk)
Endpoint: _891_ (rising edge-triggered flip-flop clocked by clk)
Path Group: clk
Path Type: max
Corner: Typical

Fanout     Cap    Slew   Delay    Time   Description
-----------------------------------------------------------------------------
                  0.15    0.00    0.00   clock clk (rise edge)
                          0.00    0.00   clock network delay (ideal)
                          4.00    4.00 ^ input external delay
                  0.03    0.02    4.02 ^ mcand[0] (in)
     1    0.01                           mcand[0] (net)
                  0.03    0.00    4.02 ^ input1/A (sky130_fd_sc_hd__buf_1)
                  0.25    0.23    4.25 ^ input1/X (sky130_fd_sc_hd__buf_1)
     2    0.02                           net1 (net)
                  0.25    0.00    4.25 ^ _450_/B (sky130_fd_sc_hd__nand2_1)
                  0.12    0.16    4.41 v _450_/Y (sky130_fd_sc_hd__nand2_1)
     4    0.01                           _091_ (net)
                  0.12    0.00    4.41 v _472_/A1 (sky130_fd_sc_hd__o21ai_1)
                  0.21    0.25    4.67 ^ _472_/Y (sky130_fd_sc_hd__o21ai_1)
     3    0.01                           _111_ (net)
                  0.21    0.00    4.67 ^ _492_/A1 (sky130_fd_sc_hd__a311o_2)
                  0.11    0.28    4.94 ^ _492_/X (sky130_fd_sc_hd__a311o_2)
     4    0.02                           _129_ (net)
                  0.11    0.00    4.94 ^ _527_/A1 (sky130_fd_sc_hd__a21oi_2)
                  0.09    0.12    5.06 v _527_/Y (sky130_fd_sc_hd__a21oi_2)
     4    0.02                           _160_ (net)
                  0.09    0.00    5.07 v _609_/A1 (sky130_fd_sc_hd__o31a_1)
                  0.10    0.39    5.46 v _609_/X (sky130_fd_sc_hd__o31a_1)
     3    0.02                           _234_ (net)
                  0.10    0.00    5.46 v _651_/A1 (sky130_fd_sc_hd__o31a_1)
                  0.11    0.40    5.86 v _651_/X (sky130_fd_sc_hd__o31a_1)
     3    0.02                           _272_ (net)
                  0.11    0.00    5.86 v _687_/A1 (sky130_fd_sc_hd__o21ai_2)
                  0.21    0.25    6.11 ^ _687_/Y (sky130_fd_sc_hd__o21ai_2)
     3    0.02                           _304_ (net)
                  0.21    0.00    6.11 ^ _725_/A1 (sky130_fd_sc_hd__a21oi_1)
                  0.11    0.16    6.27 v _725_/Y (sky130_fd_sc_hd__a21oi_1)
     3    0.01                           _338_ (net)
                  0.11    0.00    6.27 v _746_/A1 (sky130_fd_sc_hd__o31a_1)
                  0.07    0.37    6.64 v _746_/X (sky130_fd_sc_hd__o31a_1)
     2    0.01                           _357_ (net)
                  0.07    0.00    6.64 v _747_/B (sky130_fd_sc_hd__xor2_1)
                  0.05    0.15    6.79 v _747_/X (sky130_fd_sc_hd__xor2_1)
     1    0.00                           _358_ (net)
                  0.05    0.00    6.79 v _748_/A1 (sky130_fd_sc_hd__mux2_1)
                  0.07    0.33    7.11 v _748_/X (sky130_fd_sc_hd__mux2_1)
     1    0.01                           _359_ (net)
                  0.07    0.00    7.12 v _749_/A1 (sky130_fd_sc_hd__mux2_1)
                  0.05    0.31    7.42 v _749_/X (sky130_fd_sc_hd__mux2_1)
     1    0.00                           _360_ (net)
                  0.05    0.00    7.42 v _750_/B (sky130_fd_sc_hd__and2_1)
                  0.04    0.16    7.58 v _750_/X (sky130_fd_sc_hd__and2_1)
     1    0.00                           _361_ (net)
                  0.04    0.00    7.58 v _751_/A (sky130_fd_sc_hd__clkbuf_1)
                  0.02    0.08    7.67 v _751_/X (sky130_fd_sc_hd__clkbuf_1)
     1    0.00                           _032_ (net)
                  0.02    0.00    7.67 v _891_/D (sky130_fd_sc_hd__dfxtp_1)
                                  7.67   data arrival time

                  0.15   20.00   20.00   clock clk (rise edge)
                          0.00   20.00   clock network delay (ideal)
                         -0.25   19.75   clock uncertainty
                          0.00   19.75   clock reconvergence pessimism
                                 19.75 ^ _891_/CLK (sky130_fd_sc_hd__dfxtp_1)
                         -0.08   19.67   library setup time
                                 19.67   data required time
-----------------------------------------------------------------------------
                                 19.67   data required time
                                 -7.67   data arrival time
-----------------------------------------------------------------------------
                                 12.01   slack (MET)




===========================================================================
report_checks --slack_max -0.01
============================================================================
======================= Fastest Corner ===================================

No paths found.

======================= Slowest Corner ===================================

No paths found.

======================= Typical Corner ===================================

No paths found.


===========================================================================
 report_check_types -max_slew -max_cap -max_fanout -violators
============================================================================
======================= Fastest Corner ===================================


max slew violations count Fastest: 0
max fanout violations count Fastest: 0
max cap violations count Fastest: 0
======================= Slowest Corner ===================================


max slew violations count Slowest: 0
max fanout violations count Slowest: 0
max cap violations count Slowest: 0
======================= Typical Corner ===================================


max slew violations count Typical: 0
max fanout violations count Typical: 0
max cap violations count Typical: 0

===========================================================================
report_parasitic_annotation -report_unannotated
============================================================================
Found 0 unannotated drivers.
Found 0 partially unannotated drivers.

===========================================================================
max slew violation count 0
max fanout violation count 0
max cap violation count 0
============================================================================

===========================================================================
check_setup -verbose -unconstrained_endpoints -multiple_clock -no_clock -no_input_delay -loops -generated_clocks
===========================================================================
