OpenROAD 0a6d0fd469bc674417036342994520ee2e0a2727 
This program is licensed under the BSD-3 license. See the LICENSE file for details.
Components of this program may be licensed under more restrictive licenses which must be honored.
[INFO]: Reading ODB at '/openlane/designs/mult_sec_32/runs/RUN_2023.12.07_19.26.18/tmp/17-mult_sec_32.odb'…
define_corners Typical
read_liberty -corner Typical /home/facundo/.volare/sky130A/libs.ref/sky130_fd_sc_hd/lib/sky130_fd_sc_hd__tt_025C_1v80.lib
Using 1e-12 for capacitance...
Using 1e+03 for resistance...
Using 1e-09 for time...
Using 1e+00 for voltage...
Using 1e-03 for current...
Using 1e-09 for power...
Using 1e-06 for distance...
Reading design constraints file at '/openlane/scripts/base.sdc'…
[INFO]: Setting output delay to: 4.0
[INFO]: Setting input delay to: 4.0
[INFO]: Setting load to: 0.033442
[INFO]: Setting clock uncertainty to: 0.25
[INFO]: Setting clock transition to: 0.15
[INFO]: Setting timing derate to: 5.0 %
[INFO]: Setting signal min routing layer to: met1 and clock min routing layer to met1. 
[INFO]: Setting signal max routing layer to: met5 and clock max routing layer to met5. 
-congestion_iterations 50 -verbose -congestion_report_file /openlane/designs/mult_sec_32/runs/RUN_2023.12.07_19.26.18/tmp/routing/groute-congestion.rpt
[INFO GRT-0020] Min routing layer: met1
[INFO GRT-0021] Max routing layer: met5
[INFO GRT-0022] Global adjustment: 30%
[INFO GRT-0023] Grid origin: (0, 0)
[INFO GRT-0043] No OR_DEFAULT vias defined.
[INFO GRT-0088] Layer li1     Track-Pitch = 0.4600  line-2-Via Pitch: 0.3400
[INFO GRT-0088] Layer met1    Track-Pitch = 0.3400  line-2-Via Pitch: 0.3400
[INFO GRT-0088] Layer met2    Track-Pitch = 0.4600  line-2-Via Pitch: 0.3500
[INFO GRT-0088] Layer met3    Track-Pitch = 0.6800  line-2-Via Pitch: 0.6150
[INFO GRT-0088] Layer met4    Track-Pitch = 0.9200  line-2-Via Pitch: 1.0400
[INFO GRT-0088] Layer met5    Track-Pitch = 3.4000  line-2-Via Pitch: 3.1100
[INFO GRT-0019] Found 10 clock nets.
[INFO GRT-0001] Minimum degree: 2
[INFO GRT-0002] Maximum degree: 15
[INFO GRT-0003] Macros: 0
[INFO GRT-0004] Blockages: 1032

[INFO GRT-0053] Routing resources analysis:
          Routing      Original      Derated      Resource
Layer     Direction    Resources     Resources    Reduction (%)
---------------------------------------------------------------
li1        Vertical            0             0          0.00%
met1       Horizontal       5440          2958          45.62%
met2       Vertical         4080          2649          35.07%
met3       Horizontal       2720          1885          30.70%
met4       Vertical         1632           910          44.24%
met5       Horizontal        544           240          55.88%
---------------------------------------------------------------

[INFO GRT-0101] Running extra iterations to remove overflow.
[INFO GRT-0197] Via related to pin nodes: 2826
[INFO GRT-0198] Via related Steiner nodes: 72
[INFO GRT-0199] Via filling finished.
[INFO GRT-0111] Final number of vias: 3201
[INFO GRT-0112] Final usage 3D: 12370

[INFO GRT-0096] Final congestion report:
Layer         Resource        Demand        Usage (%)    Max H / Max V / Total Overflow
---------------------------------------------------------------------------------------
li1                  0             0            0.00%             0 /  0 /  0
met1              2958          1243           42.02%             0 /  0 /  0
met2              2649          1251           47.23%             0 /  0 /  0
met3              1885           115            6.10%             0 /  0 /  0
met4               910           158           17.36%             0 /  0 /  0
met5               240             0            0.00%             0 /  0 /  0
---------------------------------------------------------------------------------------
Total             8642          2767           32.02%             0 /  0 /  0

[INFO GRT-0018] Total wirelength: 31802 um
[INFO GRT-0014] Routed nets: 759
[INFO GRT-0006] Repairing antennas, iteration 1.
[INFO GRT-0043] No OR_DEFAULT vias defined.
[INFO GRT-0012] Found 2 antenna violations.
[INFO GRT-0015] Inserted 2 diodes.
[INFO GRT-0009] rerouting 529 nets.
[INFO GRT-0001] Minimum degree: 2
[INFO GRT-0002] Maximum degree: 15
[INFO GRT-0006] Repairing antennas, iteration 2.
[INFO GRT-0043] No OR_DEFAULT vias defined.
[INFO GRT-0012] Found 0 antenna violations.
[INFO GRT-0006] Repairing antennas, iteration 1.
[INFO GRT-0043] No OR_DEFAULT vias defined.
[INFO GRT-0012] Found 0 antenna violations.
Placement Analysis
---------------------------------
total displacement          5.9 u
average displacement        0.0 u
max displacement            3.6 u
original HPWL           18068.1 u
legalized HPWL          18071.3 u
delta HPWL                    0 %

[INFO DPL-0020] Mirrored 304 instances
[INFO DPL-0021] HPWL before           18071.3 u
[INFO DPL-0022] HPWL after            17463.8 u
[INFO DPL-0023] HPWL delta               -3.4 %
[INFO]: Setting signal min routing layer to: met1 and clock min routing layer to met1. 
[INFO]: Setting signal max routing layer to: met5 and clock max routing layer to met5. 
-congestion_iterations 50 -verbose -congestion_report_file /openlane/designs/mult_sec_32/runs/RUN_2023.12.07_19.26.18/tmp/routing/groute-congestion.rpt
[INFO GRT-0020] Min routing layer: met1
[INFO GRT-0021] Max routing layer: met5
[INFO GRT-0022] Global adjustment: 30%
[INFO GRT-0023] Grid origin: (0, 0)
[INFO GRT-0043] No OR_DEFAULT vias defined.
[INFO GRT-0088] Layer li1     Track-Pitch = 0.4600  line-2-Via Pitch: 0.3400
[INFO GRT-0088] Layer met1    Track-Pitch = 0.3400  line-2-Via Pitch: 0.3400
[INFO GRT-0088] Layer met2    Track-Pitch = 0.4600  line-2-Via Pitch: 0.3500
[INFO GRT-0088] Layer met3    Track-Pitch = 0.6800  line-2-Via Pitch: 0.6150
[INFO GRT-0088] Layer met4    Track-Pitch = 0.9200  line-2-Via Pitch: 1.0400
[INFO GRT-0088] Layer met5    Track-Pitch = 3.4000  line-2-Via Pitch: 3.1100
[INFO GRT-0019] Found 10 clock nets.
[INFO GRT-0001] Minimum degree: 2
[INFO GRT-0002] Maximum degree: 15
[INFO GRT-0003] Macros: 0
[INFO GRT-0004] Blockages: 1032

[INFO GRT-0053] Routing resources analysis:
          Routing      Original      Derated      Resource
Layer     Direction    Resources     Resources    Reduction (%)
---------------------------------------------------------------
li1        Vertical            0             0          0.00%
met1       Horizontal       5440          2958          45.62%
met2       Vertical         4080          2649          35.07%
met3       Horizontal       2720          1885          30.70%
met4       Vertical         1632           910          44.24%
met5       Horizontal        544           240          55.88%
---------------------------------------------------------------

[INFO GRT-0101] Running extra iterations to remove overflow.
[INFO GRT-0197] Via related to pin nodes: 2826
[INFO GRT-0198] Via related Steiner nodes: 72
[INFO GRT-0199] Via filling finished.
[INFO GRT-0111] Final number of vias: 3201
[INFO GRT-0112] Final usage 3D: 12370

[INFO GRT-0096] Final congestion report:
Layer         Resource        Demand        Usage (%)    Max H / Max V / Total Overflow
---------------------------------------------------------------------------------------
li1                  0             0            0.00%             0 /  0 /  0
met1              2958          1243           42.02%             0 /  0 /  0
met2              2649          1251           47.23%             0 /  0 /  0
met3              1885           115            6.10%             0 /  0 /  0
met4               910           158           17.36%             0 /  0 /  0
met5               240             0            0.00%             0 /  0 /  0
---------------------------------------------------------------------------------------
Total             8642          2767           32.02%             0 /  0 /  0

[INFO GRT-0018] Total wirelength: 31802 um
[INFO GRT-0014] Routed nets: 759
[INFO GRT-0006] Repairing antennas, iteration 1.
[INFO GRT-0043] No OR_DEFAULT vias defined.
[INFO GRT-0012] Found 0 antenna violations.
Setting global connections for newly added cells…
Writing OpenROAD database to '/openlane/designs/mult_sec_32/runs/RUN_2023.12.07_19.26.18/tmp/routing/19-global.odb'…
Writing layout to '/openlane/designs/mult_sec_32/runs/RUN_2023.12.07_19.26.18/tmp/routing/19-global.def'…
Writing routing guides to '/openlane/designs/mult_sec_32/runs/RUN_2023.12.07_19.26.18/tmp/routing/19-global.guide'…
